Command line: /home/genomika25/miniconda3/envs/genomika/bin/spades.py	-1	/home/genomika25/studenci/dmyboi/genome_assembling_home_work2/illumina1.fq	-2	/home/genomika25/studenci/dmyboi/genome_assembling_home_work2/illumina2.fq	-k	77	-o	/home/genomika25/studenci/dmyboi/genome_assembling_home_work2/spades_k77	--only-assembler	

System information:
  SPAdes version: 4.2.0
  Python version: 3.10.19
  OS: Linux-6.8.0-79-generic-x86_64-with-glibc2.39

Output dir: /home/genomika25/studenci/dmyboi/genome_assembling_home_work2/spades_k77
Mode: ONLY assembling (without read error correction)
Debug mode is turned OFF

Dataset parameters:
  Standard mode
  For multi-cell/isolate data we recommend to use '--isolate' option; for single-cell MDA data use '--sc'; for metagenomic data use '--meta'; for RNA-Seq use '--rna'.
  Reads:
    Library number: 1, library type: paired-end
      orientation: fr
      left reads: ['/home/genomika25/studenci/dmyboi/genome_assembling_home_work2/illumina1.fq']
      right reads: ['/home/genomika25/studenci/dmyboi/genome_assembling_home_work2/illumina2.fq']
      interlaced reads: not specified
      single reads: not specified
      merged reads: not specified
Assembly parameters:
  k: [77]
  Repeat resolution is enabled
  Mismatch careful mode is turned OFF
  MismatchCorrector will be SKIPPED
  Coverage cutoff is turned OFF
  Assembly graph output will use GFA v1.2 format
Other parameters:
  Dir for temp files: /home/genomika25/studenci/dmyboi/genome_assembling_home_work2/spades_k77/tmp
  Threads: 16
  Memory limit (in Gb): 250


======= SPAdes pipeline started. Log can be found here: /home/genomika25/studenci/dmyboi/genome_assembling_home_work2/spades_k77/spades.log

/home/genomika25/studenci/dmyboi/genome_assembling_home_work2/illumina1.fq: max reads length: 150
/home/genomika25/studenci/dmyboi/genome_assembling_home_work2/illumina2.fq: max reads length: 150

Reads length: 150


===== Before start started. 


===== Assembling started. 


===== K77 started. 


== Running: /home/genomika25/miniconda3/envs/genomika/bin/spades-core /home/genomika25/studenci/dmyboi/genome_assembling_home_work2/spades_k77/K77/configs/config.info

  0:00:00.000     1M / 16M   INFO    General                 (main.cpp                  :  94)   Loaded config from "/home/genomika25/studenci/dmyboi/genome_assembling_home_work2/spades_k77/K77/configs/config.info"
  0:00:00.000     1M / 16M   INFO    General                 (memory_limit.cpp          :  55)   Memory limit set to 250 Gb
  0:00:00.000     1M / 16M   INFO    General                 (main.cpp                  : 102)   Starting SPAdes, built from N/A, git revision N/A
  0:00:00.000     1M / 16M   INFO    General                 (main.cpp                  : 103)   Maximum k-mer length: 128
  0:00:00.000     1M / 16M   INFO    General                 (main.cpp                  : 104)   Assembling dataset ("/home/genomika25/studenci/dmyboi/genome_assembling_home_work2/spades_k77/dataset.info") with K=77
  0:00:00.000     1M / 16M   INFO    General                 (main.cpp                  : 105)   Maximum # of threads to use (adjusted due to OMP capabilities): 16
  0:00:00.000     1M / 16M   INFO    General                 (pipeline.cpp              : 221)   SPAdes started
  0:00:00.000     1M / 16M   INFO    General                 (pipeline.cpp              : 234)   Starting from stage: read_conversion
  0:00:00.001     1M / 16M   INFO    General                 (pipeline.cpp              : 245)   Two-step repeat resolution disabled
  0:00:00.001     1M / 16M   INFO   GraphCore                (graph_core.hpp            : 689)   Graph created, vertex min_id: 3, edge min_id: 3
  0:00:00.001     1M / 16M   INFO   GraphCore                (graph_core.hpp            : 690)   Vertex size: 48, edge size: 40
  0:00:00.001     1M / 16M   INFO    General                 (edge_index.hpp            : 132)   Size of edge index entries: 12/8
  0:00:00.001     1M / 16M   INFO    General                 (pipeline.cpp              : 256)   Will need read mapping, kmer mapper will be attached
  0:00:00.001     1M / 16M   INFO   StageManager             (stage.cpp                 : 212)   STAGE == Binary Read Conversion (id: read_conversion)
  0:00:00.001     1M / 16M   INFO    General                 (read_converter.cpp        :  78)   Converting reads to binary format for library #0 (takes a while)
  0:00:00.001     1M / 16M   INFO    General                 (read_converter.cpp        :  99)   Converting paired reads
  0:00:00.110    81M / 81M   INFO    General                 (binary_converter.cpp      : 127)   16384 reads processed
  0:00:00.123    81M / 81M   INFO    General                 (binary_converter.cpp      : 127)   32768 reads processed
  0:00:00.244    81M / 81M   INFO    General                 (binary_converter.cpp      : 143)   33300 reads written
  0:00:00.249    43M / 54M   INFO    General                 (read_converter.cpp        : 113)   Converting single reads
  0:00:00.258    56M / 56M   INFO    General                 (binary_converter.cpp      : 143)   0 reads written
  0:00:00.259    43M / 54M   INFO    General                 (read_converter.cpp        : 119)   Converting merged reads
  0:00:00.263    56M / 56M   INFO    General                 (binary_converter.cpp      : 143)   0 reads written
  0:00:00.270     1M / 54M   INFO   StageManager             (stage.cpp                 : 212)   STAGE == de Bruijn graph construction (id: construction)
  0:00:00.272     1M / 54M   INFO    General                 (construction.cpp          : 150)   Max read length 150
  0:00:00.272     1M / 54M   INFO    General                 (construction.cpp          : 156)   Average read length 150
  0:00:00.272     1M / 54M   INFO    General                 (stage.cpp                 : 121)   PROCEDURE == k+1-mer counting (id: construction:kpomer_counting)
  0:00:00.272     1M / 54M   INFO    General                 (kmer_index_builder.hpp    : 308)   Splitting kmer instances into 160 files using 16 threads. This might take a while.
  0:00:00.274     1M / 54M   INFO    General                 (file_limit.hpp            :  43)   Open file limit set to 1024
  0:00:00.274     1M / 54M   INFO    General                 (kmer_splitter.hpp         :  96)   Memory available for splitting buffers: 5.20833 Gb
  0:00:00.274     1M / 54M   INFO    General                 (kmer_splitter.hpp         : 104)   Using cell size of 139810
  0:00:00.365  9601M / 9601M INFO    General                 (kmer_splitters.hpp        : 128)   Processed 133200 reads
  0:00:00.367     1M / 162M  INFO    General                 (kmer_splitters.hpp        : 134)   Used 133200 reads
  0:00:00.373     1M / 162M  INFO    General                 (kmer_index_builder.hpp    : 314)   Starting k-mer counting.
  0:00:00.392     1M / 162M  INFO    General                 (kmer_index_builder.hpp    : 325)   K-mer counting done. There are 1252857 kmers in total.
  0:00:00.392     1M / 162M  INFO    General                 (stage.cpp                 : 121)   PROCEDURE == Extension index construction (id: construction:extension_index_construction)
  0:00:00.393     1M / 162M  INFO   K-mer Index Building     (kmer_index_builder.hpp    : 503)   Building kmer index
  0:00:00.393     1M / 162M  INFO    General                 (kmer_index_builder.hpp    : 308)   Splitting kmer instances into 160 files using 16 threads. This might take a while.
  0:00:00.395     2M / 162M  INFO    General                 (file_limit.hpp            :  43)   Open file limit set to 1024
  0:00:00.395     2M / 162M  INFO    General                 (kmer_splitter.hpp         :  96)   Memory available for splitting buffers: 5.20831 Gb
  0:00:00.395     2M / 162M  INFO    General                 (kmer_splitter.hpp         : 104)   Using cell size of 139810
  0:00:00.461  9602M / 9602M INFO    General                 (kmer_splitters.hpp        : 197)   Processed 1252857 kmers
  0:00:00.461  9602M / 9602M INFO    General                 (kmer_splitters.hpp        : 202)   Used 1252857 kmers.
  0:00:00.463     2M / 162M  INFO    General                 (kmer_index_builder.hpp    : 314)   Starting k-mer counting.
  0:00:00.474     2M / 162M  INFO    General                 (kmer_index_builder.hpp    : 325)   K-mer counting done. There are 1255255 kmers in total.
  0:00:00.475     2M / 162M  INFO   K-mer Index Building     (kmer_index_builder.hpp    : 460)   Building perfect hash indices
  0:00:00.489     3M / 162M  INFO   K-mer Index Building     (kmer_index_builder.hpp    : 496)   Index built. Total 1255255 kmers, 1029344 bytes occupied (6.56022 bits per kmer).
  0:00:00.489     3M / 162M  INFO    General                 (kmer_index_builder.hpp    : 191)   Merging final buckets.
  0:00:00.523     4M / 162M  INFO   DeBruijnExtensionIndexBu (kmer_extension_index_build: 101)   Building k-mer extensions from k+1-mers
  0:00:00.564     4M / 162M  INFO   DeBruijnExtensionIndexBu (kmer_extension_index_build: 106)   Building k-mer extensions from k+1-mers finished.
  0:00:00.567     4M / 162M  INFO    General                 (stage.cpp                 : 121)   PROCEDURE == Condensing graph (id: construction:graph_condensing)
  0:00:00.567     4M / 162M  INFO   UnbranchingPathExtractor (debruijn_graph_constructor: 324)   Extracting unbranching paths
  0:00:00.597     7M / 162M  INFO   UnbranchingPathExtractor (debruijn_graph_constructor: 348)   Extracting unbranching paths finished. 52971 sequences extracted
  0:00:00.626     7M / 162M  INFO   UnbranchingPathExtractor (debruijn_graph_constructor: 362)   Collecting perfect loops
  0:00:00.632     7M / 162M  INFO   UnbranchingPathExtractor (debruijn_graph_constructor: 395)   Collecting perfect loops finished. 0 loops collected
  0:00:00.636     7M / 162M  INFO   DeBruijnGraphConstructor (debruijn_graph_constructor: 593)   Sorting edges...
  0:00:00.637     7M / 162M  INFO   DeBruijnGraphConstructor (debruijn_graph_constructor: 598)   Edges sorted
  0:00:00.637     7M / 162M  INFO    General                 (debruijn_graph_constructor: 511)   Total 105942 edges to create
  0:00:00.637    11M / 162M  INFO    General                 (debruijn_graph_constructor: 514)   Collecting link records
  0:00:00.716    12M / 162M  INFO    General                 (debruijn_graph_constructor: 519)   Ordering link records
  0:00:00.717    12M / 162M  INFO    General                 (debruijn_graph_constructor: 525)   Sorting done
  0:00:00.718    13M / 162M  INFO    General                 (debruijn_graph_constructor: 538)   Sorting LinkRecords...
  0:00:00.719    13M / 162M  INFO    General                 (debruijn_graph_constructor: 544)   LinkRecords sorted
  0:00:00.719    13M / 162M  INFO    General                 (debruijn_graph_constructor: 546)   Total 55369 vertices to create
  0:00:00.719    18M / 162M  INFO    General                 (debruijn_graph_constructor: 549)   Connecting the graph
  0:00:00.813    15M / 162M  INFO    General                 (stage.cpp                 : 121)   PROCEDURE == Filling coverage indices (PHM) (id: construction:coverage_filling_phm)
  0:00:00.813    15M / 162M  INFO   K-mer Index Building     (kmer_index_builder.hpp    : 460)   Building perfect hash indices
  0:00:00.827    17M / 162M  INFO   K-mer Index Building     (kmer_index_builder.hpp    : 496)   Index built. Total 1252857 kmers, 1027544 bytes occupied (6.56129 bits per kmer).
  0:00:00.829    22M / 162M  INFO    General                 (coverage_hash_map_builder.:  49)   Collecting k-mer coverage information from reads, this takes a while.
  0:00:00.895    22M / 162M  INFO    General                 (construction.cpp          : 400)   Filling coverage and flanking coverage from PHM
  0:00:00.919    22M / 162M  INFO    General                 (coverage_filling.hpp      :  83)   Processed 105942 edges
  0:00:00.933    12M / 162M  INFO   StageManager             (stage.cpp                 : 212)   STAGE == EC Threshold Finding (id: ec_threshold_finder)
  0:00:00.933    12M / 162M  INFO    General                 (kmer_coverage_model.cpp   : 182)   Kmer coverage valley at: 0
  0:00:00.933    12M / 162M  INFO    General                 (kmer_coverage_model.cpp   : 202)   K-mer histogram maximum: 18
  0:00:00.933    12M / 162M  INFO    General                 (kmer_coverage_model.cpp   : 238)   Estimated median coverage: 19. Coverage mad: 5.9304
  0:00:00.933    12M / 162M  INFO    General                 (kmer_coverage_model.cpp   : 260)   Fitting coverage model
  0:00:00.938    12M / 162M  INFO    General                 (kmer_coverage_model.cpp   : 296)   ... iteration 2
  0:00:00.955    12M / 162M  INFO    General                 (kmer_coverage_model.cpp   : 296)   ... iteration 4
  0:00:01.003    12M / 162M  INFO    General                 (kmer_coverage_model.cpp   : 296)   ... iteration 8
  0:00:01.024    12M / 162M  INFO    General                 (kmer_coverage_model.cpp   : 310)   Fitted mean coverage: 19.0213. Fitted coverage std. dev: 4.4014
  0:00:01.024    12M / 162M  INFO    General                 (kmer_coverage_model.cpp   : 335)   Probability of erroneous kmer at valley: 0.999996
  0:00:01.024    12M / 162M  INFO    General                 (kmer_coverage_model.cpp   : 359)   Preliminary threshold calculated as: 4
  0:00:01.024    12M / 162M  INFO    General                 (kmer_coverage_model.cpp   : 363)   Threshold adjusted to: 4
  0:00:01.024    12M / 162M  INFO    General                 (kmer_coverage_model.cpp   : 376)   Estimated genome size (ignoring repeats): 199754
  0:00:01.024    12M / 162M  INFO    General                 (genomic_info_filler.cpp   :  56)   Mean coverage was calculated as 19.0213
  0:00:01.024    12M / 162M  INFO    General                 (genomic_info_filler.cpp   :  71)   EC coverage threshold value was calculated as 4
  0:00:01.025    12M / 162M  INFO    General                 (genomic_info_filler.cpp   :  72)   Trusted kmer low bound: 0
  0:00:01.025    12M / 162M  INFO   StageManager             (stage.cpp                 : 212)   STAGE == Gap Closer (id: early_gapcloser)
  0:00:01.030    25M / 162M  INFO    General                 (edge_index.hpp            : 132)   Size of edge index entries: 12/8
  0:00:01.036    26M / 162M  INFO    General                 (gap_closer.cpp            : 117)   Total edges in tip neighborhood: 30897 out of 105942, length: 1228331
  0:00:01.038    27M / 162M  INFO    General                 (edge_index.hpp            : 196)   Using small index (max_id = 106474)
  0:00:01.042    27M / 162M  INFO   K-mer Index Building     (kmer_index_builder.hpp    : 460)   Building perfect hash indices
  0:00:01.079    28M / 162M  INFO   K-mer Index Building     (kmer_index_builder.hpp    : 496)   Index built. Total 1044959 kmers, 755464 bytes occupied (5.78368 bits per kmer).
  0:00:01.084    36M / 162M  INFO    General                 (edge_index_builders.hpp   : 266)   Collecting edge information from graph, this takes a while.
  0:00:01.099    35M / 162M  INFO    General                 (sequence_mapper_notifier.h:  80)   Starting sequence mapping
  0:00:01.140    36M / 162M  INFO    General                 (sequence_mapper_notifier.h: 120)   Total 33300 reads processed
  0:00:01.147    27M / 162M  INFO    General                 (gap_closer.cpp            : 505)   Initializing gap closer
  0:00:01.147    27M / 162M  INFO   GapCloser                (gap_closer.cpp            : 421)   Collecting gap candidates
  0:00:01.149    27M / 162M  INFO   GapCloser                (gap_closer.cpp            : 425)   Total 34 tips collected, total 36 connection candidates
  0:00:01.150    27M / 162M  INFO   GapCloser                (gap_closer.cpp            : 446)   Closing short gaps complete: filled 0 gaps after checking 36 candidates
  0:00:01.151    27M / 162M  INFO    General                 (gap_closer.cpp            : 510)   Gap closer done
  0:00:01.152    12M / 162M  INFO   StageManager             (stage.cpp                 : 212)   STAGE == Raw Simplification (id: raw_simplification)
  0:00:01.152    12M / 162M  INFO    General                 (simplification.cpp        : 129)   PROCEDURE == Initial cleaning
  0:00:01.152    12M / 162M  INFO    General                 (graph_simplification.hpp  : 674)   Flanking coverage based disconnection disabled
  0:00:01.152    12M / 162M  INFO   Simplification           (parallel_processing.hpp   : 168)   Running Self conjugate edge remover
  0:00:01.154    12M / 162M  INFO   Simplification           (parallel_processing.hpp   : 171)   Self conjugate edge remover triggered 0 times
  0:00:01.154    12M / 162M  INFO   Simplification           (parallel_processing.hpp   : 168)   Running Initial tip clipper
  0:00:01.253    11M / 162M  INFO   Simplification           (parallel_processing.hpp   : 171)   Initial tip clipper triggered 25831 times
  0:00:01.253    11M / 162M  INFO   Simplification           (parallel_processing.hpp   : 168)   Running Initial ec remover
  0:00:01.262    11M / 162M  INFO   Simplification           (parallel_processing.hpp   : 171)   Initial ec remover triggered 85 times
  0:00:01.262    11M / 162M  INFO   Simplification           (parallel_processing.hpp   : 168)   Running Initial isolated edge remover
  0:00:01.264    11M / 162M  INFO   Simplification           (parallel_processing.hpp   : 171)   Initial isolated edge remover triggered 2481 times
  0:00:01.265    10M / 162M  INFO   StageManager             (stage.cpp                 : 212)   STAGE == Simplification (id: simplification)
  0:00:01.265    10M / 162M  INFO    General                 (simplification.cpp        : 397)   Graph simplification started
  0:00:01.265    10M / 162M  INFO    General                 (graph_simplification.hpp  : 646)   Creating parallel br instance
  0:00:01.265    10M / 162M  INFO    General                 (simplification.cpp        : 402)   PROCEDURE == Simplification cycle, iteration 1
  0:00:01.265    10M / 162M  INFO   Simplification           (parallel_processing.hpp   : 168)   Running Tip clipper
  0:00:01.265    10M / 162M  INFO   Simplification           (parallel_processing.hpp   : 171)   Tip clipper triggered 0 times
  0:00:01.265    10M / 162M  INFO   Simplification           (parallel_processing.hpp   : 168)   Running Bulge remover
  0:00:01.265    10M / 162M  INFO   Simplification           (parallel_processing.hpp   : 171)   Bulge remover triggered 0 times
  0:00:01.265    10M / 162M  INFO   Simplification           (parallel_processing.hpp   : 168)   Running Low coverage edge remover
  0:00:01.266    10M / 162M  INFO   Simplification           (parallel_processing.hpp   : 171)   Low coverage edge remover triggered 0 times
  0:00:01.266    10M / 162M  INFO    General                 (simplification.cpp        : 402)   PROCEDURE == Simplification cycle, iteration 2
  0:00:01.266    10M / 162M  INFO   Simplification           (parallel_processing.hpp   : 168)   Running Tip clipper
  0:00:01.266    10M / 162M  INFO   Simplification           (parallel_processing.hpp   : 171)   Tip clipper triggered 0 times
  0:00:01.266    10M / 162M  INFO   Simplification           (parallel_processing.hpp   : 168)   Running Bulge remover
  0:00:01.266    10M / 162M  INFO   Simplification           (parallel_processing.hpp   : 171)   Bulge remover triggered 0 times
  0:00:01.266    10M / 162M  INFO   Simplification           (parallel_processing.hpp   : 168)   Running Low coverage edge remover
  0:00:01.266    10M / 162M  INFO   Simplification           (parallel_processing.hpp   : 171)   Low coverage edge remover triggered 0 times
  0:00:01.266    10M / 162M  INFO    General                 (simplification.cpp        : 402)   PROCEDURE == Simplification cycle, iteration 3
  0:00:01.266    10M / 162M  INFO   Simplification           (parallel_processing.hpp   : 168)   Running Tip clipper
  0:00:01.266    10M / 162M  INFO   Simplification           (parallel_processing.hpp   : 171)   Tip clipper triggered 0 times
  0:00:01.266    10M / 162M  INFO   Simplification           (parallel_processing.hpp   : 168)   Running Bulge remover
  0:00:01.266    10M / 162M  INFO   Simplification           (parallel_processing.hpp   : 171)   Bulge remover triggered 0 times
  0:00:01.266    10M / 162M  INFO   Simplification           (parallel_processing.hpp   : 168)   Running Low coverage edge remover
  0:00:01.266    10M / 162M  INFO   Simplification           (parallel_processing.hpp   : 171)   Low coverage edge remover triggered 0 times
  0:00:01.266    10M / 162M  INFO    General                 (simplification.cpp        : 402)   PROCEDURE == Simplification cycle, iteration 4
  0:00:01.266    10M / 162M  INFO   Simplification           (parallel_processing.hpp   : 168)   Running Tip clipper
  0:00:01.266    10M / 162M  INFO   Simplification           (parallel_processing.hpp   : 171)   Tip clipper triggered 0 times
  0:00:01.266    10M / 162M  INFO   Simplification           (parallel_processing.hpp   : 168)   Running Bulge remover
  0:00:01.266    10M / 162M  INFO   Simplification           (parallel_processing.hpp   : 171)   Bulge remover triggered 0 times
  0:00:01.266    10M / 162M  INFO   Simplification           (parallel_processing.hpp   : 168)   Running Low coverage edge remover
  0:00:01.266    10M / 162M  INFO   Simplification           (parallel_processing.hpp   : 171)   Low coverage edge remover triggered 0 times
  0:00:01.266    10M / 162M  INFO    General                 (simplification.cpp        : 402)   PROCEDURE == Simplification cycle, iteration 5
  0:00:01.266    10M / 162M  INFO   Simplification           (parallel_processing.hpp   : 168)   Running Tip clipper
  0:00:01.266    10M / 162M  INFO   Simplification           (parallel_processing.hpp   : 171)   Tip clipper triggered 0 times
  0:00:01.266    10M / 162M  INFO   Simplification           (parallel_processing.hpp   : 168)   Running Bulge remover
  0:00:01.266    10M / 162M  INFO   Simplification           (parallel_processing.hpp   : 171)   Bulge remover triggered 0 times
  0:00:01.266    10M / 162M  INFO   Simplification           (parallel_processing.hpp   : 168)   Running Low coverage edge remover
  0:00:01.266    10M / 162M  INFO   Simplification           (parallel_processing.hpp   : 171)   Low coverage edge remover triggered 0 times
  0:00:01.266    10M / 162M  INFO    General                 (simplification.cpp        : 402)   PROCEDURE == Simplification cycle, iteration 6
  0:00:01.266    10M / 162M  INFO   Simplification           (parallel_processing.hpp   : 168)   Running Tip clipper
  0:00:01.266    10M / 162M  INFO   Simplification           (parallel_processing.hpp   : 171)   Tip clipper triggered 0 times
  0:00:01.266    10M / 162M  INFO   Simplification           (parallel_processing.hpp   : 168)   Running Bulge remover
  0:00:01.266    10M / 162M  INFO   Simplification           (parallel_processing.hpp   : 171)   Bulge remover triggered 0 times
  0:00:01.266    10M / 162M  INFO   Simplification           (parallel_processing.hpp   : 168)   Running Low coverage edge remover
  0:00:01.266    10M / 162M  INFO   Simplification           (parallel_processing.hpp   : 171)   Low coverage edge remover triggered 0 times
  0:00:01.266    10M / 162M  INFO    General                 (simplification.cpp        : 402)   PROCEDURE == Simplification cycle, iteration 7
  0:00:01.266    10M / 162M  INFO   Simplification           (parallel_processing.hpp   : 168)   Running Tip clipper
  0:00:01.266    10M / 162M  INFO   Simplification           (parallel_processing.hpp   : 171)   Tip clipper triggered 0 times
  0:00:01.266    10M / 162M  INFO   Simplification           (parallel_processing.hpp   : 168)   Running Bulge remover
  0:00:01.266    10M / 162M  INFO   Simplification           (parallel_processing.hpp   : 171)   Bulge remover triggered 0 times
  0:00:01.266    10M / 162M  INFO   Simplification           (parallel_processing.hpp   : 168)   Running Low coverage edge remover
  0:00:01.266    10M / 162M  INFO   Simplification           (parallel_processing.hpp   : 171)   Low coverage edge remover triggered 0 times
  0:00:01.266    10M / 162M  INFO    General                 (simplification.cpp        : 402)   PROCEDURE == Simplification cycle, iteration 8
  0:00:01.266    10M / 162M  INFO   Simplification           (parallel_processing.hpp   : 168)   Running Tip clipper
  0:00:01.266    10M / 162M  INFO   Simplification           (parallel_processing.hpp   : 171)   Tip clipper triggered 0 times
  0:00:01.267    10M / 162M  INFO   Simplification           (parallel_processing.hpp   : 168)   Running Bulge remover
  0:00:01.267    10M / 162M  INFO   Simplification           (parallel_processing.hpp   : 171)   Bulge remover triggered 0 times
  0:00:01.267    10M / 162M  INFO   Simplification           (parallel_processing.hpp   : 168)   Running Low coverage edge remover
  0:00:01.267    10M / 162M  INFO   Simplification           (parallel_processing.hpp   : 171)   Low coverage edge remover triggered 0 times
  0:00:01.267    10M / 162M  INFO    General                 (simplification.cpp        : 402)   PROCEDURE == Simplification cycle, iteration 9
  0:00:01.267    10M / 162M  INFO   Simplification           (parallel_processing.hpp   : 168)   Running Tip clipper
  0:00:01.267    10M / 162M  INFO   Simplification           (parallel_processing.hpp   : 171)   Tip clipper triggered 0 times
  0:00:01.267    10M / 162M  INFO   Simplification           (parallel_processing.hpp   : 168)   Running Bulge remover
  0:00:01.267    10M / 162M  INFO   Simplification           (parallel_processing.hpp   : 171)   Bulge remover triggered 0 times
  0:00:01.267    10M / 162M  INFO   Simplification           (parallel_processing.hpp   : 168)   Running Low coverage edge remover
  0:00:01.267    10M / 162M  INFO   Simplification           (parallel_processing.hpp   : 171)   Low coverage edge remover triggered 0 times
  0:00:01.267    10M / 162M  INFO    General                 (simplification.cpp        : 402)   PROCEDURE == Simplification cycle, iteration 10
  0:00:01.267    10M / 162M  INFO   Simplification           (parallel_processing.hpp   : 168)   Running Tip clipper
  0:00:01.267    10M / 162M  INFO   Simplification           (parallel_processing.hpp   : 171)   Tip clipper triggered 0 times
  0:00:01.267    10M / 162M  INFO   Simplification           (parallel_processing.hpp   : 168)   Running Bulge remover
  0:00:01.267    10M / 162M  INFO   Simplification           (parallel_processing.hpp   : 171)   Bulge remover triggered 0 times
  0:00:01.267    10M / 162M  INFO   Simplification           (parallel_processing.hpp   : 168)   Running Low coverage edge remover
  0:00:01.267    10M / 162M  INFO   Simplification           (parallel_processing.hpp   : 171)   Low coverage edge remover triggered 0 times
  0:00:01.267    10M / 162M  INFO    General                 (simplification.cpp        : 402)   PROCEDURE == Simplification cycle, iteration 11
  0:00:01.267    10M / 162M  INFO   Simplification           (parallel_processing.hpp   : 168)   Running Tip clipper
  0:00:01.267    10M / 162M  INFO   Simplification           (parallel_processing.hpp   : 171)   Tip clipper triggered 0 times
  0:00:01.267    10M / 162M  INFO   Simplification           (parallel_processing.hpp   : 168)   Running Bulge remover
  0:00:01.267    10M / 162M  INFO   Simplification           (parallel_processing.hpp   : 171)   Bulge remover triggered 0 times
  0:00:01.267    10M / 162M  INFO   Simplification           (parallel_processing.hpp   : 168)   Running Low coverage edge remover
  0:00:01.268    10M / 162M  INFO   Simplification           (parallel_processing.hpp   : 171)   Low coverage edge remover triggered 0 times
  0:00:01.268    10M / 162M  INFO   StageManager             (stage.cpp                 : 212)   STAGE == Gap Closer (id: late_gapcloser)
  0:00:01.274    23M / 162M  INFO    General                 (edge_index.hpp            : 132)   Size of edge index entries: 12/8
  0:00:01.274    23M / 162M  INFO    General                 (gap_closer.cpp            : 117)   Total edges in tip neighborhood: 4 out of 4, length: 399650
  0:00:01.274    23M / 162M  INFO    General                 (edge_index.hpp            : 196)   Using small index (max_id = 106474)
  0:00:01.276    23M / 162M  INFO   K-mer Index Building     (kmer_index_builder.hpp    : 460)   Building perfect hash indices
  0:00:01.297    24M / 162M  INFO   K-mer Index Building     (kmer_index_builder.hpp    : 496)   Index built. Total 199825 kmers, 145080 bytes occupied (5.80828 bits per kmer).
  0:00:01.298    25M / 162M  INFO    General                 (edge_index_builders.hpp   : 266)   Collecting edge information from graph, this takes a while.
  0:00:01.308    25M / 162M  INFO    General                 (sequence_mapper_notifier.h:  80)   Starting sequence mapping
  0:00:01.331    25M / 162M  INFO    General                 (sequence_mapper_notifier.h: 120)   Total 33300 reads processed
  0:00:01.333    23M / 162M  INFO    General                 (gap_closer.cpp            : 505)   Initializing gap closer
  0:00:01.333    23M / 162M  INFO   GapCloser                (gap_closer.cpp            : 421)   Collecting gap candidates
  0:00:01.334    23M / 162M  INFO   GapCloser                (gap_closer.cpp            : 425)   Total 0 tips collected, total 0 connection candidates
  0:00:01.334    23M / 162M  INFO   GapCloser                (gap_closer.cpp            : 446)   Closing short gaps complete: filled 0 gaps after checking 0 candidates
  0:00:01.334    23M / 162M  INFO    General                 (gap_closer.cpp            : 510)   Gap closer done
  0:00:01.334    10M / 162M  INFO   StageManager             (stage.cpp                 : 212)   STAGE == Simplification Cleanup (id: simplification_cleanup)
  0:00:01.334    10M / 162M  INFO    General                 (simplification.cpp        : 189)   PROCEDURE == Post simplification
  0:00:01.335    10M / 162M  INFO    General                 (graph_simplification.hpp  : 455)   Disconnection of relatively low covered edges disabled
  0:00:01.335    10M / 162M  INFO    General                 (graph_simplification.hpp  : 494)   Complex tip clipping disabled
  0:00:01.335    10M / 162M  INFO    General                 (graph_simplification.hpp  : 646)   Creating parallel br instance
  0:00:01.335    10M / 162M  INFO   Simplification           (parallel_processing.hpp   : 168)   Running Tip clipper
  0:00:01.335    10M / 162M  INFO   Simplification           (parallel_processing.hpp   : 171)   Tip clipper triggered 0 times
  0:00:01.335    10M / 162M  INFO   Simplification           (parallel_processing.hpp   : 168)   Running Bulge remover
  0:00:01.335    10M / 162M  INFO   Simplification           (parallel_processing.hpp   : 171)   Bulge remover triggered 0 times
  0:00:01.335    10M / 162M  INFO   Simplification           (parallel_processing.hpp   : 168)   Running Tip clipper
  0:00:01.335    10M / 162M  INFO   Simplification           (parallel_processing.hpp   : 171)   Tip clipper triggered 0 times
  0:00:01.335    10M / 162M  INFO   Simplification           (parallel_processing.hpp   : 168)   Running Bulge remover
  0:00:01.336    10M / 162M  INFO   Simplification           (parallel_processing.hpp   : 171)   Bulge remover triggered 0 times
  0:00:01.336    10M / 162M  INFO    General                 (simplification.cpp        : 348)   Disrupting self-conjugate edges
  0:00:01.336    10M / 162M  INFO   Simplification           (parallel_processing.hpp   : 168)   Running Removing isolated edges
  0:00:01.336    10M / 162M  INFO   Simplification           (parallel_processing.hpp   : 171)   Removing isolated edges triggered 0 times
  0:00:01.336    10M / 162M  INFO    General                 (simplification.cpp        : 508)   After simplification:
  0:00:01.336    10M / 162M  INFO    General                 (simplification.cpp        : 509)     Average coverage = 19.0179
  0:00:01.337    10M / 162M  INFO    General                 (simplification.cpp        : 510)     Total length = 199825
  0:00:01.337    10M / 162M  INFO    General                 (simplification.cpp        : 511)     Median edge length: 99920
  0:00:01.337    10M / 162M  INFO    General                 (simplification.cpp        : 512)     Edges: 4
  0:00:01.337    10M / 162M  INFO    General                 (simplification.cpp        : 513)     Vertices: 8
  0:00:01.337    10M / 162M  INFO   StageManager             (stage.cpp                 : 212)   STAGE == Mismatch Correction (id: mismatch_correction)
  0:00:01.337    10M / 162M  INFO    General                 (graph_pack_helpers.cpp    :  44)   Index refill
  0:00:01.337    10M / 162M  INFO    General                 (edge_index.hpp            : 175)   Using small index (max_id = 106474)
  0:00:01.345    10M / 162M  INFO   K-mer Index Building     (kmer_index_builder.hpp    : 460)   Building perfect hash indices
  0:00:01.396    10M / 162M  INFO   K-mer Index Building     (kmer_index_builder.hpp    : 496)   Index built. Total 199825 kmers, 145080 bytes occupied (5.80828 bits per kmer).
  0:00:01.396    12M / 162M  INFO    General                 (edge_index_builders.hpp   : 253)   Collecting edge information from graph, this takes a while.
  0:00:01.415    12M / 162M  INFO    General                 (graph_pack_helpers.cpp    :  54)   Normalizing k-mer map. Total 0 kmers to process
  0:00:01.415    12M / 162M  INFO    General                 (kmer_mapper.hpp           :  87)   Total 0 kmers with non-trivial roots
  0:00:01.415    12M / 162M  INFO    General                 (graph_pack_helpers.cpp    :  56)   Normalizing done
  0:00:01.415    12M / 162M  INFO    General                 (mismatch_correction.cpp   : 421)   Collect potential mismatches
  0:00:01.416    12M / 162M  INFO    General                 (mismatch_correction.cpp   : 213)   Total 0 edges (out of 4) with 0 potential mismatch positions (-nan positions per edge)
  0:00:01.416    12M / 162M  INFO    General                 (mismatch_correction.cpp   : 423)   Potential mismatches collected
  0:00:01.416    12M / 162M  INFO    General                 (sequence_mapper_notifier.h:  80)   Starting sequence mapping
  0:00:01.464    12M / 162M  INFO    General                 (sequence_mapper_notifier.h: 120)   Total 133200 reads processed
  0:00:01.464    12M / 162M  INFO    General                 (mismatch_correction.cpp   : 416)   All edges processed
  0:00:01.464    12M / 162M  INFO    General                 (mismatch_correction.cpp   : 471)   Corrected 0 nucleotides
  0:00:01.464    12M / 162M  INFO   StageManager             (stage.cpp                 : 212)   STAGE == Contig Output (id: contig_output)
  0:00:01.464    12M / 162M  INFO    General                 (contig_output.hpp         :  20)   Outputting contigs to "/home/genomika25/studenci/dmyboi/genome_assembling_home_work2/spades_k77/K77/before_rr.fasta"
  0:00:01.466    12M / 162M  INFO    General                 (contig_output_stage.cpp   : 159)   Writing GFA graph to "/home/genomika25/studenci/dmyboi/genome_assembling_home_work2/spades_k77/K77/assembly_graph_after_simplification.gfa"
  0:00:01.467    12M / 162M  INFO   StageManager             (stage.cpp                 : 212)   STAGE == Paired Information Counting (id: late_pair_info_count)
  0:00:01.467    12M / 162M  INFO    General                 (graph_pack_helpers.cpp    :  54)   Normalizing k-mer map. Total 0 kmers to process
  0:00:01.467    12M / 162M  INFO    General                 (graph_pack_helpers.cpp    :  56)   Normalizing done
  0:00:01.467    12M / 162M  INFO    General                 (pair_info_count.cpp       : 165)   Min edge length for estimation: 99920
  0:00:01.467    12M / 162M  INFO    General                 (pair_info_count.cpp       : 176)   Estimating insert size for library #0
  0:00:01.467    12M / 162M  INFO    General                 (pair_info_count.cpp       :  41)   Selecting usual mapper
  0:00:01.467    12M / 162M  INFO    General                 (paired_info_utils.cpp     : 102)   Estimating insert size (takes a while)
  0:00:01.602   284M / 307M  INFO    General                 (sequence_mapper_notifier.h:  80)   Starting sequence mapping
  0:00:01.894   284M / 307M  INFO    General                 (sequence_mapper_notifier.h: 120)   Total 33300 reads processed
  0:00:01.972   284M / 307M  INFO    General                 (paired_info_utils.cpp     : 119)   Edge pairs: 4
  0:00:01.973   284M / 307M  INFO    General                 (paired_info_utils.cpp     : 121)   15163 paired reads (45.5345% of all) aligned to long edges
  0:00:01.973    12M / 307M  INFO    General                 (pair_info_count.cpp       : 196)     Insert size = 349.533, deviation = 9.97566, left quantile = 337, right quantile = 362, read length = 150
  0:00:01.980    12M / 307M  INFO    General                 (pair_info_count.cpp       : 211)   Filtering data for library #0
  0:00:01.980    12M / 307M  INFO    General                 (pair_info_count.cpp       :  41)   Selecting usual mapper
  0:00:01.981    12M / 307M  INFO    General                 (sequence_mapper_notifier.h:  80)   Starting sequence mapping
  0:00:02.011    12M / 307M  INFO    General                 (sequence_mapper_notifier.h: 120)   Total 33300 reads processed
  0:00:02.011    12M / 307M  INFO    General                 (pair_info_count.cpp       : 216)   Mapping library #0
  0:00:02.011    12M / 307M  INFO    General                 (pair_info_count.cpp       : 218)   Mapping paired reads (takes a while)
  0:00:02.011    12M / 307M  INFO    General                 (pair_info_count.cpp       :  41)   Selecting usual mapper
  0:00:02.011    12M / 307M  INFO    General                 (paired_info_utils.cpp     : 152)   Left insert size quantile 337, right insert size quantile 362, filtering threshold 2, rounding threshold 0
  0:00:02.014    25M / 307M  INFO    General                 (sequence_mapper_notifier.h:  80)   Starting sequence mapping
  0:00:02.044    25M / 307M  INFO    General                 (sequence_mapper_notifier.h: 120)   Total 33300 reads processed
  0:00:02.047    12M / 307M  INFO   StageManager             (stage.cpp                 : 212)   STAGE == Distance Estimation (id: distance_estimation)
  0:00:02.047    12M / 307M  INFO    General                 (distance_estimation.cpp   :  75)   Processing library #0
  0:00:02.047    12M / 307M  INFO    General                 (distance_estimation_utils.:  23)   Estimating distances
  0:00:02.047    12M / 307M  INFO   DistanceEstimator        (distance_estimation.hpp   : 132)   Using SIMPLE distance estimator
  0:00:02.050    12M / 307M  INFO    General                 (distance_estimation_utils.: 137)   Refining clustered pair information
  0:00:02.050    12M / 307M  INFO    General                 (distance_estimation_utils.: 139)   The refining of clustered pair information has been finished
  0:00:02.050    12M / 307M  INFO    General                 (distance_estimation_utils.: 141)   Improving paired information
  0:00:02.056    12M / 307M  INFO   PairInfoImprover         (pair_info_improver.hpp    :  80)   Paired info stats: missing = 0; contradictional = 0
  0:00:02.062    12M / 307M  INFO   PairInfoImprover         (pair_info_improver.hpp    :  80)   Paired info stats: missing = 0; contradictional = 0
  0:00:02.062    12M / 307M  INFO    General                 (distance_estimation_utils.:  81)   Filling scaffolding index
  0:00:02.062    12M / 307M  INFO    General                 (distance_estimation_utils.:  23)   Estimating distances
  0:00:02.062    12M / 307M  INFO   DistanceEstimator        (distance_estimation.hpp   : 132)   Using SMOOTHING distance estimator
  0:00:02.064    12M / 307M  INFO    General                 (distance_estimation.cpp   :  84)   Clearing raw paired index
  0:00:02.064    12M / 307M  INFO   StageManager             (stage.cpp                 : 212)   STAGE == Repeat Resolving (id: repeat_resolving)
  0:00:02.064    12M / 307M  INFO    General                 (repeat_resolving.cpp      :  88)   Using Path-Extend repeat resolving
  0:00:02.065    12M / 307M  INFO    General                 (launcher.cpp              : 632)   ExSPAnder repeat resolving tool started
  0:00:02.065    12M / 307M  INFO    General                 (coverage_uniformity_analyz:  25)   genomic coverage is 18.9711 calculated of length 199825
  0:00:02.065    12M / 307M  INFO    General                 (launcher.cpp              : 440)   Creating main extenders, unique edge length = 2000
  0:00:02.065    12M / 307M  INFO    General                 (extenders_logic.cpp       : 341)   Estimated coverage of library #0 is 19.0179
  0:00:02.065    12M / 307M  INFO    General                 (extenders_logic.cpp       : 352)   Creating extender; library index size: 4
  0:00:02.065    12M / 307M  INFO    General                 (extenders_logic.cpp       : 341)   Estimated coverage of library #0 is 19.0179
  0:00:02.065    12M / 307M  INFO    General                 (extenders_logic.cpp       : 352)   Creating extender; library index size: 4
  0:00:02.065    12M / 307M  INFO    General                 (extenders_logic.cpp       : 550)   Using 1 paired-end library
  0:00:02.066    12M / 307M  INFO    General                 (extenders_logic.cpp       : 551)   Using 1 paired-end scaffolding library
  0:00:02.066    12M / 307M  INFO    General                 (extenders_logic.cpp       : 552)   Using 0 single read libraries
  0:00:02.066    12M / 307M  INFO    General                 (launcher.cpp              : 469)   Total number of extenders is 3
  0:00:02.066    12M / 307M  INFO    General                 (launcher.cpp              : 260)   Finalizing paths
  0:00:02.066    12M / 307M  INFO    General                 (launcher.cpp              : 262)   Deduplicating paths
  0:00:02.066    12M / 307M  INFO    General                 (launcher.cpp              : 266)   Paths deduplicated
  0:00:02.066    12M / 307M  INFO   PEResolver               (pe_resolver.cpp           :  70)   Removing overlaps
  0:00:02.066    12M / 307M  INFO   PEResolver               (pe_resolver.cpp           :  73)   Sorting paths
  0:00:02.066    12M / 307M  INFO   PEResolver               (pe_resolver.cpp           :  80)   Marking overlaps
  0:00:02.066    12M / 307M  INFO   OverlapRemover           (overlap_remover.hpp       : 120)   Marking start/end overlaps
  0:00:02.066    12M / 307M  INFO   OverlapRemover           (overlap_remover.hpp       : 123)   Marking remaining overlaps
  0:00:02.066    12M / 307M  INFO   PEResolver               (pe_resolver.cpp           :  83)   Splitting paths
  0:00:02.066    12M / 307M  INFO   PEResolver               (pe_resolver.cpp           :  88)   Deduplicating paths
  0:00:02.066    12M / 307M  INFO   PEResolver               (pe_resolver.cpp           :  90)   Overlaps removed
  0:00:02.066    12M / 307M  INFO    General                 (launcher.cpp              : 283)   Paths finalized
  0:00:02.066    12M / 307M  INFO    General                 (launcher.cpp              : 478)   Closing gaps in paths
  0:00:02.066    12M / 307M  INFO    General                 (launcher.cpp              : 508)   Gap closing completed
  0:00:02.066    12M / 307M  INFO    General                 (launcher.cpp              : 316)   Traversing tandem repeats
  0:00:02.066    12M / 307M  INFO    General                 (launcher.cpp              : 326)   Traversed 0 loops
  0:00:02.066    12M / 307M  INFO    General                 (launcher.cpp              : 260)   Finalizing paths
  0:00:02.066    12M / 307M  INFO    General                 (launcher.cpp              : 262)   Deduplicating paths
  0:00:02.066    12M / 307M  INFO    General                 (launcher.cpp              : 266)   Paths deduplicated
  0:00:02.066    12M / 307M  INFO   PEResolver               (pe_resolver.cpp           :  70)   Removing overlaps
  0:00:02.066    12M / 307M  INFO   PEResolver               (pe_resolver.cpp           :  73)   Sorting paths
  0:00:02.066    12M / 307M  INFO   PEResolver               (pe_resolver.cpp           :  80)   Marking overlaps
  0:00:02.066    12M / 307M  INFO   OverlapRemover           (overlap_remover.hpp       : 120)   Marking start/end overlaps
  0:00:02.066    12M / 307M  INFO   OverlapRemover           (overlap_remover.hpp       : 123)   Marking remaining overlaps
  0:00:02.066    12M / 307M  INFO   PEResolver               (pe_resolver.cpp           :  83)   Splitting paths
  0:00:02.066    12M / 307M  INFO   PEResolver               (pe_resolver.cpp           :  88)   Deduplicating paths
  0:00:02.066    12M / 307M  INFO   PEResolver               (pe_resolver.cpp           :  90)   Overlaps removed
  0:00:02.067    12M / 307M  INFO    General                 (launcher.cpp              : 283)   Paths finalized
  0:00:02.067    12M / 307M  INFO    General                 (launcher.cpp              : 697)   ExSPAnder repeat resolving tool finished
  0:00:02.067    12M / 307M  INFO   StageManager             (stage.cpp                 : 212)   STAGE == Contig Output (id: contig_output)
  0:00:02.067    12M / 307M  INFO    General                 (contig_output.hpp         :  20)   Outputting contigs to "/home/genomika25/studenci/dmyboi/genome_assembling_home_work2/spades_k77/K77/before_rr.fasta"
  0:00:02.068    12M / 307M  INFO    General                 (contig_output_stage.cpp   : 159)   Writing GFA graph to "/home/genomika25/studenci/dmyboi/genome_assembling_home_work2/spades_k77/K77/assembly_graph_with_scaffolds.gfa"
  0:00:02.069    12M / 307M  INFO    General                 (contig_output_stage.cpp   : 175)   Outputting FastG graph to "/home/genomika25/studenci/dmyboi/genome_assembling_home_work2/spades_k77/K77/assembly_graph.fastg"
  0:00:02.071    12M / 307M  INFO    General                 (contig_output_stage.cpp   : 210)   Breaking scaffolds
  0:00:02.072    12M / 307M  INFO    General                 (contig_output_stage.cpp   : 101)   Outputting contigs to /home/genomika25/studenci/dmyboi/genome_assembling_home_work2/spades_k77/K77/final_contigs.fasta
  0:00:02.073    12M / 307M  INFO    General                 (contig_output_stage.cpp   : 107)   Outputting FastG paths to /home/genomika25/studenci/dmyboi/genome_assembling_home_work2/spades_k77/K77/final_contigs.paths
  0:00:02.073    12M / 307M  INFO    General                 (contig_output_stage.cpp   : 101)   Outputting contigs to /home/genomika25/studenci/dmyboi/genome_assembling_home_work2/spades_k77/K77/scaffolds.fasta
  0:00:02.074    12M / 307M  INFO    General                 (contig_output_stage.cpp   : 107)   Outputting FastG paths to /home/genomika25/studenci/dmyboi/genome_assembling_home_work2/spades_k77/K77/scaffolds.paths
  0:00:02.074    12M / 307M  INFO    General                 (contig_output_stage.cpp   : 114)   Populating GFA with scaffold paths
  0:00:02.074    12M / 307M  INFO    General                 (pipeline.cpp              : 303)   SPAdes finished
  0:00:02.075     1M / 307M  INFO    General                 (main.cpp                  : 131)   Assembling time: 0 hours 0 minutes 2 seconds

===== K77 finished. 


===== Copy files started. 


== Running: /home/genomika25/miniconda3/envs/genomika/bin/python3 /home/genomika25/miniconda3/envs/genomika/share/spades/spades_pipeline/scripts/copy_files.py /home/genomika25/studenci/dmyboi/genome_assembling_home_work2/spades_k77/K77/before_rr.fasta /home/genomika25/studenci/dmyboi/genome_assembling_home_work2/spades_k77/before_rr.fasta /home/genomika25/studenci/dmyboi/genome_assembling_home_work2/spades_k77/K77/assembly_graph_after_simplification.gfa /home/genomika25/studenci/dmyboi/genome_assembling_home_work2/spades_k77/assembly_graph_after_simplification.gfa /home/genomika25/studenci/dmyboi/genome_assembling_home_work2/spades_k77/K77/final_contigs.fasta /home/genomika25/studenci/dmyboi/genome_assembling_home_work2/spades_k77/contigs.fasta /home/genomika25/studenci/dmyboi/genome_assembling_home_work2/spades_k77/K77/first_pe_contigs.fasta /home/genomika25/studenci/dmyboi/genome_assembling_home_work2/spades_k77/first_pe_contigs.fasta /home/genomika25/studenci/dmyboi/genome_assembling_home_work2/spades_k77/K77/strain_graph.gfa /home/genomika25/studenci/dmyboi/genome_assembling_home_work2/spades_k77/strain_graph.gfa /home/genomika25/studenci/dmyboi/genome_assembling_home_work2/spades_k77/K77/scaffolds.fasta /home/genomika25/studenci/dmyboi/genome_assembling_home_work2/spades_k77/scaffolds.fasta /home/genomika25/studenci/dmyboi/genome_assembling_home_work2/spades_k77/K77/scaffolds.paths /home/genomika25/studenci/dmyboi/genome_assembling_home_work2/spades_k77/scaffolds.paths /home/genomika25/studenci/dmyboi/genome_assembling_home_work2/spades_k77/K77/assembly_graph_with_scaffolds.gfa /home/genomika25/studenci/dmyboi/genome_assembling_home_work2/spades_k77/assembly_graph_with_scaffolds.gfa /home/genomika25/studenci/dmyboi/genome_assembling_home_work2/spades_k77/K77/assembly_graph.fastg /home/genomika25/studenci/dmyboi/genome_assembling_home_work2/spades_k77/assembly_graph.fastg /home/genomika25/studenci/dmyboi/genome_assembling_home_work2/spades_k77/K77/final_contigs.paths /home/genomika25/studenci/dmyboi/genome_assembling_home_work2/spades_k77/contigs.paths


===== Copy files finished. 


===== Assembling finished. 


===== Breaking scaffolds started. 


== Running: /home/genomika25/miniconda3/envs/genomika/bin/python3 /home/genomika25/miniconda3/envs/genomika/share/spades/spades_pipeline/scripts/breaking_scaffolds_script.py --result_scaffolds_filename /home/genomika25/studenci/dmyboi/genome_assembling_home_work2/spades_k77/scaffolds.fasta --misc_dir /home/genomika25/studenci/dmyboi/genome_assembling_home_work2/spades_k77/misc --threshold_for_breaking_scaffolds 3


===== Breaking scaffolds finished. 


===== Terminate started. 


===== Terminate finished. 

 * Assembled contigs are in /home/genomika25/studenci/dmyboi/genome_assembling_home_work2/spades_k77/contigs.fasta
 * Assembled scaffolds are in /home/genomika25/studenci/dmyboi/genome_assembling_home_work2/spades_k77/scaffolds.fasta
 * Paths in the assembly graph corresponding to the contigs are in /home/genomika25/studenci/dmyboi/genome_assembling_home_work2/spades_k77/contigs.paths
 * Paths in the assembly graph corresponding to the scaffolds are in /home/genomika25/studenci/dmyboi/genome_assembling_home_work2/spades_k77/scaffolds.paths
 * Assembly graph is in /home/genomika25/studenci/dmyboi/genome_assembling_home_work2/spades_k77/assembly_graph.fastg
 * Assembly graph in GFA format is in /home/genomika25/studenci/dmyboi/genome_assembling_home_work2/spades_k77/assembly_graph_with_scaffolds.gfa

======= SPAdes pipeline finished.

SPAdes log can be found here: /home/genomika25/studenci/dmyboi/genome_assembling_home_work2/spades_k77/spades.log

Thank you for using SPAdes! If you use it in your research, please cite:

  Prjibelski, A., Antipov, D., Meleshko, D., Lapidus, A. and Korobeynikov, A., 2020. Using SPAdes de novo assembler. Current protocols in bioinformatics, 70(1), p.e102.
  doi.org/10.1002/cpbi.102

