000330 77.5 014738 014592 gi|14 014820 014964 gi|28 
000266 78.5 008599 008775 gi|16 017552 017720 gi|32 
000312 84.2 012430 012349 gi|16 038917 038997 gi|26 
000272 82.9 012366 012470 gi|16 010005 010114 gi|20 
000402 73.5 022299 023102 gi|16 035822 036634 gi|26 
000277 80.2 024057 023972 gi|16 018230 018321 gi|29 
000297 83.5 024671 024539 gi|16 032598 032708 gi|18 
000919 85.2 025324 024967 gi|16 016135 016514 gi|29 
000751 88.4 025348 025014 gi|16 016256 016529 gi|29 
000711 84.7 025316 025023 gi|16 015982 016312 gi|29 
001313 88.9 025352 025028 gi|16 016912 017266 gi|29 
001288 89.7 025323 025034 gi|16 016654 016961 gi|29 
000974 88.1 025352 025034 gi|16 016469 016819 gi|29 
000706 85.1 025288 025034 gi|16 016392 016670 gi|29 
001101 87.4 025383 025035 gi|16 013378 013757 gi|32 
001260 87.9 025352 025038 gi|16 013558 013908 gi|32 
001113 84.6 025350 025040 gi|16 016761 017097 gi|29 
000557 86.3 025310 025040 gi|16 013308 013599 gi|32 
000284 84.4 025401 025042 gi|16 024045 024493 gi|20 
000564 85.9 025302 025097 gi|16 017115 017337 gi|29 
000912 87.8 025352 025106 gi|16 013708 013970 gi|32 
000281 83.9 025352 025235 gi|16 013851 013970 gi|32 
000845 79.3 029639 029817 gi|16 002348 002526 gi|18 
000256 75.5 033646 033423 gi|16 024611 024843 gi|30 
000265 81.2 035380 035243 gi|16 018188 018316 gi|29 
000285 87.5 038609 038538 gi|16 010013 010093 gi|20 
000705 94.5 038541 038631 gi|16 038905 038995 gi|26 
002636 74.6 034240 033209 gi|19 034361 035382 gi|20 
001909 74.7 037736 036589 gi|19 034239 035379 gi|20 
000428 73.2 007319 007620 gi|10 021599 021900 gi|28 
000587 75.2 007996 008935 gi|10 022318 023233 gi|28 
002954 91.2 020347 019777 gi|10 039806 040379 gi|12 
000272 84.2 020338 020200 gi|10 040497 040625 gi|28 
000863 78.0 000001 000322 gi|13 032718 033056 gi|20 
000882 80.3 000008 000337 gi|13 028495 028824 gi|20 
000669 79.0 000036 000326 gi|13 036459 036741 gi|20 
001888 81.0 000315 000852 gi|13 036817 037355 gi|20 
001864 81.0 000315 000852 gi|13 033127 033671 gi|20 
001748 80.5 000315 000837 gi|13 028894 029377 gi|20 
000618 84.0 006097 005848 gi|13 036424 036714 gi|16 
001173 90.6 006278 006066 gi|13 036503 036712 gi|16 
000437 84.1 006409 006303 gi|13 036495 036603 gi|16 
000964 86.3 006601 006376 gi|13 036441 036680 gi|16 
001075 86.3 006850 006566 gi|13 036427 036717 gi|16 
002344 88.0 007432 006826 gi|13 036140 036714 gi|16 
000296 84.3 006843 007033 gi|13 036519 036701 gi|16 
002632 96.2 007682 007283 gi|13 035972 036345 gi|16 
000979 96.7 007483 007363 gi|13 024768 024890 gi|16 
001898 93.3 008221 007687 gi|13 035440 035897 gi|16 
000313 91.7 007723 007842 gi|13 025274 025404 gi|20 
000784 84.5 008274 007926 gi|13 024121 024458 gi|16 
000503 85.9 012220 012743 gi|13 013522 013970 gi|32 
000523 86.7 012235 012925 gi|13 013378 013968 gi|32 
000444 85.8 012236 012903 gi|13 016075 016718 gi|29 
000558 86.1 012251 012903 gi|13 016459 017010 gi|29 
000395 84.2 012251 012903 gi|13 016234 016869 gi|29 
000569 85.8 012288 012884 gi|13 016797 017304 gi|29 
000424 83.5 012289 012925 gi|13 016651 017182 gi|29 
000331 86.2 012309 012903 gi|13 016007 016554 gi|29 
000361 86.9 012891 012448 gi|13 024969 025362 gi|16 
000423 85.4 012460 012925 gi|13 013414 013827 gi|32 
000261 80.8 012806 012614 gi|13 025175 025348 gi|16 
000407 83.8 014104 013994 gi|13 023952 024062 gi|16 
000328 85.2 014081 013994 gi|13 035238 035345 gi|16 
000379 69.7 033850 033696 gi|13 002979 003133 gi|29 
000250 86.5 008703 008615 gi|8 014182 014274 gi|24 
001960 93.7 020245 020739 gi|8 035268 035738 gi|16 
001597 89.2 020245 020672 gi|8 024002 024449 gi|16 
002361 94.3 020739 020371 gi|8 007847 008255 gi|13 
000303 97.1 020788 020821 gi|8 036012 036045 gi|16 
003595 95.5 021610 020824 gi|8 006736 007630 gi|13 
003383 95.5 020824 021311 gi|8 036015 036504 gi|16 
001200 90.5 020958 021272 gi|8 024754 025030 gi|16 
000426 90.0 021607 021488 gi|8 005985 006097 gi|13 
000491 94.2 021607 021505 gi|8 006509 006609 gi|13 
000341 89.0 021607 021535 gi|8 006235 006307 gi|13 
001212 90.6 026687 026454 gi|8 023703 023926 gi|11 
000301 76.2 036371 036229 gi|8 015056 015189 gi|11 
003039 90.5 008154 008701 gi|11 025722 026241 gi|20 
009151 90.9 009192 011409 gi|11 023420 025660 gi|20 
001432 85.8 009335 010612 gi|11 023392 024616 gi|20 
001093 84.7 009341 010109 gi|11 023968 024853 gi|20 
000269 88.0 009343 009877 gi|11 024406 024903 gi|20 
000355 84.4 009372 010560 gi|11 016035 017168 gi|29 
000257 87.8 009433 010289 gi|11 016602 017293 gi|29 
000292 86.0 009528 010403 gi|11 013055 013962 gi|32 
000814 87.1 009642 009927 gi|11 023567 023854 gi|20 
000486 84.2 009753 010495 gi|11 023550 024326 gi|20 
000256 82.4 009878 010603 gi|11 023570 024317 gi|20 
000737 88.2 010016 010388 gi|11 023494 023848 gi|20 
000251 85.0 010264 010483 gi|11 016227 016423 gi|29 
000291 82.7 010265 010576 gi|11 023495 023805 gi|20 
000674 85.7 010390 010529 gi|11 023957 024115 gi|20 
000487 87.2 010941 011151 gi|11 016006 016204 gi|32 
000277 89.3 010969 011099 gi|11 007723 007842 gi|13 
000303 87.0 015580 015656 gi|11 019204 019276 gi|30 
000339 72.2 017429 017250 gi|11 008610 008795 gi|16 
000259 66.9 017440 017296 gi|11 017550 017694 gi|32 
001305 86.2 022349 021878 gi|11 020719 021204 gi|26 
002310 91.1 022557 022200 gi|11 020313 020672 gi|26 
001495 90.4 023191 022860 gi|11 020062 020372 gi|26 
000769 83.8 023068 022896 gi|11 019993 020161 gi|26 
000276 75.7 028055 027546 gi|11 033504 033985 gi|16 
000253 77.2 011531 011440 gi|5 010104 010205 gi|24 
000427 80.2 001166 000930 gi|2 028136 028371 gi|8 
000262 85.7 005126 004994 gi|2 000039 000186 gi|6 
001386 89.0 019826 019553 gi|2 023684 023952 gi|11 
001321 90.0 019576 019814 gi|2 026454 026691 gi|8 
000279 70.4 025912 025992 gi|2 021048 021128 gi|14 
000256 76.1 006507 006640 gi|20 034031 034164 gi|28 
000504 77.2 007689 007855 gi|20 035386 035547 gi|28 
000250 77.0 010064 009943 gi|20 038922 039032 gi|26 
000533 87.8 025197 025426 gi|20 015970 016195 gi|32 
001152 88.2 016008 016413 gi|29 013474 013883 gi|32 
001009 83.8 016054 016361 gi|29 013660 013970 gi|32 
000494 86.4 016054 016222 gi|29 013803 013970 gi|32 
001536 89.1 016080 016574 gi|29 013383 013969 gi|32 
001409 86.6 016107 016890 gi|29 013165 013970 gi|32 
001302 86.3 016148 016739 gi|29 013305 013970 gi|32 
002039 87.2 016170 017031 gi|29 013054 013970 gi|32 
001188 86.9 016601 017302 gi|29 013147 013787 gi|32 
000352 82.2 016686 017337 gi|29 013053 013695 gi|32 
001892 87.6 016749 017330 gi|29 013396 013970 gi|32 
000359 88.3 018499 018601 gi|29 016503 016588 gi|32 
000297 78.6 000103 000001 gi|7 009023 009126 gi|15 
000674 91.2 000247 000055 gi|7 019859 020022 gi|10 
000677 91.6 000055 000245 gi|7 040133 040299 gi|12 
003097 91.2 000244 000912 gi|7 040432 041080 gi|28 
000876 84.8 001178 000738 gi|7 019790 020229 gi|10 
000273 77.0 001015 000838 gi|7 009023 009201 gi|15 
000864 91.6 000965 001190 gi|7 040131 040378 gi|12 
000345 77.5 020487 020350 gi|7 030695 030822 gi|10 
000576 77.3 021243 021041 gi|7 007662 007850 gi|20 
000337 70.3 021171 021044 gi|7 035420 035543 gi|28 
000277 72.8 022316 022096 gi|7 006511 006722 gi|20 
000304 76.0 022317 022139 gi|7 034025 034203 gi|28 
000732 76.6 014835 015419 gi|1 010262 010801 gi|32 
000258 69.7 034694 034464 gi|1 027015 027242 gi|11 
000250 78.8 040690 041005 gi|1 000341 000646 gi|27 
002032 80.8 000290 001253 gi|3 031652 032712 gi|20 
002390 81.6 000293 001254 gi|3 027368 028471 gi|20 
000722 81.7 000367 000952 gi|3 035425 036027 gi|20 
000916 79.3 001009 001254 gi|3 036149 036393 gi|20 
000510 86.5 031550 031638 gi|4 034117 034204 gi|7 
000359 95.0 031741 031800 gi|4 034200 034260 gi|7 
