#                                                                            --- full sequence --- -------------- this domain -------------   hmm coord   ali coord   env coord
# target name        accession   tlen query name           accession   qlen   E-value  score  bias   #  of  c-Evalue  i-Evalue  score  bias  from    to  from    to  from    to  acc description of target
#------------------- ---------- ----- -------------------- ---------- ----- --------- ------ ----- --- --- --------- --------- ------ ----- ----- ----- ----- ----- ----- ----- ---- ---------------------
MINDJIJG_01060       -            296 10906                -            364  1.2e-140  464.9  10.4   1   1  6.6e-143  1.3e-140  464.7  10.4     1   293     2   296     2   296 0.98 Ribosome-binding ATPase YchF
MINDJIJG_01059       -             65 10906                -            364   8.8e-31  103.4   1.3   1   1   4.7e-33   9.4e-31  103.3   1.3   300   364     1    65     1    65 0.98 Ribosome-binding ATPase YchF
MINDJIJG_00375       -            383 10906                -            364   9.1e-14   47.4   5.2   1   1   1.1e-13   2.2e-11   39.6   5.0     4   226   159   355   156   364 0.82 GTPase Obg
MINDJIJG_00688       -             47 10906                -            364   4.8e-06   22.0   0.1   1   1   2.6e-08   5.2e-06   21.9   0.1     4    26     6    28     4    37 0.88 GTPase Der
MINDJIJG_00687       -            179 10906                -            364   0.00059   15.1   0.2   1   1   5.5e-06    0.0011   14.2   0.2     3    48    61   107    59   131 0.81 GTPase Der
MINDJIJG_01115       -            149 10906                -            364   0.00074   14.8   0.2   1   2     0.076        15    0.6   1.0   134   149    54    69    29   108 0.44 Ribosome biogenesis GTPase A
MINDJIJG_01115       -            149 10906                -            364   0.00074   14.8   0.2   2   2   3.7e-06   0.00074   14.8   0.2     2    26   111   135   110   142 0.89 Ribosome biogenesis GTPase A
#
# Program:         hmmsearch
# Version:         3.4 (Aug 2023)
# Pipeline mode:   SEARCH
# Query file:      /home/genomika25/studenci/dmyboi/sequence_adnotation_cw3/busco_downloads/lineages/mycoplasmatales_odb12/hmms/10906at2085.hmm
# Target file:     /home/genomika25/studenci/dmyboi/sequence_adnotation_cw3/prokka_basic/prokka_basic.faa
# Option settings: hmmsearch --domtblout /home/genomika25/studenci/dmyboi/sequence_adnotation_cw3/busco_proteins/run_mycoplasmatales_odb12/hmmer_output/10906at2085.out --cpu 1 /home/genomika25/studenci/dmyboi/sequence_adnotation_cw3/busco_downloads/lineages/mycoplasmatales_odb12/hmms/10906at2085.hmm /home/genomika25/studenci/dmyboi/sequence_adnotation_cw3/prokka_basic/prokka_basic.faa 
# Current dir:     /home/genomika25/studenci/dmyboi/sequence_adnotation_cw3
# Date:            Tue Oct 28 11:30:28 2025
# [ok]
