#                                                                            --- full sequence --- -------------- this domain -------------   hmm coord   ali coord   env coord
# target name        accession   tlen query name           accession   qlen   E-value  score  bias   #  of  c-Evalue  i-Evalue  score  bias  from    to  from    to  from    to  acc description of target
#------------------- ---------- ----- -------------------- ---------- ----- --------- ------ ----- --- --- --------- --------- ------ ----- ----- ----- ----- ----- ----- ----- ---- ---------------------
MINDJIJG_00471       -            294 10924                -            456  7.4e-142  469.8  16.6   1   1  5.5e-144  8.3e-142  469.6  16.6     1   285     6   294     6   294 0.98 DNA polymerase III subunit tau
MINDJIJG_00414       -            242 10924                -            456   2.3e-15   52.8   6.9   1   2   9.7e-09   1.5e-06   23.8   0.1     9    61     9    60     1    66 0.89 Replication-associated recombination protein A
MINDJIJG_00414       -            242 10924                -            456   2.3e-15   52.8   6.9   2   2   6.8e-11     1e-08   30.9   3.2   115   233    84   205    68   213 0.84 Replication-associated recombination protein A
MINDJIJG_00632       -            317 10924                -            456   4.3e-09   32.1   6.9   1   2   7.2e-11   1.1e-08   30.8   0.1    12    59     8    59     3    64 0.86 Holliday junction ATP-dependent DNA helicase RuvB
MINDJIJG_00632       -            317 10924                -            456   4.3e-09   32.1   6.9   2   2     0.016       2.4    3.3   2.4   176   235   169   233   135   291 0.73 Holliday junction ATP-dependent DNA helicase RuvB
MINDJIJG_00473       -             96 10924                -            456   2.1e-06   23.3   0.8   1   1   1.4e-08   2.1e-06   23.2   0.8   371   439    21    93     3    96 0.72 hypothetical protein
MINDJIJG_00478       -            277 10924                -            456   5.8e-06   21.8   2.4   1   3     0.024       3.6    2.7   0.1    21    42     4    25     3    29 0.87 hypothetical protein
MINDJIJG_00478       -            277 10924                -            456   5.8e-06   21.8   2.4   2   3   3.9e-08   5.8e-06   21.8   2.4   111   170    89   148    65   153 0.88 hypothetical protein
MINDJIJG_00478       -            277 10924                -            456   5.8e-06   21.8   2.4   3   3       1.7   2.6e+02   -3.4   8.2   301   351   197   247   150   276 0.43 hypothetical protein
MINDJIJG_00173       -            294 10924                -            456   2.1e-05   20.0   0.5   1   3   3.1e-07   4.7e-05   18.8   0.0    16    61     8    61     5    70 0.76 Chaperone protein ClpB
MINDJIJG_00173       -            294 10924                -            456   2.1e-05   20.0   0.5   2   3       1.5   2.2e+02   -3.2   0.0   313   327   142   156   112   183 0.47 Chaperone protein ClpB
MINDJIJG_00173       -            294 10924                -            456   2.1e-05   20.0   0.5   3   3       1.5   2.3e+02   -3.2   0.1   344   344   233   233   199   274 0.54 Chaperone protein ClpB
MINDJIJG_00860       -            495 10924                -            456    0.0004   15.7   1.8   1   2   0.00034     0.051    8.8   0.0    42    62    70    90    58    93 0.93 Lon protease 1
MINDJIJG_00860       -            495 10924                -            456    0.0004   15.7   1.8   2   2    0.0026      0.39    5.9   0.5   144   251   181   300   175   322 0.72 Lon protease 1
MINDJIJG_00025       -            433 10924                -            456   0.00082   14.7   0.0   1   1   8.9e-06    0.0013   14.0   0.0     7    60    71   135    65   138 0.71 ATP-dependent zinc metalloprotease FtsH
#
# Program:         hmmsearch
# Version:         3.4 (Aug 2023)
# Pipeline mode:   SEARCH
# Query file:      /home/genomika25/studenci/dmyboi/sequence_adnotation_cw3/busco_downloads/lineages/mycoplasmatales_odb12/hmms/10924at2085.hmm
# Target file:     /home/genomika25/studenci/dmyboi/sequence_adnotation_cw3/prokka_basic/prokka_basic.faa
# Option settings: hmmsearch --domtblout /home/genomika25/studenci/dmyboi/sequence_adnotation_cw3/busco_proteins/run_mycoplasmatales_odb12/hmmer_output/10924at2085.out --cpu 1 /home/genomika25/studenci/dmyboi/sequence_adnotation_cw3/busco_downloads/lineages/mycoplasmatales_odb12/hmms/10924at2085.hmm /home/genomika25/studenci/dmyboi/sequence_adnotation_cw3/prokka_basic/prokka_basic.faa 
# Current dir:     /home/genomika25/studenci/dmyboi/sequence_adnotation_cw3
# Date:            Tue Oct 28 11:30:28 2025
# [ok]
