#                                                                            --- full sequence --- -------------- this domain -------------   hmm coord   ali coord   env coord
# target name        accession   tlen query name           accession   qlen   E-value  score  bias   #  of  c-Evalue  i-Evalue  score  bias  from    to  from    to  from    to  acc description of target
#------------------- ---------- ----- -------------------- ---------- ----- --------- ------ ----- --- --- --------- --------- ------ ----- ----- ----- ----- ----- ----- ----- ---- ---------------------
MINDJIJG_00702       -            130 1999                 -            217   3.4e-41  136.9   3.0   1   1   1.5e-43   3.7e-41  136.8   3.0     2   119     8   130     7   130 0.92 Release factor glutamine methyltransferase
MINDJIJG_00701       -             69 1999                 -            217   9.8e-15   50.4   1.4   1   1   4.5e-17   1.1e-14   50.3   1.4   155   215     1    62     1    64 0.93 hypothetical protein
MINDJIJG_00257       -            150 1999                 -            217     8e-12   40.9   3.0   1   1   4.3e-14   1.1e-11   40.5   3.0    55   144    33   128    26   140 0.83 Ribosomal RNA small subunit methyltransferase D
MINDJIJG_00381       -            224 1999                 -            217   3.4e-09   32.3   8.4   1   1   6.3e-11   1.5e-08   30.2   8.4    55   146    34   141    12   178 0.76 tRNA1(Val) (adenine(37)-N6)-methyltransferase
MINDJIJG_01139       -            275 1999                 -            217   3.8e-05   19.1   0.1   1   3      0.43     1e+02   -2.0   0.1   164   180     2    18     1    21 0.86 hypothetical protein
MINDJIJG_01139       -            275 1999                 -            217   3.8e-05   19.1   0.1   2   3       1.5   3.7e+02   -3.7   0.4   105   125    62    82    57    84 0.74 hypothetical protein
MINDJIJG_01139       -            275 1999                 -            217   3.8e-05   19.1   0.1   3   3   1.6e-07   3.8e-05   19.1   0.1    45   136   165   272   162   275 0.78 hypothetical protein
#
# Program:         hmmsearch
# Version:         3.4 (Aug 2023)
# Pipeline mode:   SEARCH
# Query file:      /home/genomika25/studenci/dmyboi/sequence_adnotation_cw3/busco_downloads/lineages/mycoplasmatales_odb12/hmms/1999at2085.hmm
# Target file:     /home/genomika25/studenci/dmyboi/sequence_adnotation_cw3/prokka_basic/prokka_basic.faa
# Option settings: hmmsearch --domtblout /home/genomika25/studenci/dmyboi/sequence_adnotation_cw3/busco_proteins/run_mycoplasmatales_odb12/hmmer_output/1999at2085.out --cpu 1 /home/genomika25/studenci/dmyboi/sequence_adnotation_cw3/busco_downloads/lineages/mycoplasmatales_odb12/hmms/1999at2085.hmm /home/genomika25/studenci/dmyboi/sequence_adnotation_cw3/prokka_basic/prokka_basic.faa 
# Current dir:     /home/genomika25/studenci/dmyboi/sequence_adnotation_cw3
# Date:            Tue Oct 28 11:30:29 2025
# [ok]
