#                                                                            --- full sequence --- -------------- this domain -------------   hmm coord   ali coord   env coord
# target name        accession   tlen query name           accession   qlen   E-value  score  bias   #  of  c-Evalue  i-Evalue  score  bias  from    to  from    to  from    to  acc description of target
#------------------- ---------- ----- -------------------- ---------- ----- --------- ------ ----- --- --- --------- --------- ------ ----- ----- ----- ----- ----- ----- ----- ---- ---------------------
MINDJIJG_00109       -            141 2883                 -            351   3.1e-74  246.3   1.5   1   1   2.2e-76   3.4e-74  246.1   1.5   208   347     2   141     1   141 0.99 Signal recognition particle receptor FtsY
MINDJIJG_00108       -            130 2883                 -            351   5.2e-62  206.0   8.5   1   1   3.8e-64   5.8e-62  205.9   8.5    61   190     1   130     1   130 0.99 Signal recognition particle receptor FtsY
MINDJIJG_00784       -            442 2883                 -            351     1e-48  162.3  14.2   1   1   1.5e-50   2.2e-48  161.2  14.2    52   336     7   288     2   298 0.85 Signal recognition particle protein
MINDJIJG_00714       -            251 2883                 -            351   5.4e-06   21.8   2.0   1   1   6.5e-08   9.8e-06   21.0   2.0    94   222    23   153     3   189 0.68 hypothetical protein
MINDJIJG_00286       -            234 2883                 -            351   0.00024   16.4   0.8   1   1   2.8e-06   0.00042   15.6   0.8   119   174    10    65     3    69 0.89 putative ABC transporter ATP-binding protein YxlF
MINDJIJG_00990       -             98 2883                 -            351   0.00058   15.1   0.1   1   1   4.2e-06   0.00063   15.0   0.1   120   169     4    55     1    69 0.81 hypothetical protein
MINDJIJG_00811       -             76 2883                 -            351     0.001   14.3   0.5   1   1   6.9e-06     0.001   14.3   0.5   122   183    12    73     1    76 0.88 putative ABC transporter ATP-binding protein
MINDJIJG_00476       -            101 2883                 -            351    0.0045   12.2   0.1   1   1   5.3e-05    0.0081   11.4   0.1   143   169     6    32     2    35 0.85 Thymidylate kinase
#
# Program:         hmmsearch
# Version:         3.4 (Aug 2023)
# Pipeline mode:   SEARCH
# Query file:      /home/genomika25/studenci/dmyboi/sequence_adnotation_cw3/busco_downloads/lineages/mycoplasmatales_odb12/hmms/2883at2085.hmm
# Target file:     /home/genomika25/studenci/dmyboi/sequence_adnotation_cw3/prokka_basic/prokka_basic.faa
# Option settings: hmmsearch --domtblout /home/genomika25/studenci/dmyboi/sequence_adnotation_cw3/busco_proteins/run_mycoplasmatales_odb12/hmmer_output/2883at2085.out --cpu 1 /home/genomika25/studenci/dmyboi/sequence_adnotation_cw3/busco_downloads/lineages/mycoplasmatales_odb12/hmms/2883at2085.hmm /home/genomika25/studenci/dmyboi/sequence_adnotation_cw3/prokka_basic/prokka_basic.faa 
# Current dir:     /home/genomika25/studenci/dmyboi/sequence_adnotation_cw3
# Date:            Tue Oct 28 11:30:29 2025
# [ok]
