#                                                                            --- full sequence --- -------------- this domain -------------   hmm coord   ali coord   env coord
# target name        accession   tlen query name           accession   qlen   E-value  score  bias   #  of  c-Evalue  i-Evalue  score  bias  from    to  from    to  from    to  acc description of target
#------------------- ---------- ----- -------------------- ---------- ----- --------- ------ ----- --- --- --------- --------- ------ ----- ----- ----- ----- ----- ----- ----- ---- ---------------------
MINDJIJG_00488       -            122 631                  -            549   9.9e-66  218.4   0.7   1   1   7.2e-68   1.1e-65  218.3   0.7   230   351     1   122     1   122 1.00 Threonine--tRNA ligase 1
MINDJIJG_00487       -             95 631                  -            549   1.1e-53  178.6   0.2   1   1   8.1e-56   1.2e-53  178.5   0.2   359   453     1    95     1    95 0.99 Threonine--tRNA ligase
MINDJIJG_00490       -             53 631                  -            549   1.2e-21   72.9   0.0   1   1   8.5e-24   1.3e-21   72.8   0.0   126   177     1    52     1    53 0.98 Threonine--tRNA ligase
MINDJIJG_00491       -            105 631                  -            549   4.3e-21   71.1   0.5   1   1     3e-23   4.6e-21   71.0   0.5     1    89     4    99     4   105 0.87 Threonine--tRNA ligase
MINDJIJG_00489       -             39 631                  -            549   2.5e-14   48.8   0.1   1   1   1.7e-16   2.6e-14   48.7   0.1   184   222     1    39     1    39 0.99 hypothetical protein
MINDJIJG_00781       -            172 631                  -            549   3.1e-09   31.9   0.2   1   1   2.7e-11     4e-09   31.5   0.2   451   547    72   169    67   171 0.89 Glycine--tRNA ligase
MINDJIJG_00006       -            150 631                  -            549   3.6e-05   18.5   0.1   1   1   3.6e-07   5.4e-05   17.9   0.1   451   539    11   104     5   117 0.77 Proline--tRNA ligase
MINDJIJG_00017       -            226 631                  -            549    0.0056   11.3   0.0   1   3      0.44        67   -2.2   3.5    71   127    19    72     3   100 0.41 Serine--tRNA ligase
MINDJIJG_00017       -            226 631                  -            549    0.0056   11.3   0.0   2   3     0.068        10    0.5   0.4   465   517    61   118    54   125 0.68 Serine--tRNA ligase
MINDJIJG_00017       -            226 631                  -            549    0.0056   11.3   0.0   3   3   3.7e-05    0.0056   11.3   0.0   156   232   141   220   138   225 0.90 Serine--tRNA ligase
#
# Program:         hmmsearch
# Version:         3.4 (Aug 2023)
# Pipeline mode:   SEARCH
# Query file:      /home/genomika25/studenci/dmyboi/sequence_adnotation_cw3/busco_downloads/lineages/mycoplasmatales_odb12/hmms/631at2085.hmm
# Target file:     /home/genomika25/studenci/dmyboi/sequence_adnotation_cw3/prokka_basic/prokka_basic.faa
# Option settings: hmmsearch --domtblout /home/genomika25/studenci/dmyboi/sequence_adnotation_cw3/busco_proteins/run_mycoplasmatales_odb12/hmmer_output/631at2085.out --cpu 1 /home/genomika25/studenci/dmyboi/sequence_adnotation_cw3/busco_downloads/lineages/mycoplasmatales_odb12/hmms/631at2085.hmm /home/genomika25/studenci/dmyboi/sequence_adnotation_cw3/prokka_basic/prokka_basic.faa 
# Current dir:     /home/genomika25/studenci/dmyboi/sequence_adnotation_cw3
# Date:            Tue Oct 28 11:30:30 2025
# [ok]
