#                                                                            --- full sequence --- -------------- this domain -------------   hmm coord   ali coord   env coord
# target name        accession   tlen query name           accession   qlen   E-value  score  bias   #  of  c-Evalue  i-Evalue  score  bias  from    to  from    to  from    to  acc description of target
#------------------- ---------- ----- -------------------- ---------- ----- --------- ------ ----- --- --- --------- --------- ------ ----- ----- ----- ----- ----- ----- ----- ---- ---------------------
MINDJIJG_00476       -            101 6500                 -            195   1.6e-35  118.7   0.0   1   1     1e-37   1.8e-35  118.5   0.0     1    90     5   101     5   101 0.91 Thymidylate kinase
MINDJIJG_00650       -             72 6500                 -            195   0.00034   16.5   0.1   1   1     2e-06   0.00034   16.5   0.1   112   149    35    72     1    72 0.87 hypothetical protein
MINDJIJG_00477       -             36 6500                 -            195   0.00037   16.4   0.2   1   1   2.2e-06   0.00038   16.3   0.2   130   162     2    36     1    36 0.86 hypothetical protein
MINDJIJG_00108       -            130 6500                 -            195   0.00048   16.0   0.1   1   2      0.57        98   -1.4   0.1   137   137    40    40     5    77 0.61 Signal recognition particle receptor FtsY
MINDJIJG_00108       -            130 6500                 -            195   0.00048   16.0   0.1   2   2   2.8e-06   0.00048   16.0   0.1     3    33    84   114    82   127 0.90 Signal recognition particle receptor FtsY
MINDJIJG_00811       -             76 6500                 -            195    0.0015   14.4   0.1   1   1   1.2e-05     0.002   13.9   0.1     2    30    33    61    32    66 0.88 putative ABC transporter ATP-binding protein
MINDJIJG_00068       -             65 6500                 -            195    0.0045   12.8   0.1   1   1   4.1e-05    0.0071   12.2   0.1     2    19    43    60    42    63 0.91 Spermidine/putrescine import ATP-binding protein PotA
MINDJIJG_00654       -             99 6500                 -            195     0.006   12.4   0.1   1   1   4.8e-05    0.0083   11.9   0.1     3    35    36    68    34    76 0.89 Lipoprotein-releasing system ATP-binding protein LolD
#
# Program:         hmmsearch
# Version:         3.4 (Aug 2023)
# Pipeline mode:   SEARCH
# Query file:      /home/genomika25/studenci/dmyboi/sequence_adnotation_cw3/busco_downloads/lineages/mycoplasmatales_odb12/hmms/6500at2085.hmm
# Target file:     /home/genomika25/studenci/dmyboi/sequence_adnotation_cw3/prokka_basic/prokka_basic.faa
# Option settings: hmmsearch --domtblout /home/genomika25/studenci/dmyboi/sequence_adnotation_cw3/busco_proteins/run_mycoplasmatales_odb12/hmmer_output/6500at2085.out --cpu 1 /home/genomika25/studenci/dmyboi/sequence_adnotation_cw3/busco_downloads/lineages/mycoplasmatales_odb12/hmms/6500at2085.hmm /home/genomika25/studenci/dmyboi/sequence_adnotation_cw3/prokka_basic/prokka_basic.faa 
# Current dir:     /home/genomika25/studenci/dmyboi/sequence_adnotation_cw3
# Date:            Tue Oct 28 11:30:30 2025
# [ok]
