#                                                                            --- full sequence --- -------------- this domain -------------   hmm coord   ali coord   env coord
# target name        accession   tlen query name           accession   qlen   E-value  score  bias   #  of  c-Evalue  i-Evalue  score  bias  from    to  from    to  from    to  acc description of target
#------------------- ---------- ----- -------------------- ---------- ----- --------- ------ ----- --- --- --------- --------- ------ ----- ----- ----- ----- ----- ----- ----- ---- ---------------------
MINDJIJG_00983       -            253 6658                 -           1294  1.4e-142  472.6   6.9   1   1  9.2e-145  1.6e-142  472.5   6.9   803  1056     1   253     1   253 0.99 DNA-directed RNA polymerase subunit beta'
MINDJIJG_00981       -            314 6658                 -           1294  1.5e-105  350.0   1.3   1   1  9.8e-108  1.7e-105  349.8   1.3   481   716     1   245     1   278 0.93 DNA-directed RNA polymerase subunit beta'
MINDJIJG_00979       -            228 6658                 -           1294   1.4e-86  287.2   7.1   1   1   8.6e-89   1.5e-86  287.1   7.1   130   339    13   228     1   228 0.94 DNA-directed RNA polymerase subunit beta'
MINDJIJG_00980       -             91 6658                 -           1294   2.2e-55  183.8   0.1   1   1   1.4e-57   2.4e-55  183.7   0.1   348   437     1    91     1    91 0.99 DNA-directed RNA polymerase subunit beta'
MINDJIJG_00978       -            119 6658                 -           1294   3.2e-55  183.2   0.3   1   1   2.1e-57   3.7e-55  183.1   0.3     3   114     5   119     3   119 0.98 DNA-directed RNA polymerase subunit beta'
MINDJIJG_00984       -            183 6658                 -           1294   3.2e-51  170.0   0.1   1   1   2.2e-53   3.9e-51  169.7   0.1  1173  1294     1   122     1   122 0.99 DNA-directed RNA polymerase subunit beta'
MINDJIJG_00982       -             51 6658                 -           1294   5.7e-18   59.9   1.0   1   1   3.5e-20   6.1e-18   59.8   1.0   712   762     1    51     1    51 0.99 DNA-directed RNA polymerase subunit beta'
#
# Program:         hmmsearch
# Version:         3.4 (Aug 2023)
# Pipeline mode:   SEARCH
# Query file:      /home/genomika25/studenci/dmyboi/sequence_adnotation_cw3/busco_downloads/lineages/mycoplasmatales_odb12/hmms/6658at2085.hmm
# Target file:     /home/genomika25/studenci/dmyboi/sequence_adnotation_cw3/prokka_basic/prokka_basic.faa
# Option settings: hmmsearch --domtblout /home/genomika25/studenci/dmyboi/sequence_adnotation_cw3/busco_proteins/run_mycoplasmatales_odb12/hmmer_output/6658at2085.out --cpu 1 /home/genomika25/studenci/dmyboi/sequence_adnotation_cw3/busco_downloads/lineages/mycoplasmatales_odb12/hmms/6658at2085.hmm /home/genomika25/studenci/dmyboi/sequence_adnotation_cw3/prokka_basic/prokka_basic.faa 
# Current dir:     /home/genomika25/studenci/dmyboi/sequence_adnotation_cw3
# Date:            Tue Oct 28 11:30:30 2025
# [ok]
