#                                                                            --- full sequence --- -------------- this domain -------------   hmm coord   ali coord   env coord
# target name        accession   tlen query name           accession   qlen   E-value  score  bias   #  of  c-Evalue  i-Evalue  score  bias  from    to  from    to  from    to  acc description of target
#------------------- ---------- ----- -------------------- ---------- ----- --------- ------ ----- --- --- --------- --------- ------ ----- ----- ----- ----- ----- ----- ----- ---- ---------------------
MINDJIJG_00352       -            371 6814                 -            685  3.4e-197  653.0   2.1   1   1  2.2e-199  3.8e-197  652.9   2.1   135   504     1   371     1   371 0.99 Elongation factor G
MINDJIJG_00351       -            123 6814                 -            685     1e-66  221.8   0.2   1   1   6.5e-69   1.1e-66  221.7   0.2   543   664     1   123     1   123 0.98 Elongation factor G
MINDJIJG_00859       -            254 6814                 -            685   1.9e-34  115.2   2.2   1   2   4.3e-34   7.4e-32  106.6   0.4     6   178     4   174     1   180 0.90 Elongation factor 4
MINDJIJG_00859       -            254 6814                 -            685   1.9e-34  115.2   2.2   2   2   0.00013     0.023    9.1   0.1   296   368   181   252   169   254 0.74 Elongation factor 4
MINDJIJG_00353       -             51 6814                 -            685   2.9e-28   94.7   1.7   1   1   1.8e-30   3.1e-28   94.6   1.7     1    49     3    51     3    51 0.99 Elongation factor G
MINDJIJG_01033       -            247 6814                 -            685   4.7e-19   64.3   4.0   1   1   1.2e-19   2.1e-17   58.8   4.0    56   144   145   233   113   244 0.84 Translation initiation factor IF-2
MINDJIJG_00247       -            397 6814                 -            685   6.1e-16   54.0   0.5   1   1   7.8e-18   1.3e-15   52.8   0.6     8   138    12   141     7   155 0.90 Elongation factor Tu
MINDJIJG_00857       -            254 6814                 -            685   1.2e-05   20.0   0.5   1   3    0.0004     0.069    7.5   0.0   453   483     1    31     1    39 0.91 Elongation factor 4
MINDJIJG_00857       -            254 6814                 -            685   1.2e-05   20.0   0.5   2   3   6.7e-05     0.011   10.1   0.0   593   663    51   123    44   132 0.84 Elongation factor 4
MINDJIJG_00857       -            254 6814                 -            685   1.2e-05   20.0   0.5   3   3      0.31        54   -2.0   0.1   462   540   178   204   168   234 0.56 Elongation factor 4
#
# Program:         hmmsearch
# Version:         3.4 (Aug 2023)
# Pipeline mode:   SEARCH
# Query file:      /home/genomika25/studenci/dmyboi/sequence_adnotation_cw3/busco_downloads/lineages/mycoplasmatales_odb12/hmms/6814at2085.hmm
# Target file:     /home/genomika25/studenci/dmyboi/sequence_adnotation_cw3/prokka_basic/prokka_basic.faa
# Option settings: hmmsearch --domtblout /home/genomika25/studenci/dmyboi/sequence_adnotation_cw3/busco_proteins/run_mycoplasmatales_odb12/hmmer_output/6814at2085.out --cpu 1 /home/genomika25/studenci/dmyboi/sequence_adnotation_cw3/busco_downloads/lineages/mycoplasmatales_odb12/hmms/6814at2085.hmm /home/genomika25/studenci/dmyboi/sequence_adnotation_cw3/prokka_basic/prokka_basic.faa 
# Current dir:     /home/genomika25/studenci/dmyboi/sequence_adnotation_cw3
# Date:            Tue Oct 28 11:30:30 2025
# [ok]
