#                                                                            --- full sequence --- -------------- this domain -------------   hmm coord   ali coord   env coord
# target name        accession   tlen query name           accession   qlen   E-value  score  bias   #  of  c-Evalue  i-Evalue  score  bias  from    to  from    to  from    to  acc description of target
#------------------- ---------- ----- -------------------- ---------- ----- --------- ------ ----- --- --- --------- --------- ------ ----- ----- ----- ----- ----- ----- ----- ---- ---------------------
MINDJIJG_00263       -            283 7055                 -            270  1.1e-107  355.5   3.6   1   1  1.5e-109  1.3e-107  355.3   3.6     2   269     3   278     2   279 0.95 Small ribosomal subunit biogenesis GTPase RsgA
MINDJIJG_00064       -            281 7055                 -            270   4.2e-05   19.1   0.1   1   3   4.9e-07   4.2e-05   19.1   0.1   147   225     7    83     1    88 0.82 GTPase Era
MINDJIJG_00064       -            281 7055                 -            270   4.2e-05   19.1   0.1   2   3     0.012       1.1    4.7   0.8    94   120   108   134    92   170 0.66 GTPase Era
MINDJIJG_00064       -            281 7055                 -            270   4.2e-05   19.1   0.1   3   3       1.5   1.3e+02   -2.2   0.2    13    38   217   242   210   273 0.61 GTPase Era
MINDJIJG_00510       -            300 7055                 -            270   0.00013   17.5   0.7   1   1     3e-06   0.00026   16.5   0.7    94   172    31   110     4   115 0.81 putative multidrug resistance ABC transporter ATP-binding/permease protein YheI
MINDJIJG_01057       -             55 7055                 -            270   0.00014   17.4   0.6   1   1   1.7e-06   0.00015   17.3   0.6   131   166     7    42     2    52 0.82 hypothetical protein
MINDJIJG_00687       -            179 7055                 -            270   0.00026   16.5   0.1   1   1   3.8e-06   0.00033   16.2   0.1   148   204    63   117    45   145 0.74 GTPase Der
MINDJIJG_00830       -            334 7055                 -            270    0.0004   15.9   0.6   1   2   9.7e-06   0.00084   14.8   0.0   142   166   119   143    94   154 0.73 putative ABC transporter ATP-binding protein
MINDJIJG_00830       -            334 7055                 -            270    0.0004   15.9   0.6   2   2       1.6   1.4e+02   -2.3   0.1     4    43   268   307   265   325 0.64 putative ABC transporter ATP-binding protein
MINDJIJG_00512       -            353 7055                 -            270   0.00041   15.9   0.2   1   1   1.1e-05   0.00093   14.7   0.2   130   168   293   332   272   339 0.72 putative ABC transporter ATP-binding protein
MINDJIJG_00688       -             47 7055                 -            270   0.00058   15.3   0.1   1   1   7.6e-06   0.00065   15.2   0.1   143   168     2    27     1    39 0.90 GTPase Der
MINDJIJG_00811       -             76 7055                 -            270   0.00087   14.8   0.0   1   1     1e-05   0.00087   14.8   0.0   143   167    30    54     8    68 0.81 putative ABC transporter ATP-binding protein
MINDJIJG_00020       -            132 7055                 -            270    0.0013   14.2   0.2   1   1   1.6e-05    0.0014   14.1   0.2   131   171    56    96     3   129 0.74 ATP-dependent RecD-like DNA helicase
MINDJIJG_01033       -            247 7055                 -            270    0.0015   14.1   2.1   1   2   2.5e-05    0.0021   13.5   0.2   146   208   117   176    99   187 0.89 Translation initiation factor IF-2
MINDJIJG_01033       -            247 7055                 -            270    0.0015   14.1   2.1   2   2      0.36        31   -0.1   0.1    71   118   188   233   177   238 0.65 Translation initiation factor IF-2
MINDJIJG_00561       -             71 7055                 -            270    0.0022   13.5   0.0   1   1     3e-05    0.0025   13.3   0.0     1    47     8    56     8    61 0.85 Translation initiation factor IF-1
MINDJIJG_00476       -            101 7055                 -            270    0.0028   13.1   0.0   1   1     4e-05    0.0035   12.8   0.0   143   168     3    28     1    41 0.86 Thymidylate kinase
MINDJIJG_00934       -            132 7055                 -            270    0.0078   11.7   0.0   1   1   0.00011    0.0093   11.4   0.0   143   166    55    78    13    85 0.88 Putative ABC transporter ATP-binding protein MG187 
#
# Program:         hmmsearch
# Version:         3.4 (Aug 2023)
# Pipeline mode:   SEARCH
# Query file:      /home/genomika25/studenci/dmyboi/sequence_adnotation_cw3/busco_downloads/lineages/mycoplasmatales_odb12/hmms/7055at2085.hmm
# Target file:     /home/genomika25/studenci/dmyboi/sequence_adnotation_cw3/prokka_basic/prokka_basic.faa
# Option settings: hmmsearch --domtblout /home/genomika25/studenci/dmyboi/sequence_adnotation_cw3/busco_proteins/run_mycoplasmatales_odb12/hmmer_output/7055at2085.out --cpu 1 /home/genomika25/studenci/dmyboi/sequence_adnotation_cw3/busco_downloads/lineages/mycoplasmatales_odb12/hmms/7055at2085.hmm /home/genomika25/studenci/dmyboi/sequence_adnotation_cw3/prokka_basic/prokka_basic.faa 
# Current dir:     /home/genomika25/studenci/dmyboi/sequence_adnotation_cw3
# Date:            Tue Oct 28 11:30:31 2025
# [ok]
