#                                                                            --- full sequence --- -------------- this domain -------------   hmm coord   ali coord   env coord
# target name        accession   tlen query name           accession   qlen   E-value  score  bias   #  of  c-Evalue  i-Evalue  score  bias  from    to  from    to  from    to  acc description of target
#------------------- ---------- ----- -------------------- ---------- ----- --------- ------ ----- --- --- --------- --------- ------ ----- ----- ----- ----- ----- ----- ----- ---- ---------------------
MINDJIJG_00859       -            254 7172                 -            594    2e-144  478.3   7.0   1   1  1.5e-146  2.2e-144  478.2   7.0     1   254     1   254     1   254 1.00 Elongation factor 4
MINDJIJG_00857       -            254 7172                 -            594  8.7e-131  433.3   4.4   1   1  6.5e-133  9.9e-131  433.1   4.4   346   594     1   249     1   249 1.00 Elongation factor 4
MINDJIJG_00247       -            397 7172                 -            594   7.5e-23   76.9   0.2   1   1   6.5e-25   9.8e-23   76.5   0.2     8   260    14   285     7   312 0.80 Elongation factor Tu
MINDJIJG_01033       -            247 7172                 -            594   2.6e-19   65.2   2.7   1   1   5.4e-20   8.1e-18   60.3   2.7    10   146   119   240   116   245 0.91 Translation initiation factor IF-2
MINDJIJG_00858       -             41 7172                 -            594   3.3e-19   64.8   0.1   1   1   2.3e-21   3.5e-19   64.8   0.1   283   323     1    41     1    41 0.97 Elongation factor 4
MINDJIJG_00352       -            371 7172                 -            594   1.3e-14   49.6   0.2   1   1   2.3e-16   3.4e-14   48.3   0.2   166   376   131   350    97   361 0.75 Elongation factor G
MINDJIJG_00351       -            123 7172                 -            594   3.1e-07   25.3   0.0   1   1   2.1e-09   3.2e-07   25.3   0.0   390   466    44   120     2   123 0.76 Elongation factor G
MINDJIJG_00353       -             51 7172                 -            594   1.3e-05   19.9   0.1   1   1   8.6e-08   1.3e-05   19.9   0.1     5    37     9    41     5    51 0.83 Elongation factor G
#
# Program:         hmmsearch
# Version:         3.4 (Aug 2023)
# Pipeline mode:   SEARCH
# Query file:      /home/genomika25/studenci/dmyboi/sequence_adnotation_cw3/busco_downloads/lineages/mycoplasmatales_odb12/hmms/7172at2085.hmm
# Target file:     /home/genomika25/studenci/dmyboi/sequence_adnotation_cw3/prokka_basic/prokka_basic.faa
# Option settings: hmmsearch --domtblout /home/genomika25/studenci/dmyboi/sequence_adnotation_cw3/busco_proteins/run_mycoplasmatales_odb12/hmmer_output/7172at2085.out --cpu 1 /home/genomika25/studenci/dmyboi/sequence_adnotation_cw3/busco_downloads/lineages/mycoplasmatales_odb12/hmms/7172at2085.hmm /home/genomika25/studenci/dmyboi/sequence_adnotation_cw3/prokka_basic/prokka_basic.faa 
# Current dir:     /home/genomika25/studenci/dmyboi/sequence_adnotation_cw3
# Date:            Tue Oct 28 11:30:31 2025
# [ok]
