#                                                                            --- full sequence --- -------------- this domain -------------   hmm coord   ali coord   env coord
# target name        accession   tlen query name           accession   qlen   E-value  score  bias   #  of  c-Evalue  i-Evalue  score  bias  from    to  from    to  from    to  acc description of target
#------------------- ---------- ----- -------------------- ---------- ----- --------- ------ ----- --- --- --------- --------- ------ ----- ----- ----- ----- ----- ----- ----- ---- ---------------------
MINDJIJG_01115       -            149 7434                 -            254     2e-43  144.6   9.3   1   1   2.1e-45   2.8e-43  144.1   9.3     9   146     1   149     1   149 0.88 Ribosome biogenesis GTPase A
MINDJIJG_00100       -            251 7434                 -            254     5e-13   45.0  12.0   1   2   2.7e-13   3.6e-11   38.9   1.5    86   162    90   172    65   186 0.67 tRNA modification GTPase MnmE
MINDJIJG_00100       -            251 7434                 -            254     5e-13   45.0  12.0   2   2   2.7e-05    0.0037   12.6   1.1    19    80   189   250   180   251 0.80 tRNA modification GTPase MnmE
MINDJIJG_01114       -             71 7434                 -            254   1.1e-11   40.6   0.8   1   1   8.3e-14   1.1e-11   40.5   0.8   163   231     1    70     1    71 0.83 hypothetical protein
MINDJIJG_00688       -             47 7434                 -            254   4.2e-10   35.4   0.1   1   1   3.2e-12   4.3e-10   35.4   0.1   110   145     5    41     1    45 0.85 GTPase Der
MINDJIJG_00687       -            179 7434                 -            254   2.9e-09   32.6   1.5   1   2     2e-10   2.7e-08   29.5   0.2    99   162    50   118    34   133 0.74 GTPase Der
MINDJIJG_00687       -            179 7434                 -            254   2.9e-09   32.6   1.5   2   2     0.029       3.9    2.7   0.1    17    58   136   179   128   179 0.80 GTPase Der
MINDJIJG_00064       -            281 7434                 -            254   3.3e-08   29.2   0.7   1   3   2.5e-10   3.3e-08   29.2   0.7   108   161     4    62     1    77 0.79 GTPase Era
MINDJIJG_00064       -            281 7434                 -            254   3.3e-08   29.2   0.7   2   3       0.1        13    1.0   0.8    47    67   111   131    78   142 0.74 GTPase Era
MINDJIJG_00064       -            281 7434                 -            254   3.3e-08   29.2   0.7   3   3      0.65        87   -1.7   0.9    39    58   258   277   227   279 0.75 GTPase Era
MINDJIJG_01033       -            247 7434                 -            254   2.8e-06   22.9   4.3   1   2   8.5e-08   1.1e-05   20.9   0.1    97   160   104   171    47   177 0.84 Translation initiation factor IF-2
MINDJIJG_01033       -            247 7434                 -            254   2.8e-06   22.9   4.3   2   2     0.027       3.6    2.8   0.8    19    63   182   228   172   242 0.68 Translation initiation factor IF-2
MINDJIJG_01060       -            296 7434                 -            254   1.5e-05   20.5   0.0   1   3   1.1e-07   1.5e-05   20.5   0.0   108   142     2    36     1    48 0.87 Ribosome-binding ATPase YchF
MINDJIJG_01060       -            296 7434                 -            254   1.5e-05   20.5   0.0   2   3     0.042       5.7    2.2   1.1    46    99   106   157    94   182 0.68 Ribosome-binding ATPase YchF
MINDJIJG_01060       -            296 7434                 -            254   1.5e-05   20.5   0.0   3   3      0.28        37   -0.5   0.4   200   234   219   253   186   266 0.68 Ribosome-binding ATPase YchF
MINDJIJG_00263       -            283 7434                 -            254   8.5e-05   18.0   4.9   1   1   7.8e-06     0.001   14.4   4.9    23   161    72   210    60   217 0.60 Small ribosomal subunit biogenesis GTPase RsgA
#
# Program:         hmmsearch
# Version:         3.4 (Aug 2023)
# Pipeline mode:   SEARCH
# Query file:      /home/genomika25/studenci/dmyboi/sequence_adnotation_cw3/busco_downloads/lineages/mycoplasmatales_odb12/hmms/7434at2085.hmm
# Target file:     /home/genomika25/studenci/dmyboi/sequence_adnotation_cw3/prokka_basic/prokka_basic.faa
# Option settings: hmmsearch --domtblout /home/genomika25/studenci/dmyboi/sequence_adnotation_cw3/busco_proteins/run_mycoplasmatales_odb12/hmmer_output/7434at2085.out --cpu 1 /home/genomika25/studenci/dmyboi/sequence_adnotation_cw3/busco_downloads/lineages/mycoplasmatales_odb12/hmms/7434at2085.hmm /home/genomika25/studenci/dmyboi/sequence_adnotation_cw3/prokka_basic/prokka_basic.faa 
# Current dir:     /home/genomika25/studenci/dmyboi/sequence_adnotation_cw3
# Date:            Tue Oct 28 11:30:31 2025
# [ok]
