#                                                                            --- full sequence --- -------------- this domain -------------   hmm coord   ali coord   env coord
# target name        accession   tlen query name           accession   qlen   E-value  score  bias   #  of  c-Evalue  i-Evalue  score  bias  from    to  from    to  from    to  acc description of target
#------------------- ---------- ----- -------------------- ---------- ----- --------- ------ ----- --- --- --------- --------- ------ ----- ----- ----- ----- ----- ----- ----- ---- ---------------------
MINDJIJG_00380       -             84 7579                 -            520   8.9e-43  142.9   2.3   1   1   1.1e-44   9.9e-43  142.7   2.3     2    82     4    84     3    84 0.98 Methionine--tRNA ligase
MINDJIJG_00377       -            132 7579                 -            520   1.7e-42  141.9   6.6   1   1   2.1e-44   1.9e-42  141.8   6.6   309   439     1   132     1   132 0.99 Methionine--tRNA ligase
MINDJIJG_00379       -             62 7579                 -            520   2.2e-23   78.9   2.2   1   1   2.5e-25   2.3e-23   78.8   2.2   112   173     1    61     1    62 0.96 Methionine--tRNA ligase
MINDJIJG_00238       -             84 7579                 -            520   5.4e-15   51.2   0.0   1   1     6e-17   5.5e-15   51.2   0.0   289   353    11    75     3    84 0.90 Valine--tRNA ligase
MINDJIJG_00376       -             72 7579                 -            520   1.3e-12   43.3   0.6   1   1   1.5e-14   1.4e-12   43.2   0.6   450   519     3    69     1    70 0.97 hypothetical protein
MINDJIJG_00606       -             64 7579                 -            520   6.9e-11   37.7   0.0   1   1   8.4e-13   7.8e-11   37.5   0.0   289   334     6    52     2    59 0.90 Leucine--tRNA ligase
MINDJIJG_01085       -            180 7579                 -            520   1.2e-08   30.3   0.6   1   1   1.4e-10   1.3e-08   30.1   0.6     4   116     2   111     1   156 0.84 Cysteine--tRNA ligase
MINDJIJG_01082       -            174 7579                 -            520   2.2e-08   29.4   1.3   1   1   2.7e-10   2.5e-08   29.2   1.3   304   452     4   152     1   168 0.81 Arginine--tRNA ligase
MINDJIJG_00235       -             53 7579                 -            520   6.6e-08   27.8   0.0   1   1   7.2e-10   6.7e-08   27.8   0.0     4    44    12    52     9    53 0.85 Valine--tRNA ligase
MINDJIJG_00604       -             97 7579                 -            520   1.1e-06   23.8   0.2   1   1   1.6e-08   1.5e-06   23.4   0.1    14    45    62    93    49    97 0.91 Isoleucine--tRNA ligase
MINDJIJG_00609       -             40 7579                 -            520     2e-06   22.9   0.1   1   1   2.2e-08   2.1e-06   22.9   0.1    14    45     4    36     2    40 0.91 Leucine--tRNA ligase
MINDJIJG_01086       -            139 7579                 -            520   8.8e-05   17.5   8.6   1   2   2.9e-06   0.00027   15.9   8.0   304   354     3    52     1   106 0.72 hypothetical protein
MINDJIJG_01086       -            139 7579                 -            520   8.8e-05   17.5   8.6   2   2      0.19        17    0.0   1.8   322   366    63   112    47   134 0.58 hypothetical protein
MINDJIJG_00236       -             41 7579                 -            520    0.0009   14.2   0.0   1   1   9.7e-06    0.0009   14.2   0.0    90   122     5    37     1    39 0.82 hypothetical protein
#
# Program:         hmmsearch
# Version:         3.4 (Aug 2023)
# Pipeline mode:   SEARCH
# Query file:      /home/genomika25/studenci/dmyboi/sequence_adnotation_cw3/busco_downloads/lineages/mycoplasmatales_odb12/hmms/7579at2085.hmm
# Target file:     /home/genomika25/studenci/dmyboi/sequence_adnotation_cw3/prokka_basic/prokka_basic.faa
# Option settings: hmmsearch --domtblout /home/genomika25/studenci/dmyboi/sequence_adnotation_cw3/busco_proteins/run_mycoplasmatales_odb12/hmmer_output/7579at2085.out --cpu 1 /home/genomika25/studenci/dmyboi/sequence_adnotation_cw3/busco_downloads/lineages/mycoplasmatales_odb12/hmms/7579at2085.hmm /home/genomika25/studenci/dmyboi/sequence_adnotation_cw3/prokka_basic/prokka_basic.faa 
# Current dir:     /home/genomika25/studenci/dmyboi/sequence_adnotation_cw3
# Date:            Tue Oct 28 11:30:31 2025
# [ok]
