#                                                                            --- full sequence --- -------------- this domain -------------   hmm coord   ali coord   env coord
# target name        accession   tlen query name           accession   qlen   E-value  score  bias   #  of  c-Evalue  i-Evalue  score  bias  from    to  from    to  from    to  acc description of target
#------------------- ---------- ----- -------------------- ---------- ----- --------- ------ ----- --- --- --------- --------- ------ ----- ----- ----- ----- ----- ----- ----- ---- ---------------------
MINDJIJG_00853       -            273 7633                 -            492  8.2e-127  420.0   3.4   1   1    6e-129  9.1e-127  419.9   3.4     1   274     1   273     1   273 0.99 Lysine--tRNA ligase
MINDJIJG_00852       -            165 7633                 -            492   8.5e-73  241.9   9.2   1   1   6.3e-75   9.5e-73  241.7   9.2   278   444     1   165     1   165 1.00 Lysine--tRNA ligase
MINDJIJG_00851       -             37 7633                 -            492   8.6e-19   63.7   0.2   1   1   5.9e-21     9e-19   63.7   0.2   455   490     1    36     1    37 0.97 Lysine--tRNA ligase
MINDJIJG_00639       -            203 7633                 -            492   4.3e-18   61.4   0.2   1   1   3.1e-20   4.7e-18   61.3   0.2   120   283    37   202    17   203 0.79 Aspartate--tRNA ligase
MINDJIJG_00641       -            156 7633                 -            492   1.8e-13   46.2   0.0   1   1   1.4e-15   2.1e-13   46.0   0.0   447   486    85   124    29   129 0.82 Aspartate--tRNA ligase
MINDJIJG_00081       -            181 7633                 -            492   4.7e-05   18.4   0.0   1   1   3.1e-07   4.7e-05   18.4   0.0   169   262    84   181     8   181 0.87 Asparagine--tRNA ligase
MINDJIJG_00411       -            145 7633                 -            492     0.002   13.1   0.0   1   1   1.7e-05    0.0026   12.7   0.0   243   290    69   117    65   140 0.76 Phenylalanine--tRNA ligase alpha subunit
MINDJIJG_00795       -             87 7633                 -            492    0.0082   11.1   0.0   1   1   6.4e-05    0.0097   10.8   0.0   430   481    32    83    25    85 0.92 Aspartate--ammonia ligase
#
# Program:         hmmsearch
# Version:         3.4 (Aug 2023)
# Pipeline mode:   SEARCH
# Query file:      /home/genomika25/studenci/dmyboi/sequence_adnotation_cw3/busco_downloads/lineages/mycoplasmatales_odb12/hmms/7633at2085.hmm
# Target file:     /home/genomika25/studenci/dmyboi/sequence_adnotation_cw3/prokka_basic/prokka_basic.faa
# Option settings: hmmsearch --domtblout /home/genomika25/studenci/dmyboi/sequence_adnotation_cw3/busco_proteins/run_mycoplasmatales_odb12/hmmer_output/7633at2085.out --cpu 1 /home/genomika25/studenci/dmyboi/sequence_adnotation_cw3/busco_downloads/lineages/mycoplasmatales_odb12/hmms/7633at2085.hmm /home/genomika25/studenci/dmyboi/sequence_adnotation_cw3/prokka_basic/prokka_basic.faa 
# Current dir:     /home/genomika25/studenci/dmyboi/sequence_adnotation_cw3
# Date:            Tue Oct 28 11:30:31 2025
# [ok]
