#                                                                            --- full sequence --- -------------- this domain -------------   hmm coord   ali coord   env coord
# target name        accession   tlen query name           accession   qlen   E-value  score  bias   #  of  c-Evalue  i-Evalue  score  bias  from    to  from    to  from    to  acc description of target
#------------------- ---------- ----- -------------------- ---------- ----- --------- ------ ----- --- --- --------- --------- ------ ----- ----- ----- ----- ----- ----- ----- ---- ---------------------
MINDJIJG_00994       -             94 7744                 -            180   9.4e-23   77.1   6.6   1   1   7.5e-25     1e-22   77.0   6.6    89   178     1    92     1    94 0.93 GTP-binding protein EngB
MINDJIJG_00064       -            281 7744                 -            180     6e-12   41.9   3.8   1   2   4.5e-14     6e-12   41.9   3.8    20   164     5   151     1   167 0.71 GTPase Era
MINDJIJG_00064       -            281 7744                 -            180     6e-12   41.9   3.8   2   2       2.6   3.5e+02   -2.9   0.3   133   144   243   254   215   274 0.47 GTPase Era
MINDJIJG_00687       -            179 7744                 -            180   3.3e-09   33.0   0.7   1   2      0.16        21    1.0   0.0   138   178     5    45     2    48 0.81 GTPase Der
MINDJIJG_00687       -            179 7744                 -            180   3.3e-09   33.0   0.7   2   2   3.8e-10   5.1e-08   29.1   0.9    20    55    60    95    50   179 0.70 GTPase Der
MINDJIJG_01115       -            149 7744                 -            180   4.9e-09   32.4   6.5   1   2    0.0023      0.31    7.0   1.4   103   155    18    69     1    92 0.61 Ribosome biogenesis GTPase A
MINDJIJG_01115       -            149 7744                 -            180   4.9e-09   32.4   6.5   2   2   6.3e-10   8.4e-08   28.4   0.4    18    55   109   146    91   148 0.81 Ribosome biogenesis GTPase A
MINDJIJG_00688       -             47 7744                 -            180   4.2e-08   29.4   0.0   1   1   3.1e-10   4.2e-08   29.4   0.0    19    55     3    39     1    45 0.91 GTPase Der
MINDJIJG_00100       -            251 7744                 -            180   3.5e-07   26.3   6.0   1   2      0.46        62   -0.5   2.5    80   137    46   104    13   112 0.66 tRNA modification GTPase MnmE
MINDJIJG_00100       -            251 7744                 -            180   3.5e-07   26.3   6.0   2   2   2.6e-09   3.5e-07   26.3   6.0    14   153   108   245    97   251 0.62 tRNA modification GTPase MnmE
MINDJIJG_00859       -            254 7744                 -            180   9.3e-05   18.5   0.4   1   1   2.2e-06   0.00029   16.9   0.4   102   178    94   173    83   175 0.80 Elongation factor 4
MINDJIJG_00263       -            283 7744                 -            180    0.0001   18.3   4.7   1   3     0.059       7.9    2.4   0.4   118   150    93   125    60   149 0.78 Small ribosomal subunit biogenesis GTPase RsgA
MINDJIJG_00263       -            283 7744                 -            180    0.0001   18.3   4.7   2   3   1.3e-06   0.00018   17.6   0.1    19    73   150   210   145   219 0.77 Small ribosomal subunit biogenesis GTPase RsgA
MINDJIJG_00263       -            283 7744                 -            180    0.0001   18.3   4.7   3   3       2.9   3.9e+02   -3.1   0.0     4    26   238   261   232   279 0.50 Small ribosomal subunit biogenesis GTPase RsgA
MINDJIJG_00811       -             76 7744                 -            180   0.00031   16.8   0.1   1   1   2.4e-06   0.00032   16.7   0.1    13    46    25    58    11    73 0.80 putative ABC transporter ATP-binding protein
#
# Program:         hmmsearch
# Version:         3.4 (Aug 2023)
# Pipeline mode:   SEARCH
# Query file:      /home/genomika25/studenci/dmyboi/sequence_adnotation_cw3/busco_downloads/lineages/mycoplasmatales_odb12/hmms/7744at2085.hmm
# Target file:     /home/genomika25/studenci/dmyboi/sequence_adnotation_cw3/prokka_basic/prokka_basic.faa
# Option settings: hmmsearch --domtblout /home/genomika25/studenci/dmyboi/sequence_adnotation_cw3/busco_proteins/run_mycoplasmatales_odb12/hmmer_output/7744at2085.out --cpu 1 /home/genomika25/studenci/dmyboi/sequence_adnotation_cw3/busco_downloads/lineages/mycoplasmatales_odb12/hmms/7744at2085.hmm /home/genomika25/studenci/dmyboi/sequence_adnotation_cw3/prokka_basic/prokka_basic.faa 
# Current dir:     /home/genomika25/studenci/dmyboi/sequence_adnotation_cw3
# Date:            Tue Oct 28 11:30:32 2025
# [ok]
