#                                                                            --- full sequence --- -------------- this domain -------------   hmm coord   ali coord   env coord
# target name        accession   tlen query name           accession   qlen   E-value  score  bias   #  of  c-Evalue  i-Evalue  score  bias  from    to  from    to  from    to  acc description of target
#------------------- ---------- ----- -------------------- ---------- ----- --------- ------ ----- --- --- --------- --------- ------ ----- ----- ----- ----- ----- ----- ----- ---- ---------------------
MINDJIJG_01085       -            180 7784                 -            390   6.9e-78  258.8   1.4   1   1   4.4e-80   7.6e-78  258.7   1.4     2   175     2   180     1   180 0.95 Cysteine--tRNA ligase
MINDJIJG_01086       -            139 7784                 -            390   4.2e-25   85.1   9.7   1   1   2.6e-27   4.6e-25   84.9   9.7   231   363     1   138     1   139 0.87 hypothetical protein
MINDJIJG_00238       -             84 7784                 -            390   4.6e-08   28.9   0.0   1   1   2.7e-10   4.7e-08   28.9   0.0   232   289    25    83     6    84 0.85 Valine--tRNA ligase
MINDJIJG_00606       -             64 7784                 -            390   2.3e-07   26.6   0.0   1   1   1.4e-09   2.4e-07   26.6   0.0   226   262    14    51     3    58 0.82 Leucine--tRNA ligase
MINDJIJG_00377       -            132 7784                 -            390   1.3e-05   20.9   1.2   1   1   1.1e-07   1.9e-05   20.3   1.2   238   338     1   102     1   127 0.70 Methionine--tRNA ligase
MINDJIJG_00380       -             84 7784                 -            390   3.6e-05   19.4   0.3   1   1   2.2e-07   3.8e-05   19.4   0.3     3    77     7    83     5    84 0.89 Methionine--tRNA ligase
MINDJIJG_01082       -            174 7784                 -            390   0.00013   17.6   0.4   1   1   9.3e-07   0.00016   17.3   0.4   234   321     5    93     2   147 0.68 Arginine--tRNA ligase
#
# Program:         hmmsearch
# Version:         3.4 (Aug 2023)
# Pipeline mode:   SEARCH
# Query file:      /home/genomika25/studenci/dmyboi/sequence_adnotation_cw3/busco_downloads/lineages/mycoplasmatales_odb12/hmms/7784at2085.hmm
# Target file:     /home/genomika25/studenci/dmyboi/sequence_adnotation_cw3/prokka_basic/prokka_basic.faa
# Option settings: hmmsearch --domtblout /home/genomika25/studenci/dmyboi/sequence_adnotation_cw3/busco_proteins/run_mycoplasmatales_odb12/hmmer_output/7784at2085.out --cpu 1 /home/genomika25/studenci/dmyboi/sequence_adnotation_cw3/busco_downloads/lineages/mycoplasmatales_odb12/hmms/7784at2085.hmm /home/genomika25/studenci/dmyboi/sequence_adnotation_cw3/prokka_basic/prokka_basic.faa 
# Current dir:     /home/genomika25/studenci/dmyboi/sequence_adnotation_cw3
# Date:            Tue Oct 28 11:30:32 2025
# [ok]
