#                                                                            --- full sequence --- -------------- this domain -------------   hmm coord   ali coord   env coord
# target name        accession   tlen query name           accession   qlen   E-value  score  bias   #  of  c-Evalue  i-Evalue  score  bias  from    to  from    to  from    to  acc description of target
#------------------- ---------- ----- -------------------- ---------- ----- --------- ------ ----- --- --- --------- --------- ------ ----- ----- ----- ----- ----- ----- ----- ---- ---------------------
MINDJIJG_00174       -            403 7787                 -            657    0.0054   11.5  12.1   1   1   7.8e-05    0.0072   11.1  12.1   458   637   200   388   149   400 0.39 Chaperone protein ClpB
MINDJIJG_00538       -            106 7787                 -            657     0.071    7.8  15.2   1   1   0.00085     0.079    7.6  15.2   536   613    12    86     2   104 0.58 hypothetical protein
MINDJIJG_00863       -            262 7787                 -            657      0.21    6.2  26.2   1   1    0.0029      0.27    5.9  26.2   490   640    30   180     2   196 0.63 Protein GrpE
MINDJIJG_00267       -            159 7787                 -            657      0.27    5.9  17.0   1   1    0.0035      0.32    5.6  17.0   506   644    14   145     2   158 0.37 hypothetical protein
MINDJIJG_01035       -            268 7787                 -            657      0.49    5.0  14.3   1   1    0.0059      0.55    4.9  14.3   486   644    91   249    10   258 0.52 Transcription termination/antitermination protein NusA
MINDJIJG_00281       -            277 7787                 -            657       1.3    3.6  19.3   1   1     0.015       1.4    3.5  19.3   430   616   145   261    76   277 0.35 Chaperone protein DnaK
MINDJIJG_00321       -             79 7787                 -            657       2.2    2.8  15.0   1   1     0.025       2.4    2.8  15.0   549   623     3    78     1    79 0.64 hypothetical protein
MINDJIJG_00543       -            181 7787                 -            657       2.9    2.5  33.6   1   1     0.036       3.4    2.3  33.6   485   647     8   174     1   180 0.38 hypothetical protein
MINDJIJG_01166       -            205 7787                 -            657       3.3    2.3  22.0   1   1     0.083       7.7    1.1  22.1   470   643    38   156    24   204 0.25 hypothetical protein
MINDJIJG_01153       -            196 7787                 -            657       3.5    2.2  12.8   1   1     0.045       4.1    2.0  12.8   423   575    10   178     2   195 0.49 hypothetical protein
MINDJIJG_00266       -            179 7787                 -            657       4.7    1.8  33.0   1   2     0.012       1.1    3.9   0.1    25    51     3    29     1    39 0.87 hypothetical protein
MINDJIJG_00266       -            179 7787                 -            657       4.7    1.8  33.0   2   2      0.08       7.5    1.1  28.4   509   640    39   166    28   179 0.50 hypothetical protein
MINDJIJG_00035       -            310 7787                 -            657       6.3    1.4  43.6   1   1     0.076         7    1.2  42.9   428   651    36   267    19   276 0.53 hypothetical protein
MINDJIJG_00539       -            150 7787                 -            657       8.1    1.0  15.1   1   1     0.098       9.1    0.8  15.1   438   555    18   127     4   150 0.23 hypothetical protein
#
# Program:         hmmsearch
# Version:         3.4 (Aug 2023)
# Pipeline mode:   SEARCH
# Query file:      /home/genomika25/studenci/dmyboi/sequence_adnotation_cw3/busco_downloads/lineages/mycoplasmatales_odb12/hmms/7787at2085.hmm
# Target file:     /home/genomika25/studenci/dmyboi/sequence_adnotation_cw3/prokka_basic/prokka_basic.faa
# Option settings: hmmsearch --domtblout /home/genomika25/studenci/dmyboi/sequence_adnotation_cw3/busco_proteins/run_mycoplasmatales_odb12/hmmer_output/7787at2085.out --cpu 1 /home/genomika25/studenci/dmyboi/sequence_adnotation_cw3/busco_downloads/lineages/mycoplasmatales_odb12/hmms/7787at2085.hmm /home/genomika25/studenci/dmyboi/sequence_adnotation_cw3/prokka_basic/prokka_basic.faa 
# Current dir:     /home/genomika25/studenci/dmyboi/sequence_adnotation_cw3
# Date:            Tue Oct 28 11:30:32 2025
# [ok]
