#                                                                            --- full sequence --- -------------- this domain -------------   hmm coord   ali coord   env coord
# target name        accession   tlen query name           accession   qlen   E-value  score  bias   #  of  c-Evalue  i-Evalue  score  bias  from    to  from    to  from    to  acc description of target
#------------------- ---------- ----- -------------------- ---------- ----- --------- ------ ----- --- --- --------- --------- ------ ----- ----- ----- ----- ----- ----- ----- ---- ---------------------
MINDJIJG_00069       -            119 7796                 -            434   3.8e-67  223.1   1.0   1   1     1e-68   4.1e-67  223.0   1.0   201   319     1   119     1   119 0.99 Spermidine/putrescine import ATP-binding protein PotA
MINDJIJG_00653       -            265 7796                 -            434   2.3e-43  144.7   5.8   1   2   2.2e-19   8.9e-18   60.4   0.9     5   120     1   121     1   123 0.90 Energy-coupling factor transporter ATP-binding protein EcfA1
MINDJIJG_00653       -            265 7796                 -            434   2.3e-43  144.7   5.8   2   2     4e-29   1.6e-27   92.5   0.7   196   316   108   227   105   242 0.94 Energy-coupling factor transporter ATP-binding protein EcfA1
MINDJIJG_00915       -            314 7796                 -            434   4.2e-37  124.1   6.1   1   3       3.5   1.4e+02   -2.9   1.6   347   360    18    31     2    80 0.51 Vitamin B12 import ATP-binding protein BtuD
MINDJIJG_00915       -            314 7796                 -            434   4.2e-37  124.1   6.1   2   3   6.7e-24   2.7e-22   75.3   1.3     2   113    86   207    85   216 0.83 Vitamin B12 import ATP-binding protein BtuD
MINDJIJG_00915       -            314 7796                 -            434   4.2e-37  124.1   6.1   3   3     7e-19   2.8e-17   58.7   0.2   205   306   208   308   205   313 0.94 Vitamin B12 import ATP-binding protein BtuD
MINDJIJG_00934       -            132 7796                 -            434     2e-34  115.2   0.0   1   1   6.2e-36   2.5e-34  114.9   0.0     5   103    30   128    26   132 0.96 Putative ABC transporter ATP-binding protein MG187 
MINDJIJG_00051       -            281 7796                 -            434   1.4e-33  112.5  10.4   1   2   1.5e-14   5.9e-13   44.5   2.0     3    96    43   141    41   154 0.81 Osmoprotectant import ATP-binding protein OsmV
MINDJIJG_00051       -            281 7796                 -            434   1.4e-33  112.5  10.4   2   2   2.7e-23   1.1e-21   73.3   1.5   198   304   152   258   144   269 0.94 Osmoprotectant import ATP-binding protein OsmV
MINDJIJG_00068       -             65 7796                 -            434   6.9e-27   90.4   0.5   1   1   1.9e-28   7.8e-27   90.3   0.5     2    55    12    65    11    65 0.98 Spermidine/putrescine import ATP-binding protein PotA
MINDJIJG_00286       -            234 7796                 -            434   3.5e-26   88.1   2.5   1   2   8.8e-13   3.5e-11   38.7   0.9     2    90     2    89     1   100 0.85 putative ABC transporter ATP-binding protein YxlF
MINDJIJG_00286       -            234 7796                 -            434   3.5e-26   88.1   2.5   2   2   4.5e-16   1.8e-14   49.5   0.0   192   304   103   214    91   230 0.89 putative ABC transporter ATP-binding protein YxlF
MINDJIJG_01027       -            179 7796                 -            434   3.7e-25   84.7   0.1   1   1   1.1e-26   4.3e-25   84.5   0.1   205   324     6   126     2   160 0.90 Vitamin B12 import ATP-binding protein BtuD
MINDJIJG_00510       -            300 7796                 -            434   2.9e-23   78.5   4.6   1   2   7.7e-11   3.1e-09   32.3   0.1    17    90    69   144    52   184 0.84 putative multidrug resistance ABC transporter ATP-binding/permease protein YheI
MINDJIJG_00510       -            300 7796                 -            434   2.9e-23   78.5   4.6   2   2   1.8e-15   7.1e-14   47.6   1.2   219   310   188   278   177   283 0.90 putative multidrug resistance ABC transporter ATP-binding/permease protein YheI
MINDJIJG_01023       -            111 7796                 -            434     2e-20   69.1   0.0   1   1   5.6e-22   2.2e-20   69.0   0.0   221   318    11   108     5   111 0.97 Oligopeptide transport ATP-binding protein OppD
MINDJIJG_00833       -            337 7796                 -            434   4.7e-20   67.9   2.8   1   2   2.6e-08     1e-06   23.9   0.3    18   101   113   197    93   225 0.82 putative multidrug resistance ABC transporter ATP-binding/permease protein YheI
MINDJIJG_00833       -            337 7796                 -            434   4.7e-20   67.9   2.8   2   2   1.6e-14   6.4e-13   44.4   0.2   222   312   234   320   222   327 0.86 putative multidrug resistance ABC transporter ATP-binding/permease protein YheI
MINDJIJG_00830       -            334 7796                 -            434   9.4e-20   66.9   6.3   1   2   1.3e-12   5.4e-11   38.0   0.2    18   120   108   210    93   227 0.80 putative ABC transporter ATP-binding protein
MINDJIJG_00830       -            334 7796                 -            434   9.4e-20   66.9   6.3   2   2   9.9e-11     4e-09   31.9   1.7   215   313   222   318   208   324 0.87 putative ABC transporter ATP-binding protein
MINDJIJG_00655       -            124 7796                 -            434   3.3e-19   65.1   0.0   1   1   9.3e-21   3.8e-19   64.9   0.0   195   290    29   124     4   124 0.92 Energy-coupling factor transporter ATP-binding protein EcfA2
MINDJIJG_00070       -             80 7796                 -            434   8.9e-17   57.1   0.8   1   1   2.3e-18   9.3e-17   57.1   0.8   346   420     3    80     1    80 0.87 hypothetical protein
MINDJIJG_00932       -            154 7796                 -            434     9e-17   57.1   0.5   1   1   2.4e-18   9.8e-17   57.0   0.5   290   432     2   149     1   151 0.78 Putative ABC transporter ATP-binding protein MG187 
MINDJIJG_00933       -            324 7796                 -            434   1.2e-15   53.4  16.7   1   2       6.3   2.5e+02   -3.7   5.3   142   202    22    85     7   119 0.50 hypothetical protein
MINDJIJG_00933       -            324 7796                 -            434   1.2e-15   53.4  16.7   2   2   2.9e-17   1.2e-15   53.4  16.7   110   261   162   320   114   324 0.69 hypothetical protein
MINDJIJG_00654       -             99 7796                 -            434   7.5e-14   47.5   0.4   1   1     2e-15     8e-14   47.4   0.4     6    71     3    73     1    91 0.85 Lipoprotein-releasing system ATP-binding protein LolD
MINDJIJG_00811       -             76 7796                 -            434     3e-13   45.5   0.4   1   1   7.4e-15     3e-13   45.5   0.4     6    71     4    71     1    76 0.89 putative ABC transporter ATP-binding protein
MINDJIJG_00962       -            681 7796                 -            434   1.8e-12   43.0   7.5   1   3   3.7e-08   1.5e-06   23.4   0.8   198   296   203   301   186   310 0.80 UvrABC system protein A
MINDJIJG_00962       -            681 7796                 -            434   1.8e-12   43.0   7.5   2   3   0.00066     0.027    9.4   0.3    20    48   364   392   353   403 0.87 UvrABC system protein A
MINDJIJG_00962       -            681 7796                 -            434   1.8e-12   43.0   7.5   3   3   7.6e-05    0.0031   12.5   0.0   196   270   542   619   530   667 0.76 UvrABC system protein A
MINDJIJG_00512       -            353 7796                 -            434   3.2e-11   38.8   0.2   1   1   1.3e-12   5.2e-11   38.1   0.2     6    68   280   345   276   352 0.88 putative ABC transporter ATP-binding protein
MINDJIJG_00513       -            162 7796                 -            434   1.7e-10   36.4   0.2   1   1   4.9e-12     2e-10   36.2   0.2   213   312    46   142    13   147 0.82 putative ABC transporter ATP-binding protein
MINDJIJG_01025       -            138 7796                 -            434   9.8e-10   33.9   1.0   1   1   2.7e-11   1.1e-09   33.8   1.0     2   113     9   133     8   138 0.64 Oligopeptide transport ATP-binding protein OppF
MINDJIJG_00898       -            128 7796                 -            434   5.6e-09   31.4   1.2   1   1   2.3e-10   9.4e-09   30.7   1.2     7    86     3    79     1   123 0.74 putative ABC transporter ATP-binding protein YbiT
MINDJIJG_01022       -            124 7796                 -            434   2.1e-06   23.0   0.4   1   2       6.6   2.6e+02   -3.8   0.1   152   162    14    24     4    34 0.42 hypothetical protein
MINDJIJG_01022       -            124 7796                 -            434   2.1e-06   23.0   0.4   2   2   5.1e-08   2.1e-06   23.0   0.4     2    55    41    99    40   123 0.67 hypothetical protein
MINDJIJG_00899       -             42 7796                 -            434   1.6e-05   20.0   0.0   1   1   3.9e-07   1.6e-05   20.0   0.0   222   258     3    39     1    42 0.91 putative ABC transporter ATP-binding protein YbiT
MINDJIJG_00812       -             91 7796                 -            434   2.2e-05   19.6   1.6   1   1     6e-07   2.4e-05   19.4   1.6   240   313     8    81     3    88 0.91 Petrobactin import ATP-binding protein FatE
MINDJIJG_00901       -            129 7796                 -            434   0.00011   17.3   0.1   1   2      0.27        11    0.8   0.7   130   167     4    41     1    63 0.53 putative ABC transporter ATP-binding protein YbiT
MINDJIJG_00901       -            129 7796                 -            434   0.00011   17.3   0.1   2   2   2.7e-06   0.00011   17.3   0.1     3    62    68   128    66   129 0.89 putative ABC transporter ATP-binding protein YbiT
MINDJIJG_00902       -            112 7796                 -            434   0.00024   16.1   0.0   1   1   7.1e-06   0.00029   15.9   0.0   220   271    17    68     9    80 0.86 putative ABC transporter ATP-binding protein YbiT
MINDJIJG_00963       -            200 7796                 -            434   0.00037   15.5   0.1   1   1   1.5e-05    0.0006   14.8   0.1    20    46    14    40     6    46 0.91 UvrABC system protein A
MINDJIJG_00476       -            101 7796                 -            434    0.0029   12.6   0.1   1   1   9.3e-05    0.0037   12.2   0.1    29    51     2    24     1    34 0.87 Thymidylate kinase
#
# Program:         hmmsearch
# Version:         3.4 (Aug 2023)
# Pipeline mode:   SEARCH
# Query file:      /home/genomika25/studenci/dmyboi/sequence_adnotation_cw3/busco_downloads/lineages/mycoplasmatales_odb12/hmms/7796at2085.hmm
# Target file:     /home/genomika25/studenci/dmyboi/sequence_adnotation_cw3/prokka_basic/prokka_basic.faa
# Option settings: hmmsearch --domtblout /home/genomika25/studenci/dmyboi/sequence_adnotation_cw3/busco_proteins/run_mycoplasmatales_odb12/hmmer_output/7796at2085.out --cpu 1 /home/genomika25/studenci/dmyboi/sequence_adnotation_cw3/busco_downloads/lineages/mycoplasmatales_odb12/hmms/7796at2085.hmm /home/genomika25/studenci/dmyboi/sequence_adnotation_cw3/prokka_basic/prokka_basic.faa 
# Current dir:     /home/genomika25/studenci/dmyboi/sequence_adnotation_cw3
# Date:            Tue Oct 28 11:30:32 2025
# [ok]
