#                                                                            --- full sequence --- -------------- this domain -------------   hmm coord   ali coord   env coord
# target name        accession   tlen query name           accession   qlen   E-value  score  bias   #  of  c-Evalue  i-Evalue  score  bias  from    to  from    to  from    to  acc description of target
#------------------- ---------- ----- -------------------- ---------- ----- --------- ------ ----- --- --- --------- --------- ------ ----- ----- ----- ----- ----- ----- ----- ---- ---------------------
MINDJIJG_00141       -            309 7813                 -            396   3.2e-74  246.2  19.9   1   2    0.0015       0.3    5.9   1.2    42   112    18    88    11    91 0.83 Chromosomal replication initiator protein DnaA
MINDJIJG_00141       -            309 7813                 -            396   3.2e-74  246.2  19.9   2   2   2.6e-76   5.3e-74  245.5  11.6    49   253    93   305    89   308 0.96 Chromosomal replication initiator protein DnaA
MINDJIJG_00142       -             76 7813                 -            396   2.4e-24   82.0   1.8   1   1   1.2e-26   2.5e-24   81.9   1.8   303   375     2    76     1    76 0.95 Chromosomal replication initiator protein DnaA
MINDJIJG_00108       -            130 7813                 -            396   3.2e-06   22.3   3.3   1   1     2e-08     4e-06   22.0   3.3    51   154    25   128     4   130 0.84 Signal recognition particle receptor FtsY
MINDJIJG_00414       -            242 7813                 -            396     2e-05   19.7   9.7   1   1   4.5e-06    0.0009   14.3   9.7    99   307    27   215    14   222 0.80 Replication-associated recombination protein A
MINDJIJG_00471       -            294 7813                 -            396   7.7e-05   17.8   5.1   1   3     0.098        20   -0.0   0.2    95   130    29    65    22    72 0.68 DNA polymerase III subunit tau
MINDJIJG_00471       -            294 7813                 -            396   7.7e-05   17.8   5.1   2   3     0.012       2.3    3.0   1.2   235   298    70   133    59   153 0.83 DNA polymerase III subunit tau
MINDJIJG_00471       -            294 7813                 -            396   7.7e-05   17.8   5.1   3   3   3.8e-07   7.7e-05   17.8   5.1   217   303   165   248   120   273 0.76 DNA polymerase III subunit tau
MINDJIJG_00934       -            132 7813                 -            396    0.0027   12.7   0.0   1   1   1.5e-05    0.0029   12.6   0.0    68   140    18    89     1   102 0.72 Putative ABC transporter ATP-binding protein MG187 
#
# Program:         hmmsearch
# Version:         3.4 (Aug 2023)
# Pipeline mode:   SEARCH
# Query file:      /home/genomika25/studenci/dmyboi/sequence_adnotation_cw3/busco_downloads/lineages/mycoplasmatales_odb12/hmms/7813at2085.hmm
# Target file:     /home/genomika25/studenci/dmyboi/sequence_adnotation_cw3/prokka_basic/prokka_basic.faa
# Option settings: hmmsearch --domtblout /home/genomika25/studenci/dmyboi/sequence_adnotation_cw3/busco_proteins/run_mycoplasmatales_odb12/hmmer_output/7813at2085.out --cpu 1 /home/genomika25/studenci/dmyboi/sequence_adnotation_cw3/busco_downloads/lineages/mycoplasmatales_odb12/hmms/7813at2085.hmm /home/genomika25/studenci/dmyboi/sequence_adnotation_cw3/prokka_basic/prokka_basic.faa 
# Current dir:     /home/genomika25/studenci/dmyboi/sequence_adnotation_cw3
# Date:            Tue Oct 28 11:30:32 2025
# [ok]
