#                                                                            --- full sequence --- -------------- this domain -------------   hmm coord   ali coord   env coord
# target name        accession   tlen query name           accession   qlen   E-value  score  bias   #  of  c-Evalue  i-Evalue  score  bias  from    to  from    to  from    to  acc description of target
#------------------- ---------- ----- -------------------- ---------- ----- --------- ------ ----- --- --- --------- --------- ------ ----- ----- ----- ----- ----- ----- ----- ---- ---------------------
MINDJIJG_00006       -            150 7831                 -            475   1.1e-47  159.0   1.1   1   1     6e-50   1.2e-47  158.9   1.1   271   417     1   148     1   150 0.97 Proline--tRNA ligase
MINDJIJG_00008       -             83 7831                 -            475   1.1e-40  136.0   0.3   1   1   5.7e-43   1.2e-40  135.9   0.3    54   136     1    83     1    83 0.99 Proline--tRNA ligase
MINDJIJG_00007       -             81 7831                 -            475   3.8e-38  127.6   0.2   1   1     2e-40   4.1e-38  127.5   0.2   178   258     1    81     1    81 0.99 Proline--tRNA ligase
MINDJIJG_00781       -            172 7831                 -            475   6.7e-12   41.0   0.1   1   1   3.7e-14   7.5e-12   40.8   0.1   281   380    72   168    46   172 0.90 Glycine--tRNA ligase
MINDJIJG_00005       -             40 7831                 -            475   1.7e-06   23.2   0.0   1   1   8.5e-09   1.7e-06   23.2   0.0   422   458     2    39     1    40 0.82 hypothetical protein
MINDJIJG_00488       -            122 7831                 -            475    0.0032   12.4   0.0   1   2   0.00036     0.072    7.9   0.0   103   145     9    51     5    54 0.87 Threonine--tRNA ligase 1
MINDJIJG_00488       -            122 7831                 -            475    0.0032   12.4   0.0   2   2     0.014       2.8    2.7   0.0   101   155    65   121    54   122 0.81 Threonine--tRNA ligase 1
#
# Program:         hmmsearch
# Version:         3.4 (Aug 2023)
# Pipeline mode:   SEARCH
# Query file:      /home/genomika25/studenci/dmyboi/sequence_adnotation_cw3/busco_downloads/lineages/mycoplasmatales_odb12/hmms/7831at2085.hmm
# Target file:     /home/genomika25/studenci/dmyboi/sequence_adnotation_cw3/prokka_basic/prokka_basic.faa
# Option settings: hmmsearch --domtblout /home/genomika25/studenci/dmyboi/sequence_adnotation_cw3/busco_proteins/run_mycoplasmatales_odb12/hmmer_output/7831at2085.out --cpu 1 /home/genomika25/studenci/dmyboi/sequence_adnotation_cw3/busco_downloads/lineages/mycoplasmatales_odb12/hmms/7831at2085.hmm /home/genomika25/studenci/dmyboi/sequence_adnotation_cw3/prokka_basic/prokka_basic.faa 
# Current dir:     /home/genomika25/studenci/dmyboi/sequence_adnotation_cw3
# Date:            Tue Oct 28 11:30:32 2025
# [ok]
