#                                                                            --- full sequence --- -------------- this domain -------------   hmm coord   ali coord   env coord
# target name        accession   tlen query name           accession   qlen   E-value  score  bias   #  of  c-Evalue  i-Evalue  score  bias  from    to  from    to  from    to  acc description of target
#------------------- ---------- ----- -------------------- ---------- ----- --------- ------ ----- --- --- --------- --------- ------ ----- ----- ----- ----- ----- ----- ----- ---- ---------------------
MINDJIJG_00632       -            317 8077                 -            316  6.9e-134  442.2  18.9   1   1  4.5e-136  7.7e-134  442.0  18.9     2   315     2   315     1   316 0.99 Holliday junction ATP-dependent DNA helicase RuvB
MINDJIJG_00414       -            242 8077                 -            316     1e-20   70.3   4.0   1   2   1.6e-19   2.7e-17   59.1   1.4     4   120     8   115     5   122 0.90 Replication-associated recombination protein A
MINDJIJG_00414       -            242 8077                 -            316     1e-20   70.3   4.0   2   2   1.4e-05    0.0024   13.3   0.1   141   259   115   233   111   239 0.82 Replication-associated recombination protein A
MINDJIJG_00471       -            294 8077                 -            316   4.7e-12   41.9  11.9   1   1   2.9e-12   4.9e-10   35.3  11.9     4   240    13   251    11   291 0.74 DNA polymerase III subunit tau
MINDJIJG_00860       -            495 8077                 -            316   3.1e-07   26.1   1.3   1   1     1e-08   1.8e-06   23.6   1.3    37   178    65   222    38   300 0.73 Lon protease 1
MINDJIJG_00173       -            294 8077                 -            316   4.6e-06   22.3   2.3   1   3   1.5e-06   0.00025   16.5   0.0    15    61    11    61     3    82 0.77 Chaperone protein ClpB
MINDJIJG_00173       -            294 8077                 -            316   4.6e-06   22.3   2.3   2   3    0.0052      0.89    4.9   0.2    90   128   111   149   100   170 0.81 Chaperone protein ClpB
MINDJIJG_00173       -            294 8077                 -            316   4.6e-06   22.3   2.3   3   3      0.58        99   -1.9   0.1   184   200   227   243   202   285 0.53 Chaperone protein ClpB
MINDJIJG_00025       -            433 8077                 -            316   1.5e-05   20.6   0.0   1   2   2.7e-07   4.7e-05   18.9   0.0     6   101    74   184    69   187 0.69 ATP-dependent zinc metalloprotease FtsH
MINDJIJG_00025       -            433 8077                 -            316   1.5e-05   20.6   0.0   2   2      0.63   1.1e+02   -2.0   0.0    25    42   218   235   203   318 0.57 ATP-dependent zinc metalloprotease FtsH
MINDJIJG_00990       -             98 8077                 -            316   0.00095   14.6   0.0   1   1   5.9e-06     0.001   14.5   0.0    35    64    25    54     5    74 0.89 hypothetical protein
#
# Program:         hmmsearch
# Version:         3.4 (Aug 2023)
# Pipeline mode:   SEARCH
# Query file:      /home/genomika25/studenci/dmyboi/sequence_adnotation_cw3/busco_downloads/lineages/mycoplasmatales_odb12/hmms/8077at2085.hmm
# Target file:     /home/genomika25/studenci/dmyboi/sequence_adnotation_cw3/prokka_basic/prokka_basic.faa
# Option settings: hmmsearch --domtblout /home/genomika25/studenci/dmyboi/sequence_adnotation_cw3/busco_proteins/run_mycoplasmatales_odb12/hmmer_output/8077at2085.out --cpu 1 /home/genomika25/studenci/dmyboi/sequence_adnotation_cw3/busco_downloads/lineages/mycoplasmatales_odb12/hmms/8077at2085.hmm /home/genomika25/studenci/dmyboi/sequence_adnotation_cw3/prokka_basic/prokka_basic.faa 
# Current dir:     /home/genomika25/studenci/dmyboi/sequence_adnotation_cw3
# Date:            Tue Oct 28 11:30:33 2025
# [ok]
