#                                                                            --- full sequence --- -------------- this domain -------------   hmm coord   ali coord   env coord
# target name        accession   tlen query name           accession   qlen   E-value  score  bias   #  of  c-Evalue  i-Evalue  score  bias  from    to  from    to  from    to  acc description of target
#------------------- ---------- ----- -------------------- ---------- ----- --------- ------ ----- --- --- --------- --------- ------ ----- ----- ----- ----- ----- ----- ----- ---- ---------------------
MINDJIJG_00563       -            231 8160                 -            206     9e-80  263.1   2.1   1   1   6.2e-82   1.1e-79  262.9   2.1     2   205    18   227    17   228 0.94 Adenylate kinase
MINDJIJG_00691       -             64 8160                 -            206   6.7e-05   18.6   0.0   1   1     4e-07   6.9e-05   18.6   0.0     3    41     9    47     7    62 0.84 Cytidylate kinase
MINDJIJG_00258       -            207 8160                 -            206   0.00026   16.7   1.2   1   2   4.4e-05    0.0077   11.9   0.1     3    26     6    29     4    41 0.84 Guanylate kinase
MINDJIJG_00258       -            207 8160                 -            206   0.00026   16.7   1.2   2   2     0.032       5.4    2.6   0.0   172   189   105   122    98   136 0.86 Guanylate kinase
MINDJIJG_00860       -            495 8160                 -            206   0.00049   15.8   0.5   1   2   9.9e-06    0.0017   14.0   0.0     3    33    68   100    66   110 0.84 Lon protease 1
MINDJIJG_00860       -            495 8160                 -            206   0.00049   15.8   0.5   2   2      0.36        62   -0.9   0.1    77   102   259   283   193   295 0.55 Lon protease 1
MINDJIJG_00414       -            242 8160                 -            206   0.00063   15.4   0.0   1   1   7.4e-06    0.0013   14.4   0.0     3    49    39    81    37    92 0.80 Replication-associated recombination protein A
MINDJIJG_00632       -            317 8160                 -            206    0.0012   14.5   0.1   1   1   1.6e-05    0.0028   13.3   0.1     2    25    39    62    38   110 0.89 Holliday junction ATP-dependent DNA helicase RuvB
MINDJIJG_00108       -            130 8160                 -            206    0.0024   13.5   2.3   1   2     0.051       8.7    1.9   0.5    43    81    31    69    21    73 0.81 Signal recognition particle receptor FtsY
MINDJIJG_00108       -            130 8160                 -            206    0.0024   13.5   2.3   2   2   6.1e-05      0.01   11.4   0.1     3    42    84   127    82   130 0.84 Signal recognition particle receptor FtsY
#
# Program:         hmmsearch
# Version:         3.4 (Aug 2023)
# Pipeline mode:   SEARCH
# Query file:      /home/genomika25/studenci/dmyboi/sequence_adnotation_cw3/busco_downloads/lineages/mycoplasmatales_odb12/hmms/8160at2085.hmm
# Target file:     /home/genomika25/studenci/dmyboi/sequence_adnotation_cw3/prokka_basic/prokka_basic.faa
# Option settings: hmmsearch --domtblout /home/genomika25/studenci/dmyboi/sequence_adnotation_cw3/busco_proteins/run_mycoplasmatales_odb12/hmmer_output/8160at2085.out --cpu 1 /home/genomika25/studenci/dmyboi/sequence_adnotation_cw3/busco_downloads/lineages/mycoplasmatales_odb12/hmms/8160at2085.hmm /home/genomika25/studenci/dmyboi/sequence_adnotation_cw3/prokka_basic/prokka_basic.faa 
# Current dir:     /home/genomika25/studenci/dmyboi/sequence_adnotation_cw3
# Date:            Tue Oct 28 11:30:33 2025
# [ok]
