#                                                                            --- full sequence --- -------------- this domain -------------   hmm coord   ali coord   env coord
# target name        accession   tlen query name           accession   qlen   E-value  score  bias   #  of  c-Evalue  i-Evalue  score  bias  from    to  from    to  from    to  acc description of target
#------------------- ---------- ----- -------------------- ---------- ----- --------- ------ ----- --- --- --------- --------- ------ ----- ----- ----- ----- ----- ----- ----- ---- ---------------------
MINDJIJG_00117       -            356 8189                 -           1461  1.4e-120  400.2  16.5   1   1  1.2e-122  1.5e-120  400.0  16.5   226   583     3   356     1   356 0.97 DNA polymerase III PolC-type
MINDJIJG_00119       -            192 8189                 -           1461   1.5e-73  244.2   5.8   1   1   1.4e-75   1.7e-73  244.1   5.8   689   881     3   192     1   192 0.99 DNA polymerase III PolC-type
MINDJIJG_00120       -             92 8189                 -           1461   2.9e-53  177.0   0.2   1   1   2.5e-55   3.1e-53  177.0   0.2   948  1035     2    89     1    92 0.97 DNA polymerase III PolC-type
MINDJIJG_00122       -             93 8189                 -           1461   3.6e-48  160.1   0.1   1   1   3.3e-50     4e-48  160.0   0.1  1109  1201     1    93     1    93 0.99 DNA polymerase III PolC-type
MINDJIJG_00121       -             49 8189                 -           1461   2.7e-27   91.0   0.1   1   1   2.3e-29   2.8e-27   90.9   0.1  1042  1089     2    49     1    49 0.97 DNA polymerase III PolC-type
MINDJIJG_00118       -             87 8189                 -           1461   3.5e-20   67.4   1.5   1   1   3.1e-22   3.7e-20   67.3   1.5   587   674     1    86     1    87 0.95 DNA polymerase III PolC-type
MINDJIJG_00124       -             59 8189                 -           1461   2.7e-18   61.2   0.1   1   1   2.4e-20   2.9e-18   61.1   0.1  1403  1461     1    59     1    59 0.99 DNA polymerase III PolC-type
MINDJIJG_00123       -             62 8189                 -           1461   3.7e-16   54.1   0.2   1   1   3.2e-18   3.8e-16   54.0   0.2  1325  1385     1    61     1    62 0.95 DNA polymerase III PolC-type
MINDJIJG_00116       -            173 8189                 -           1461   3.9e-13   44.0   7.2   1   1   3.7e-15   4.5e-13   43.8   7.2     4   173     3   167     1   172 0.85 hypothetical protein
MINDJIJG_00872       -            651 8189                 -           1461     7e-12   39.9  25.7   1   4   3.2e-05    0.0039   10.9   0.0  1043  1146   100   204    81   213 0.82 Error-prone DNA polymerase
MINDJIJG_00872       -            651 8189                 -           1461     7e-12   39.9  25.7   2   4   7.6e-10   9.2e-08   26.3   1.4  1266  1329   333   398   308   406 0.81 Error-prone DNA polymerase
MINDJIJG_00872       -            651 8189                 -           1461     7e-12   39.9  25.7   3   4   7.4e-07   8.9e-05   16.4   0.2  1364  1430   395   459   388   477 0.75 Error-prone DNA polymerase
MINDJIJG_00872       -            651 8189                 -           1461     7e-12   39.9  25.7   4   4      0.81        97   -3.7  10.4   117   301   464   634   451   649 0.54 Error-prone DNA polymerase
#
# Program:         hmmsearch
# Version:         3.4 (Aug 2023)
# Pipeline mode:   SEARCH
# Query file:      /home/genomika25/studenci/dmyboi/sequence_adnotation_cw3/busco_downloads/lineages/mycoplasmatales_odb12/hmms/8189at2085.hmm
# Target file:     /home/genomika25/studenci/dmyboi/sequence_adnotation_cw3/prokka_basic/prokka_basic.faa
# Option settings: hmmsearch --domtblout /home/genomika25/studenci/dmyboi/sequence_adnotation_cw3/busco_proteins/run_mycoplasmatales_odb12/hmmer_output/8189at2085.out --cpu 1 /home/genomika25/studenci/dmyboi/sequence_adnotation_cw3/busco_downloads/lineages/mycoplasmatales_odb12/hmms/8189at2085.hmm /home/genomika25/studenci/dmyboi/sequence_adnotation_cw3/prokka_basic/prokka_basic.faa 
# Current dir:     /home/genomika25/studenci/dmyboi/sequence_adnotation_cw3
# Date:            Tue Oct 28 11:30:33 2025
# [ok]
