# Eukaryotic GeneMark.hmm version 3.68
# Sequence name: /home/genomika25/studenci/dmyboi/sequence_adnotation_home_work_cw3/BRAKER/example/braker/GeneMark-ET/output/data/dna.fa_5
# FASTA defline: >dna.fa_5	5_dna	1	125100
# Sequence length: 125100 bp
# G+C content: 37.95%
# Matrices file: /home/genomika25/studenci/dmyboi/sequence_adnotation_home_work_cw3/BRAKER/example/braker/GeneMark-ET/output/gmhmm.mod
# Mon Nov  3 22:17:32 2025
# FASTA definition line: >dna.fa_5	5_dna	1	125100
# sequence-region 5_dna 1 125100
5_dna	GeneMark.hmm3	gene	593	1678	.	+	.	gene_id "1_g"; transcript_id "1_t";
5_dna	GeneMark.hmm3	mRNA	593	1678	.	+	.	gene_id "1_g"; transcript_id "1_t";
5_dna	GeneMark.hmm3	start_codon	593	595	.	+	0	gene_id "1_g"; transcript_id "1_t";
5_dna	GeneMark.hmm3	CDS	593	1678	.	+	0	gene_id "1_g"; transcript_id "1_t"; cds_type "Single"; count "1_1";
5_dna	GeneMark.hmm3	stop_codon	1676	1678	.	+	0	gene_id "1_g"; transcript_id "1_t";
5_dna	GeneMark.hmm3	gene	2242	3600	.	-	.	gene_id "2_g"; transcript_id "2_t";
5_dna	GeneMark.hmm3	mRNA	2242	3600	.	-	.	gene_id "2_g"; transcript_id "2_t";
5_dna	GeneMark.hmm3	stop_codon	2242	2244	.	-	0	gene_id "2_g"; transcript_id "2_t";
5_dna	GeneMark.hmm3	CDS	2242	2261	.	-	2	gene_id "2_g"; transcript_id "2_t"; cds_type "Terminal"; count "6_6";
5_dna	GeneMark.hmm3	intron	2262	2365	.	-	1	gene_id "2_g"; transcript_id "2_t";
5_dna	GeneMark.hmm3	CDS	2366	2477	.	-	0	gene_id "2_g"; transcript_id "2_t"; cds_type "Internal"; count "5_6";
5_dna	GeneMark.hmm3	intron	2478	2851	.	-	0	gene_id "2_g"; transcript_id "2_t";
5_dna	GeneMark.hmm3	CDS	2852	2940	.	-	2	gene_id "2_g"; transcript_id "2_t"; cds_type "Internal"; count "4_6";
5_dna	GeneMark.hmm3	intron	2941	3207	.	-	1	gene_id "2_g"; transcript_id "2_t";
5_dna	GeneMark.hmm3	CDS	3208	3292	.	-	0	gene_id "2_g"; transcript_id "2_t"; cds_type "Internal"; count "3_6";
5_dna	GeneMark.hmm3	intron	3293	3384	.	-	0	gene_id "2_g"; transcript_id "2_t";
5_dna	GeneMark.hmm3	CDS	3385	3471	.	-	0	gene_id "2_g"; transcript_id "2_t"; cds_type "Internal"; count "2_6";
5_dna	GeneMark.hmm3	intron	3472	3564	.	-	0	gene_id "2_g"; transcript_id "2_t";
5_dna	GeneMark.hmm3	CDS	3565	3600	.	-	0	gene_id "2_g"; transcript_id "2_t"; cds_type "Initial"; count "1_6";
5_dna	GeneMark.hmm3	start_codon	3598	3600	.	-	0	gene_id "2_g"; transcript_id "2_t";
5_dna	GeneMark.hmm3	gene	4164	5403	.	-	.	gene_id "3_g"; transcript_id "3_t";
5_dna	GeneMark.hmm3	mRNA	4164	5403	.	-	.	gene_id "3_g"; transcript_id "3_t";
5_dna	GeneMark.hmm3	stop_codon	4164	4166	.	-	0	gene_id "3_g"; transcript_id "3_t";
5_dna	GeneMark.hmm3	CDS	4164	4592	.	-	0	gene_id "3_g"; transcript_id "3_t"; cds_type "Terminal"; count "3_3";
5_dna	GeneMark.hmm3	intron	4593	4664	.	-	0	gene_id "3_g"; transcript_id "3_t";
5_dna	GeneMark.hmm3	CDS	4665	4939	.	-	2	gene_id "3_g"; transcript_id "3_t"; cds_type "Internal"; count "2_3";
5_dna	GeneMark.hmm3	intron	4940	5231	.	-	1	gene_id "3_g"; transcript_id "3_t";
5_dna	GeneMark.hmm3	CDS	5232	5403	.	-	0	gene_id "3_g"; transcript_id "3_t"; cds_type "Initial"; count "1_3";
5_dna	GeneMark.hmm3	start_codon	5401	5403	.	-	0	gene_id "3_g"; transcript_id "3_t";
5_dna	GeneMark.hmm3	gene	9945	15608	.	-	.	gene_id "4_g"; transcript_id "4_t";
5_dna	GeneMark.hmm3	mRNA	9945	15608	.	-	.	gene_id "4_g"; transcript_id "4_t";
5_dna	GeneMark.hmm3	stop_codon	9945	9947	.	-	0	gene_id "4_g"; transcript_id "4_t";
5_dna	GeneMark.hmm3	CDS	9945	10275	.	-	1	gene_id "4_g"; transcript_id "4_t"; cds_type "Terminal"; count "16_16";
5_dna	GeneMark.hmm3	intron	10276	10365	.	-	2	gene_id "4_g"; transcript_id "4_t";
5_dna	GeneMark.hmm3	CDS	10366	10682	.	-	0	gene_id "4_g"; transcript_id "4_t"; cds_type "Internal"; count "15_16";
5_dna	GeneMark.hmm3	intron	10683	10755	.	-	0	gene_id "4_g"; transcript_id "4_t";
5_dna	GeneMark.hmm3	CDS	10756	11973	.	-	0	gene_id "4_g"; transcript_id "4_t"; cds_type "Internal"; count "14_16";
5_dna	GeneMark.hmm3	intron	11974	12053	.	-	0	gene_id "4_g"; transcript_id "4_t";
5_dna	GeneMark.hmm3	CDS	12054	12188	.	-	0	gene_id "4_g"; transcript_id "4_t"; cds_type "Internal"; count "13_16";
5_dna	GeneMark.hmm3	intron	12189	12385	.	-	0	gene_id "4_g"; transcript_id "4_t";
5_dna	GeneMark.hmm3	CDS	12386	12722	.	-	1	gene_id "4_g"; transcript_id "4_t"; cds_type "Internal"; count "12_16";
5_dna	GeneMark.hmm3	intron	12723	13032	.	-	2	gene_id "4_g"; transcript_id "4_t";
5_dna	GeneMark.hmm3	CDS	13033	13157	.	-	0	gene_id "4_g"; transcript_id "4_t"; cds_type "Internal"; count "11_16";
5_dna	GeneMark.hmm3	intron	13158	13240	.	-	0	gene_id "4_g"; transcript_id "4_t";
5_dna	GeneMark.hmm3	CDS	13241	13306	.	-	0	gene_id "4_g"; transcript_id "4_t"; cds_type "Internal"; count "10_16";
5_dna	GeneMark.hmm3	intron	13307	13399	.	-	0	gene_id "4_g"; transcript_id "4_t";
5_dna	GeneMark.hmm3	CDS	13400	13467	.	-	2	gene_id "4_g"; transcript_id "4_t"; cds_type "Internal"; count "9_16";
5_dna	GeneMark.hmm3	intron	13468	13539	.	-	1	gene_id "4_g"; transcript_id "4_t";
5_dna	GeneMark.hmm3	CDS	13540	13621	.	-	0	gene_id "4_g"; transcript_id "4_t"; cds_type "Internal"; count "8_16";
5_dna	GeneMark.hmm3	intron	13622	13699	.	-	0	gene_id "4_g"; transcript_id "4_t";
5_dna	GeneMark.hmm3	CDS	13700	13813	.	-	0	gene_id "4_g"; transcript_id "4_t"; cds_type "Internal"; count "7_16";
5_dna	GeneMark.hmm3	intron	13814	13894	.	-	0	gene_id "4_g"; transcript_id "4_t";
5_dna	GeneMark.hmm3	CDS	13895	13995	.	-	2	gene_id "4_g"; transcript_id "4_t"; cds_type "Internal"; count "6_16";
5_dna	GeneMark.hmm3	intron	13996	14074	.	-	1	gene_id "4_g"; transcript_id "4_t";
5_dna	GeneMark.hmm3	CDS	14075	14164	.	-	2	gene_id "4_g"; transcript_id "4_t"; cds_type "Internal"; count "5_16";
5_dna	GeneMark.hmm3	intron	14165	14255	.	-	1	gene_id "4_g"; transcript_id "4_t";
5_dna	GeneMark.hmm3	CDS	14256	14466	.	-	0	gene_id "4_g"; transcript_id "4_t"; cds_type "Internal"; count "4_16";
5_dna	GeneMark.hmm3	intron	14467	15246	.	-	0	gene_id "4_g"; transcript_id "4_t";
5_dna	GeneMark.hmm3	CDS	15247	15275	.	-	2	gene_id "4_g"; transcript_id "4_t"; cds_type "Internal"; count "3_16";
5_dna	GeneMark.hmm3	intron	15276	15354	.	-	1	gene_id "4_g"; transcript_id "4_t";
5_dna	GeneMark.hmm3	CDS	15355	15470	.	-	1	gene_id "4_g"; transcript_id "4_t"; cds_type "Internal"; count "2_16";
5_dna	GeneMark.hmm3	intron	15471	15561	.	-	2	gene_id "4_g"; transcript_id "4_t";
5_dna	GeneMark.hmm3	CDS	15562	15608	.	-	0	gene_id "4_g"; transcript_id "4_t"; cds_type "Initial"; count "1_16";
5_dna	GeneMark.hmm3	start_codon	15606	15608	.	-	0	gene_id "4_g"; transcript_id "4_t";
5_dna	GeneMark.hmm3	gene	20367	21468	.	-	.	gene_id "5_g"; transcript_id "5_t";
5_dna	GeneMark.hmm3	mRNA	20367	21468	.	-	.	gene_id "5_g"; transcript_id "5_t";
5_dna	GeneMark.hmm3	stop_codon	20367	20369	.	-	0	gene_id "5_g"; transcript_id "5_t";
5_dna	GeneMark.hmm3	CDS	20367	21068	.	-	0	gene_id "5_g"; transcript_id "5_t"; cds_type "Terminal"; count "2_2";
5_dna	GeneMark.hmm3	intron	21069	21150	.	-	0	gene_id "5_g"; transcript_id "5_t";
5_dna	GeneMark.hmm3	CDS	21151	21468	.	-	0	gene_id "5_g"; transcript_id "5_t"; cds_type "Initial"; count "1_2";
5_dna	GeneMark.hmm3	start_codon	21466	21468	.	-	0	gene_id "5_g"; transcript_id "5_t";
5_dna	GeneMark.hmm3	gene	24690	25946	.	-	.	gene_id "6_g"; transcript_id "6_t";
5_dna	GeneMark.hmm3	mRNA	24690	25946	.	-	.	gene_id "6_g"; transcript_id "6_t";
5_dna	GeneMark.hmm3	stop_codon	24690	24692	.	-	0	gene_id "6_g"; transcript_id "6_t";
5_dna	GeneMark.hmm3	CDS	24690	25946	.	-	0	gene_id "6_g"; transcript_id "6_t"; cds_type "Single"; count "1_1";
5_dna	GeneMark.hmm3	start_codon	25944	25946	.	-	0	gene_id "6_g"; transcript_id "6_t";
5_dna	GeneMark.hmm3	gene	28873	30302	.	-	.	gene_id "7_g"; transcript_id "7_t";
5_dna	GeneMark.hmm3	mRNA	28873	30302	.	-	.	gene_id "7_g"; transcript_id "7_t";
5_dna	GeneMark.hmm3	stop_codon	28873	28875	.	-	0	gene_id "7_g"; transcript_id "7_t";
5_dna	GeneMark.hmm3	CDS	28873	29246	.	-	2	gene_id "7_g"; transcript_id "7_t"; cds_type "Terminal"; count "2_2";
5_dna	GeneMark.hmm3	intron	29247	29680	.	-	1	gene_id "7_g"; transcript_id "7_t";
5_dna	GeneMark.hmm3	CDS	29681	30302	.	-	0	gene_id "7_g"; transcript_id "7_t"; cds_type "Initial"; count "1_2";
5_dna	GeneMark.hmm3	start_codon	30300	30302	.	-	0	gene_id "7_g"; transcript_id "7_t";
5_dna	GeneMark.hmm3	gene	34488	35870	.	+	.	gene_id "8_g"; transcript_id "8_t";
5_dna	GeneMark.hmm3	mRNA	34488	35870	.	+	.	gene_id "8_g"; transcript_id "8_t";
5_dna	GeneMark.hmm3	start_codon	34488	34490	.	+	0	gene_id "8_g"; transcript_id "8_t";
5_dna	GeneMark.hmm3	CDS	34488	34910	.	+	0	gene_id "8_g"; transcript_id "8_t"; cds_type "Initial"; count "1_2";
5_dna	GeneMark.hmm3	intron	34911	35150	.	+	0	gene_id "8_g"; transcript_id "8_t";
5_dna	GeneMark.hmm3	CDS	35151	35870	.	+	0	gene_id "8_g"; transcript_id "8_t"; cds_type "Terminal"; count "2_2";
5_dna	GeneMark.hmm3	stop_codon	35868	35870	.	+	0	gene_id "8_g"; transcript_id "8_t";
5_dna	GeneMark.hmm3	gene	36359	41488	.	-	.	gene_id "9_g"; transcript_id "9_t";
5_dna	GeneMark.hmm3	mRNA	36359	41488	.	-	.	gene_id "9_g"; transcript_id "9_t";
5_dna	GeneMark.hmm3	stop_codon	36359	36361	.	-	0	gene_id "9_g"; transcript_id "9_t";
5_dna	GeneMark.hmm3	CDS	36359	36684	.	-	2	gene_id "9_g"; transcript_id "9_t"; cds_type "Terminal"; count "17_17";
5_dna	GeneMark.hmm3	intron	36685	36776	.	-	1	gene_id "9_g"; transcript_id "9_t";
5_dna	GeneMark.hmm3	CDS	36777	36852	.	-	0	gene_id "9_g"; transcript_id "9_t"; cds_type "Internal"; count "16_17";
5_dna	GeneMark.hmm3	intron	36853	37845	.	-	0	gene_id "9_g"; transcript_id "9_t";
5_dna	GeneMark.hmm3	CDS	37846	37939	.	-	1	gene_id "9_g"; transcript_id "9_t"; cds_type "Internal"; count "15_17";
5_dna	GeneMark.hmm3	intron	37940	38028	.	-	2	gene_id "9_g"; transcript_id "9_t";
5_dna	GeneMark.hmm3	CDS	38029	38096	.	-	0	gene_id "9_g"; transcript_id "9_t"; cds_type "Internal"; count "14_17";
5_dna	GeneMark.hmm3	intron	38097	38230	.	-	0	gene_id "9_g"; transcript_id "9_t";
5_dna	GeneMark.hmm3	CDS	38231	38323	.	-	0	gene_id "9_g"; transcript_id "9_t"; cds_type "Internal"; count "13_17";
5_dna	GeneMark.hmm3	intron	38324	38458	.	-	0	gene_id "9_g"; transcript_id "9_t";
5_dna	GeneMark.hmm3	CDS	38459	38563	.	-	0	gene_id "9_g"; transcript_id "9_t"; cds_type "Internal"; count "12_17";
5_dna	GeneMark.hmm3	intron	38564	38708	.	-	0	gene_id "9_g"; transcript_id "9_t";
5_dna	GeneMark.hmm3	CDS	38709	38772	.	-	1	gene_id "9_g"; transcript_id "9_t"; cds_type "Internal"; count "11_17";
5_dna	GeneMark.hmm3	intron	38773	38864	.	-	2	gene_id "9_g"; transcript_id "9_t";
5_dna	GeneMark.hmm3	CDS	38865	38974	.	-	0	gene_id "9_g"; transcript_id "9_t"; cds_type "Internal"; count "10_17";
5_dna	GeneMark.hmm3	intron	38975	39037	.	-	0	gene_id "9_g"; transcript_id "9_t";
5_dna	GeneMark.hmm3	CDS	39038	39185	.	-	1	gene_id "9_g"; transcript_id "9_t"; cds_type "Internal"; count "9_17";
5_dna	GeneMark.hmm3	intron	39186	39272	.	-	2	gene_id "9_g"; transcript_id "9_t";
5_dna	GeneMark.hmm3	CDS	39273	39349	.	-	0	gene_id "9_g"; transcript_id "9_t"; cds_type "Internal"; count "8_17";
5_dna	GeneMark.hmm3	intron	39350	39437	.	-	0	gene_id "9_g"; transcript_id "9_t";
5_dna	GeneMark.hmm3	CDS	39438	39514	.	-	2	gene_id "9_g"; transcript_id "9_t"; cds_type "Internal"; count "7_17";
5_dna	GeneMark.hmm3	intron	39515	39586	.	-	1	gene_id "9_g"; transcript_id "9_t";
5_dna	GeneMark.hmm3	CDS	39587	39701	.	-	0	gene_id "9_g"; transcript_id "9_t"; cds_type "Internal"; count "6_17";
5_dna	GeneMark.hmm3	intron	39702	39781	.	-	0	gene_id "9_g"; transcript_id "9_t";
5_dna	GeneMark.hmm3	CDS	39782	39889	.	-	0	gene_id "9_g"; transcript_id "9_t"; cds_type "Internal"; count "5_17";
5_dna	GeneMark.hmm3	intron	39890	40239	.	-	0	gene_id "9_g"; transcript_id "9_t";
5_dna	GeneMark.hmm3	CDS	40240	40640	.	-	2	gene_id "9_g"; transcript_id "9_t"; cds_type "Internal"; count "4_17";
5_dna	GeneMark.hmm3	intron	40641	40725	.	-	1	gene_id "9_g"; transcript_id "9_t";
5_dna	GeneMark.hmm3	CDS	40726	40891	.	-	0	gene_id "9_g"; transcript_id "9_t"; cds_type "Internal"; count "3_17";
5_dna	GeneMark.hmm3	intron	40892	40965	.	-	0	gene_id "9_g"; transcript_id "9_t";
5_dna	GeneMark.hmm3	CDS	40966	41157	.	-	0	gene_id "9_g"; transcript_id "9_t"; cds_type "Internal"; count "2_17";
5_dna	GeneMark.hmm3	intron	41158	41254	.	-	0	gene_id "9_g"; transcript_id "9_t";
5_dna	GeneMark.hmm3	CDS	41255	41488	.	-	0	gene_id "9_g"; transcript_id "9_t"; cds_type "Initial"; count "1_17";
5_dna	GeneMark.hmm3	start_codon	41486	41488	.	-	0	gene_id "9_g"; transcript_id "9_t";
5_dna	GeneMark.hmm3	gene	42670	43312	.	-	.	gene_id "10_g"; transcript_id "10_t";
5_dna	GeneMark.hmm3	mRNA	42670	43312	.	-	.	gene_id "10_g"; transcript_id "10_t";
5_dna	GeneMark.hmm3	stop_codon	42670	42672	.	-	0	gene_id "10_g"; transcript_id "10_t";
5_dna	GeneMark.hmm3	CDS	42670	42879	.	-	0	gene_id "10_g"; transcript_id "10_t"; cds_type "Terminal"; count "2_2";
5_dna	GeneMark.hmm3	intron	42880	42961	.	-	0	gene_id "10_g"; transcript_id "10_t";
5_dna	GeneMark.hmm3	CDS	42962	43312	.	-	0	gene_id "10_g"; transcript_id "10_t"; cds_type "Initial"; count "1_2";
5_dna	GeneMark.hmm3	start_codon	43310	43312	.	-	0	gene_id "10_g"; transcript_id "10_t";
5_dna	GeneMark.hmm3	gene	44068	45703	.	+	.	gene_id "11_g"; transcript_id "11_t";
5_dna	GeneMark.hmm3	mRNA	44068	45703	.	+	.	gene_id "11_g"; transcript_id "11_t";
5_dna	GeneMark.hmm3	start_codon	44068	44070	.	+	0	gene_id "11_g"; transcript_id "11_t";
5_dna	GeneMark.hmm3	CDS	44068	44151	.	+	0	gene_id "11_g"; transcript_id "11_t"; cds_type "Initial"; count "1_8";
5_dna	GeneMark.hmm3	intron	44152	44455	.	+	0	gene_id "11_g"; transcript_id "11_t";
5_dna	GeneMark.hmm3	CDS	44456	44530	.	+	0	gene_id "11_g"; transcript_id "11_t"; cds_type "Internal"; count "2_8";
5_dna	GeneMark.hmm3	intron	44531	44638	.	+	0	gene_id "11_g"; transcript_id "11_t";
5_dna	GeneMark.hmm3	CDS	44639	44686	.	+	0	gene_id "11_g"; transcript_id "11_t"; cds_type "Internal"; count "3_8";
5_dna	GeneMark.hmm3	intron	44687	44788	.	+	0	gene_id "11_g"; transcript_id "11_t";
5_dna	GeneMark.hmm3	CDS	44789	44931	.	+	0	gene_id "11_g"; transcript_id "11_t"; cds_type "Internal"; count "4_8";
5_dna	GeneMark.hmm3	intron	44932	45019	.	+	2	gene_id "11_g"; transcript_id "11_t";
5_dna	GeneMark.hmm3	CDS	45020	45092	.	+	1	gene_id "11_g"; transcript_id "11_t"; cds_type "Internal"; count "5_8";
5_dna	GeneMark.hmm3	intron	45093	45170	.	+	0	gene_id "11_g"; transcript_id "11_t";
5_dna	GeneMark.hmm3	CDS	45171	45232	.	+	0	gene_id "11_g"; transcript_id "11_t"; cds_type "Internal"; count "6_8";
5_dna	GeneMark.hmm3	intron	45233	45330	.	+	2	gene_id "11_g"; transcript_id "11_t";
5_dna	GeneMark.hmm3	CDS	45331	45418	.	+	1	gene_id "11_g"; transcript_id "11_t"; cds_type "Internal"; count "7_8";
5_dna	GeneMark.hmm3	intron	45419	45508	.	+	0	gene_id "11_g"; transcript_id "11_t";
5_dna	GeneMark.hmm3	CDS	45509	45703	.	+	0	gene_id "11_g"; transcript_id "11_t"; cds_type "Terminal"; count "8_8";
5_dna	GeneMark.hmm3	stop_codon	45701	45703	.	+	0	gene_id "11_g"; transcript_id "11_t";
5_dna	GeneMark.hmm3	gene	46052	51146	.	-	.	gene_id "12_g"; transcript_id "12_t";
5_dna	GeneMark.hmm3	mRNA	46052	51146	.	-	.	gene_id "12_g"; transcript_id "12_t";
5_dna	GeneMark.hmm3	stop_codon	46052	46054	.	-	0	gene_id "12_g"; transcript_id "12_t";
5_dna	GeneMark.hmm3	CDS	46052	46206	.	-	2	gene_id "12_g"; transcript_id "12_t"; cds_type "Terminal"; count "14_14";
5_dna	GeneMark.hmm3	intron	46207	46280	.	-	1	gene_id "12_g"; transcript_id "12_t";
5_dna	GeneMark.hmm3	CDS	46281	46534	.	-	1	gene_id "12_g"; transcript_id "12_t"; cds_type "Internal"; count "13_14";
5_dna	GeneMark.hmm3	intron	46535	46618	.	-	2	gene_id "12_g"; transcript_id "12_t";
5_dna	GeneMark.hmm3	CDS	46619	46797	.	-	0	gene_id "12_g"; transcript_id "12_t"; cds_type "Internal"; count "12_14";
5_dna	GeneMark.hmm3	intron	46798	46921	.	-	0	gene_id "12_g"; transcript_id "12_t";
5_dna	GeneMark.hmm3	CDS	46922	47169	.	-	2	gene_id "12_g"; transcript_id "12_t"; cds_type "Internal"; count "11_14";
5_dna	GeneMark.hmm3	intron	47170	47287	.	-	1	gene_id "12_g"; transcript_id "12_t";
5_dna	GeneMark.hmm3	CDS	47288	47501	.	-	0	gene_id "12_g"; transcript_id "12_t"; cds_type "Internal"; count "10_14";
5_dna	GeneMark.hmm3	intron	47502	47577	.	-	0	gene_id "12_g"; transcript_id "12_t";
5_dna	GeneMark.hmm3	CDS	47578	47793	.	-	0	gene_id "12_g"; transcript_id "12_t"; cds_type "Internal"; count "9_14";
5_dna	GeneMark.hmm3	intron	47794	47875	.	-	0	gene_id "12_g"; transcript_id "12_t";
5_dna	GeneMark.hmm3	CDS	47876	48082	.	-	0	gene_id "12_g"; transcript_id "12_t"; cds_type "Internal"; count "8_14";
5_dna	GeneMark.hmm3	intron	48083	48201	.	-	0	gene_id "12_g"; transcript_id "12_t";
5_dna	GeneMark.hmm3	CDS	48202	48867	.	-	0	gene_id "12_g"; transcript_id "12_t"; cds_type "Internal"; count "7_14";
5_dna	GeneMark.hmm3	intron	48868	49019	.	-	0	gene_id "12_g"; transcript_id "12_t";
5_dna	GeneMark.hmm3	CDS	49020	49151	.	-	0	gene_id "12_g"; transcript_id "12_t"; cds_type "Internal"; count "6_14";
5_dna	GeneMark.hmm3	intron	49152	49601	.	-	0	gene_id "12_g"; transcript_id "12_t";
5_dna	GeneMark.hmm3	CDS	49602	49931	.	-	0	gene_id "12_g"; transcript_id "12_t"; cds_type "Internal"; count "5_14";
5_dna	GeneMark.hmm3	intron	49932	50046	.	-	0	gene_id "12_g"; transcript_id "12_t";
5_dna	GeneMark.hmm3	CDS	50047	50304	.	-	0	gene_id "12_g"; transcript_id "12_t"; cds_type "Internal"; count "4_14";
5_dna	GeneMark.hmm3	intron	50305	50398	.	-	0	gene_id "12_g"; transcript_id "12_t";
5_dna	GeneMark.hmm3	CDS	50399	50791	.	-	0	gene_id "12_g"; transcript_id "12_t"; cds_type "Internal"; count "3_14";
5_dna	GeneMark.hmm3	intron	50792	50907	.	-	0	gene_id "12_g"; transcript_id "12_t";
5_dna	GeneMark.hmm3	CDS	50908	51013	.	-	1	gene_id "12_g"; transcript_id "12_t"; cds_type "Internal"; count "2_14";
5_dna	GeneMark.hmm3	intron	51014	51102	.	-	2	gene_id "12_g"; transcript_id "12_t";
5_dna	GeneMark.hmm3	CDS	51103	51146	.	-	0	gene_id "12_g"; transcript_id "12_t"; cds_type "Initial"; count "1_14";
5_dna	GeneMark.hmm3	start_codon	51144	51146	.	-	0	gene_id "12_g"; transcript_id "12_t";
5_dna	GeneMark.hmm3	gene	54433	55191	.	-	.	gene_id "13_g"; transcript_id "13_t";
5_dna	GeneMark.hmm3	mRNA	54433	55191	.	-	.	gene_id "13_g"; transcript_id "13_t";
5_dna	GeneMark.hmm3	stop_codon	54433	54435	.	-	0	gene_id "13_g"; transcript_id "13_t";
5_dna	GeneMark.hmm3	CDS	54433	55191	.	-	0	gene_id "13_g"; transcript_id "13_t"; cds_type "Single"; count "1_1";
5_dna	GeneMark.hmm3	start_codon	55189	55191	.	-	0	gene_id "13_g"; transcript_id "13_t";
5_dna	GeneMark.hmm3	gene	58960	60110	.	+	.	gene_id "14_g"; transcript_id "14_t";
5_dna	GeneMark.hmm3	mRNA	58960	60110	.	+	.	gene_id "14_g"; transcript_id "14_t";
5_dna	GeneMark.hmm3	start_codon	58960	58962	.	+	0	gene_id "14_g"; transcript_id "14_t";
5_dna	GeneMark.hmm3	CDS	58960	59292	.	+	0	gene_id "14_g"; transcript_id "14_t"; cds_type "Initial"; count "1_4";
5_dna	GeneMark.hmm3	intron	59293	59403	.	+	0	gene_id "14_g"; transcript_id "14_t";
5_dna	GeneMark.hmm3	CDS	59404	59629	.	+	0	gene_id "14_g"; transcript_id "14_t"; cds_type "Internal"; count "2_4";
5_dna	GeneMark.hmm3	intron	59630	59716	.	+	1	gene_id "14_g"; transcript_id "14_t";
5_dna	GeneMark.hmm3	CDS	59717	59790	.	+	2	gene_id "14_g"; transcript_id "14_t"; cds_type "Internal"; count "3_4";
5_dna	GeneMark.hmm3	intron	59791	59882	.	+	0	gene_id "14_g"; transcript_id "14_t";
5_dna	GeneMark.hmm3	CDS	59883	60110	.	+	0	gene_id "14_g"; transcript_id "14_t"; cds_type "Terminal"; count "4_4";
5_dna	GeneMark.hmm3	stop_codon	60108	60110	.	+	0	gene_id "14_g"; transcript_id "14_t";
5_dna	GeneMark.hmm3	gene	60321	64996	.	-	.	gene_id "15_g"; transcript_id "15_t";
5_dna	GeneMark.hmm3	mRNA	60321	64996	.	-	.	gene_id "15_g"; transcript_id "15_t";
5_dna	GeneMark.hmm3	stop_codon	60321	60323	.	-	0	gene_id "15_g"; transcript_id "15_t";
5_dna	GeneMark.hmm3	CDS	60321	60341	.	-	0	gene_id "15_g"; transcript_id "15_t"; cds_type "Terminal"; count "8_8";
5_dna	GeneMark.hmm3	intron	60342	60427	.	-	0	gene_id "15_g"; transcript_id "15_t";
5_dna	GeneMark.hmm3	CDS	60428	60806	.	-	1	gene_id "15_g"; transcript_id "15_t"; cds_type "Internal"; count "7_8";
5_dna	GeneMark.hmm3	intron	60807	60922	.	-	2	gene_id "15_g"; transcript_id "15_t";
5_dna	GeneMark.hmm3	CDS	60923	61163	.	-	2	gene_id "15_g"; transcript_id "15_t"; cds_type "Internal"; count "6_8";
5_dna	GeneMark.hmm3	intron	61164	63089	.	-	1	gene_id "15_g"; transcript_id "15_t";
5_dna	GeneMark.hmm3	CDS	63090	63514	.	-	1	gene_id "15_g"; transcript_id "15_t"; cds_type "Internal"; count "5_8";
5_dna	GeneMark.hmm3	intron	63515	63604	.	-	2	gene_id "15_g"; transcript_id "15_t";
5_dna	GeneMark.hmm3	CDS	63605	63807	.	-	0	gene_id "15_g"; transcript_id "15_t"; cds_type "Internal"; count "4_8";
5_dna	GeneMark.hmm3	intron	63808	63918	.	-	0	gene_id "15_g"; transcript_id "15_t";
5_dna	GeneMark.hmm3	CDS	63919	64041	.	-	0	gene_id "15_g"; transcript_id "15_t"; cds_type "Internal"; count "3_8";
5_dna	GeneMark.hmm3	intron	64042	64129	.	-	0	gene_id "15_g"; transcript_id "15_t";
5_dna	GeneMark.hmm3	CDS	64130	64324	.	-	0	gene_id "15_g"; transcript_id "15_t"; cds_type "Internal"; count "2_8";
5_dna	GeneMark.hmm3	intron	64325	64666	.	-	0	gene_id "15_g"; transcript_id "15_t";
5_dna	GeneMark.hmm3	CDS	64667	64996	.	-	0	gene_id "15_g"; transcript_id "15_t"; cds_type "Initial"; count "1_8";
5_dna	GeneMark.hmm3	start_codon	64994	64996	.	-	0	gene_id "15_g"; transcript_id "15_t";
5_dna	GeneMark.hmm3	gene	66145	68461	.	-	.	gene_id "16_g"; transcript_id "16_t";
5_dna	GeneMark.hmm3	mRNA	66145	68461	.	-	.	gene_id "16_g"; transcript_id "16_t";
5_dna	GeneMark.hmm3	stop_codon	66145	66147	.	-	0	gene_id "16_g"; transcript_id "16_t";
5_dna	GeneMark.hmm3	CDS	66145	66231	.	-	0	gene_id "16_g"; transcript_id "16_t"; cds_type "Terminal"; count "8_8";
5_dna	GeneMark.hmm3	intron	66232	66326	.	-	0	gene_id "16_g"; transcript_id "16_t";
5_dna	GeneMark.hmm3	CDS	66327	66407	.	-	0	gene_id "16_g"; transcript_id "16_t"; cds_type "Internal"; count "7_8";
5_dna	GeneMark.hmm3	intron	66408	66647	.	-	0	gene_id "16_g"; transcript_id "16_t";
5_dna	GeneMark.hmm3	CDS	66648	66749	.	-	0	gene_id "16_g"; transcript_id "16_t"; cds_type "Internal"; count "6_8";
5_dna	GeneMark.hmm3	intron	66750	66832	.	-	0	gene_id "16_g"; transcript_id "16_t";
5_dna	GeneMark.hmm3	CDS	66833	66931	.	-	0	gene_id "16_g"; transcript_id "16_t"; cds_type "Internal"; count "5_8";
5_dna	GeneMark.hmm3	intron	66932	67081	.	-	0	gene_id "16_g"; transcript_id "16_t";
5_dna	GeneMark.hmm3	CDS	67082	67207	.	-	0	gene_id "16_g"; transcript_id "16_t"; cds_type "Internal"; count "4_8";
5_dna	GeneMark.hmm3	intron	67208	67385	.	-	0	gene_id "16_g"; transcript_id "16_t";
5_dna	GeneMark.hmm3	CDS	67386	67499	.	-	0	gene_id "16_g"; transcript_id "16_t"; cds_type "Internal"; count "3_8";
5_dna	GeneMark.hmm3	intron	67500	67578	.	-	0	gene_id "16_g"; transcript_id "16_t";
5_dna	GeneMark.hmm3	CDS	67579	67719	.	-	0	gene_id "16_g"; transcript_id "16_t"; cds_type "Internal"; count "2_8";
5_dna	GeneMark.hmm3	intron	67720	67828	.	-	0	gene_id "16_g"; transcript_id "16_t";
5_dna	GeneMark.hmm3	CDS	67829	68461	.	-	0	gene_id "16_g"; transcript_id "16_t"; cds_type "Initial"; count "1_8";
5_dna	GeneMark.hmm3	start_codon	68459	68461	.	-	0	gene_id "16_g"; transcript_id "16_t";
5_dna	GeneMark.hmm3	gene	68896	70485	.	-	.	gene_id "17_g"; transcript_id "17_t";
5_dna	GeneMark.hmm3	mRNA	68896	70485	.	-	.	gene_id "17_g"; transcript_id "17_t";
5_dna	GeneMark.hmm3	stop_codon	68896	68898	.	-	0	gene_id "17_g"; transcript_id "17_t";
5_dna	GeneMark.hmm3	CDS	68896	69065	.	-	2	gene_id "17_g"; transcript_id "17_t"; cds_type "Terminal"; count "3_3";
5_dna	GeneMark.hmm3	intron	69066	69148	.	-	1	gene_id "17_g"; transcript_id "17_t";
5_dna	GeneMark.hmm3	CDS	69149	69571	.	-	2	gene_id "17_g"; transcript_id "17_t"; cds_type "Internal"; count "2_3";
5_dna	GeneMark.hmm3	intron	69572	69893	.	-	1	gene_id "17_g"; transcript_id "17_t";
5_dna	GeneMark.hmm3	CDS	69894	70485	.	-	0	gene_id "17_g"; transcript_id "17_t"; cds_type "Initial"; count "1_3";
5_dna	GeneMark.hmm3	start_codon	70483	70485	.	-	0	gene_id "17_g"; transcript_id "17_t";
5_dna	GeneMark.hmm3	gene	71582	71911	.	-	.	gene_id "18_g"; transcript_id "18_t";
5_dna	GeneMark.hmm3	mRNA	71582	71911	.	-	.	gene_id "18_g"; transcript_id "18_t";
5_dna	GeneMark.hmm3	stop_codon	71582	71584	.	-	0	gene_id "18_g"; transcript_id "18_t";
5_dna	GeneMark.hmm3	CDS	71582	71911	.	-	0	gene_id "18_g"; transcript_id "18_t"; cds_type "Single"; count "1_1";
5_dna	GeneMark.hmm3	start_codon	71909	71911	.	-	0	gene_id "18_g"; transcript_id "18_t";
5_dna	GeneMark.hmm3	gene	72235	73833	.	-	.	gene_id "19_g"; transcript_id "19_t";
5_dna	GeneMark.hmm3	mRNA	72235	73833	.	-	.	gene_id "19_g"; transcript_id "19_t";
5_dna	GeneMark.hmm3	stop_codon	72235	72237	.	-	0	gene_id "19_g"; transcript_id "19_t";
5_dna	GeneMark.hmm3	CDS	72235	73833	.	-	0	gene_id "19_g"; transcript_id "19_t"; cds_type "Single"; count "1_1";
5_dna	GeneMark.hmm3	start_codon	73831	73833	.	-	0	gene_id "19_g"; transcript_id "19_t";
5_dna	GeneMark.hmm3	gene	74175	75655	.	-	.	gene_id "20_g"; transcript_id "20_t";
5_dna	GeneMark.hmm3	mRNA	74175	75655	.	-	.	gene_id "20_g"; transcript_id "20_t";
5_dna	GeneMark.hmm3	stop_codon	74175	74177	.	-	0	gene_id "20_g"; transcript_id "20_t";
5_dna	GeneMark.hmm3	CDS	74175	74414	.	-	0	gene_id "20_g"; transcript_id "20_t"; cds_type "Terminal"; count "5_5";
5_dna	GeneMark.hmm3	intron	74415	74505	.	-	0	gene_id "20_g"; transcript_id "20_t";
5_dna	GeneMark.hmm3	CDS	74506	74657	.	-	2	gene_id "20_g"; transcript_id "20_t"; cds_type "Internal"; count "4_5";
5_dna	GeneMark.hmm3	intron	74658	74745	.	-	1	gene_id "20_g"; transcript_id "20_t";
5_dna	GeneMark.hmm3	CDS	74746	74871	.	-	2	gene_id "20_g"; transcript_id "20_t"; cds_type "Internal"; count "3_5";
5_dna	GeneMark.hmm3	intron	74872	74978	.	-	1	gene_id "20_g"; transcript_id "20_t";
5_dna	GeneMark.hmm3	CDS	74979	75122	.	-	2	gene_id "20_g"; transcript_id "20_t"; cds_type "Internal"; count "2_5";
5_dna	GeneMark.hmm3	intron	75123	75540	.	-	1	gene_id "20_g"; transcript_id "20_t";
5_dna	GeneMark.hmm3	CDS	75541	75655	.	-	0	gene_id "20_g"; transcript_id "20_t"; cds_type "Initial"; count "1_5";
5_dna	GeneMark.hmm3	start_codon	75653	75655	.	-	0	gene_id "20_g"; transcript_id "20_t";
5_dna	GeneMark.hmm3	gene	76038	77900	.	+	.	gene_id "21_g"; transcript_id "21_t";
5_dna	GeneMark.hmm3	mRNA	76038	77900	.	+	.	gene_id "21_g"; transcript_id "21_t";
5_dna	GeneMark.hmm3	start_codon	76038	76040	.	+	0	gene_id "21_g"; transcript_id "21_t";
5_dna	GeneMark.hmm3	CDS	76038	77900	.	+	0	gene_id "21_g"; transcript_id "21_t"; cds_type "Single"; count "1_1";
5_dna	GeneMark.hmm3	stop_codon	77898	77900	.	+	0	gene_id "21_g"; transcript_id "21_t";
5_dna	GeneMark.hmm3	gene	77980	79734	.	-	.	gene_id "22_g"; transcript_id "22_t";
5_dna	GeneMark.hmm3	mRNA	77980	79734	.	-	.	gene_id "22_g"; transcript_id "22_t";
5_dna	GeneMark.hmm3	stop_codon	77980	77982	.	-	0	gene_id "22_g"; transcript_id "22_t";
5_dna	GeneMark.hmm3	CDS	77980	78045	.	-	0	gene_id "22_g"; transcript_id "22_t"; cds_type "Terminal"; count "10_10";
5_dna	GeneMark.hmm3	intron	78046	78134	.	-	0	gene_id "22_g"; transcript_id "22_t";
5_dna	GeneMark.hmm3	CDS	78135	78216	.	-	1	gene_id "22_g"; transcript_id "22_t"; cds_type "Internal"; count "9_10";
5_dna	GeneMark.hmm3	intron	78217	78306	.	-	2	gene_id "22_g"; transcript_id "22_t";
5_dna	GeneMark.hmm3	CDS	78307	78414	.	-	1	gene_id "22_g"; transcript_id "22_t"; cds_type "Internal"; count "8_10";
5_dna	GeneMark.hmm3	intron	78415	78511	.	-	2	gene_id "22_g"; transcript_id "22_t";
5_dna	GeneMark.hmm3	CDS	78512	78609	.	-	0	gene_id "22_g"; transcript_id "22_t"; cds_type "Internal"; count "7_10";
5_dna	GeneMark.hmm3	intron	78610	78713	.	-	0	gene_id "22_g"; transcript_id "22_t";
5_dna	GeneMark.hmm3	CDS	78714	78812	.	-	0	gene_id "22_g"; transcript_id "22_t"; cds_type "Internal"; count "6_10";
5_dna	GeneMark.hmm3	intron	78813	78887	.	-	0	gene_id "22_g"; transcript_id "22_t";
5_dna	GeneMark.hmm3	CDS	78888	79025	.	-	0	gene_id "22_g"; transcript_id "22_t"; cds_type "Internal"; count "5_10";
5_dna	GeneMark.hmm3	intron	79026	79116	.	-	0	gene_id "22_g"; transcript_id "22_t";
5_dna	GeneMark.hmm3	CDS	79117	79168	.	-	1	gene_id "22_g"; transcript_id "22_t"; cds_type "Internal"; count "4_10";
5_dna	GeneMark.hmm3	intron	79169	79265	.	-	2	gene_id "22_g"; transcript_id "22_t";
5_dna	GeneMark.hmm3	CDS	79266	79379	.	-	1	gene_id "22_g"; transcript_id "22_t"; cds_type "Internal"; count "3_10";
5_dna	GeneMark.hmm3	intron	79380	79462	.	-	2	gene_id "22_g"; transcript_id "22_t";
5_dna	GeneMark.hmm3	CDS	79463	79561	.	-	1	gene_id "22_g"; transcript_id "22_t"; cds_type "Internal"; count "2_10";
5_dna	GeneMark.hmm3	intron	79562	79666	.	-	2	gene_id "22_g"; transcript_id "22_t";
5_dna	GeneMark.hmm3	CDS	79667	79734	.	-	0	gene_id "22_g"; transcript_id "22_t"; cds_type "Initial"; count "1_10";
5_dna	GeneMark.hmm3	start_codon	79732	79734	.	-	0	gene_id "22_g"; transcript_id "22_t";
5_dna	GeneMark.hmm3	gene	80812	85223	.	-	.	gene_id "23_g"; transcript_id "23_t";
5_dna	GeneMark.hmm3	mRNA	80812	85223	.	-	.	gene_id "23_g"; transcript_id "23_t";
5_dna	GeneMark.hmm3	stop_codon	80812	80814	.	-	0	gene_id "23_g"; transcript_id "23_t";
5_dna	GeneMark.hmm3	CDS	80812	80870	.	-	2	gene_id "23_g"; transcript_id "23_t"; cds_type "Terminal"; count "20_20";
5_dna	GeneMark.hmm3	intron	80871	80988	.	-	1	gene_id "23_g"; transcript_id "23_t";
5_dna	GeneMark.hmm3	CDS	80989	81130	.	-	0	gene_id "23_g"; transcript_id "23_t"; cds_type "Internal"; count "19_20";
5_dna	GeneMark.hmm3	intron	81131	81226	.	-	0	gene_id "23_g"; transcript_id "23_t";
5_dna	GeneMark.hmm3	CDS	81227	81277	.	-	0	gene_id "23_g"; transcript_id "23_t"; cds_type "Internal"; count "18_20";
5_dna	GeneMark.hmm3	intron	81278	81372	.	-	0	gene_id "23_g"; transcript_id "23_t";
5_dna	GeneMark.hmm3	CDS	81373	81444	.	-	0	gene_id "23_g"; transcript_id "23_t"; cds_type "Internal"; count "17_20";
5_dna	GeneMark.hmm3	intron	81445	81558	.	-	0	gene_id "23_g"; transcript_id "23_t";
5_dna	GeneMark.hmm3	CDS	81559	81627	.	-	0	gene_id "23_g"; transcript_id "23_t"; cds_type "Internal"; count "16_20";
5_dna	GeneMark.hmm3	intron	81628	81721	.	-	0	gene_id "23_g"; transcript_id "23_t";
5_dna	GeneMark.hmm3	CDS	81722	81763	.	-	0	gene_id "23_g"; transcript_id "23_t"; cds_type "Internal"; count "15_20";
5_dna	GeneMark.hmm3	intron	81764	81854	.	-	0	gene_id "23_g"; transcript_id "23_t";
5_dna	GeneMark.hmm3	CDS	81855	81923	.	-	0	gene_id "23_g"; transcript_id "23_t"; cds_type "Internal"; count "14_20";
5_dna	GeneMark.hmm3	intron	81924	82006	.	-	0	gene_id "23_g"; transcript_id "23_t";
5_dna	GeneMark.hmm3	CDS	82007	82144	.	-	0	gene_id "23_g"; transcript_id "23_t"; cds_type "Internal"; count "13_20";
5_dna	GeneMark.hmm3	intron	82145	82236	.	-	0	gene_id "23_g"; transcript_id "23_t";
5_dna	GeneMark.hmm3	CDS	82237	82347	.	-	0	gene_id "23_g"; transcript_id "23_t"; cds_type "Internal"; count "12_20";
5_dna	GeneMark.hmm3	intron	82348	82430	.	-	0	gene_id "23_g"; transcript_id "23_t";
5_dna	GeneMark.hmm3	CDS	82431	82518	.	-	1	gene_id "23_g"; transcript_id "23_t"; cds_type "Internal"; count "11_20";
5_dna	GeneMark.hmm3	intron	82519	82638	.	-	2	gene_id "23_g"; transcript_id "23_t";
5_dna	GeneMark.hmm3	CDS	82639	82694	.	-	0	gene_id "23_g"; transcript_id "23_t"; cds_type "Internal"; count "10_20";
5_dna	GeneMark.hmm3	intron	82695	82791	.	-	0	gene_id "23_g"; transcript_id "23_t";
5_dna	GeneMark.hmm3	CDS	82792	83506	.	-	1	gene_id "23_g"; transcript_id "23_t"; cds_type "Internal"; count "9_20";
5_dna	GeneMark.hmm3	intron	83507	83914	.	-	2	gene_id "23_g"; transcript_id "23_t";
5_dna	GeneMark.hmm3	CDS	83915	83985	.	-	0	gene_id "23_g"; transcript_id "23_t"; cds_type "Internal"; count "8_20";
5_dna	GeneMark.hmm3	intron	83986	84133	.	-	0	gene_id "23_g"; transcript_id "23_t";
5_dna	GeneMark.hmm3	CDS	84134	84214	.	-	0	gene_id "23_g"; transcript_id "23_t"; cds_type "Internal"; count "7_20";
5_dna	GeneMark.hmm3	intron	84215	84309	.	-	0	gene_id "23_g"; transcript_id "23_t";
5_dna	GeneMark.hmm3	CDS	84310	84351	.	-	0	gene_id "23_g"; transcript_id "23_t"; cds_type "Internal"; count "6_20";
5_dna	GeneMark.hmm3	intron	84352	84440	.	-	0	gene_id "23_g"; transcript_id "23_t";
5_dna	GeneMark.hmm3	CDS	84441	84532	.	-	2	gene_id "23_g"; transcript_id "23_t"; cds_type "Internal"; count "5_20";
5_dna	GeneMark.hmm3	intron	84533	84634	.	-	1	gene_id "23_g"; transcript_id "23_t";
5_dna	GeneMark.hmm3	CDS	84635	84704	.	-	0	gene_id "23_g"; transcript_id "23_t"; cds_type "Internal"; count "4_20";
5_dna	GeneMark.hmm3	intron	84705	84790	.	-	0	gene_id "23_g"; transcript_id "23_t";
5_dna	GeneMark.hmm3	CDS	84791	84874	.	-	0	gene_id "23_g"; transcript_id "23_t"; cds_type "Internal"; count "3_20";
5_dna	GeneMark.hmm3	intron	84875	84954	.	-	0	gene_id "23_g"; transcript_id "23_t";
5_dna	GeneMark.hmm3	CDS	84955	85029	.	-	0	gene_id "23_g"; transcript_id "23_t"; cds_type "Internal"; count "2_20";
5_dna	GeneMark.hmm3	intron	85030	85115	.	-	0	gene_id "23_g"; transcript_id "23_t";
5_dna	GeneMark.hmm3	CDS	85116	85223	.	-	0	gene_id "23_g"; transcript_id "23_t"; cds_type "Initial"; count "1_20";
5_dna	GeneMark.hmm3	start_codon	85221	85223	.	-	0	gene_id "23_g"; transcript_id "23_t";
5_dna	GeneMark.hmm3	gene	86309	91196	.	+	.	gene_id "24_g"; transcript_id "24_t";
5_dna	GeneMark.hmm3	mRNA	86309	91196	.	+	.	gene_id "24_g"; transcript_id "24_t";
5_dna	GeneMark.hmm3	start_codon	86309	86311	.	+	0	gene_id "24_g"; transcript_id "24_t";
5_dna	GeneMark.hmm3	CDS	86309	86602	.	+	0	gene_id "24_g"; transcript_id "24_t"; cds_type "Initial"; count "1_7";
5_dna	GeneMark.hmm3	intron	86603	88502	.	+	0	gene_id "24_g"; transcript_id "24_t";
5_dna	GeneMark.hmm3	CDS	88503	88564	.	+	0	gene_id "24_g"; transcript_id "24_t"; cds_type "Internal"; count "2_7";
5_dna	GeneMark.hmm3	intron	88565	88669	.	+	2	gene_id "24_g"; transcript_id "24_t";
5_dna	GeneMark.hmm3	CDS	88670	88739	.	+	1	gene_id "24_g"; transcript_id "24_t"; cds_type "Internal"; count "3_7";
5_dna	GeneMark.hmm3	intron	88740	88840	.	+	0	gene_id "24_g"; transcript_id "24_t";
5_dna	GeneMark.hmm3	CDS	88841	90169	.	+	0	gene_id "24_g"; transcript_id "24_t"; cds_type "Internal"; count "4_7";
5_dna	GeneMark.hmm3	intron	90170	90251	.	+	0	gene_id "24_g"; transcript_id "24_t";
5_dna	GeneMark.hmm3	CDS	90252	90814	.	+	0	gene_id "24_g"; transcript_id "24_t"; cds_type "Internal"; count "5_7";
5_dna	GeneMark.hmm3	intron	90815	90912	.	+	2	gene_id "24_g"; transcript_id "24_t";
5_dna	GeneMark.hmm3	CDS	90913	91090	.	+	1	gene_id "24_g"; transcript_id "24_t"; cds_type "Internal"; count "6_7";
5_dna	GeneMark.hmm3	intron	91091	91157	.	+	0	gene_id "24_g"; transcript_id "24_t";
5_dna	GeneMark.hmm3	CDS	91158	91196	.	+	0	gene_id "24_g"; transcript_id "24_t"; cds_type "Terminal"; count "7_7";
5_dna	GeneMark.hmm3	stop_codon	91194	91196	.	+	0	gene_id "24_g"; transcript_id "24_t";
5_dna	GeneMark.hmm3	gene	92903	96643	.	+	.	gene_id "25_g"; transcript_id "25_t";
5_dna	GeneMark.hmm3	mRNA	92903	96643	.	+	.	gene_id "25_g"; transcript_id "25_t";
5_dna	GeneMark.hmm3	start_codon	92903	92905	.	+	0	gene_id "25_g"; transcript_id "25_t";
5_dna	GeneMark.hmm3	CDS	92903	93145	.	+	0	gene_id "25_g"; transcript_id "25_t"; cds_type "Initial"; count "1_4";
5_dna	GeneMark.hmm3	intron	93146	93441	.	+	0	gene_id "25_g"; transcript_id "25_t";
5_dna	GeneMark.hmm3	CDS	93442	93735	.	+	0	gene_id "25_g"; transcript_id "25_t"; cds_type "Internal"; count "2_4";
5_dna	GeneMark.hmm3	intron	93736	93821	.	+	0	gene_id "25_g"; transcript_id "25_t";
5_dna	GeneMark.hmm3	CDS	93822	94264	.	+	0	gene_id "25_g"; transcript_id "25_t"; cds_type "Internal"; count "3_4";
5_dna	GeneMark.hmm3	intron	94265	96447	.	+	2	gene_id "25_g"; transcript_id "25_t";
5_dna	GeneMark.hmm3	CDS	96448	96643	.	+	1	gene_id "25_g"; transcript_id "25_t"; cds_type "Terminal"; count "4_4";
5_dna	GeneMark.hmm3	stop_codon	96641	96643	.	+	0	gene_id "25_g"; transcript_id "25_t";
5_dna	GeneMark.hmm3	gene	96883	97353	.	+	.	gene_id "26_g"; transcript_id "26_t";
5_dna	GeneMark.hmm3	mRNA	96883	97353	.	+	.	gene_id "26_g"; transcript_id "26_t";
5_dna	GeneMark.hmm3	start_codon	96883	96885	.	+	0	gene_id "26_g"; transcript_id "26_t";
5_dna	GeneMark.hmm3	CDS	96883	97353	.	+	0	gene_id "26_g"; transcript_id "26_t"; cds_type "Single"; count "1_1";
5_dna	GeneMark.hmm3	stop_codon	97351	97353	.	+	0	gene_id "26_g"; transcript_id "26_t";
5_dna	GeneMark.hmm3	gene	98414	98971	.	+	.	gene_id "27_g"; transcript_id "27_t";
5_dna	GeneMark.hmm3	mRNA	98414	98971	.	+	.	gene_id "27_g"; transcript_id "27_t";
5_dna	GeneMark.hmm3	start_codon	98414	98416	.	+	0	gene_id "27_g"; transcript_id "27_t";
5_dna	GeneMark.hmm3	CDS	98414	98971	.	+	0	gene_id "27_g"; transcript_id "27_t"; cds_type "Single"; count "1_1";
5_dna	GeneMark.hmm3	stop_codon	98969	98971	.	+	0	gene_id "27_g"; transcript_id "27_t";
5_dna	GeneMark.hmm3	gene	99264	104539	.	-	.	gene_id "28_g"; transcript_id "28_t";
5_dna	GeneMark.hmm3	mRNA	99264	104539	.	-	.	gene_id "28_g"; transcript_id "28_t";
5_dna	GeneMark.hmm3	stop_codon	99264	99266	.	-	0	gene_id "28_g"; transcript_id "28_t";
5_dna	GeneMark.hmm3	CDS	99264	99569	.	-	0	gene_id "28_g"; transcript_id "28_t"; cds_type "Terminal"; count "13_13";
5_dna	GeneMark.hmm3	intron	99570	99653	.	-	0	gene_id "28_g"; transcript_id "28_t";
5_dna	GeneMark.hmm3	CDS	99654	99779	.	-	0	gene_id "28_g"; transcript_id "28_t"; cds_type "Internal"; count "12_13";
5_dna	GeneMark.hmm3	intron	99780	99869	.	-	0	gene_id "28_g"; transcript_id "28_t";
5_dna	GeneMark.hmm3	CDS	99870	99956	.	-	0	gene_id "28_g"; transcript_id "28_t"; cds_type "Internal"; count "11_13";
5_dna	GeneMark.hmm3	intron	99957	100043	.	-	0	gene_id "28_g"; transcript_id "28_t";
5_dna	GeneMark.hmm3	CDS	100044	100103	.	-	0	gene_id "28_g"; transcript_id "28_t"; cds_type "Internal"; count "10_13";
5_dna	GeneMark.hmm3	intron	100104	100193	.	-	0	gene_id "28_g"; transcript_id "28_t";
5_dna	GeneMark.hmm3	CDS	100194	100293	.	-	1	gene_id "28_g"; transcript_id "28_t"; cds_type "Internal"; count "9_13";
5_dna	GeneMark.hmm3	intron	100294	100419	.	-	2	gene_id "28_g"; transcript_id "28_t";
5_dna	GeneMark.hmm3	CDS	100420	101228	.	-	0	gene_id "28_g"; transcript_id "28_t"; cds_type "Internal"; count "8_13";
5_dna	GeneMark.hmm3	intron	101229	101321	.	-	0	gene_id "28_g"; transcript_id "28_t";
5_dna	GeneMark.hmm3	CDS	101322	101447	.	-	0	gene_id "28_g"; transcript_id "28_t"; cds_type "Internal"; count "7_13";
5_dna	GeneMark.hmm3	intron	101448	101536	.	-	0	gene_id "28_g"; transcript_id "28_t";
5_dna	GeneMark.hmm3	CDS	101537	101608	.	-	0	gene_id "28_g"; transcript_id "28_t"; cds_type "Internal"; count "6_13";
5_dna	GeneMark.hmm3	intron	101609	102014	.	-	0	gene_id "28_g"; transcript_id "28_t";
5_dna	GeneMark.hmm3	CDS	102015	102090	.	-	1	gene_id "28_g"; transcript_id "28_t"; cds_type "Internal"; count "5_13";
5_dna	GeneMark.hmm3	intron	102091	102397	.	-	2	gene_id "28_g"; transcript_id "28_t";
5_dna	GeneMark.hmm3	CDS	102398	102458	.	-	2	gene_id "28_g"; transcript_id "28_t"; cds_type "Internal"; count "4_13";
5_dna	GeneMark.hmm3	intron	102459	103237	.	-	1	gene_id "28_g"; transcript_id "28_t";
5_dna	GeneMark.hmm3	CDS	103238	103320	.	-	1	gene_id "28_g"; transcript_id "28_t"; cds_type "Internal"; count "3_13";
5_dna	GeneMark.hmm3	intron	103321	103459	.	-	2	gene_id "28_g"; transcript_id "28_t";
5_dna	GeneMark.hmm3	CDS	103460	103554	.	-	0	gene_id "28_g"; transcript_id "28_t"; cds_type "Internal"; count "2_13";
5_dna	GeneMark.hmm3	intron	103555	104476	.	-	0	gene_id "28_g"; transcript_id "28_t";
5_dna	GeneMark.hmm3	CDS	104477	104539	.	-	0	gene_id "28_g"; transcript_id "28_t"; cds_type "Initial"; count "1_13";
5_dna	GeneMark.hmm3	start_codon	104537	104539	.	-	0	gene_id "28_g"; transcript_id "28_t";
5_dna	GeneMark.hmm3	gene	105307	105612	.	-	.	gene_id "29_g"; transcript_id "29_t";
5_dna	GeneMark.hmm3	mRNA	105307	105612	.	-	.	gene_id "29_g"; transcript_id "29_t";
5_dna	GeneMark.hmm3	stop_codon	105307	105309	.	-	0	gene_id "29_g"; transcript_id "29_t";
5_dna	GeneMark.hmm3	CDS	105307	105612	.	-	0	gene_id "29_g"; transcript_id "29_t"; cds_type "Single"; count "1_1";
5_dna	GeneMark.hmm3	start_codon	105610	105612	.	-	0	gene_id "29_g"; transcript_id "29_t";
5_dna	GeneMark.hmm3	gene	109382	116165	.	+	.	gene_id "30_g"; transcript_id "30_t";
5_dna	GeneMark.hmm3	mRNA	109382	116165	.	+	.	gene_id "30_g"; transcript_id "30_t";
5_dna	GeneMark.hmm3	start_codon	109382	109384	.	+	0	gene_id "30_g"; transcript_id "30_t";
5_dna	GeneMark.hmm3	CDS	109382	109432	.	+	0	gene_id "30_g"; transcript_id "30_t"; cds_type "Initial"; count "1_21";
5_dna	GeneMark.hmm3	intron	109433	109503	.	+	0	gene_id "30_g"; transcript_id "30_t";
5_dna	GeneMark.hmm3	CDS	109504	110048	.	+	0	gene_id "30_g"; transcript_id "30_t"; cds_type "Internal"; count "2_21";
5_dna	GeneMark.hmm3	intron	110049	110140	.	+	2	gene_id "30_g"; transcript_id "30_t";
5_dna	GeneMark.hmm3	CDS	110141	110261	.	+	1	gene_id "30_g"; transcript_id "30_t"; cds_type "Internal"; count "3_21";
5_dna	GeneMark.hmm3	intron	110262	110375	.	+	0	gene_id "30_g"; transcript_id "30_t";
5_dna	GeneMark.hmm3	CDS	110376	110453	.	+	0	gene_id "30_g"; transcript_id "30_t"; cds_type "Internal"; count "4_21";
5_dna	GeneMark.hmm3	intron	110454	110578	.	+	0	gene_id "30_g"; transcript_id "30_t";
5_dna	GeneMark.hmm3	CDS	110579	110683	.	+	0	gene_id "30_g"; transcript_id "30_t"; cds_type "Internal"; count "5_21";
5_dna	GeneMark.hmm3	intron	110684	110796	.	+	0	gene_id "30_g"; transcript_id "30_t";
5_dna	GeneMark.hmm3	CDS	110797	111009	.	+	0	gene_id "30_g"; transcript_id "30_t"; cds_type "Internal"; count "6_21";
5_dna	GeneMark.hmm3	intron	111010	111092	.	+	0	gene_id "30_g"; transcript_id "30_t";
5_dna	GeneMark.hmm3	CDS	111093	111155	.	+	0	gene_id "30_g"; transcript_id "30_t"; cds_type "Internal"; count "7_21";
5_dna	GeneMark.hmm3	intron	111156	111242	.	+	0	gene_id "30_g"; transcript_id "30_t";
5_dna	GeneMark.hmm3	CDS	111243	111361	.	+	0	gene_id "30_g"; transcript_id "30_t"; cds_type "Internal"; count "8_21";
5_dna	GeneMark.hmm3	intron	111362	111445	.	+	2	gene_id "30_g"; transcript_id "30_t";
5_dna	GeneMark.hmm3	CDS	111446	111504	.	+	1	gene_id "30_g"; transcript_id "30_t"; cds_type "Internal"; count "9_21";
5_dna	GeneMark.hmm3	intron	111505	111585	.	+	1	gene_id "30_g"; transcript_id "30_t";
5_dna	GeneMark.hmm3	CDS	111586	111830	.	+	2	gene_id "30_g"; transcript_id "30_t"; cds_type "Internal"; count "10_21";
5_dna	GeneMark.hmm3	intron	111831	112630	.	+	0	gene_id "30_g"; transcript_id "30_t";
5_dna	GeneMark.hmm3	CDS	112631	112784	.	+	0	gene_id "30_g"; transcript_id "30_t"; cds_type "Internal"; count "11_21";
5_dna	GeneMark.hmm3	intron	112785	113382	.	+	1	gene_id "30_g"; transcript_id "30_t";
5_dna	GeneMark.hmm3	CDS	113383	113438	.	+	2	gene_id "30_g"; transcript_id "30_t"; cds_type "Internal"; count "12_21";
5_dna	GeneMark.hmm3	intron	113439	113544	.	+	0	gene_id "30_g"; transcript_id "30_t";
5_dna	GeneMark.hmm3	CDS	113545	114326	.	+	0	gene_id "30_g"; transcript_id "30_t"; cds_type "Internal"; count "13_21";
5_dna	GeneMark.hmm3	intron	114327	114419	.	+	2	gene_id "30_g"; transcript_id "30_t";
5_dna	GeneMark.hmm3	CDS	114420	114552	.	+	1	gene_id "30_g"; transcript_id "30_t"; cds_type "Internal"; count "14_21";
5_dna	GeneMark.hmm3	intron	114553	114653	.	+	0	gene_id "30_g"; transcript_id "30_t";
5_dna	GeneMark.hmm3	CDS	114654	114725	.	+	0	gene_id "30_g"; transcript_id "30_t"; cds_type "Internal"; count "15_21";
5_dna	GeneMark.hmm3	intron	114726	114799	.	+	0	gene_id "30_g"; transcript_id "30_t";
5_dna	GeneMark.hmm3	CDS	114800	114898	.	+	0	gene_id "30_g"; transcript_id "30_t"; cds_type "Internal"; count "16_21";
5_dna	GeneMark.hmm3	intron	114899	115038	.	+	0	gene_id "30_g"; transcript_id "30_t";
5_dna	GeneMark.hmm3	CDS	115039	115251	.	+	0	gene_id "30_g"; transcript_id "30_t"; cds_type "Internal"; count "17_21";
5_dna	GeneMark.hmm3	intron	115252	115332	.	+	0	gene_id "30_g"; transcript_id "30_t";
5_dna	GeneMark.hmm3	CDS	115333	115395	.	+	0	gene_id "30_g"; transcript_id "30_t"; cds_type "Internal"; count "18_21";
5_dna	GeneMark.hmm3	intron	115396	115482	.	+	0	gene_id "30_g"; transcript_id "30_t";
5_dna	GeneMark.hmm3	CDS	115483	115601	.	+	0	gene_id "30_g"; transcript_id "30_t"; cds_type "Internal"; count "19_21";
5_dna	GeneMark.hmm3	intron	115602	115678	.	+	2	gene_id "30_g"; transcript_id "30_t";
5_dna	GeneMark.hmm3	CDS	115679	115737	.	+	1	gene_id "30_g"; transcript_id "30_t"; cds_type "Internal"; count "20_21";
5_dna	GeneMark.hmm3	intron	115738	115839	.	+	1	gene_id "30_g"; transcript_id "30_t";
5_dna	GeneMark.hmm3	CDS	115840	116165	.	+	2	gene_id "30_g"; transcript_id "30_t"; cds_type "Terminal"; count "21_21";
5_dna	GeneMark.hmm3	stop_codon	116163	116165	.	+	0	gene_id "30_g"; transcript_id "30_t";
5_dna	GeneMark.hmm3	gene	116879	122351	.	+	.	gene_id "31_g"; transcript_id "31_t";
5_dna	GeneMark.hmm3	mRNA	116879	122351	.	+	.	gene_id "31_g"; transcript_id "31_t";
5_dna	GeneMark.hmm3	start_codon	116879	116881	.	+	0	gene_id "31_g"; transcript_id "31_t";
5_dna	GeneMark.hmm3	CDS	116879	117524	.	+	0	gene_id "31_g"; transcript_id "31_t"; cds_type "Initial"; count "1_12";
5_dna	GeneMark.hmm3	intron	117525	117607	.	+	1	gene_id "31_g"; transcript_id "31_t";
5_dna	GeneMark.hmm3	CDS	117608	117995	.	+	2	gene_id "31_g"; transcript_id "31_t"; cds_type "Internal"; count "2_12";
5_dna	GeneMark.hmm3	intron	117996	118088	.	+	2	gene_id "31_g"; transcript_id "31_t";
5_dna	GeneMark.hmm3	CDS	118089	118221	.	+	1	gene_id "31_g"; transcript_id "31_t"; cds_type "Internal"; count "3_12";
5_dna	GeneMark.hmm3	intron	118222	118330	.	+	0	gene_id "31_g"; transcript_id "31_t";
5_dna	GeneMark.hmm3	CDS	118331	118402	.	+	0	gene_id "31_g"; transcript_id "31_t"; cds_type "Internal"; count "4_12";
5_dna	GeneMark.hmm3	intron	118403	118476	.	+	0	gene_id "31_g"; transcript_id "31_t";
5_dna	GeneMark.hmm3	CDS	118477	118575	.	+	0	gene_id "31_g"; transcript_id "31_t"; cds_type "Internal"; count "5_12";
5_dna	GeneMark.hmm3	intron	118576	118727	.	+	0	gene_id "31_g"; transcript_id "31_t";
5_dna	GeneMark.hmm3	CDS	118728	118931	.	+	0	gene_id "31_g"; transcript_id "31_t"; cds_type "Internal"; count "6_12";
5_dna	GeneMark.hmm3	intron	118932	119018	.	+	0	gene_id "31_g"; transcript_id "31_t";
5_dna	GeneMark.hmm3	CDS	119019	119081	.	+	0	gene_id "31_g"; transcript_id "31_t"; cds_type "Internal"; count "7_12";
5_dna	GeneMark.hmm3	intron	119082	119161	.	+	0	gene_id "31_g"; transcript_id "31_t";
5_dna	GeneMark.hmm3	CDS	119162	119280	.	+	0	gene_id "31_g"; transcript_id "31_t"; cds_type "Internal"; count "8_12";
5_dna	GeneMark.hmm3	intron	119281	119368	.	+	2	gene_id "31_g"; transcript_id "31_t";
5_dna	GeneMark.hmm3	CDS	119369	119427	.	+	1	gene_id "31_g"; transcript_id "31_t"; cds_type "Internal"; count "9_12";
5_dna	GeneMark.hmm3	intron	119428	119524	.	+	1	gene_id "31_g"; transcript_id "31_t";
5_dna	GeneMark.hmm3	CDS	119525	119846	.	+	2	gene_id "31_g"; transcript_id "31_t"; cds_type "Internal"; count "10_12";
5_dna	GeneMark.hmm3	intron	119847	120101	.	+	2	gene_id "31_g"; transcript_id "31_t";
5_dna	GeneMark.hmm3	CDS	120102	120159	.	+	1	gene_id "31_g"; transcript_id "31_t"; cds_type "Internal"; count "11_12";
5_dna	GeneMark.hmm3	intron	120160	120365	.	+	0	gene_id "31_g"; transcript_id "31_t";
5_dna	GeneMark.hmm3	CDS	120366	122351	.	+	0	gene_id "31_g"; transcript_id "31_t"; cds_type "Terminal"; count "12_12";
5_dna	GeneMark.hmm3	stop_codon	122349	122351	.	+	0	gene_id "31_g"; transcript_id "31_t";
5_dna	GeneMark.hmm3	gene	123772	125071	.	+	.	gene_id "32_g"; transcript_id "32_t";
5_dna	GeneMark.hmm3	mRNA	123772	125071	.	+	.	gene_id "32_g"; transcript_id "32_t";
5_dna	GeneMark.hmm3	start_codon	123772	123774	.	+	0	gene_id "32_g"; transcript_id "32_t";
5_dna	GeneMark.hmm3	CDS	123772	123813	.	+	0	gene_id "32_g"; transcript_id "32_t"; cds_type "Initial"; count "1_8";
5_dna	GeneMark.hmm3	intron	123814	123925	.	+	0	gene_id "32_g"; transcript_id "32_t";
5_dna	GeneMark.hmm3	CDS	123926	123979	.	+	0	gene_id "32_g"; transcript_id "32_t"; cds_type "Internal"; count "2_8";
5_dna	GeneMark.hmm3	intron	123980	124060	.	+	0	gene_id "32_g"; transcript_id "32_t";
5_dna	GeneMark.hmm3	CDS	124061	124212	.	+	0	gene_id "32_g"; transcript_id "32_t"; cds_type "Internal"; count "3_8";
5_dna	GeneMark.hmm3	intron	124213	124306	.	+	2	gene_id "32_g"; transcript_id "32_t";
5_dna	GeneMark.hmm3	CDS	124307	124403	.	+	1	gene_id "32_g"; transcript_id "32_t"; cds_type "Internal"; count "4_8";
5_dna	GeneMark.hmm3	intron	124404	124484	.	+	0	gene_id "32_g"; transcript_id "32_t";
5_dna	GeneMark.hmm3	CDS	124485	124553	.	+	0	gene_id "32_g"; transcript_id "32_t"; cds_type "Internal"; count "5_8";
5_dna	GeneMark.hmm3	intron	124554	124655	.	+	0	gene_id "32_g"; transcript_id "32_t";
5_dna	GeneMark.hmm3	CDS	124656	124775	.	+	0	gene_id "32_g"; transcript_id "32_t"; cds_type "Internal"; count "6_8";
5_dna	GeneMark.hmm3	intron	124776	124854	.	+	0	gene_id "32_g"; transcript_id "32_t";
5_dna	GeneMark.hmm3	CDS	124855	124995	.	+	0	gene_id "32_g"; transcript_id "32_t"; cds_type "Internal"; count "7_8";
5_dna	GeneMark.hmm3	intron	124996	125035	.	+	0	gene_id "32_g"; transcript_id "32_t";
5_dna	GeneMark.hmm3	CDS	125036	125071	.	+	0	gene_id "32_g"; transcript_id "32_t"; cds_type "Terminal"; count "8_8";
5_dna	GeneMark.hmm3	stop_codon	125069	125071	.	+	0	gene_id "32_g"; transcript_id "32_t";
