# Eukaryotic GeneMark.hmm version 3.68
# Sequence name: /home/genomika25/studenci/dmyboi/sequence_adnotation_home_work_cw3/BRAKER/example/braker/GeneMark-ET/output/data/dna.fa_1
# FASTA defline: >dna.fa_1	1_dna	1	125040
# Sequence length: 125040 bp
# G+C content: 34.76%
# Matrices file: /home/genomika25/studenci/dmyboi/sequence_adnotation_home_work_cw3/BRAKER/example/braker/GeneMark-ET/output/gmhmm.mod
# Mon Nov  3 22:17:21 2025
# FASTA definition line: >dna.fa_1	1_dna	1	125040
# sequence-region 1_dna 1 125040
1_dna	GeneMark.hmm3	gene	196	804	.	-	.	gene_id "1_g"; transcript_id "1_t";
1_dna	GeneMark.hmm3	mRNA	196	804	.	-	.	gene_id "1_g"; transcript_id "1_t";
1_dna	GeneMark.hmm3	stop_codon	196	198	.	-	0	gene_id "1_g"; transcript_id "1_t";
1_dna	GeneMark.hmm3	CDS	196	804	.	-	0	gene_id "1_g"; transcript_id "1_t"; cds_type "Single"; count "1_1";
1_dna	GeneMark.hmm3	start_codon	802	804	.	-	0	gene_id "1_g"; transcript_id "1_t";
1_dna	GeneMark.hmm3	gene	2640	15564	.	+	.	gene_id "2_g"; transcript_id "2_t";
1_dna	GeneMark.hmm3	mRNA	2640	15564	.	+	.	gene_id "2_g"; transcript_id "2_t";
1_dna	GeneMark.hmm3	start_codon	2640	2642	.	+	0	gene_id "2_g"; transcript_id "2_t";
1_dna	GeneMark.hmm3	CDS	2640	2723	.	+	0	gene_id "2_g"; transcript_id "2_t"; cds_type "Initial"; count "1_15";
1_dna	GeneMark.hmm3	intron	2724	6874	.	+	0	gene_id "2_g"; transcript_id "2_t";
1_dna	GeneMark.hmm3	CDS	6875	7098	.	+	0	gene_id "2_g"; transcript_id "2_t"; cds_type "Internal"; count "2_15";
1_dna	GeneMark.hmm3	intron	7099	9179	.	+	2	gene_id "2_g"; transcript_id "2_t";
1_dna	GeneMark.hmm3	CDS	9180	9237	.	+	1	gene_id "2_g"; transcript_id "2_t"; cds_type "Internal"; count "3_15";
1_dna	GeneMark.hmm3	intron	9238	9439	.	+	0	gene_id "2_g"; transcript_id "2_t";
1_dna	GeneMark.hmm3	CDS	9440	9501	.	+	0	gene_id "2_g"; transcript_id "2_t"; cds_type "Internal"; count "4_15";
1_dna	GeneMark.hmm3	intron	9502	9587	.	+	2	gene_id "2_g"; transcript_id "2_t";
1_dna	GeneMark.hmm3	CDS	9588	9687	.	+	1	gene_id "2_g"; transcript_id "2_t"; cds_type "Internal"; count "5_15";
1_dna	GeneMark.hmm3	intron	9688	9801	.	+	0	gene_id "2_g"; transcript_id "2_t";
1_dna	GeneMark.hmm3	CDS	9802	9843	.	+	0	gene_id "2_g"; transcript_id "2_t"; cds_type "Internal"; count "6_15";
1_dna	GeneMark.hmm3	intron	9844	10152	.	+	0	gene_id "2_g"; transcript_id "2_t";
1_dna	GeneMark.hmm3	CDS	10153	10194	.	+	0	gene_id "2_g"; transcript_id "2_t"; cds_type "Internal"; count "7_15";
1_dna	GeneMark.hmm3	intron	10195	10511	.	+	0	gene_id "2_g"; transcript_id "2_t";
1_dna	GeneMark.hmm3	CDS	10512	10609	.	+	0	gene_id "2_g"; transcript_id "2_t"; cds_type "Internal"; count "8_15";
1_dna	GeneMark.hmm3	intron	10610	11997	.	+	2	gene_id "2_g"; transcript_id "2_t";
1_dna	GeneMark.hmm3	CDS	11998	12210	.	+	1	gene_id "2_g"; transcript_id "2_t"; cds_type "Internal"; count "9_15";
1_dna	GeneMark.hmm3	intron	12211	14169	.	+	2	gene_id "2_g"; transcript_id "2_t";
1_dna	GeneMark.hmm3	CDS	14170	14227	.	+	1	gene_id "2_g"; transcript_id "2_t"; cds_type "Internal"; count "10_15";
1_dna	GeneMark.hmm3	intron	14228	14440	.	+	0	gene_id "2_g"; transcript_id "2_t";
1_dna	GeneMark.hmm3	CDS	14441	14502	.	+	0	gene_id "2_g"; transcript_id "2_t"; cds_type "Internal"; count "11_15";
1_dna	GeneMark.hmm3	intron	14503	14582	.	+	2	gene_id "2_g"; transcript_id "2_t";
1_dna	GeneMark.hmm3	CDS	14583	14682	.	+	1	gene_id "2_g"; transcript_id "2_t"; cds_type "Internal"; count "12_15";
1_dna	GeneMark.hmm3	intron	14683	14782	.	+	0	gene_id "2_g"; transcript_id "2_t";
1_dna	GeneMark.hmm3	CDS	14783	14824	.	+	0	gene_id "2_g"; transcript_id "2_t"; cds_type "Internal"; count "13_15";
1_dna	GeneMark.hmm3	intron	14825	15112	.	+	0	gene_id "2_g"; transcript_id "2_t";
1_dna	GeneMark.hmm3	CDS	15113	15154	.	+	0	gene_id "2_g"; transcript_id "2_t"; cds_type "Internal"; count "14_15";
1_dna	GeneMark.hmm3	intron	15155	15462	.	+	0	gene_id "2_g"; transcript_id "2_t";
1_dna	GeneMark.hmm3	CDS	15463	15564	.	+	0	gene_id "2_g"; transcript_id "2_t"; cds_type "Terminal"; count "15_15";
1_dna	GeneMark.hmm3	stop_codon	15562	15564	.	+	0	gene_id "2_g"; transcript_id "2_t";
1_dna	GeneMark.hmm3	gene	16809	20429	.	+	.	gene_id "3_g"; transcript_id "3_t";
1_dna	GeneMark.hmm3	mRNA	16809	20429	.	+	.	gene_id "3_g"; transcript_id "3_t";
1_dna	GeneMark.hmm3	start_codon	16809	16811	.	+	0	gene_id "3_g"; transcript_id "3_t";
1_dna	GeneMark.hmm3	CDS	16809	16993	.	+	0	gene_id "3_g"; transcript_id "3_t"; cds_type "Initial"; count "1_7";
1_dna	GeneMark.hmm3	intron	16994	18931	.	+	2	gene_id "3_g"; transcript_id "3_t";
1_dna	GeneMark.hmm3	CDS	18932	18989	.	+	1	gene_id "3_g"; transcript_id "3_t"; cds_type "Internal"; count "2_7";
1_dna	GeneMark.hmm3	intron	18990	19545	.	+	0	gene_id "3_g"; transcript_id "3_t";
1_dna	GeneMark.hmm3	CDS	19546	19607	.	+	0	gene_id "3_g"; transcript_id "3_t"; cds_type "Internal"; count "3_7";
1_dna	GeneMark.hmm3	intron	19608	19696	.	+	2	gene_id "3_g"; transcript_id "3_t";
1_dna	GeneMark.hmm3	CDS	19697	19796	.	+	1	gene_id "3_g"; transcript_id "3_t"; cds_type "Internal"; count "4_7";
1_dna	GeneMark.hmm3	intron	19797	19923	.	+	0	gene_id "3_g"; transcript_id "3_t";
1_dna	GeneMark.hmm3	CDS	19924	19965	.	+	0	gene_id "3_g"; transcript_id "3_t"; cds_type "Internal"; count "5_7";
1_dna	GeneMark.hmm3	intron	19966	20164	.	+	0	gene_id "3_g"; transcript_id "3_t";
1_dna	GeneMark.hmm3	CDS	20165	20215	.	+	0	gene_id "3_g"; transcript_id "3_t"; cds_type "Internal"; count "6_7";
1_dna	GeneMark.hmm3	intron	20216	20324	.	+	0	gene_id "3_g"; transcript_id "3_t";
1_dna	GeneMark.hmm3	CDS	20325	20429	.	+	0	gene_id "3_g"; transcript_id "3_t"; cds_type "Terminal"; count "7_7";
1_dna	GeneMark.hmm3	stop_codon	20427	20429	.	+	0	gene_id "3_g"; transcript_id "3_t";
1_dna	GeneMark.hmm3	gene	22170	26710	.	+	.	gene_id "4_g"; transcript_id "4_t";
1_dna	GeneMark.hmm3	mRNA	22170	26710	.	+	.	gene_id "4_g"; transcript_id "4_t";
1_dna	GeneMark.hmm3	start_codon	22170	22172	.	+	0	gene_id "4_g"; transcript_id "4_t";
1_dna	GeneMark.hmm3	CDS	22170	22354	.	+	0	gene_id "4_g"; transcript_id "4_t"; cds_type "Initial"; count "1_9";
1_dna	GeneMark.hmm3	intron	22355	24765	.	+	2	gene_id "4_g"; transcript_id "4_t";
1_dna	GeneMark.hmm3	CDS	24766	24823	.	+	1	gene_id "4_g"; transcript_id "4_t"; cds_type "Internal"; count "2_9";
1_dna	GeneMark.hmm3	intron	24824	24952	.	+	0	gene_id "4_g"; transcript_id "4_t";
1_dna	GeneMark.hmm3	CDS	24953	24986	.	+	0	gene_id "4_g"; transcript_id "4_t"; cds_type "Internal"; count "3_9";
1_dna	GeneMark.hmm3	intron	24987	25208	.	+	1	gene_id "4_g"; transcript_id "4_t";
1_dna	GeneMark.hmm3	CDS	25209	25276	.	+	2	gene_id "4_g"; transcript_id "4_t"; cds_type "Internal"; count "4_9";
1_dna	GeneMark.hmm3	intron	25277	25364	.	+	0	gene_id "4_g"; transcript_id "4_t";
1_dna	GeneMark.hmm3	CDS	25365	25426	.	+	0	gene_id "4_g"; transcript_id "4_t"; cds_type "Internal"; count "5_9";
1_dna	GeneMark.hmm3	intron	25427	25520	.	+	2	gene_id "4_g"; transcript_id "4_t";
1_dna	GeneMark.hmm3	CDS	25521	25620	.	+	1	gene_id "4_g"; transcript_id "4_t"; cds_type "Internal"; count "6_9";
1_dna	GeneMark.hmm3	intron	25621	25742	.	+	0	gene_id "4_g"; transcript_id "4_t";
1_dna	GeneMark.hmm3	CDS	25743	25784	.	+	0	gene_id "4_g"; transcript_id "4_t"; cds_type "Internal"; count "7_9";
1_dna	GeneMark.hmm3	intron	25785	26086	.	+	0	gene_id "4_g"; transcript_id "4_t";
1_dna	GeneMark.hmm3	CDS	26087	26128	.	+	0	gene_id "4_g"; transcript_id "4_t"; cds_type "Internal"; count "8_9";
1_dna	GeneMark.hmm3	intron	26129	26602	.	+	0	gene_id "4_g"; transcript_id "4_t";
1_dna	GeneMark.hmm3	CDS	26603	26710	.	+	0	gene_id "4_g"; transcript_id "4_t"; cds_type "Terminal"; count "9_9";
1_dna	GeneMark.hmm3	stop_codon	26708	26710	.	+	0	gene_id "4_g"; transcript_id "4_t";
1_dna	GeneMark.hmm3	gene	28940	31155	.	+	.	gene_id "5_g"; transcript_id "5_t";
1_dna	GeneMark.hmm3	mRNA	28940	31155	.	+	.	gene_id "5_g"; transcript_id "5_t";
1_dna	GeneMark.hmm3	start_codon	28940	28942	.	+	0	gene_id "5_g"; transcript_id "5_t";
1_dna	GeneMark.hmm3	CDS	28940	29003	.	+	0	gene_id "5_g"; transcript_id "5_t"; cds_type "Initial"; count "1_7";
1_dna	GeneMark.hmm3	intron	29004	29279	.	+	1	gene_id "5_g"; transcript_id "5_t";
1_dna	GeneMark.hmm3	CDS	29280	29367	.	+	2	gene_id "5_g"; transcript_id "5_t"; cds_type "Internal"; count "2_7";
1_dna	GeneMark.hmm3	intron	29368	29437	.	+	2	gene_id "5_g"; transcript_id "5_t";
1_dna	GeneMark.hmm3	CDS	29438	30134	.	+	1	gene_id "5_g"; transcript_id "5_t"; cds_type "Internal"; count "3_7";
1_dna	GeneMark.hmm3	intron	30135	30213	.	+	0	gene_id "5_g"; transcript_id "5_t";
1_dna	GeneMark.hmm3	CDS	30214	30407	.	+	0	gene_id "5_g"; transcript_id "5_t"; cds_type "Internal"; count "4_7";
1_dna	GeneMark.hmm3	intron	30408	30490	.	+	2	gene_id "5_g"; transcript_id "5_t";
1_dna	GeneMark.hmm3	CDS	30491	30599	.	+	1	gene_id "5_g"; transcript_id "5_t"; cds_type "Internal"; count "5_7";
1_dna	GeneMark.hmm3	intron	30600	30680	.	+	0	gene_id "5_g"; transcript_id "5_t";
1_dna	GeneMark.hmm3	CDS	30681	30829	.	+	0	gene_id "5_g"; transcript_id "5_t"; cds_type "Internal"; count "6_7";
1_dna	GeneMark.hmm3	intron	30830	30935	.	+	2	gene_id "5_g"; transcript_id "5_t";
1_dna	GeneMark.hmm3	CDS	30936	31155	.	+	1	gene_id "5_g"; transcript_id "5_t"; cds_type "Terminal"; count "7_7";
1_dna	GeneMark.hmm3	stop_codon	31153	31155	.	+	0	gene_id "5_g"; transcript_id "5_t";
1_dna	GeneMark.hmm3	gene	31334	33007	.	-	.	gene_id "6_g"; transcript_id "6_t";
1_dna	GeneMark.hmm3	mRNA	31334	33007	.	-	.	gene_id "6_g"; transcript_id "6_t";
1_dna	GeneMark.hmm3	stop_codon	31334	31336	.	-	0	gene_id "6_g"; transcript_id "6_t";
1_dna	GeneMark.hmm3	CDS	31334	33007	.	-	0	gene_id "6_g"; transcript_id "6_t"; cds_type "Single"; count "1_1";
1_dna	GeneMark.hmm3	start_codon	33005	33007	.	-	0	gene_id "6_g"; transcript_id "6_t";
1_dna	GeneMark.hmm3	gene	34320	36981	.	-	.	gene_id "7_g"; transcript_id "7_t";
1_dna	GeneMark.hmm3	mRNA	34320	36981	.	-	.	gene_id "7_g"; transcript_id "7_t";
1_dna	GeneMark.hmm3	stop_codon	34320	34322	.	-	0	gene_id "7_g"; transcript_id "7_t";
1_dna	GeneMark.hmm3	CDS	34320	34475	.	-	0	gene_id "7_g"; transcript_id "7_t"; cds_type "Terminal"; count "7_7";
1_dna	GeneMark.hmm3	intron	34476	34576	.	-	0	gene_id "7_g"; transcript_id "7_t";
1_dna	GeneMark.hmm3	CDS	34577	34700	.	-	1	gene_id "7_g"; transcript_id "7_t"; cds_type "Internal"; count "6_7";
1_dna	GeneMark.hmm3	intron	34701	34787	.	-	2	gene_id "7_g"; transcript_id "7_t";
1_dna	GeneMark.hmm3	CDS	34788	34954	.	-	0	gene_id "7_g"; transcript_id "7_t"; cds_type "Internal"; count "5_7";
1_dna	GeneMark.hmm3	intron	34955	35044	.	-	0	gene_id "7_g"; transcript_id "7_t";
1_dna	GeneMark.hmm3	CDS	35045	35224	.	-	0	gene_id "7_g"; transcript_id "7_t"; cds_type "Internal"; count "4_7";
1_dna	GeneMark.hmm3	intron	35225	35301	.	-	0	gene_id "7_g"; transcript_id "7_t";
1_dna	GeneMark.hmm3	CDS	35302	36182	.	-	2	gene_id "7_g"; transcript_id "7_t"; cds_type "Internal"; count "3_7";
1_dna	GeneMark.hmm3	intron	36183	36269	.	-	1	gene_id "7_g"; transcript_id "7_t";
1_dna	GeneMark.hmm3	CDS	36270	36385	.	-	1	gene_id "7_g"; transcript_id "7_t"; cds_type "Internal"; count "2_7";
1_dna	GeneMark.hmm3	intron	36386	36526	.	-	2	gene_id "7_g"; transcript_id "7_t";
1_dna	GeneMark.hmm3	CDS	36527	36981	.	-	0	gene_id "7_g"; transcript_id "7_t"; cds_type "Initial"; count "1_7";
1_dna	GeneMark.hmm3	start_codon	36979	36981	.	-	0	gene_id "7_g"; transcript_id "7_t";
1_dna	GeneMark.hmm3	gene	37773	39003	.	+	.	gene_id "8_g"; transcript_id "8_t";
1_dna	GeneMark.hmm3	mRNA	37773	39003	.	+	.	gene_id "8_g"; transcript_id "8_t";
1_dna	GeneMark.hmm3	start_codon	37773	37775	.	+	0	gene_id "8_g"; transcript_id "8_t";
1_dna	GeneMark.hmm3	CDS	37773	38397	.	+	0	gene_id "8_g"; transcript_id "8_t"; cds_type "Initial"; count "1_4";
1_dna	GeneMark.hmm3	intron	38398	38500	.	+	1	gene_id "8_g"; transcript_id "8_t";
1_dna	GeneMark.hmm3	CDS	38501	38554	.	+	2	gene_id "8_g"; transcript_id "8_t"; cds_type "Internal"; count "2_4";
1_dna	GeneMark.hmm3	intron	38555	38630	.	+	1	gene_id "8_g"; transcript_id "8_t";
1_dna	GeneMark.hmm3	CDS	38631	38812	.	+	2	gene_id "8_g"; transcript_id "8_t"; cds_type "Internal"; count "3_4";
1_dna	GeneMark.hmm3	intron	38813	38910	.	+	0	gene_id "8_g"; transcript_id "8_t";
1_dna	GeneMark.hmm3	CDS	38911	39003	.	+	0	gene_id "8_g"; transcript_id "8_t"; cds_type "Terminal"; count "4_4";
1_dna	GeneMark.hmm3	stop_codon	39001	39003	.	+	0	gene_id "8_g"; transcript_id "8_t";
1_dna	GeneMark.hmm3	gene	41896	42735	.	+	.	gene_id "9_g"; transcript_id "9_t";
1_dna	GeneMark.hmm3	mRNA	41896	42735	.	+	.	gene_id "9_g"; transcript_id "9_t";
1_dna	GeneMark.hmm3	start_codon	41896	41898	.	+	0	gene_id "9_g"; transcript_id "9_t";
1_dna	GeneMark.hmm3	CDS	41896	42735	.	+	0	gene_id "9_g"; transcript_id "9_t"; cds_type "Single"; count "1_1";
1_dna	GeneMark.hmm3	stop_codon	42733	42735	.	+	0	gene_id "9_g"; transcript_id "9_t";
1_dna	GeneMark.hmm3	gene	44348	46576	.	-	.	gene_id "10_g"; transcript_id "10_t";
1_dna	GeneMark.hmm3	mRNA	44348	46576	.	-	.	gene_id "10_g"; transcript_id "10_t";
1_dna	GeneMark.hmm3	stop_codon	44348	44350	.	-	0	gene_id "10_g"; transcript_id "10_t";
1_dna	GeneMark.hmm3	CDS	44348	44427	.	-	2	gene_id "10_g"; transcript_id "10_t"; cds_type "Terminal"; count "11_11";
1_dna	GeneMark.hmm3	intron	44428	44530	.	-	1	gene_id "10_g"; transcript_id "10_t";
1_dna	GeneMark.hmm3	CDS	44531	44627	.	-	0	gene_id "10_g"; transcript_id "10_t"; cds_type "Internal"; count "10_11";
1_dna	GeneMark.hmm3	intron	44628	44778	.	-	0	gene_id "10_g"; transcript_id "10_t";
1_dna	GeneMark.hmm3	CDS	44779	44849	.	-	2	gene_id "10_g"; transcript_id "10_t"; cds_type "Internal"; count "9_11";
1_dna	GeneMark.hmm3	intron	44850	44971	.	-	1	gene_id "10_g"; transcript_id "10_t";
1_dna	GeneMark.hmm3	CDS	44972	45059	.	-	0	gene_id "10_g"; transcript_id "10_t"; cds_type "Internal"; count "8_11";
1_dna	GeneMark.hmm3	intron	45060	45155	.	-	0	gene_id "10_g"; transcript_id "10_t";
1_dna	GeneMark.hmm3	CDS	45156	45233	.	-	0	gene_id "10_g"; transcript_id "10_t"; cds_type "Internal"; count "7_11";
1_dna	GeneMark.hmm3	intron	45234	45351	.	-	0	gene_id "10_g"; transcript_id "10_t";
1_dna	GeneMark.hmm3	CDS	45352	45453	.	-	0	gene_id "10_g"; transcript_id "10_t"; cds_type "Internal"; count "6_11";
1_dna	GeneMark.hmm3	intron	45454	45536	.	-	0	gene_id "10_g"; transcript_id "10_t";
1_dna	GeneMark.hmm3	CDS	45537	45593	.	-	0	gene_id "10_g"; transcript_id "10_t"; cds_type "Internal"; count "5_11";
1_dna	GeneMark.hmm3	intron	45594	45687	.	-	0	gene_id "10_g"; transcript_id "10_t";
1_dna	GeneMark.hmm3	CDS	45688	45783	.	-	0	gene_id "10_g"; transcript_id "10_t"; cds_type "Internal"; count "4_11";
1_dna	GeneMark.hmm3	intron	45784	45883	.	-	0	gene_id "10_g"; transcript_id "10_t";
1_dna	GeneMark.hmm3	CDS	45884	45955	.	-	0	gene_id "10_g"; transcript_id "10_t"; cds_type "Internal"; count "3_11";
1_dna	GeneMark.hmm3	intron	45956	46060	.	-	0	gene_id "10_g"; transcript_id "10_t";
1_dna	GeneMark.hmm3	CDS	46061	46201	.	-	0	gene_id "10_g"; transcript_id "10_t"; cds_type "Internal"; count "2_11";
1_dna	GeneMark.hmm3	intron	46202	46294	.	-	0	gene_id "10_g"; transcript_id "10_t";
1_dna	GeneMark.hmm3	CDS	46295	46576	.	-	0	gene_id "10_g"; transcript_id "10_t"; cds_type "Initial"; count "1_11";
1_dna	GeneMark.hmm3	start_codon	46574	46576	.	-	0	gene_id "10_g"; transcript_id "10_t";
1_dna	GeneMark.hmm3	gene	46603	55203	.	+	.	gene_id "11_g"; transcript_id "11_t";
1_dna	GeneMark.hmm3	mRNA	46603	55203	.	+	.	gene_id "11_g"; transcript_id "11_t";
1_dna	GeneMark.hmm3	start_codon	46603	46605	.	+	0	gene_id "11_g"; transcript_id "11_t";
1_dna	GeneMark.hmm3	CDS	46603	46744	.	+	0	gene_id "11_g"; transcript_id "11_t"; cds_type "Initial"; count "1_4";
1_dna	GeneMark.hmm3	intron	46745	46844	.	+	1	gene_id "11_g"; transcript_id "11_t";
1_dna	GeneMark.hmm3	CDS	46845	46909	.	+	2	gene_id "11_g"; transcript_id "11_t"; cds_type "Internal"; count "2_4";
1_dna	GeneMark.hmm3	intron	46910	54637	.	+	0	gene_id "11_g"; transcript_id "11_t";
1_dna	GeneMark.hmm3	CDS	54638	54712	.	+	0	gene_id "11_g"; transcript_id "11_t"; cds_type "Internal"; count "3_4";
1_dna	GeneMark.hmm3	intron	54713	54807	.	+	0	gene_id "11_g"; transcript_id "11_t";
1_dna	GeneMark.hmm3	CDS	54808	55203	.	+	0	gene_id "11_g"; transcript_id "11_t"; cds_type "Terminal"; count "4_4";
1_dna	GeneMark.hmm3	stop_codon	55201	55203	.	+	0	gene_id "11_g"; transcript_id "11_t";
1_dna	GeneMark.hmm3	gene	55956	60421	.	-	.	gene_id "12_g"; transcript_id "12_t";
1_dna	GeneMark.hmm3	mRNA	55956	60421	.	-	.	gene_id "12_g"; transcript_id "12_t";
1_dna	GeneMark.hmm3	stop_codon	55956	55958	.	-	0	gene_id "12_g"; transcript_id "12_t";
1_dna	GeneMark.hmm3	CDS	55956	56087	.	-	0	gene_id "12_g"; transcript_id "12_t"; cds_type "Terminal"; count "9_9";
1_dna	GeneMark.hmm3	intron	56088	56172	.	-	0	gene_id "12_g"; transcript_id "12_t";
1_dna	GeneMark.hmm3	CDS	56173	56506	.	-	1	gene_id "12_g"; transcript_id "12_t"; cds_type "Internal"; count "8_9";
1_dna	GeneMark.hmm3	intron	56507	56780	.	-	2	gene_id "12_g"; transcript_id "12_t";
1_dna	GeneMark.hmm3	CDS	56781	57149	.	-	1	gene_id "12_g"; transcript_id "12_t"; cds_type "Internal"; count "7_9";
1_dna	GeneMark.hmm3	intron	57150	57220	.	-	2	gene_id "12_g"; transcript_id "12_t";
1_dna	GeneMark.hmm3	CDS	57221	58180	.	-	1	gene_id "12_g"; transcript_id "12_t"; cds_type "Internal"; count "6_9";
1_dna	GeneMark.hmm3	intron	58181	59038	.	-	2	gene_id "12_g"; transcript_id "12_t";
1_dna	GeneMark.hmm3	CDS	59039	59200	.	-	1	gene_id "12_g"; transcript_id "12_t"; cds_type "Internal"; count "5_9";
1_dna	GeneMark.hmm3	intron	59201	59280	.	-	2	gene_id "12_g"; transcript_id "12_t";
1_dna	GeneMark.hmm3	CDS	59281	59490	.	-	1	gene_id "12_g"; transcript_id "12_t"; cds_type "Internal"; count "4_9";
1_dna	GeneMark.hmm3	intron	59491	59721	.	-	2	gene_id "12_g"; transcript_id "12_t";
1_dna	GeneMark.hmm3	CDS	59722	59960	.	-	0	gene_id "12_g"; transcript_id "12_t"; cds_type "Internal"; count "3_9";
1_dna	GeneMark.hmm3	intron	59961	60041	.	-	0	gene_id "12_g"; transcript_id "12_t";
1_dna	GeneMark.hmm3	CDS	60042	60157	.	-	2	gene_id "12_g"; transcript_id "12_t"; cds_type "Internal"; count "2_9";
1_dna	GeneMark.hmm3	intron	60158	60243	.	-	1	gene_id "12_g"; transcript_id "12_t";
1_dna	GeneMark.hmm3	CDS	60244	60421	.	-	0	gene_id "12_g"; transcript_id "12_t"; cds_type "Initial"; count "1_9";
1_dna	GeneMark.hmm3	start_codon	60419	60421	.	-	0	gene_id "12_g"; transcript_id "12_t";
1_dna	GeneMark.hmm3	gene	65717	66805	.	+	.	gene_id "13_g"; transcript_id "13_t";
1_dna	GeneMark.hmm3	mRNA	65717	66805	.	+	.	gene_id "13_g"; transcript_id "13_t";
1_dna	GeneMark.hmm3	start_codon	65717	65719	.	+	0	gene_id "13_g"; transcript_id "13_t";
1_dna	GeneMark.hmm3	CDS	65717	66805	.	+	0	gene_id "13_g"; transcript_id "13_t"; cds_type "Single"; count "1_1";
1_dna	GeneMark.hmm3	stop_codon	66803	66805	.	+	0	gene_id "13_g"; transcript_id "13_t";
1_dna	GeneMark.hmm3	gene	70124	72305	.	+	.	gene_id "14_g"; transcript_id "14_t";
1_dna	GeneMark.hmm3	mRNA	70124	72305	.	+	.	gene_id "14_g"; transcript_id "14_t";
1_dna	GeneMark.hmm3	start_codon	70124	70126	.	+	0	gene_id "14_g"; transcript_id "14_t";
1_dna	GeneMark.hmm3	CDS	70124	70199	.	+	0	gene_id "14_g"; transcript_id "14_t"; cds_type "Initial"; count "1_8";
1_dna	GeneMark.hmm3	intron	70200	70406	.	+	1	gene_id "14_g"; transcript_id "14_t";
1_dna	GeneMark.hmm3	CDS	70407	70633	.	+	2	gene_id "14_g"; transcript_id "14_t"; cds_type "Internal"; count "2_8";
1_dna	GeneMark.hmm3	intron	70634	70742	.	+	0	gene_id "14_g"; transcript_id "14_t";
1_dna	GeneMark.hmm3	CDS	70743	70808	.	+	0	gene_id "14_g"; transcript_id "14_t"; cds_type "Internal"; count "3_8";
1_dna	GeneMark.hmm3	intron	70809	70916	.	+	0	gene_id "14_g"; transcript_id "14_t";
1_dna	GeneMark.hmm3	CDS	70917	71072	.	+	0	gene_id "14_g"; transcript_id "14_t"; cds_type "Internal"; count "4_8";
1_dna	GeneMark.hmm3	intron	71073	71184	.	+	0	gene_id "14_g"; transcript_id "14_t";
1_dna	GeneMark.hmm3	CDS	71185	71341	.	+	0	gene_id "14_g"; transcript_id "14_t"; cds_type "Internal"; count "5_8";
1_dna	GeneMark.hmm3	intron	71342	71422	.	+	1	gene_id "14_g"; transcript_id "14_t";
1_dna	GeneMark.hmm3	CDS	71423	71565	.	+	2	gene_id "14_g"; transcript_id "14_t"; cds_type "Internal"; count "6_8";
1_dna	GeneMark.hmm3	intron	71566	71640	.	+	0	gene_id "14_g"; transcript_id "14_t";
1_dna	GeneMark.hmm3	CDS	71641	71676	.	+	0	gene_id "14_g"; transcript_id "14_t"; cds_type "Internal"; count "7_8";
1_dna	GeneMark.hmm3	intron	71677	71801	.	+	0	gene_id "14_g"; transcript_id "14_t";
1_dna	GeneMark.hmm3	CDS	71802	72305	.	+	0	gene_id "14_g"; transcript_id "14_t"; cds_type "Terminal"; count "8_8";
1_dna	GeneMark.hmm3	stop_codon	72303	72305	.	+	0	gene_id "14_g"; transcript_id "14_t";
1_dna	GeneMark.hmm3	gene	72672	74342	.	-	.	gene_id "15_g"; transcript_id "15_t";
1_dna	GeneMark.hmm3	mRNA	72672	74342	.	-	.	gene_id "15_g"; transcript_id "15_t";
1_dna	GeneMark.hmm3	stop_codon	72672	72674	.	-	0	gene_id "15_g"; transcript_id "15_t";
1_dna	GeneMark.hmm3	CDS	72672	74342	.	-	0	gene_id "15_g"; transcript_id "15_t"; cds_type "Single"; count "1_1";
1_dna	GeneMark.hmm3	start_codon	74340	74342	.	-	0	gene_id "15_g"; transcript_id "15_t";
1_dna	GeneMark.hmm3	gene	75425	76516	.	-	.	gene_id "16_g"; transcript_id "16_t";
1_dna	GeneMark.hmm3	mRNA	75425	76516	.	-	.	gene_id "16_g"; transcript_id "16_t";
1_dna	GeneMark.hmm3	stop_codon	75425	75427	.	-	0	gene_id "16_g"; transcript_id "16_t";
1_dna	GeneMark.hmm3	CDS	75425	75779	.	-	1	gene_id "16_g"; transcript_id "16_t"; cds_type "Terminal"; count "3_3";
1_dna	GeneMark.hmm3	intron	75780	75864	.	-	2	gene_id "16_g"; transcript_id "16_t";
1_dna	GeneMark.hmm3	CDS	75865	76024	.	-	2	gene_id "16_g"; transcript_id "16_t"; cds_type "Internal"; count "2_3";
1_dna	GeneMark.hmm3	intron	76025	76173	.	-	1	gene_id "16_g"; transcript_id "16_t";
1_dna	GeneMark.hmm3	CDS	76174	76516	.	-	0	gene_id "16_g"; transcript_id "16_t"; cds_type "Initial"; count "1_3";
1_dna	GeneMark.hmm3	start_codon	76514	76516	.	-	0	gene_id "16_g"; transcript_id "16_t";
1_dna	GeneMark.hmm3	gene	81829	87005	.	+	.	gene_id "18_g"; transcript_id "18_t";
1_dna	GeneMark.hmm3	mRNA	81829	87005	.	+	.	gene_id "18_g"; transcript_id "18_t";
1_dna	GeneMark.hmm3	start_codon	81829	81831	.	+	0	gene_id "18_g"; transcript_id "18_t";
1_dna	GeneMark.hmm3	CDS	81829	81862	.	+	0	gene_id "18_g"; transcript_id "18_t"; cds_type "Initial"; count "1_13";
1_dna	GeneMark.hmm3	intron	81863	82346	.	+	1	gene_id "18_g"; transcript_id "18_t";
1_dna	GeneMark.hmm3	CDS	82347	82420	.	+	2	gene_id "18_g"; transcript_id "18_t"; cds_type "Internal"; count "2_13";
1_dna	GeneMark.hmm3	intron	82421	82514	.	+	0	gene_id "18_g"; transcript_id "18_t";
1_dna	GeneMark.hmm3	CDS	82515	82552	.	+	0	gene_id "18_g"; transcript_id "18_t"; cds_type "Internal"; count "3_13";
1_dna	GeneMark.hmm3	intron	82553	83093	.	+	2	gene_id "18_g"; transcript_id "18_t";
1_dna	GeneMark.hmm3	CDS	83094	83148	.	+	1	gene_id "18_g"; transcript_id "18_t"; cds_type "Internal"; count "4_13";
1_dna	GeneMark.hmm3	intron	83149	83812	.	+	0	gene_id "18_g"; transcript_id "18_t";
1_dna	GeneMark.hmm3	CDS	83813	83893	.	+	0	gene_id "18_g"; transcript_id "18_t"; cds_type "Internal"; count "5_13";
1_dna	GeneMark.hmm3	intron	83894	83977	.	+	0	gene_id "18_g"; transcript_id "18_t";
1_dna	GeneMark.hmm3	CDS	83978	84037	.	+	0	gene_id "18_g"; transcript_id "18_t"; cds_type "Internal"; count "6_13";
1_dna	GeneMark.hmm3	intron	84038	84121	.	+	0	gene_id "18_g"; transcript_id "18_t";
1_dna	GeneMark.hmm3	CDS	84122	84199	.	+	0	gene_id "18_g"; transcript_id "18_t"; cds_type "Internal"; count "7_13";
1_dna	GeneMark.hmm3	intron	84200	84287	.	+	0	gene_id "18_g"; transcript_id "18_t";
1_dna	GeneMark.hmm3	CDS	84288	84351	.	+	0	gene_id "18_g"; transcript_id "18_t"; cds_type "Internal"; count "8_13";
1_dna	GeneMark.hmm3	intron	84352	84433	.	+	1	gene_id "18_g"; transcript_id "18_t";
1_dna	GeneMark.hmm3	CDS	84434	84705	.	+	2	gene_id "18_g"; transcript_id "18_t"; cds_type "Internal"; count "9_13";
1_dna	GeneMark.hmm3	intron	84706	84793	.	+	0	gene_id "18_g"; transcript_id "18_t";
1_dna	GeneMark.hmm3	CDS	84794	85021	.	+	0	gene_id "18_g"; transcript_id "18_t"; cds_type "Internal"; count "10_13";
1_dna	GeneMark.hmm3	intron	85022	85095	.	+	0	gene_id "18_g"; transcript_id "18_t";
1_dna	GeneMark.hmm3	CDS	85096	85244	.	+	0	gene_id "18_g"; transcript_id "18_t"; cds_type "Internal"; count "11_13";
1_dna	GeneMark.hmm3	intron	85245	85849	.	+	2	gene_id "18_g"; transcript_id "18_t";
1_dna	GeneMark.hmm3	CDS	85850	86138	.	+	1	gene_id "18_g"; transcript_id "18_t"; cds_type "Internal"; count "12_13";
1_dna	GeneMark.hmm3	intron	86139	86822	.	+	0	gene_id "18_g"; transcript_id "18_t";
1_dna	GeneMark.hmm3	CDS	86823	87005	.	+	0	gene_id "18_g"; transcript_id "18_t"; cds_type "Terminal"; count "13_13";
1_dna	GeneMark.hmm3	stop_codon	87003	87005	.	+	0	gene_id "18_g"; transcript_id "18_t";
1_dna	GeneMark.hmm3	gene	92789	93907	.	+	.	gene_id "19_g"; transcript_id "19_t";
1_dna	GeneMark.hmm3	mRNA	92789	93907	.	+	.	gene_id "19_g"; transcript_id "19_t";
1_dna	GeneMark.hmm3	start_codon	92789	92791	.	+	0	gene_id "19_g"; transcript_id "19_t";
1_dna	GeneMark.hmm3	CDS	92789	92921	.	+	0	gene_id "19_g"; transcript_id "19_t"; cds_type "Initial"; count "1_3";
1_dna	GeneMark.hmm3	intron	92922	93019	.	+	1	gene_id "19_g"; transcript_id "19_t";
1_dna	GeneMark.hmm3	CDS	93020	93149	.	+	2	gene_id "19_g"; transcript_id "19_t"; cds_type "Internal"; count "2_3";
1_dna	GeneMark.hmm3	intron	93150	93237	.	+	2	gene_id "19_g"; transcript_id "19_t";
1_dna	GeneMark.hmm3	CDS	93238	93907	.	+	1	gene_id "19_g"; transcript_id "19_t"; cds_type "Terminal"; count "3_3";
1_dna	GeneMark.hmm3	stop_codon	93905	93907	.	+	0	gene_id "19_g"; transcript_id "19_t";
1_dna	GeneMark.hmm3	gene	98213	102149	.	-	.	gene_id "20_g"; transcript_id "20_t";
1_dna	GeneMark.hmm3	mRNA	98213	102149	.	-	.	gene_id "20_g"; transcript_id "20_t";
1_dna	GeneMark.hmm3	stop_codon	98213	98215	.	-	0	gene_id "20_g"; transcript_id "20_t";
1_dna	GeneMark.hmm3	CDS	98213	98391	.	-	2	gene_id "20_g"; transcript_id "20_t"; cds_type "Terminal"; count "12_12";
1_dna	GeneMark.hmm3	intron	98392	99489	.	-	1	gene_id "20_g"; transcript_id "20_t";
1_dna	GeneMark.hmm3	CDS	99490	99793	.	-	0	gene_id "20_g"; transcript_id "20_t"; cds_type "Internal"; count "11_12";
1_dna	GeneMark.hmm3	intron	99794	99864	.	-	0	gene_id "20_g"; transcript_id "20_t";
1_dna	GeneMark.hmm3	CDS	99865	100259	.	-	2	gene_id "20_g"; transcript_id "20_t"; cds_type "Internal"; count "10_12";
1_dna	GeneMark.hmm3	intron	100260	100332	.	-	1	gene_id "20_g"; transcript_id "20_t";
1_dna	GeneMark.hmm3	CDS	100333	100674	.	-	2	gene_id "20_g"; transcript_id "20_t"; cds_type "Internal"; count "9_12";
1_dna	GeneMark.hmm3	intron	100675	100746	.	-	1	gene_id "20_g"; transcript_id "20_t";
1_dna	GeneMark.hmm3	CDS	100747	100887	.	-	2	gene_id "20_g"; transcript_id "20_t"; cds_type "Internal"; count "8_12";
1_dna	GeneMark.hmm3	intron	100888	100972	.	-	1	gene_id "20_g"; transcript_id "20_t";
1_dna	GeneMark.hmm3	CDS	100973	101043	.	-	1	gene_id "20_g"; transcript_id "20_t"; cds_type "Internal"; count "7_12";
1_dna	GeneMark.hmm3	intron	101044	101135	.	-	2	gene_id "20_g"; transcript_id "20_t";
1_dna	GeneMark.hmm3	CDS	101136	101201	.	-	1	gene_id "20_g"; transcript_id "20_t"; cds_type "Internal"; count "6_12";
1_dna	GeneMark.hmm3	intron	101202	101283	.	-	2	gene_id "20_g"; transcript_id "20_t";
1_dna	GeneMark.hmm3	CDS	101284	101355	.	-	1	gene_id "20_g"; transcript_id "20_t"; cds_type "Internal"; count "5_12";
1_dna	GeneMark.hmm3	intron	101356	101456	.	-	2	gene_id "20_g"; transcript_id "20_t";
1_dna	GeneMark.hmm3	CDS	101457	101600	.	-	1	gene_id "20_g"; transcript_id "20_t"; cds_type "Internal"; count "4_12";
1_dna	GeneMark.hmm3	intron	101601	101696	.	-	2	gene_id "20_g"; transcript_id "20_t";
1_dna	GeneMark.hmm3	CDS	101697	101771	.	-	1	gene_id "20_g"; transcript_id "20_t"; cds_type "Internal"; count "3_12";
1_dna	GeneMark.hmm3	intron	101772	101853	.	-	2	gene_id "20_g"; transcript_id "20_t";
1_dna	GeneMark.hmm3	CDS	101854	101986	.	-	2	gene_id "20_g"; transcript_id "20_t"; cds_type "Internal"; count "2_12";
1_dna	GeneMark.hmm3	intron	101987	102079	.	-	1	gene_id "20_g"; transcript_id "20_t";
1_dna	GeneMark.hmm3	CDS	102080	102149	.	-	0	gene_id "20_g"; transcript_id "20_t"; cds_type "Initial"; count "1_12";
1_dna	GeneMark.hmm3	start_codon	102147	102149	.	-	0	gene_id "20_g"; transcript_id "20_t";
1_dna	GeneMark.hmm3	gene	103198	104550	.	-	.	gene_id "21_g"; transcript_id "21_t";
1_dna	GeneMark.hmm3	mRNA	103198	104550	.	-	.	gene_id "21_g"; transcript_id "21_t";
1_dna	GeneMark.hmm3	stop_codon	103198	103200	.	-	0	gene_id "21_g"; transcript_id "21_t";
1_dna	GeneMark.hmm3	CDS	103198	103350	.	-	0	gene_id "21_g"; transcript_id "21_t"; cds_type "Terminal"; count "3_3";
1_dna	GeneMark.hmm3	intron	103351	103506	.	-	0	gene_id "21_g"; transcript_id "21_t";
1_dna	GeneMark.hmm3	CDS	103507	103617	.	-	0	gene_id "21_g"; transcript_id "21_t"; cds_type "Internal"; count "2_3";
1_dna	GeneMark.hmm3	intron	103618	103911	.	-	0	gene_id "21_g"; transcript_id "21_t";
1_dna	GeneMark.hmm3	CDS	103912	104550	.	-	0	gene_id "21_g"; transcript_id "21_t"; cds_type "Initial"; count "1_3";
1_dna	GeneMark.hmm3	start_codon	104548	104550	.	-	0	gene_id "21_g"; transcript_id "21_t";
1_dna	GeneMark.hmm3	gene	105000	107483	.	-	.	gene_id "22_g"; transcript_id "22_t";
1_dna	GeneMark.hmm3	mRNA	105000	107483	.	-	.	gene_id "22_g"; transcript_id "22_t";
1_dna	GeneMark.hmm3	stop_codon	105000	105002	.	-	0	gene_id "22_g"; transcript_id "22_t";
1_dna	GeneMark.hmm3	CDS	105000	105048	.	-	1	gene_id "22_g"; transcript_id "22_t"; cds_type "Terminal"; count "6_6";
1_dna	GeneMark.hmm3	intron	105049	105139	.	-	2	gene_id "22_g"; transcript_id "22_t";
1_dna	GeneMark.hmm3	CDS	105140	105267	.	-	0	gene_id "22_g"; transcript_id "22_t"; cds_type "Internal"; count "5_6";
1_dna	GeneMark.hmm3	intron	105268	105364	.	-	0	gene_id "22_g"; transcript_id "22_t";
1_dna	GeneMark.hmm3	CDS	105365	105556	.	-	0	gene_id "22_g"; transcript_id "22_t"; cds_type "Internal"; count "4_6";
1_dna	GeneMark.hmm3	intron	105557	106861	.	-	0	gene_id "22_g"; transcript_id "22_t";
1_dna	GeneMark.hmm3	CDS	106862	106932	.	-	2	gene_id "22_g"; transcript_id "22_t"; cds_type "Internal"; count "3_6";
1_dna	GeneMark.hmm3	intron	106933	107141	.	-	1	gene_id "22_g"; transcript_id "22_t";
1_dna	GeneMark.hmm3	CDS	107142	107241	.	-	0	gene_id "22_g"; transcript_id "22_t"; cds_type "Internal"; count "2_6";
1_dna	GeneMark.hmm3	intron	107242	107360	.	-	0	gene_id "22_g"; transcript_id "22_t";
1_dna	GeneMark.hmm3	CDS	107361	107483	.	-	0	gene_id "22_g"; transcript_id "22_t"; cds_type "Initial"; count "1_6";
1_dna	GeneMark.hmm3	start_codon	107481	107483	.	-	0	gene_id "22_g"; transcript_id "22_t";
1_dna	GeneMark.hmm3	gene	107936	110459	.	+	.	gene_id "23_g"; transcript_id "23_t";
1_dna	GeneMark.hmm3	mRNA	107936	110459	.	+	.	gene_id "23_g"; transcript_id "23_t";
1_dna	GeneMark.hmm3	start_codon	107936	107938	.	+	0	gene_id "23_g"; transcript_id "23_t";
1_dna	GeneMark.hmm3	CDS	107936	108168	.	+	0	gene_id "23_g"; transcript_id "23_t"; cds_type "Initial"; count "1_6";
1_dna	GeneMark.hmm3	intron	108169	108601	.	+	2	gene_id "23_g"; transcript_id "23_t";
1_dna	GeneMark.hmm3	CDS	108602	109010	.	+	1	gene_id "23_g"; transcript_id "23_t"; cds_type "Internal"; count "2_6";
1_dna	GeneMark.hmm3	intron	109011	109774	.	+	0	gene_id "23_g"; transcript_id "23_t";
1_dna	GeneMark.hmm3	CDS	109775	109896	.	+	0	gene_id "23_g"; transcript_id "23_t"; cds_type "Internal"; count "3_6";
1_dna	GeneMark.hmm3	intron	109897	109974	.	+	2	gene_id "23_g"; transcript_id "23_t";
1_dna	GeneMark.hmm3	CDS	109975	110047	.	+	1	gene_id "23_g"; transcript_id "23_t"; cds_type "Internal"; count "4_6";
1_dna	GeneMark.hmm3	intron	110048	110137	.	+	0	gene_id "23_g"; transcript_id "23_t";
1_dna	GeneMark.hmm3	CDS	110138	110238	.	+	0	gene_id "23_g"; transcript_id "23_t"; cds_type "Internal"; count "5_6";
1_dna	GeneMark.hmm3	intron	110239	110335	.	+	2	gene_id "23_g"; transcript_id "23_t";
1_dna	GeneMark.hmm3	CDS	110336	110459	.	+	1	gene_id "23_g"; transcript_id "23_t"; cds_type "Terminal"; count "6_6";
1_dna	GeneMark.hmm3	stop_codon	110457	110459	.	+	0	gene_id "23_g"; transcript_id "23_t";
1_dna	GeneMark.hmm3	gene	110628	112568	.	-	.	gene_id "24_g"; transcript_id "24_t";
1_dna	GeneMark.hmm3	mRNA	110628	112568	.	-	.	gene_id "24_g"; transcript_id "24_t";
1_dna	GeneMark.hmm3	stop_codon	110628	110630	.	-	0	gene_id "24_g"; transcript_id "24_t";
1_dna	GeneMark.hmm3	CDS	110628	111210	.	-	1	gene_id "24_g"; transcript_id "24_t"; cds_type "Terminal"; count "5_5";
1_dna	GeneMark.hmm3	intron	111211	111292	.	-	2	gene_id "24_g"; transcript_id "24_t";
1_dna	GeneMark.hmm3	CDS	111293	111519	.	-	0	gene_id "24_g"; transcript_id "24_t"; cds_type "Internal"; count "4_5";
1_dna	GeneMark.hmm3	intron	111520	111677	.	-	0	gene_id "24_g"; transcript_id "24_t";
1_dna	GeneMark.hmm3	CDS	111678	111789	.	-	1	gene_id "24_g"; transcript_id "24_t"; cds_type "Internal"; count "3_5";
1_dna	GeneMark.hmm3	intron	111790	112094	.	-	2	gene_id "24_g"; transcript_id "24_t";
1_dna	GeneMark.hmm3	CDS	112095	112297	.	-	0	gene_id "24_g"; transcript_id "24_t"; cds_type "Internal"; count "2_5";
1_dna	GeneMark.hmm3	intron	112298	112391	.	-	0	gene_id "24_g"; transcript_id "24_t";
1_dna	GeneMark.hmm3	CDS	112392	112568	.	-	0	gene_id "24_g"; transcript_id "24_t"; cds_type "Initial"; count "1_5";
1_dna	GeneMark.hmm3	start_codon	112566	112568	.	-	0	gene_id "24_g"; transcript_id "24_t";
1_dna	GeneMark.hmm3	gene	114313	118836	.	+	.	gene_id "25_g"; transcript_id "25_t";
1_dna	GeneMark.hmm3	mRNA	114313	118836	.	+	.	gene_id "25_g"; transcript_id "25_t";
1_dna	GeneMark.hmm3	start_codon	114313	114315	.	+	0	gene_id "25_g"; transcript_id "25_t";
1_dna	GeneMark.hmm3	CDS	114313	114480	.	+	0	gene_id "25_g"; transcript_id "25_t"; cds_type "Initial"; count "1_14";
1_dna	GeneMark.hmm3	intron	114481	114827	.	+	0	gene_id "25_g"; transcript_id "25_t";
1_dna	GeneMark.hmm3	CDS	114828	114887	.	+	0	gene_id "25_g"; transcript_id "25_t"; cds_type "Internal"; count "2_14";
1_dna	GeneMark.hmm3	intron	114888	114998	.	+	0	gene_id "25_g"; transcript_id "25_t";
1_dna	GeneMark.hmm3	CDS	114999	115097	.	+	0	gene_id "25_g"; transcript_id "25_t"; cds_type "Internal"; count "3_14";
1_dna	GeneMark.hmm3	intron	115098	115428	.	+	0	gene_id "25_g"; transcript_id "25_t";
1_dna	GeneMark.hmm3	CDS	115429	115565	.	+	0	gene_id "25_g"; transcript_id "25_t"; cds_type "Internal"; count "4_14";
1_dna	GeneMark.hmm3	intron	115566	115794	.	+	2	gene_id "25_g"; transcript_id "25_t";
1_dna	GeneMark.hmm3	CDS	115795	116008	.	+	1	gene_id "25_g"; transcript_id "25_t"; cds_type "Internal"; count "5_14";
1_dna	GeneMark.hmm3	intron	116009	116299	.	+	0	gene_id "25_g"; transcript_id "25_t";
1_dna	GeneMark.hmm3	CDS	116300	116386	.	+	0	gene_id "25_g"; transcript_id "25_t"; cds_type "Internal"; count "6_14";
1_dna	GeneMark.hmm3	intron	116387	116468	.	+	0	gene_id "25_g"; transcript_id "25_t";
1_dna	GeneMark.hmm3	CDS	116469	116608	.	+	0	gene_id "25_g"; transcript_id "25_t"; cds_type "Internal"; count "7_14";
1_dna	GeneMark.hmm3	intron	116609	116738	.	+	2	gene_id "25_g"; transcript_id "25_t";
1_dna	GeneMark.hmm3	CDS	116739	116819	.	+	1	gene_id "25_g"; transcript_id "25_t"; cds_type "Internal"; count "8_14";
1_dna	GeneMark.hmm3	intron	116820	116935	.	+	2	gene_id "25_g"; transcript_id "25_t";
1_dna	GeneMark.hmm3	CDS	116936	117000	.	+	1	gene_id "25_g"; transcript_id "25_t"; cds_type "Internal"; count "9_14";
1_dna	GeneMark.hmm3	intron	117001	117209	.	+	1	gene_id "25_g"; transcript_id "25_t";
1_dna	GeneMark.hmm3	CDS	117210	117334	.	+	2	gene_id "25_g"; transcript_id "25_t"; cds_type "Internal"; count "10_14";
1_dna	GeneMark.hmm3	intron	117335	117861	.	+	0	gene_id "25_g"; transcript_id "25_t";
1_dna	GeneMark.hmm3	CDS	117862	117933	.	+	0	gene_id "25_g"; transcript_id "25_t"; cds_type "Internal"; count "11_14";
1_dna	GeneMark.hmm3	intron	117934	118023	.	+	0	gene_id "25_g"; transcript_id "25_t";
1_dna	GeneMark.hmm3	CDS	118024	118075	.	+	0	gene_id "25_g"; transcript_id "25_t"; cds_type "Internal"; count "12_14";
1_dna	GeneMark.hmm3	intron	118076	118164	.	+	1	gene_id "25_g"; transcript_id "25_t";
1_dna	GeneMark.hmm3	CDS	118165	118265	.	+	2	gene_id "25_g"; transcript_id "25_t"; cds_type "Internal"; count "13_14";
1_dna	GeneMark.hmm3	intron	118266	118341	.	+	0	gene_id "25_g"; transcript_id "25_t";
1_dna	GeneMark.hmm3	CDS	118342	118836	.	+	0	gene_id "25_g"; transcript_id "25_t"; cds_type "Terminal"; count "14_14";
1_dna	GeneMark.hmm3	stop_codon	118834	118836	.	+	0	gene_id "25_g"; transcript_id "25_t";
1_dna	GeneMark.hmm3	gene	119765	120217	.	-	.	gene_id "26_g"; transcript_id "26_t";
1_dna	GeneMark.hmm3	mRNA	119765	120217	.	-	.	gene_id "26_g"; transcript_id "26_t";
1_dna	GeneMark.hmm3	stop_codon	119765	119767	.	-	0	gene_id "26_g"; transcript_id "26_t";
1_dna	GeneMark.hmm3	CDS	119765	120217	.	-	0	gene_id "26_g"; transcript_id "26_t"; cds_type "Single"; count "1_1";
1_dna	GeneMark.hmm3	start_codon	120215	120217	.	-	0	gene_id "26_g"; transcript_id "26_t";
