# Eukaryotic GeneMark.hmm version 3.68
# Sequence name: /home/genomika25/studenci/dmyboi/sequence_adnotation_home_work_cw3/BRAKER/example/braker/GeneMark-ET/output/data/dna.fa_3
# FASTA defline: >dna.fa_3	3_dna	1	125100
# Sequence length: 125100 bp
# G+C content: 35.21%
# Matrices file: /home/genomika25/studenci/dmyboi/sequence_adnotation_home_work_cw3/BRAKER/example/braker/GeneMark-ET/output/gmhmm.mod
# Mon Nov  3 22:17:26 2025
# FASTA definition line: >dna.fa_3	3_dna	1	125100
# sequence-region 3_dna 1 125100
3_dna	GeneMark.hmm3	gene	670	2616	.	-	.	gene_id "1_g"; transcript_id "1_t";
3_dna	GeneMark.hmm3	mRNA	670	2616	.	-	.	gene_id "1_g"; transcript_id "1_t";
3_dna	GeneMark.hmm3	stop_codon	670	672	.	-	0	gene_id "1_g"; transcript_id "1_t";
3_dna	GeneMark.hmm3	CDS	670	755	.	-	2	gene_id "1_g"; transcript_id "1_t"; cds_type "Terminal"; count "3_3";
3_dna	GeneMark.hmm3	intron	756	842	.	-	1	gene_id "1_g"; transcript_id "1_t";
3_dna	GeneMark.hmm3	CDS	843	1053	.	-	0	gene_id "1_g"; transcript_id "1_t"; cds_type "Internal"; count "2_3";
3_dna	GeneMark.hmm3	intron	1054	1146	.	-	0	gene_id "1_g"; transcript_id "1_t";
3_dna	GeneMark.hmm3	CDS	1147	2616	.	-	0	gene_id "1_g"; transcript_id "1_t"; cds_type "Initial"; count "1_3";
3_dna	GeneMark.hmm3	start_codon	2614	2616	.	-	0	gene_id "1_g"; transcript_id "1_t";
3_dna	GeneMark.hmm3	gene	11496	13263	.	+	.	gene_id "2_g"; transcript_id "2_t";
3_dna	GeneMark.hmm3	mRNA	11496	13263	.	+	.	gene_id "2_g"; transcript_id "2_t";
3_dna	GeneMark.hmm3	start_codon	11496	11498	.	+	0	gene_id "2_g"; transcript_id "2_t";
3_dna	GeneMark.hmm3	CDS	11496	12113	.	+	0	gene_id "2_g"; transcript_id "2_t"; cds_type "Initial"; count "1_4";
3_dna	GeneMark.hmm3	intron	12114	12598	.	+	0	gene_id "2_g"; transcript_id "2_t";
3_dna	GeneMark.hmm3	CDS	12599	12781	.	+	0	gene_id "2_g"; transcript_id "2_t"; cds_type "Internal"; count "2_4";
3_dna	GeneMark.hmm3	intron	12782	12912	.	+	0	gene_id "2_g"; transcript_id "2_t";
3_dna	GeneMark.hmm3	CDS	12913	13080	.	+	0	gene_id "2_g"; transcript_id "2_t"; cds_type "Internal"; count "3_4";
3_dna	GeneMark.hmm3	intron	13081	13176	.	+	0	gene_id "2_g"; transcript_id "2_t";
3_dna	GeneMark.hmm3	CDS	13177	13263	.	+	0	gene_id "2_g"; transcript_id "2_t"; cds_type "Terminal"; count "4_4";
3_dna	GeneMark.hmm3	stop_codon	13261	13263	.	+	0	gene_id "2_g"; transcript_id "2_t";
3_dna	GeneMark.hmm3	gene	13947	14511	.	+	.	gene_id "3_g"; transcript_id "3_t";
3_dna	GeneMark.hmm3	mRNA	13947	14511	.	+	.	gene_id "3_g"; transcript_id "3_t";
3_dna	GeneMark.hmm3	start_codon	13947	13949	.	+	0	gene_id "3_g"; transcript_id "3_t";
3_dna	GeneMark.hmm3	CDS	13947	14198	.	+	0	gene_id "3_g"; transcript_id "3_t"; cds_type "Initial"; count "1_2";
3_dna	GeneMark.hmm3	intron	14199	14283	.	+	0	gene_id "3_g"; transcript_id "3_t";
3_dna	GeneMark.hmm3	CDS	14284	14511	.	+	0	gene_id "3_g"; transcript_id "3_t"; cds_type "Terminal"; count "2_2";
3_dna	GeneMark.hmm3	stop_codon	14509	14511	.	+	0	gene_id "3_g"; transcript_id "3_t";
3_dna	GeneMark.hmm3	gene	19803	20604	.	-	.	gene_id "4_g"; transcript_id "4_t";
3_dna	GeneMark.hmm3	mRNA	19803	20604	.	-	.	gene_id "4_g"; transcript_id "4_t";
3_dna	GeneMark.hmm3	stop_codon	19803	19805	.	-	0	gene_id "4_g"; transcript_id "4_t";
3_dna	GeneMark.hmm3	CDS	19803	19985	.	-	0	gene_id "4_g"; transcript_id "4_t"; cds_type "Terminal"; count "2_2";
3_dna	GeneMark.hmm3	intron	19986	20376	.	-	0	gene_id "4_g"; transcript_id "4_t";
3_dna	GeneMark.hmm3	CDS	20377	20604	.	-	0	gene_id "4_g"; transcript_id "4_t"; cds_type "Initial"; count "1_2";
3_dna	GeneMark.hmm3	start_codon	20602	20604	.	-	0	gene_id "4_g"; transcript_id "4_t";
3_dna	GeneMark.hmm3	gene	28822	38063	.	+	.	gene_id "5_g"; transcript_id "5_t";
3_dna	GeneMark.hmm3	mRNA	28822	38063	.	+	.	gene_id "5_g"; transcript_id "5_t";
3_dna	GeneMark.hmm3	start_codon	28822	28824	.	+	0	gene_id "5_g"; transcript_id "5_t";
3_dna	GeneMark.hmm3	CDS	28822	29363	.	+	0	gene_id "5_g"; transcript_id "5_t"; cds_type "Initial"; count "1_6";
3_dna	GeneMark.hmm3	intron	29364	29458	.	+	2	gene_id "5_g"; transcript_id "5_t";
3_dna	GeneMark.hmm3	CDS	29459	29685	.	+	1	gene_id "5_g"; transcript_id "5_t"; cds_type "Internal"; count "2_6";
3_dna	GeneMark.hmm3	intron	29686	29797	.	+	1	gene_id "5_g"; transcript_id "5_t";
3_dna	GeneMark.hmm3	CDS	29798	29939	.	+	2	gene_id "5_g"; transcript_id "5_t"; cds_type "Internal"; count "3_6";
3_dna	GeneMark.hmm3	intron	29940	30092	.	+	2	gene_id "5_g"; transcript_id "5_t";
3_dna	GeneMark.hmm3	CDS	30093	30159	.	+	1	gene_id "5_g"; transcript_id "5_t"; cds_type "Internal"; count "4_6";
3_dna	GeneMark.hmm3	intron	30160	35827	.	+	0	gene_id "5_g"; transcript_id "5_t";
3_dna	GeneMark.hmm3	CDS	35828	36232	.	+	0	gene_id "5_g"; transcript_id "5_t"; cds_type "Internal"; count "5_6";
3_dna	GeneMark.hmm3	intron	36233	36311	.	+	0	gene_id "5_g"; transcript_id "5_t";
3_dna	GeneMark.hmm3	CDS	36312	38063	.	+	0	gene_id "5_g"; transcript_id "5_t"; cds_type "Terminal"; count "6_6";
3_dna	GeneMark.hmm3	stop_codon	38061	38063	.	+	0	gene_id "5_g"; transcript_id "5_t";
3_dna	GeneMark.hmm3	gene	40836	43845	.	+	.	gene_id "6_g"; transcript_id "6_t";
3_dna	GeneMark.hmm3	mRNA	40836	43845	.	+	.	gene_id "6_g"; transcript_id "6_t";
3_dna	GeneMark.hmm3	start_codon	40836	40838	.	+	0	gene_id "6_g"; transcript_id "6_t";
3_dna	GeneMark.hmm3	CDS	40836	41134	.	+	0	gene_id "6_g"; transcript_id "6_t"; cds_type "Initial"; count "1_9";
3_dna	GeneMark.hmm3	intron	41135	41460	.	+	2	gene_id "6_g"; transcript_id "6_t";
3_dna	GeneMark.hmm3	CDS	41461	41633	.	+	1	gene_id "6_g"; transcript_id "6_t"; cds_type "Internal"; count "2_9";
3_dna	GeneMark.hmm3	intron	41634	41729	.	+	1	gene_id "6_g"; transcript_id "6_t";
3_dna	GeneMark.hmm3	CDS	41730	41883	.	+	2	gene_id "6_g"; transcript_id "6_t"; cds_type "Internal"; count "3_9";
3_dna	GeneMark.hmm3	intron	41884	42027	.	+	2	gene_id "6_g"; transcript_id "6_t";
3_dna	GeneMark.hmm3	CDS	42028	42112	.	+	1	gene_id "6_g"; transcript_id "6_t"; cds_type "Internal"; count "4_9";
3_dna	GeneMark.hmm3	intron	42113	42203	.	+	0	gene_id "6_g"; transcript_id "6_t";
3_dna	GeneMark.hmm3	CDS	42204	42777	.	+	0	gene_id "6_g"; transcript_id "6_t"; cds_type "Internal"; count "5_9";
3_dna	GeneMark.hmm3	intron	42778	42864	.	+	1	gene_id "6_g"; transcript_id "6_t";
3_dna	GeneMark.hmm3	CDS	42865	43109	.	+	2	gene_id "6_g"; transcript_id "6_t"; cds_type "Internal"; count "6_9";
3_dna	GeneMark.hmm3	intron	43110	43186	.	+	0	gene_id "6_g"; transcript_id "6_t";
3_dna	GeneMark.hmm3	CDS	43187	43356	.	+	0	gene_id "6_g"; transcript_id "6_t"; cds_type "Internal"; count "7_9";
3_dna	GeneMark.hmm3	intron	43357	43439	.	+	2	gene_id "6_g"; transcript_id "6_t";
3_dna	GeneMark.hmm3	CDS	43440	43608	.	+	1	gene_id "6_g"; transcript_id "6_t"; cds_type "Internal"; count "8_9";
3_dna	GeneMark.hmm3	intron	43609	43701	.	+	0	gene_id "6_g"; transcript_id "6_t";
3_dna	GeneMark.hmm3	CDS	43702	43845	.	+	0	gene_id "6_g"; transcript_id "6_t"; cds_type "Terminal"; count "9_9";
3_dna	GeneMark.hmm3	stop_codon	43843	43845	.	+	0	gene_id "6_g"; transcript_id "6_t";
3_dna	GeneMark.hmm3	gene	44397	50223	.	-	.	gene_id "7_g"; transcript_id "7_t";
3_dna	GeneMark.hmm3	mRNA	44397	50223	.	-	.	gene_id "7_g"; transcript_id "7_t";
3_dna	GeneMark.hmm3	stop_codon	44397	44399	.	-	0	gene_id "7_g"; transcript_id "7_t";
3_dna	GeneMark.hmm3	CDS	44397	44500	.	-	2	gene_id "7_g"; transcript_id "7_t"; cds_type "Terminal"; count "26_26";
3_dna	GeneMark.hmm3	intron	44501	44593	.	-	1	gene_id "7_g"; transcript_id "7_t";
3_dna	GeneMark.hmm3	CDS	44594	44672	.	-	0	gene_id "7_g"; transcript_id "7_t"; cds_type "Internal"; count "25_26";
3_dna	GeneMark.hmm3	intron	44673	44756	.	-	0	gene_id "7_g"; transcript_id "7_t";
3_dna	GeneMark.hmm3	CDS	44757	44885	.	-	0	gene_id "7_g"; transcript_id "7_t"; cds_type "Internal"; count "24_26";
3_dna	GeneMark.hmm3	intron	44886	44984	.	-	0	gene_id "7_g"; transcript_id "7_t";
3_dna	GeneMark.hmm3	CDS	44985	45104	.	-	0	gene_id "7_g"; transcript_id "7_t"; cds_type "Internal"; count "23_26";
3_dna	GeneMark.hmm3	intron	45105	45186	.	-	0	gene_id "7_g"; transcript_id "7_t";
3_dna	GeneMark.hmm3	CDS	45187	45457	.	-	1	gene_id "7_g"; transcript_id "7_t"; cds_type "Internal"; count "22_26";
3_dna	GeneMark.hmm3	intron	45458	45539	.	-	2	gene_id "7_g"; transcript_id "7_t";
3_dna	GeneMark.hmm3	CDS	45540	45636	.	-	2	gene_id "7_g"; transcript_id "7_t"; cds_type "Internal"; count "21_26";
3_dna	GeneMark.hmm3	intron	45637	45728	.	-	1	gene_id "7_g"; transcript_id "7_t";
3_dna	GeneMark.hmm3	CDS	45729	45834	.	-	0	gene_id "7_g"; transcript_id "7_t"; cds_type "Internal"; count "20_26";
3_dna	GeneMark.hmm3	intron	45835	45920	.	-	0	gene_id "7_g"; transcript_id "7_t";
3_dna	GeneMark.hmm3	CDS	45921	45995	.	-	0	gene_id "7_g"; transcript_id "7_t"; cds_type "Internal"; count "19_26";
3_dna	GeneMark.hmm3	intron	45996	46079	.	-	0	gene_id "7_g"; transcript_id "7_t";
3_dna	GeneMark.hmm3	CDS	46080	46155	.	-	1	gene_id "7_g"; transcript_id "7_t"; cds_type "Internal"; count "18_26";
3_dna	GeneMark.hmm3	intron	46156	46250	.	-	2	gene_id "7_g"; transcript_id "7_t";
3_dna	GeneMark.hmm3	CDS	46251	46355	.	-	1	gene_id "7_g"; transcript_id "7_t"; cds_type "Internal"; count "17_26";
3_dna	GeneMark.hmm3	intron	46356	46459	.	-	2	gene_id "7_g"; transcript_id "7_t";
3_dna	GeneMark.hmm3	CDS	46460	46561	.	-	1	gene_id "7_g"; transcript_id "7_t"; cds_type "Internal"; count "16_26";
3_dna	GeneMark.hmm3	intron	46562	46655	.	-	2	gene_id "7_g"; transcript_id "7_t";
3_dna	GeneMark.hmm3	CDS	46656	46787	.	-	1	gene_id "7_g"; transcript_id "7_t"; cds_type "Internal"; count "15_26";
3_dna	GeneMark.hmm3	intron	46788	47063	.	-	2	gene_id "7_g"; transcript_id "7_t";
3_dna	GeneMark.hmm3	CDS	47064	47161	.	-	0	gene_id "7_g"; transcript_id "7_t"; cds_type "Internal"; count "14_26";
3_dna	GeneMark.hmm3	intron	47162	47643	.	-	0	gene_id "7_g"; transcript_id "7_t";
3_dna	GeneMark.hmm3	CDS	47644	47713	.	-	1	gene_id "7_g"; transcript_id "7_t"; cds_type "Internal"; count "13_26";
3_dna	GeneMark.hmm3	intron	47714	47792	.	-	2	gene_id "7_g"; transcript_id "7_t";
3_dna	GeneMark.hmm3	CDS	47793	47881	.	-	0	gene_id "7_g"; transcript_id "7_t"; cds_type "Internal"; count "12_26";
3_dna	GeneMark.hmm3	intron	47882	47954	.	-	0	gene_id "7_g"; transcript_id "7_t";
3_dna	GeneMark.hmm3	CDS	47955	48065	.	-	0	gene_id "7_g"; transcript_id "7_t"; cds_type "Internal"; count "11_26";
3_dna	GeneMark.hmm3	intron	48066	48162	.	-	0	gene_id "7_g"; transcript_id "7_t";
3_dna	GeneMark.hmm3	CDS	48163	48210	.	-	0	gene_id "7_g"; transcript_id "7_t"; cds_type "Internal"; count "10_26";
3_dna	GeneMark.hmm3	intron	48211	48287	.	-	0	gene_id "7_g"; transcript_id "7_t";
3_dna	GeneMark.hmm3	CDS	48288	48417	.	-	1	gene_id "7_g"; transcript_id "7_t"; cds_type "Internal"; count "9_26";
3_dna	GeneMark.hmm3	intron	48418	48508	.	-	2	gene_id "7_g"; transcript_id "7_t";
3_dna	GeneMark.hmm3	CDS	48509	48607	.	-	1	gene_id "7_g"; transcript_id "7_t"; cds_type "Internal"; count "8_26";
3_dna	GeneMark.hmm3	intron	48608	48743	.	-	2	gene_id "7_g"; transcript_id "7_t";
3_dna	GeneMark.hmm3	CDS	48744	48848	.	-	1	gene_id "7_g"; transcript_id "7_t"; cds_type "Internal"; count "7_26";
3_dna	GeneMark.hmm3	intron	48849	48929	.	-	2	gene_id "7_g"; transcript_id "7_t";
3_dna	GeneMark.hmm3	CDS	48930	49064	.	-	1	gene_id "7_g"; transcript_id "7_t"; cds_type "Internal"; count "6_26";
3_dna	GeneMark.hmm3	intron	49065	49150	.	-	2	gene_id "7_g"; transcript_id "7_t";
3_dna	GeneMark.hmm3	CDS	49151	49355	.	-	2	gene_id "7_g"; transcript_id "7_t"; cds_type "Internal"; count "5_26";
3_dna	GeneMark.hmm3	intron	49356	49466	.	-	1	gene_id "7_g"; transcript_id "7_t";
3_dna	GeneMark.hmm3	CDS	49467	49595	.	-	2	gene_id "7_g"; transcript_id "7_t"; cds_type "Internal"; count "4_26";
3_dna	GeneMark.hmm3	intron	49596	49687	.	-	1	gene_id "7_g"; transcript_id "7_t";
3_dna	GeneMark.hmm3	CDS	49688	49766	.	-	0	gene_id "7_g"; transcript_id "7_t"; cds_type "Internal"; count "3_26";
3_dna	GeneMark.hmm3	intron	49767	49839	.	-	0	gene_id "7_g"; transcript_id "7_t";
3_dna	GeneMark.hmm3	CDS	49840	49873	.	-	1	gene_id "7_g"; transcript_id "7_t"; cds_type "Internal"; count "2_26";
3_dna	GeneMark.hmm3	intron	49874	50107	.	-	2	gene_id "7_g"; transcript_id "7_t";
3_dna	GeneMark.hmm3	CDS	50108	50223	.	-	0	gene_id "7_g"; transcript_id "7_t"; cds_type "Initial"; count "1_26";
3_dna	GeneMark.hmm3	start_codon	50221	50223	.	-	0	gene_id "7_g"; transcript_id "7_t";
3_dna	GeneMark.hmm3	gene	56185	69799	.	+	.	gene_id "9_g"; transcript_id "9_t";
3_dna	GeneMark.hmm3	mRNA	56185	69799	.	+	.	gene_id "9_g"; transcript_id "9_t";
3_dna	GeneMark.hmm3	start_codon	56185	56187	.	+	0	gene_id "9_g"; transcript_id "9_t";
3_dna	GeneMark.hmm3	CDS	56185	58783	.	+	0	gene_id "9_g"; transcript_id "9_t"; cds_type "Initial"; count "1_4";
3_dna	GeneMark.hmm3	intron	58784	58891	.	+	1	gene_id "9_g"; transcript_id "9_t";
3_dna	GeneMark.hmm3	CDS	58892	59278	.	+	2	gene_id "9_g"; transcript_id "9_t"; cds_type "Internal"; count "2_4";
3_dna	GeneMark.hmm3	intron	59279	66794	.	+	1	gene_id "9_g"; transcript_id "9_t";
3_dna	GeneMark.hmm3	CDS	66795	69332	.	+	2	gene_id "9_g"; transcript_id "9_t"; cds_type "Internal"; count "3_4";
3_dna	GeneMark.hmm3	intron	69333	69419	.	+	1	gene_id "9_g"; transcript_id "9_t";
3_dna	GeneMark.hmm3	CDS	69420	69799	.	+	2	gene_id "9_g"; transcript_id "9_t"; cds_type "Terminal"; count "4_4";
3_dna	GeneMark.hmm3	stop_codon	69797	69799	.	+	0	gene_id "9_g"; transcript_id "9_t";
3_dna	GeneMark.hmm3	gene	70708	72069	.	+	.	gene_id "10_g"; transcript_id "10_t";
3_dna	GeneMark.hmm3	mRNA	70708	72069	.	+	.	gene_id "10_g"; transcript_id "10_t";
3_dna	GeneMark.hmm3	start_codon	70708	70710	.	+	0	gene_id "10_g"; transcript_id "10_t";
3_dna	GeneMark.hmm3	CDS	70708	72069	.	+	0	gene_id "10_g"; transcript_id "10_t"; cds_type "Single"; count "1_1";
3_dna	GeneMark.hmm3	stop_codon	72067	72069	.	+	0	gene_id "10_g"; transcript_id "10_t";
3_dna	GeneMark.hmm3	gene	73508	74649	.	+	.	gene_id "11_g"; transcript_id "11_t";
3_dna	GeneMark.hmm3	mRNA	73508	74649	.	+	.	gene_id "11_g"; transcript_id "11_t";
3_dna	GeneMark.hmm3	start_codon	73508	73510	.	+	0	gene_id "11_g"; transcript_id "11_t";
3_dna	GeneMark.hmm3	CDS	73508	73634	.	+	0	gene_id "11_g"; transcript_id "11_t"; cds_type "Initial"; count "1_4";
3_dna	GeneMark.hmm3	intron	73635	73739	.	+	1	gene_id "11_g"; transcript_id "11_t";
3_dna	GeneMark.hmm3	CDS	73740	73840	.	+	2	gene_id "11_g"; transcript_id "11_t"; cds_type "Internal"; count "2_4";
3_dna	GeneMark.hmm3	intron	73841	73947	.	+	0	gene_id "11_g"; transcript_id "11_t";
3_dna	GeneMark.hmm3	CDS	73948	74126	.	+	0	gene_id "11_g"; transcript_id "11_t"; cds_type "Internal"; count "3_4";
3_dna	GeneMark.hmm3	intron	74127	74264	.	+	2	gene_id "11_g"; transcript_id "11_t";
3_dna	GeneMark.hmm3	CDS	74265	74649	.	+	1	gene_id "11_g"; transcript_id "11_t"; cds_type "Terminal"; count "4_4";
3_dna	GeneMark.hmm3	stop_codon	74647	74649	.	+	0	gene_id "11_g"; transcript_id "11_t";
3_dna	GeneMark.hmm3	gene	76396	77781	.	-	.	gene_id "12_g"; transcript_id "12_t";
3_dna	GeneMark.hmm3	mRNA	76396	77781	.	-	.	gene_id "12_g"; transcript_id "12_t";
3_dna	GeneMark.hmm3	stop_codon	76396	76398	.	-	0	gene_id "12_g"; transcript_id "12_t";
3_dna	GeneMark.hmm3	CDS	76396	76570	.	-	1	gene_id "12_g"; transcript_id "12_t"; cds_type "Terminal"; count "8_8";
3_dna	GeneMark.hmm3	intron	76571	76688	.	-	2	gene_id "12_g"; transcript_id "12_t";
3_dna	GeneMark.hmm3	CDS	76689	76769	.	-	1	gene_id "12_g"; transcript_id "12_t"; cds_type "Internal"; count "7_8";
3_dna	GeneMark.hmm3	intron	76770	76845	.	-	2	gene_id "12_g"; transcript_id "12_t";
3_dna	GeneMark.hmm3	CDS	76846	76903	.	-	2	gene_id "12_g"; transcript_id "12_t"; cds_type "Internal"; count "6_8";
3_dna	GeneMark.hmm3	intron	76904	77006	.	-	1	gene_id "12_g"; transcript_id "12_t";
3_dna	GeneMark.hmm3	CDS	77007	77121	.	-	0	gene_id "12_g"; transcript_id "12_t"; cds_type "Internal"; count "5_8";
3_dna	GeneMark.hmm3	intron	77122	77209	.	-	0	gene_id "12_g"; transcript_id "12_t";
3_dna	GeneMark.hmm3	CDS	77210	77263	.	-	0	gene_id "12_g"; transcript_id "12_t"; cds_type "Internal"; count "4_8";
3_dna	GeneMark.hmm3	intron	77264	77331	.	-	0	gene_id "12_g"; transcript_id "12_t";
3_dna	GeneMark.hmm3	CDS	77332	77410	.	-	1	gene_id "12_g"; transcript_id "12_t"; cds_type "Internal"; count "3_8";
3_dna	GeneMark.hmm3	intron	77411	77534	.	-	2	gene_id "12_g"; transcript_id "12_t";
3_dna	GeneMark.hmm3	CDS	77535	77605	.	-	0	gene_id "12_g"; transcript_id "12_t"; cds_type "Internal"; count "2_8";
3_dna	GeneMark.hmm3	intron	77606	77691	.	-	0	gene_id "12_g"; transcript_id "12_t";
3_dna	GeneMark.hmm3	CDS	77692	77781	.	-	0	gene_id "12_g"; transcript_id "12_t"; cds_type "Initial"; count "1_8";
3_dna	GeneMark.hmm3	start_codon	77779	77781	.	-	0	gene_id "12_g"; transcript_id "12_t";
3_dna	GeneMark.hmm3	gene	78571	82306	.	+	.	gene_id "13_g"; transcript_id "13_t";
3_dna	GeneMark.hmm3	mRNA	78571	82306	.	+	.	gene_id "13_g"; transcript_id "13_t";
3_dna	GeneMark.hmm3	start_codon	78571	78573	.	+	0	gene_id "13_g"; transcript_id "13_t";
3_dna	GeneMark.hmm3	CDS	78571	80130	.	+	0	gene_id "13_g"; transcript_id "13_t"; cds_type "Initial"; count "1_8";
3_dna	GeneMark.hmm3	intron	80131	80249	.	+	0	gene_id "13_g"; transcript_id "13_t";
3_dna	GeneMark.hmm3	CDS	80250	80476	.	+	0	gene_id "13_g"; transcript_id "13_t"; cds_type "Internal"; count "2_8";
3_dna	GeneMark.hmm3	intron	80477	80584	.	+	2	gene_id "13_g"; transcript_id "13_t";
3_dna	GeneMark.hmm3	CDS	80585	80917	.	+	1	gene_id "13_g"; transcript_id "13_t"; cds_type "Internal"; count "3_8";
3_dna	GeneMark.hmm3	intron	80918	81000	.	+	2	gene_id "13_g"; transcript_id "13_t";
3_dna	GeneMark.hmm3	CDS	81001	81247	.	+	1	gene_id "13_g"; transcript_id "13_t"; cds_type "Internal"; count "4_8";
3_dna	GeneMark.hmm3	intron	81248	81332	.	+	0	gene_id "13_g"; transcript_id "13_t";
3_dna	GeneMark.hmm3	CDS	81333	81461	.	+	0	gene_id "13_g"; transcript_id "13_t"; cds_type "Internal"; count "5_8";
3_dna	GeneMark.hmm3	intron	81462	81552	.	+	0	gene_id "13_g"; transcript_id "13_t";
3_dna	GeneMark.hmm3	CDS	81553	81768	.	+	0	gene_id "13_g"; transcript_id "13_t"; cds_type "Internal"; count "6_8";
3_dna	GeneMark.hmm3	intron	81769	81856	.	+	0	gene_id "13_g"; transcript_id "13_t";
3_dna	GeneMark.hmm3	CDS	81857	81980	.	+	0	gene_id "13_g"; transcript_id "13_t"; cds_type "Internal"; count "7_8";
3_dna	GeneMark.hmm3	intron	81981	82064	.	+	1	gene_id "13_g"; transcript_id "13_t";
3_dna	GeneMark.hmm3	CDS	82065	82306	.	+	2	gene_id "13_g"; transcript_id "13_t"; cds_type "Terminal"; count "8_8";
3_dna	GeneMark.hmm3	stop_codon	82304	82306	.	+	0	gene_id "13_g"; transcript_id "13_t";
3_dna	GeneMark.hmm3	gene	82648	89969	.	+	.	gene_id "14_g"; transcript_id "14_t";
3_dna	GeneMark.hmm3	mRNA	82648	89969	.	+	.	gene_id "14_g"; transcript_id "14_t";
3_dna	GeneMark.hmm3	start_codon	82648	82650	.	+	0	gene_id "14_g"; transcript_id "14_t";
3_dna	GeneMark.hmm3	CDS	82648	83046	.	+	0	gene_id "14_g"; transcript_id "14_t"; cds_type "Initial"; count "1_19";
3_dna	GeneMark.hmm3	intron	83047	83130	.	+	0	gene_id "14_g"; transcript_id "14_t";
3_dna	GeneMark.hmm3	CDS	83131	83317	.	+	0	gene_id "14_g"; transcript_id "14_t"; cds_type "Internal"; count "2_19";
3_dna	GeneMark.hmm3	intron	83318	83408	.	+	1	gene_id "14_g"; transcript_id "14_t";
3_dna	GeneMark.hmm3	CDS	83409	83542	.	+	2	gene_id "14_g"; transcript_id "14_t"; cds_type "Internal"; count "3_19";
3_dna	GeneMark.hmm3	intron	83543	83626	.	+	0	gene_id "14_g"; transcript_id "14_t";
3_dna	GeneMark.hmm3	CDS	83627	83739	.	+	0	gene_id "14_g"; transcript_id "14_t"; cds_type "Internal"; count "4_19";
3_dna	GeneMark.hmm3	intron	83740	83822	.	+	2	gene_id "14_g"; transcript_id "14_t";
3_dna	GeneMark.hmm3	CDS	83823	83946	.	+	1	gene_id "14_g"; transcript_id "14_t"; cds_type "Internal"; count "5_19";
3_dna	GeneMark.hmm3	intron	83947	84148	.	+	0	gene_id "14_g"; transcript_id "14_t";
3_dna	GeneMark.hmm3	CDS	84149	84298	.	+	0	gene_id "14_g"; transcript_id "14_t"; cds_type "Internal"; count "6_19";
3_dna	GeneMark.hmm3	intron	84299	84390	.	+	0	gene_id "14_g"; transcript_id "14_t";
3_dna	GeneMark.hmm3	CDS	84391	84546	.	+	0	gene_id "14_g"; transcript_id "14_t"; cds_type "Internal"; count "7_19";
3_dna	GeneMark.hmm3	intron	84547	84624	.	+	0	gene_id "14_g"; transcript_id "14_t";
3_dna	GeneMark.hmm3	CDS	84625	84704	.	+	0	gene_id "14_g"; transcript_id "14_t"; cds_type "Internal"; count "8_19";
3_dna	GeneMark.hmm3	intron	84705	84802	.	+	2	gene_id "14_g"; transcript_id "14_t";
3_dna	GeneMark.hmm3	CDS	84803	84852	.	+	1	gene_id "14_g"; transcript_id "14_t"; cds_type "Internal"; count "9_19";
3_dna	GeneMark.hmm3	intron	84853	85095	.	+	1	gene_id "14_g"; transcript_id "14_t";
3_dna	GeneMark.hmm3	CDS	85096	85223	.	+	2	gene_id "14_g"; transcript_id "14_t"; cds_type "Internal"; count "10_19";
3_dna	GeneMark.hmm3	intron	85224	85909	.	+	0	gene_id "14_g"; transcript_id "14_t";
3_dna	GeneMark.hmm3	CDS	85910	86161	.	+	0	gene_id "14_g"; transcript_id "14_t"; cds_type "Internal"; count "11_19";
3_dna	GeneMark.hmm3	intron	86162	86464	.	+	0	gene_id "14_g"; transcript_id "14_t";
3_dna	GeneMark.hmm3	CDS	86465	86476	.	+	0	gene_id "14_g"; transcript_id "14_t"; cds_type "Internal"; count "12_19";
3_dna	GeneMark.hmm3	intron	86477	86556	.	+	0	gene_id "14_g"; transcript_id "14_t";
3_dna	GeneMark.hmm3	CDS	86557	86766	.	+	0	gene_id "14_g"; transcript_id "14_t"; cds_type "Internal"; count "13_19";
3_dna	GeneMark.hmm3	intron	86767	86848	.	+	0	gene_id "14_g"; transcript_id "14_t";
3_dna	GeneMark.hmm3	CDS	86849	87102	.	+	0	gene_id "14_g"; transcript_id "14_t"; cds_type "Internal"; count "14_19";
3_dna	GeneMark.hmm3	intron	87103	87197	.	+	2	gene_id "14_g"; transcript_id "14_t";
3_dna	GeneMark.hmm3	CDS	87198	87468	.	+	1	gene_id "14_g"; transcript_id "14_t"; cds_type "Internal"; count "15_19";
3_dna	GeneMark.hmm3	intron	87469	87590	.	+	0	gene_id "14_g"; transcript_id "14_t";
3_dna	GeneMark.hmm3	CDS	87591	87674	.	+	0	gene_id "14_g"; transcript_id "14_t"; cds_type "Internal"; count "16_19";
3_dna	GeneMark.hmm3	intron	87675	87795	.	+	0	gene_id "14_g"; transcript_id "14_t";
3_dna	GeneMark.hmm3	CDS	87796	89501	.	+	0	gene_id "14_g"; transcript_id "14_t"; cds_type "Internal"; count "17_19";
3_dna	GeneMark.hmm3	intron	89502	89596	.	+	2	gene_id "14_g"; transcript_id "14_t";
3_dna	GeneMark.hmm3	CDS	89597	89822	.	+	1	gene_id "14_g"; transcript_id "14_t"; cds_type "Internal"; count "18_19";
3_dna	GeneMark.hmm3	intron	89823	89903	.	+	0	gene_id "14_g"; transcript_id "14_t";
3_dna	GeneMark.hmm3	CDS	89904	89969	.	+	0	gene_id "14_g"; transcript_id "14_t"; cds_type "Terminal"; count "19_19";
3_dna	GeneMark.hmm3	stop_codon	89967	89969	.	+	0	gene_id "14_g"; transcript_id "14_t";
3_dna	GeneMark.hmm3	gene	90777	92944	.	+	.	gene_id "15_g"; transcript_id "15_t";
3_dna	GeneMark.hmm3	mRNA	90777	92944	.	+	.	gene_id "15_g"; transcript_id "15_t";
3_dna	GeneMark.hmm3	start_codon	90777	90779	.	+	0	gene_id "15_g"; transcript_id "15_t";
3_dna	GeneMark.hmm3	CDS	90777	90905	.	+	0	gene_id "15_g"; transcript_id "15_t"; cds_type "Initial"; count "1_10";
3_dna	GeneMark.hmm3	intron	90906	90985	.	+	0	gene_id "15_g"; transcript_id "15_t";
3_dna	GeneMark.hmm3	CDS	90986	91071	.	+	0	gene_id "15_g"; transcript_id "15_t"; cds_type "Internal"; count "2_10";
3_dna	GeneMark.hmm3	intron	91072	91182	.	+	2	gene_id "15_g"; transcript_id "15_t";
3_dna	GeneMark.hmm3	CDS	91183	91363	.	+	1	gene_id "15_g"; transcript_id "15_t"; cds_type "Internal"; count "3_10";
3_dna	GeneMark.hmm3	intron	91364	91507	.	+	0	gene_id "15_g"; transcript_id "15_t";
3_dna	GeneMark.hmm3	CDS	91508	91684	.	+	0	gene_id "15_g"; transcript_id "15_t"; cds_type "Internal"; count "4_10";
3_dna	GeneMark.hmm3	intron	91685	91770	.	+	0	gene_id "15_g"; transcript_id "15_t";
3_dna	GeneMark.hmm3	CDS	91771	91902	.	+	0	gene_id "15_g"; transcript_id "15_t"; cds_type "Internal"; count "5_10";
3_dna	GeneMark.hmm3	intron	91903	91985	.	+	0	gene_id "15_g"; transcript_id "15_t";
3_dna	GeneMark.hmm3	CDS	91986	92084	.	+	0	gene_id "15_g"; transcript_id "15_t"; cds_type "Internal"; count "6_10";
3_dna	GeneMark.hmm3	intron	92085	92173	.	+	0	gene_id "15_g"; transcript_id "15_t";
3_dna	GeneMark.hmm3	CDS	92174	92281	.	+	0	gene_id "15_g"; transcript_id "15_t"; cds_type "Internal"; count "7_10";
3_dna	GeneMark.hmm3	intron	92282	92375	.	+	0	gene_id "15_g"; transcript_id "15_t";
3_dna	GeneMark.hmm3	CDS	92376	92471	.	+	0	gene_id "15_g"; transcript_id "15_t"; cds_type "Internal"; count "8_10";
3_dna	GeneMark.hmm3	intron	92472	92624	.	+	0	gene_id "15_g"; transcript_id "15_t";
3_dna	GeneMark.hmm3	CDS	92625	92737	.	+	0	gene_id "15_g"; transcript_id "15_t"; cds_type "Internal"; count "9_10";
3_dna	GeneMark.hmm3	intron	92738	92826	.	+	2	gene_id "15_g"; transcript_id "15_t";
3_dna	GeneMark.hmm3	CDS	92827	92944	.	+	1	gene_id "15_g"; transcript_id "15_t"; cds_type "Terminal"; count "10_10";
3_dna	GeneMark.hmm3	stop_codon	92942	92944	.	+	0	gene_id "15_g"; transcript_id "15_t";
3_dna	GeneMark.hmm3	gene	97394	98744	.	+	.	gene_id "16_g"; transcript_id "16_t";
3_dna	GeneMark.hmm3	mRNA	97394	98744	.	+	.	gene_id "16_g"; transcript_id "16_t";
3_dna	GeneMark.hmm3	start_codon	97394	97396	.	+	0	gene_id "16_g"; transcript_id "16_t";
3_dna	GeneMark.hmm3	CDS	97394	97529	.	+	0	gene_id "16_g"; transcript_id "16_t"; cds_type "Initial"; count "1_3";
3_dna	GeneMark.hmm3	intron	97530	97649	.	+	1	gene_id "16_g"; transcript_id "16_t";
3_dna	GeneMark.hmm3	CDS	97650	97779	.	+	2	gene_id "16_g"; transcript_id "16_t"; cds_type "Internal"; count "2_3";
3_dna	GeneMark.hmm3	intron	97780	97885	.	+	2	gene_id "16_g"; transcript_id "16_t";
3_dna	GeneMark.hmm3	CDS	97886	98744	.	+	1	gene_id "16_g"; transcript_id "16_t"; cds_type "Terminal"; count "3_3";
3_dna	GeneMark.hmm3	stop_codon	98742	98744	.	+	0	gene_id "16_g"; transcript_id "16_t";
3_dna	GeneMark.hmm3	gene	105455	107057	.	-	.	gene_id "17_g"; transcript_id "17_t";
3_dna	GeneMark.hmm3	mRNA	105455	107057	.	-	.	gene_id "17_g"; transcript_id "17_t";
3_dna	GeneMark.hmm3	stop_codon	105455	105457	.	-	0	gene_id "17_g"; transcript_id "17_t";
3_dna	GeneMark.hmm3	CDS	105455	106427	.	-	1	gene_id "17_g"; transcript_id "17_t"; cds_type "Terminal"; count "3_3";
3_dna	GeneMark.hmm3	intron	106428	106513	.	-	2	gene_id "17_g"; transcript_id "17_t";
3_dna	GeneMark.hmm3	CDS	106514	106674	.	-	0	gene_id "17_g"; transcript_id "17_t"; cds_type "Internal"; count "2_3";
3_dna	GeneMark.hmm3	intron	106675	106778	.	-	0	gene_id "17_g"; transcript_id "17_t";
3_dna	GeneMark.hmm3	CDS	106779	107057	.	-	0	gene_id "17_g"; transcript_id "17_t"; cds_type "Initial"; count "1_3";
3_dna	GeneMark.hmm3	start_codon	107055	107057	.	-	0	gene_id "17_g"; transcript_id "17_t";
3_dna	GeneMark.hmm3	gene	111294	113503	.	-	.	gene_id "18_g"; transcript_id "18_t";
3_dna	GeneMark.hmm3	mRNA	111294	113503	.	-	.	gene_id "18_g"; transcript_id "18_t";
3_dna	GeneMark.hmm3	stop_codon	111294	111296	.	-	0	gene_id "18_g"; transcript_id "18_t";
3_dna	GeneMark.hmm3	CDS	111294	111464	.	-	0	gene_id "18_g"; transcript_id "18_t"; cds_type "Terminal"; count "9_9";
3_dna	GeneMark.hmm3	intron	111465	111589	.	-	0	gene_id "18_g"; transcript_id "18_t";
3_dna	GeneMark.hmm3	CDS	111590	111640	.	-	0	gene_id "18_g"; transcript_id "18_t"; cds_type "Internal"; count "8_9";
3_dna	GeneMark.hmm3	intron	111641	111726	.	-	0	gene_id "18_g"; transcript_id "18_t";
3_dna	GeneMark.hmm3	CDS	111727	111876	.	-	0	gene_id "18_g"; transcript_id "18_t"; cds_type "Internal"; count "7_9";
3_dna	GeneMark.hmm3	intron	111877	112218	.	-	0	gene_id "18_g"; transcript_id "18_t";
3_dna	GeneMark.hmm3	CDS	112219	112344	.	-	0	gene_id "18_g"; transcript_id "18_t"; cds_type "Internal"; count "6_9";
3_dna	GeneMark.hmm3	intron	112345	112470	.	-	0	gene_id "18_g"; transcript_id "18_t";
3_dna	GeneMark.hmm3	CDS	112471	112526	.	-	2	gene_id "18_g"; transcript_id "18_t"; cds_type "Internal"; count "5_9";
3_dna	GeneMark.hmm3	intron	112527	112615	.	-	1	gene_id "18_g"; transcript_id "18_t";
3_dna	GeneMark.hmm3	CDS	112616	112990	.	-	2	gene_id "18_g"; transcript_id "18_t"; cds_type "Internal"; count "4_9";
3_dna	GeneMark.hmm3	intron	112991	113122	.	-	1	gene_id "18_g"; transcript_id "18_t";
3_dna	GeneMark.hmm3	CDS	113123	113161	.	-	2	gene_id "18_g"; transcript_id "18_t"; cds_type "Internal"; count "3_9";
3_dna	GeneMark.hmm3	intron	113162	113266	.	-	1	gene_id "18_g"; transcript_id "18_t";
3_dna	GeneMark.hmm3	CDS	113267	113306	.	-	0	gene_id "18_g"; transcript_id "18_t"; cds_type "Internal"; count "2_9";
3_dna	GeneMark.hmm3	intron	113307	113389	.	-	0	gene_id "18_g"; transcript_id "18_t";
3_dna	GeneMark.hmm3	CDS	113390	113503	.	-	0	gene_id "18_g"; transcript_id "18_t"; cds_type "Initial"; count "1_9";
3_dna	GeneMark.hmm3	start_codon	113501	113503	.	-	0	gene_id "18_g"; transcript_id "18_t";
3_dna	GeneMark.hmm3	gene	114235	116127	.	-	.	gene_id "19_g"; transcript_id "19_t";
3_dna	GeneMark.hmm3	mRNA	114235	116127	.	-	.	gene_id "19_g"; transcript_id "19_t";
3_dna	GeneMark.hmm3	stop_codon	114235	114237	.	-	0	gene_id "19_g"; transcript_id "19_t";
3_dna	GeneMark.hmm3	CDS	114235	116127	.	-	0	gene_id "19_g"; transcript_id "19_t"; cds_type "Single"; count "1_1";
3_dna	GeneMark.hmm3	start_codon	116125	116127	.	-	0	gene_id "19_g"; transcript_id "19_t";
3_dna	GeneMark.hmm3	gene	116755	117594	.	-	.	gene_id "20_g"; transcript_id "20_t";
3_dna	GeneMark.hmm3	mRNA	116755	117594	.	-	.	gene_id "20_g"; transcript_id "20_t";
3_dna	GeneMark.hmm3	stop_codon	116755	116757	.	-	0	gene_id "20_g"; transcript_id "20_t";
3_dna	GeneMark.hmm3	CDS	116755	117594	.	-	0	gene_id "20_g"; transcript_id "20_t"; cds_type "Single"; count "1_1";
3_dna	GeneMark.hmm3	start_codon	117592	117594	.	-	0	gene_id "20_g"; transcript_id "20_t";
3_dna	GeneMark.hmm3	gene	118456	120918	.	-	.	gene_id "21_g"; transcript_id "21_t";
3_dna	GeneMark.hmm3	mRNA	118456	120918	.	-	.	gene_id "21_g"; transcript_id "21_t";
3_dna	GeneMark.hmm3	stop_codon	118456	118458	.	-	0	gene_id "21_g"; transcript_id "21_t";
3_dna	GeneMark.hmm3	CDS	118456	118575	.	-	0	gene_id "21_g"; transcript_id "21_t"; cds_type "Terminal"; count "9_9";
3_dna	GeneMark.hmm3	intron	118576	118656	.	-	0	gene_id "21_g"; transcript_id "21_t";
3_dna	GeneMark.hmm3	CDS	118657	118752	.	-	0	gene_id "21_g"; transcript_id "21_t"; cds_type "Internal"; count "8_9";
3_dna	GeneMark.hmm3	intron	118753	118841	.	-	0	gene_id "21_g"; transcript_id "21_t";
3_dna	GeneMark.hmm3	CDS	118842	118901	.	-	0	gene_id "21_g"; transcript_id "21_t"; cds_type "Internal"; count "7_9";
3_dna	GeneMark.hmm3	intron	118902	118991	.	-	0	gene_id "21_g"; transcript_id "21_t";
3_dna	GeneMark.hmm3	CDS	118992	119036	.	-	0	gene_id "21_g"; transcript_id "21_t"; cds_type "Internal"; count "6_9";
3_dna	GeneMark.hmm3	intron	119037	119730	.	-	0	gene_id "21_g"; transcript_id "21_t";
3_dna	GeneMark.hmm3	CDS	119731	119845	.	-	1	gene_id "21_g"; transcript_id "21_t"; cds_type "Internal"; count "5_9";
3_dna	GeneMark.hmm3	intron	119846	119940	.	-	2	gene_id "21_g"; transcript_id "21_t";
3_dna	GeneMark.hmm3	CDS	119941	119987	.	-	0	gene_id "21_g"; transcript_id "21_t"; cds_type "Internal"; count "4_9";
3_dna	GeneMark.hmm3	intron	119988	120071	.	-	0	gene_id "21_g"; transcript_id "21_t";
3_dna	GeneMark.hmm3	CDS	120072	120466	.	-	2	gene_id "21_g"; transcript_id "21_t"; cds_type "Internal"; count "3_9";
3_dna	GeneMark.hmm3	intron	120467	120659	.	-	1	gene_id "21_g"; transcript_id "21_t";
3_dna	GeneMark.hmm3	CDS	120660	120746	.	-	2	gene_id "21_g"; transcript_id "21_t"; cds_type "Internal"; count "2_9";
3_dna	GeneMark.hmm3	intron	120747	120836	.	-	1	gene_id "21_g"; transcript_id "21_t";
3_dna	GeneMark.hmm3	CDS	120837	120918	.	-	0	gene_id "21_g"; transcript_id "21_t"; cds_type "Initial"; count "1_9";
3_dna	GeneMark.hmm3	start_codon	120916	120918	.	-	0	gene_id "21_g"; transcript_id "21_t";
3_dna	GeneMark.hmm3	gene	121156	121854	.	+	.	gene_id "22_g"; transcript_id "22_t";
3_dna	GeneMark.hmm3	mRNA	121156	121854	.	+	.	gene_id "22_g"; transcript_id "22_t";
3_dna	GeneMark.hmm3	start_codon	121156	121158	.	+	0	gene_id "22_g"; transcript_id "22_t";
3_dna	GeneMark.hmm3	CDS	121156	121854	.	+	0	gene_id "22_g"; transcript_id "22_t"; cds_type "Single"; count "1_1";
3_dna	GeneMark.hmm3	stop_codon	121852	121854	.	+	0	gene_id "22_g"; transcript_id "22_t";
3_dna	GeneMark.hmm3	gene	122065	123045	.	-	.	gene_id "23_g"; transcript_id "23_t";
3_dna	GeneMark.hmm3	mRNA	122065	123045	.	-	.	gene_id "23_g"; transcript_id "23_t";
3_dna	GeneMark.hmm3	stop_codon	122065	122067	.	-	0	gene_id "23_g"; transcript_id "23_t";
3_dna	GeneMark.hmm3	CDS	122065	123045	.	-	0	gene_id "23_g"; transcript_id "23_t"; cds_type "Single"; count "1_1";
3_dna	GeneMark.hmm3	start_codon	123043	123045	.	-	0	gene_id "23_g"; transcript_id "23_t";
