# Eukaryotic GeneMark.hmm version 3.68
# Sequence name: /home/genomika25/studenci/dmyboi/sequence_adnotation_home_work_cw3/BRAKER/example/braker/GeneMark-ET/output/data/dna.fa_2
# FASTA defline: >dna.fa_2	2_dna	1	125100
# Sequence length: 125100 bp
# G+C content: 35.62%
# Matrices file: /home/genomika25/studenci/dmyboi/sequence_adnotation_home_work_cw3/BRAKER/example/braker/GeneMark-ET/output/gmhmm.mod
# Mon Nov  3 22:17:24 2025
# FASTA definition line: >dna.fa_2	2_dna	1	125100
# sequence-region 2_dna 1 125100
2_dna	GeneMark.hmm3	gene	1916	2389	.	-	.	gene_id "2_g"; transcript_id "2_t";
2_dna	GeneMark.hmm3	mRNA	1916	2389	.	-	.	gene_id "2_g"; transcript_id "2_t";
2_dna	GeneMark.hmm3	stop_codon	1916	1918	.	-	0	gene_id "2_g"; transcript_id "2_t";
2_dna	GeneMark.hmm3	CDS	1916	2389	.	-	0	gene_id "2_g"; transcript_id "2_t"; cds_type "Single"; count "1_1";
2_dna	GeneMark.hmm3	start_codon	2387	2389	.	-	0	gene_id "2_g"; transcript_id "2_t";
2_dna	GeneMark.hmm3	gene	2882	8036	.	-	.	gene_id "3_g"; transcript_id "3_t";
2_dna	GeneMark.hmm3	mRNA	2882	8036	.	-	.	gene_id "3_g"; transcript_id "3_t";
2_dna	GeneMark.hmm3	stop_codon	2882	2884	.	-	0	gene_id "3_g"; transcript_id "3_t";
2_dna	GeneMark.hmm3	CDS	2882	3300	.	-	2	gene_id "3_g"; transcript_id "3_t"; cds_type "Terminal"; count "5_5";
2_dna	GeneMark.hmm3	intron	3301	6831	.	-	1	gene_id "3_g"; transcript_id "3_t";
2_dna	GeneMark.hmm3	CDS	6832	6916	.	-	0	gene_id "3_g"; transcript_id "3_t"; cds_type "Internal"; count "4_5";
2_dna	GeneMark.hmm3	intron	6917	7074	.	-	0	gene_id "3_g"; transcript_id "3_t";
2_dna	GeneMark.hmm3	CDS	7075	7476	.	-	0	gene_id "3_g"; transcript_id "3_t"; cds_type "Internal"; count "3_5";
2_dna	GeneMark.hmm3	intron	7477	7592	.	-	0	gene_id "3_g"; transcript_id "3_t";
2_dna	GeneMark.hmm3	CDS	7593	7607	.	-	0	gene_id "3_g"; transcript_id "3_t"; cds_type "Internal"; count "2_5";
2_dna	GeneMark.hmm3	intron	7608	7700	.	-	0	gene_id "3_g"; transcript_id "3_t";
2_dna	GeneMark.hmm3	CDS	7701	8036	.	-	0	gene_id "3_g"; transcript_id "3_t"; cds_type "Initial"; count "1_5";
2_dna	GeneMark.hmm3	start_codon	8034	8036	.	-	0	gene_id "3_g"; transcript_id "3_t";
2_dna	GeneMark.hmm3	gene	9692	10810	.	+	.	gene_id "4_g"; transcript_id "4_t";
2_dna	GeneMark.hmm3	mRNA	9692	10810	.	+	.	gene_id "4_g"; transcript_id "4_t";
2_dna	GeneMark.hmm3	start_codon	9692	9694	.	+	0	gene_id "4_g"; transcript_id "4_t";
2_dna	GeneMark.hmm3	CDS	9692	10810	.	+	0	gene_id "4_g"; transcript_id "4_t"; cds_type "Single"; count "1_1";
2_dna	GeneMark.hmm3	stop_codon	10808	10810	.	+	0	gene_id "4_g"; transcript_id "4_t";
2_dna	GeneMark.hmm3	gene	13143	13904	.	-	.	gene_id "6_g"; transcript_id "6_t";
2_dna	GeneMark.hmm3	mRNA	13143	13904	.	-	.	gene_id "6_g"; transcript_id "6_t";
2_dna	GeneMark.hmm3	stop_codon	13143	13145	.	-	0	gene_id "6_g"; transcript_id "6_t";
2_dna	GeneMark.hmm3	CDS	13143	13904	.	-	0	gene_id "6_g"; transcript_id "6_t"; cds_type "Single"; count "1_1";
2_dna	GeneMark.hmm3	start_codon	13902	13904	.	-	0	gene_id "6_g"; transcript_id "6_t";
2_dna	GeneMark.hmm3	gene	18865	19284	.	-	.	gene_id "7_g"; transcript_id "7_t";
2_dna	GeneMark.hmm3	mRNA	18865	19284	.	-	.	gene_id "7_g"; transcript_id "7_t";
2_dna	GeneMark.hmm3	stop_codon	18865	18867	.	-	0	gene_id "7_g"; transcript_id "7_t";
2_dna	GeneMark.hmm3	CDS	18865	19284	.	-	0	gene_id "7_g"; transcript_id "7_t"; cds_type "Single"; count "1_1";
2_dna	GeneMark.hmm3	start_codon	19282	19284	.	-	0	gene_id "7_g"; transcript_id "7_t";
2_dna	GeneMark.hmm3	gene	19558	19968	.	-	.	gene_id "8_g"; transcript_id "8_t";
2_dna	GeneMark.hmm3	mRNA	19558	19968	.	-	.	gene_id "8_g"; transcript_id "8_t";
2_dna	GeneMark.hmm3	stop_codon	19558	19560	.	-	0	gene_id "8_g"; transcript_id "8_t";
2_dna	GeneMark.hmm3	CDS	19558	19968	.	-	0	gene_id "8_g"; transcript_id "8_t"; cds_type "Single"; count "1_1";
2_dna	GeneMark.hmm3	start_codon	19966	19968	.	-	0	gene_id "8_g"; transcript_id "8_t";
2_dna	GeneMark.hmm3	gene	21167	22251	.	+	.	gene_id "9_g"; transcript_id "9_t";
2_dna	GeneMark.hmm3	mRNA	21167	22251	.	+	.	gene_id "9_g"; transcript_id "9_t";
2_dna	GeneMark.hmm3	start_codon	21167	21169	.	+	0	gene_id "9_g"; transcript_id "9_t";
2_dna	GeneMark.hmm3	CDS	21167	21415	.	+	0	gene_id "9_g"; transcript_id "9_t"; cds_type "Initial"; count "1_4";
2_dna	GeneMark.hmm3	intron	21416	21591	.	+	0	gene_id "9_g"; transcript_id "9_t";
2_dna	GeneMark.hmm3	CDS	21592	21615	.	+	0	gene_id "9_g"; transcript_id "9_t"; cds_type "Internal"; count "2_4";
2_dna	GeneMark.hmm3	intron	21616	21809	.	+	0	gene_id "9_g"; transcript_id "9_t";
2_dna	GeneMark.hmm3	CDS	21810	22156	.	+	0	gene_id "9_g"; transcript_id "9_t"; cds_type "Internal"; count "3_4";
2_dna	GeneMark.hmm3	intron	22157	22247	.	+	2	gene_id "9_g"; transcript_id "9_t";
2_dna	GeneMark.hmm3	CDS	22248	22251	.	+	1	gene_id "9_g"; transcript_id "9_t"; cds_type "Terminal"; count "4_4";
2_dna	GeneMark.hmm3	stop_codon	22249	22251	.	+	0	gene_id "9_g"; transcript_id "9_t";
2_dna	GeneMark.hmm3	gene	22700	25811	.	-	.	gene_id "10_g"; transcript_id "10_t";
2_dna	GeneMark.hmm3	mRNA	22700	25811	.	-	.	gene_id "10_g"; transcript_id "10_t";
2_dna	GeneMark.hmm3	stop_codon	22700	22702	.	-	0	gene_id "10_g"; transcript_id "10_t";
2_dna	GeneMark.hmm3	CDS	22700	22750	.	-	0	gene_id "10_g"; transcript_id "10_t"; cds_type "Terminal"; count "9_9";
2_dna	GeneMark.hmm3	intron	22751	22845	.	-	0	gene_id "10_g"; transcript_id "10_t";
2_dna	GeneMark.hmm3	CDS	22846	22935	.	-	0	gene_id "10_g"; transcript_id "10_t"; cds_type "Internal"; count "8_9";
2_dna	GeneMark.hmm3	intron	22936	23034	.	-	0	gene_id "10_g"; transcript_id "10_t";
2_dna	GeneMark.hmm3	CDS	23035	23153	.	-	2	gene_id "10_g"; transcript_id "10_t"; cds_type "Internal"; count "7_9";
2_dna	GeneMark.hmm3	intron	23154	23230	.	-	1	gene_id "10_g"; transcript_id "10_t";
2_dna	GeneMark.hmm3	CDS	23231	23469	.	-	1	gene_id "10_g"; transcript_id "10_t"; cds_type "Internal"; count "6_9";
2_dna	GeneMark.hmm3	intron	23470	24230	.	-	2	gene_id "10_g"; transcript_id "10_t";
2_dna	GeneMark.hmm3	CDS	24231	24287	.	-	1	gene_id "10_g"; transcript_id "10_t"; cds_type "Internal"; count "5_9";
2_dna	GeneMark.hmm3	intron	24288	24527	.	-	2	gene_id "10_g"; transcript_id "10_t";
2_dna	GeneMark.hmm3	CDS	24528	24614	.	-	1	gene_id "10_g"; transcript_id "10_t"; cds_type "Internal"; count "4_9";
2_dna	GeneMark.hmm3	intron	24615	24700	.	-	2	gene_id "10_g"; transcript_id "10_t";
2_dna	GeneMark.hmm3	CDS	24701	24954	.	-	0	gene_id "10_g"; transcript_id "10_t"; cds_type "Internal"; count "3_9";
2_dna	GeneMark.hmm3	intron	24955	25160	.	-	0	gene_id "10_g"; transcript_id "10_t";
2_dna	GeneMark.hmm3	CDS	25161	25448	.	-	0	gene_id "10_g"; transcript_id "10_t"; cds_type "Internal"; count "2_9";
2_dna	GeneMark.hmm3	intron	25449	25535	.	-	0	gene_id "10_g"; transcript_id "10_t";
2_dna	GeneMark.hmm3	CDS	25536	25811	.	-	0	gene_id "10_g"; transcript_id "10_t"; cds_type "Initial"; count "1_9";
2_dna	GeneMark.hmm3	start_codon	25809	25811	.	-	0	gene_id "10_g"; transcript_id "10_t";
2_dna	GeneMark.hmm3	gene	28342	28734	.	-	.	gene_id "11_g"; transcript_id "11_t";
2_dna	GeneMark.hmm3	mRNA	28342	28734	.	-	.	gene_id "11_g"; transcript_id "11_t";
2_dna	GeneMark.hmm3	stop_codon	28342	28344	.	-	0	gene_id "11_g"; transcript_id "11_t";
2_dna	GeneMark.hmm3	CDS	28342	28734	.	-	0	gene_id "11_g"; transcript_id "11_t"; cds_type "Single"; count "1_1";
2_dna	GeneMark.hmm3	start_codon	28732	28734	.	-	0	gene_id "11_g"; transcript_id "11_t";
2_dna	GeneMark.hmm3	gene	30853	32521	.	+	.	gene_id "12_g"; transcript_id "12_t";
2_dna	GeneMark.hmm3	mRNA	30853	32521	.	+	.	gene_id "12_g"; transcript_id "12_t";
2_dna	GeneMark.hmm3	start_codon	30853	30855	.	+	0	gene_id "12_g"; transcript_id "12_t";
2_dna	GeneMark.hmm3	CDS	30853	31185	.	+	0	gene_id "12_g"; transcript_id "12_t"; cds_type "Initial"; count "1_6";
2_dna	GeneMark.hmm3	intron	31186	31343	.	+	0	gene_id "12_g"; transcript_id "12_t";
2_dna	GeneMark.hmm3	CDS	31344	31442	.	+	0	gene_id "12_g"; transcript_id "12_t"; cds_type "Internal"; count "2_6";
2_dna	GeneMark.hmm3	intron	31443	31500	.	+	0	gene_id "12_g"; transcript_id "12_t";
2_dna	GeneMark.hmm3	CDS	31501	31581	.	+	0	gene_id "12_g"; transcript_id "12_t"; cds_type "Internal"; count "3_6";
2_dna	GeneMark.hmm3	intron	31582	31810	.	+	0	gene_id "12_g"; transcript_id "12_t";
2_dna	GeneMark.hmm3	CDS	31811	31955	.	+	0	gene_id "12_g"; transcript_id "12_t"; cds_type "Internal"; count "4_6";
2_dna	GeneMark.hmm3	intron	31956	32199	.	+	1	gene_id "12_g"; transcript_id "12_t";
2_dna	GeneMark.hmm3	CDS	32200	32301	.	+	2	gene_id "12_g"; transcript_id "12_t"; cds_type "Internal"; count "5_6";
2_dna	GeneMark.hmm3	intron	32302	32429	.	+	1	gene_id "12_g"; transcript_id "12_t";
2_dna	GeneMark.hmm3	CDS	32430	32521	.	+	2	gene_id "12_g"; transcript_id "12_t"; cds_type "Terminal"; count "6_6";
2_dna	GeneMark.hmm3	stop_codon	32519	32521	.	+	0	gene_id "12_g"; transcript_id "12_t";
2_dna	GeneMark.hmm3	gene	35638	36477	.	+	.	gene_id "13_g"; transcript_id "13_t";
2_dna	GeneMark.hmm3	mRNA	35638	36477	.	+	.	gene_id "13_g"; transcript_id "13_t";
2_dna	GeneMark.hmm3	start_codon	35638	35640	.	+	0	gene_id "13_g"; transcript_id "13_t";
2_dna	GeneMark.hmm3	CDS	35638	36477	.	+	0	gene_id "13_g"; transcript_id "13_t"; cds_type "Single"; count "1_1";
2_dna	GeneMark.hmm3	stop_codon	36475	36477	.	+	0	gene_id "13_g"; transcript_id "13_t";
2_dna	GeneMark.hmm3	gene	41051	43209	.	-	.	gene_id "14_g"; transcript_id "14_t";
2_dna	GeneMark.hmm3	mRNA	41051	43209	.	-	.	gene_id "14_g"; transcript_id "14_t";
2_dna	GeneMark.hmm3	stop_codon	41051	41053	.	-	0	gene_id "14_g"; transcript_id "14_t";
2_dna	GeneMark.hmm3	CDS	41051	41197	.	-	0	gene_id "14_g"; transcript_id "14_t"; cds_type "Terminal"; count "6_6";
2_dna	GeneMark.hmm3	intron	41198	41794	.	-	0	gene_id "14_g"; transcript_id "14_t";
2_dna	GeneMark.hmm3	CDS	41795	41922	.	-	2	gene_id "14_g"; transcript_id "14_t"; cds_type "Internal"; count "5_6";
2_dna	GeneMark.hmm3	intron	41923	42058	.	-	1	gene_id "14_g"; transcript_id "14_t";
2_dna	GeneMark.hmm3	CDS	42059	42263	.	-	0	gene_id "14_g"; transcript_id "14_t"; cds_type "Internal"; count "4_6";
2_dna	GeneMark.hmm3	intron	42264	42354	.	-	0	gene_id "14_g"; transcript_id "14_t";
2_dna	GeneMark.hmm3	CDS	42355	42453	.	-	0	gene_id "14_g"; transcript_id "14_t"; cds_type "Internal"; count "3_6";
2_dna	GeneMark.hmm3	intron	42454	42555	.	-	0	gene_id "14_g"; transcript_id "14_t";
2_dna	GeneMark.hmm3	CDS	42556	42642	.	-	0	gene_id "14_g"; transcript_id "14_t"; cds_type "Internal"; count "2_6";
2_dna	GeneMark.hmm3	intron	42643	42948	.	-	0	gene_id "14_g"; transcript_id "14_t";
2_dna	GeneMark.hmm3	CDS	42949	43209	.	-	0	gene_id "14_g"; transcript_id "14_t"; cds_type "Initial"; count "1_6";
2_dna	GeneMark.hmm3	start_codon	43207	43209	.	-	0	gene_id "14_g"; transcript_id "14_t";
2_dna	GeneMark.hmm3	gene	48005	49714	.	-	.	gene_id "15_g"; transcript_id "15_t";
2_dna	GeneMark.hmm3	mRNA	48005	49714	.	-	.	gene_id "15_g"; transcript_id "15_t";
2_dna	GeneMark.hmm3	stop_codon	48005	48007	.	-	0	gene_id "15_g"; transcript_id "15_t";
2_dna	GeneMark.hmm3	CDS	48005	48025	.	-	0	gene_id "15_g"; transcript_id "15_t"; cds_type "Terminal"; count "4_4";
2_dna	GeneMark.hmm3	intron	48026	48145	.	-	0	gene_id "15_g"; transcript_id "15_t";
2_dna	GeneMark.hmm3	CDS	48146	48262	.	-	0	gene_id "15_g"; transcript_id "15_t"; cds_type "Internal"; count "3_4";
2_dna	GeneMark.hmm3	intron	48263	48834	.	-	0	gene_id "15_g"; transcript_id "15_t";
2_dna	GeneMark.hmm3	CDS	48835	48957	.	-	0	gene_id "15_g"; transcript_id "15_t"; cds_type "Internal"; count "2_4";
2_dna	GeneMark.hmm3	intron	48958	49228	.	-	0	gene_id "15_g"; transcript_id "15_t";
2_dna	GeneMark.hmm3	CDS	49229	49714	.	-	0	gene_id "15_g"; transcript_id "15_t"; cds_type "Initial"; count "1_4";
2_dna	GeneMark.hmm3	start_codon	49712	49714	.	-	0	gene_id "15_g"; transcript_id "15_t";
2_dna	GeneMark.hmm3	gene	51474	57265	.	+	.	gene_id "16_g"; transcript_id "16_t";
2_dna	GeneMark.hmm3	mRNA	51474	57265	.	+	.	gene_id "16_g"; transcript_id "16_t";
2_dna	GeneMark.hmm3	start_codon	51474	51476	.	+	0	gene_id "16_g"; transcript_id "16_t";
2_dna	GeneMark.hmm3	CDS	51474	51509	.	+	0	gene_id "16_g"; transcript_id "16_t"; cds_type "Initial"; count "1_20";
2_dna	GeneMark.hmm3	intron	51510	51580	.	+	0	gene_id "16_g"; transcript_id "16_t";
2_dna	GeneMark.hmm3	CDS	51581	51913	.	+	0	gene_id "16_g"; transcript_id "16_t"; cds_type "Internal"; count "2_20";
2_dna	GeneMark.hmm3	intron	51914	52002	.	+	0	gene_id "16_g"; transcript_id "16_t";
2_dna	GeneMark.hmm3	CDS	52003	52151	.	+	0	gene_id "16_g"; transcript_id "16_t"; cds_type "Internal"; count "3_20";
2_dna	GeneMark.hmm3	intron	52152	52246	.	+	2	gene_id "16_g"; transcript_id "16_t";
2_dna	GeneMark.hmm3	CDS	52247	52503	.	+	1	gene_id "16_g"; transcript_id "16_t"; cds_type "Internal"; count "4_20";
2_dna	GeneMark.hmm3	intron	52504	52593	.	+	1	gene_id "16_g"; transcript_id "16_t";
2_dna	GeneMark.hmm3	CDS	52594	52899	.	+	2	gene_id "16_g"; transcript_id "16_t"; cds_type "Internal"; count "5_20";
2_dna	GeneMark.hmm3	intron	52900	52972	.	+	1	gene_id "16_g"; transcript_id "16_t";
2_dna	GeneMark.hmm3	CDS	52973	53051	.	+	2	gene_id "16_g"; transcript_id "16_t"; cds_type "Internal"; count "6_20";
2_dna	GeneMark.hmm3	intron	53052	53148	.	+	2	gene_id "16_g"; transcript_id "16_t";
2_dna	GeneMark.hmm3	CDS	53149	53254	.	+	1	gene_id "16_g"; transcript_id "16_t"; cds_type "Internal"; count "7_20";
2_dna	GeneMark.hmm3	intron	53255	53356	.	+	0	gene_id "16_g"; transcript_id "16_t";
2_dna	GeneMark.hmm3	CDS	53357	53628	.	+	0	gene_id "16_g"; transcript_id "16_t"; cds_type "Internal"; count "8_20";
2_dna	GeneMark.hmm3	intron	53629	53711	.	+	2	gene_id "16_g"; transcript_id "16_t";
2_dna	GeneMark.hmm3	CDS	53712	53832	.	+	1	gene_id "16_g"; transcript_id "16_t"; cds_type "Internal"; count "9_20";
2_dna	GeneMark.hmm3	intron	53833	53910	.	+	0	gene_id "16_g"; transcript_id "16_t";
2_dna	GeneMark.hmm3	CDS	53911	54135	.	+	0	gene_id "16_g"; transcript_id "16_t"; cds_type "Internal"; count "10_20";
2_dna	GeneMark.hmm3	intron	54136	54218	.	+	0	gene_id "16_g"; transcript_id "16_t";
2_dna	GeneMark.hmm3	CDS	54219	54409	.	+	0	gene_id "16_g"; transcript_id "16_t"; cds_type "Internal"; count "11_20";
2_dna	GeneMark.hmm3	intron	54410	54554	.	+	2	gene_id "16_g"; transcript_id "16_t";
2_dna	GeneMark.hmm3	CDS	54555	54683	.	+	1	gene_id "16_g"; transcript_id "16_t"; cds_type "Internal"; count "12_20";
2_dna	GeneMark.hmm3	intron	54684	54775	.	+	2	gene_id "16_g"; transcript_id "16_t";
2_dna	GeneMark.hmm3	CDS	54776	54881	.	+	1	gene_id "16_g"; transcript_id "16_t"; cds_type "Internal"; count "13_20";
2_dna	GeneMark.hmm3	intron	54882	54996	.	+	0	gene_id "16_g"; transcript_id "16_t";
2_dna	GeneMark.hmm3	CDS	54997	55131	.	+	0	gene_id "16_g"; transcript_id "16_t"; cds_type "Internal"; count "14_20";
2_dna	GeneMark.hmm3	intron	55132	55222	.	+	0	gene_id "16_g"; transcript_id "16_t";
2_dna	GeneMark.hmm3	CDS	55223	55375	.	+	0	gene_id "16_g"; transcript_id "16_t"; cds_type "Internal"; count "15_20";
2_dna	GeneMark.hmm3	intron	55376	55458	.	+	0	gene_id "16_g"; transcript_id "16_t";
2_dna	GeneMark.hmm3	CDS	55459	55659	.	+	0	gene_id "16_g"; transcript_id "16_t"; cds_type "Internal"; count "16_20";
2_dna	GeneMark.hmm3	intron	55660	55764	.	+	0	gene_id "16_g"; transcript_id "16_t";
2_dna	GeneMark.hmm3	CDS	55765	55959	.	+	0	gene_id "16_g"; transcript_id "16_t"; cds_type "Internal"; count "17_20";
2_dna	GeneMark.hmm3	intron	55960	56042	.	+	0	gene_id "16_g"; transcript_id "16_t";
2_dna	GeneMark.hmm3	CDS	56043	56114	.	+	0	gene_id "16_g"; transcript_id "16_t"; cds_type "Internal"; count "18_20";
2_dna	GeneMark.hmm3	intron	56115	56202	.	+	0	gene_id "16_g"; transcript_id "16_t";
2_dna	GeneMark.hmm3	CDS	56203	56354	.	+	0	gene_id "16_g"; transcript_id "16_t"; cds_type "Internal"; count "19_20";
2_dna	GeneMark.hmm3	intron	56355	57063	.	+	2	gene_id "16_g"; transcript_id "16_t";
2_dna	GeneMark.hmm3	CDS	57064	57265	.	+	1	gene_id "16_g"; transcript_id "16_t"; cds_type "Terminal"; count "20_20";
2_dna	GeneMark.hmm3	stop_codon	57263	57265	.	+	0	gene_id "16_g"; transcript_id "16_t";
2_dna	GeneMark.hmm3	gene	57325	60555	.	+	.	gene_id "17_g"; transcript_id "17_t";
2_dna	GeneMark.hmm3	mRNA	57325	60555	.	+	.	gene_id "17_g"; transcript_id "17_t";
2_dna	GeneMark.hmm3	start_codon	57325	57327	.	+	0	gene_id "17_g"; transcript_id "17_t";
2_dna	GeneMark.hmm3	CDS	57325	57551	.	+	0	gene_id "17_g"; transcript_id "17_t"; cds_type "Initial"; count "1_11";
2_dna	GeneMark.hmm3	intron	57552	57680	.	+	2	gene_id "17_g"; transcript_id "17_t";
2_dna	GeneMark.hmm3	CDS	57681	57784	.	+	1	gene_id "17_g"; transcript_id "17_t"; cds_type "Internal"; count "2_11";
2_dna	GeneMark.hmm3	intron	57785	57868	.	+	1	gene_id "17_g"; transcript_id "17_t";
2_dna	GeneMark.hmm3	CDS	57869	58458	.	+	2	gene_id "17_g"; transcript_id "17_t"; cds_type "Internal"; count "3_11";
2_dna	GeneMark.hmm3	intron	58459	58542	.	+	0	gene_id "17_g"; transcript_id "17_t";
2_dna	GeneMark.hmm3	CDS	58543	58628	.	+	0	gene_id "17_g"; transcript_id "17_t"; cds_type "Internal"; count "4_11";
2_dna	GeneMark.hmm3	intron	58629	58958	.	+	2	gene_id "17_g"; transcript_id "17_t";
2_dna	GeneMark.hmm3	CDS	58959	59063	.	+	1	gene_id "17_g"; transcript_id "17_t"; cds_type "Internal"; count "5_11";
2_dna	GeneMark.hmm3	intron	59064	59163	.	+	2	gene_id "17_g"; transcript_id "17_t";
2_dna	GeneMark.hmm3	CDS	59164	59278	.	+	1	gene_id "17_g"; transcript_id "17_t"; cds_type "Internal"; count "6_11";
2_dna	GeneMark.hmm3	intron	59279	59379	.	+	0	gene_id "17_g"; transcript_id "17_t";
2_dna	GeneMark.hmm3	CDS	59380	59537	.	+	0	gene_id "17_g"; transcript_id "17_t"; cds_type "Internal"; count "7_11";
2_dna	GeneMark.hmm3	intron	59538	59630	.	+	2	gene_id "17_g"; transcript_id "17_t";
2_dna	GeneMark.hmm3	CDS	59631	59715	.	+	1	gene_id "17_g"; transcript_id "17_t"; cds_type "Internal"; count "8_11";
2_dna	GeneMark.hmm3	intron	59716	59797	.	+	0	gene_id "17_g"; transcript_id "17_t";
2_dna	GeneMark.hmm3	CDS	59798	60013	.	+	0	gene_id "17_g"; transcript_id "17_t"; cds_type "Internal"; count "9_11";
2_dna	GeneMark.hmm3	intron	60014	60102	.	+	0	gene_id "17_g"; transcript_id "17_t";
2_dna	GeneMark.hmm3	CDS	60103	60164	.	+	0	gene_id "17_g"; transcript_id "17_t"; cds_type "Internal"; count "10_11";
2_dna	GeneMark.hmm3	intron	60165	60254	.	+	2	gene_id "17_g"; transcript_id "17_t";
2_dna	GeneMark.hmm3	CDS	60255	60555	.	+	1	gene_id "17_g"; transcript_id "17_t"; cds_type "Terminal"; count "11_11";
2_dna	GeneMark.hmm3	stop_codon	60553	60555	.	+	0	gene_id "17_g"; transcript_id "17_t";
2_dna	GeneMark.hmm3	gene	61290	68460	.	-	.	gene_id "18_g"; transcript_id "18_t";
2_dna	GeneMark.hmm3	mRNA	61290	68460	.	-	.	gene_id "18_g"; transcript_id "18_t";
2_dna	GeneMark.hmm3	stop_codon	61290	61292	.	-	0	gene_id "18_g"; transcript_id "18_t";
2_dna	GeneMark.hmm3	CDS	61290	61742	.	-	0	gene_id "18_g"; transcript_id "18_t"; cds_type "Terminal"; count "25_25";
2_dna	GeneMark.hmm3	intron	61743	61839	.	-	0	gene_id "18_g"; transcript_id "18_t";
2_dna	GeneMark.hmm3	CDS	61840	61998	.	-	0	gene_id "18_g"; transcript_id "18_t"; cds_type "Internal"; count "24_25";
2_dna	GeneMark.hmm3	intron	61999	62096	.	-	0	gene_id "18_g"; transcript_id "18_t";
2_dna	GeneMark.hmm3	CDS	62097	62237	.	-	0	gene_id "18_g"; transcript_id "18_t"; cds_type "Internal"; count "23_25";
2_dna	GeneMark.hmm3	intron	62238	62340	.	-	0	gene_id "18_g"; transcript_id "18_t";
2_dna	GeneMark.hmm3	CDS	62341	62439	.	-	0	gene_id "18_g"; transcript_id "18_t"; cds_type "Internal"; count "22_25";
2_dna	GeneMark.hmm3	intron	62440	62635	.	-	0	gene_id "18_g"; transcript_id "18_t";
2_dna	GeneMark.hmm3	CDS	62636	62986	.	-	0	gene_id "18_g"; transcript_id "18_t"; cds_type "Internal"; count "21_25";
2_dna	GeneMark.hmm3	intron	62987	63087	.	-	0	gene_id "18_g"; transcript_id "18_t";
2_dna	GeneMark.hmm3	CDS	63088	63113	.	-	2	gene_id "18_g"; transcript_id "18_t"; cds_type "Internal"; count "20_25";
2_dna	GeneMark.hmm3	intron	63114	63203	.	-	1	gene_id "18_g"; transcript_id "18_t";
2_dna	GeneMark.hmm3	CDS	63204	63279	.	-	0	gene_id "18_g"; transcript_id "18_t"; cds_type "Internal"; count "19_25";
2_dna	GeneMark.hmm3	intron	63280	63391	.	-	0	gene_id "18_g"; transcript_id "18_t";
2_dna	GeneMark.hmm3	CDS	63392	63583	.	-	0	gene_id "18_g"; transcript_id "18_t"; cds_type "Internal"; count "18_25";
2_dna	GeneMark.hmm3	intron	63584	63760	.	-	0	gene_id "18_g"; transcript_id "18_t";
2_dna	GeneMark.hmm3	CDS	63761	63956	.	-	1	gene_id "18_g"; transcript_id "18_t"; cds_type "Internal"; count "17_25";
2_dna	GeneMark.hmm3	intron	63957	64049	.	-	2	gene_id "18_g"; transcript_id "18_t";
2_dna	GeneMark.hmm3	CDS	64050	64105	.	-	0	gene_id "18_g"; transcript_id "18_t"; cds_type "Internal"; count "16_25";
2_dna	GeneMark.hmm3	intron	64106	64316	.	-	0	gene_id "18_g"; transcript_id "18_t";
2_dna	GeneMark.hmm3	CDS	64317	64385	.	-	0	gene_id "18_g"; transcript_id "18_t"; cds_type "Internal"; count "15_25";
2_dna	GeneMark.hmm3	intron	64386	64500	.	-	0	gene_id "18_g"; transcript_id "18_t";
2_dna	GeneMark.hmm3	CDS	64501	64671	.	-	0	gene_id "18_g"; transcript_id "18_t"; cds_type "Internal"; count "14_25";
2_dna	GeneMark.hmm3	intron	64672	64841	.	-	0	gene_id "18_g"; transcript_id "18_t";
2_dna	GeneMark.hmm3	CDS	64842	64988	.	-	0	gene_id "18_g"; transcript_id "18_t"; cds_type "Internal"; count "13_25";
2_dna	GeneMark.hmm3	intron	64989	65080	.	-	0	gene_id "18_g"; transcript_id "18_t";
2_dna	GeneMark.hmm3	CDS	65081	65254	.	-	0	gene_id "18_g"; transcript_id "18_t"; cds_type "Internal"; count "12_25";
2_dna	GeneMark.hmm3	intron	65255	65542	.	-	0	gene_id "18_g"; transcript_id "18_t";
2_dna	GeneMark.hmm3	CDS	65543	65694	.	-	2	gene_id "18_g"; transcript_id "18_t"; cds_type "Internal"; count "11_25";
2_dna	GeneMark.hmm3	intron	65695	65831	.	-	1	gene_id "18_g"; transcript_id "18_t";
2_dna	GeneMark.hmm3	CDS	65832	65923	.	-	1	gene_id "18_g"; transcript_id "18_t"; cds_type "Internal"; count "10_25";
2_dna	GeneMark.hmm3	intron	65924	66086	.	-	2	gene_id "18_g"; transcript_id "18_t";
2_dna	GeneMark.hmm3	CDS	66087	66248	.	-	1	gene_id "18_g"; transcript_id "18_t"; cds_type "Internal"; count "9_25";
2_dna	GeneMark.hmm3	intron	66249	66348	.	-	2	gene_id "18_g"; transcript_id "18_t";
2_dna	GeneMark.hmm3	CDS	66349	66527	.	-	0	gene_id "18_g"; transcript_id "18_t"; cds_type "Internal"; count "8_25";
2_dna	GeneMark.hmm3	intron	66528	66622	.	-	0	gene_id "18_g"; transcript_id "18_t";
2_dna	GeneMark.hmm3	CDS	66623	66754	.	-	0	gene_id "18_g"; transcript_id "18_t"; cds_type "Internal"; count "7_25";
2_dna	GeneMark.hmm3	intron	66755	66847	.	-	0	gene_id "18_g"; transcript_id "18_t";
2_dna	GeneMark.hmm3	CDS	66848	66898	.	-	0	gene_id "18_g"; transcript_id "18_t"; cds_type "Internal"; count "6_25";
2_dna	GeneMark.hmm3	intron	66899	67185	.	-	0	gene_id "18_g"; transcript_id "18_t";
2_dna	GeneMark.hmm3	CDS	67186	67292	.	-	2	gene_id "18_g"; transcript_id "18_t"; cds_type "Internal"; count "5_25";
2_dna	GeneMark.hmm3	intron	67293	67375	.	-	1	gene_id "18_g"; transcript_id "18_t";
2_dna	GeneMark.hmm3	CDS	67376	67546	.	-	2	gene_id "18_g"; transcript_id "18_t"; cds_type "Internal"; count "4_25";
2_dna	GeneMark.hmm3	intron	67547	67664	.	-	1	gene_id "18_g"; transcript_id "18_t";
2_dna	GeneMark.hmm3	CDS	67665	67751	.	-	2	gene_id "18_g"; transcript_id "18_t"; cds_type "Internal"; count "3_25";
2_dna	GeneMark.hmm3	intron	67752	67918	.	-	1	gene_id "18_g"; transcript_id "18_t";
2_dna	GeneMark.hmm3	CDS	67919	68042	.	-	0	gene_id "18_g"; transcript_id "18_t"; cds_type "Internal"; count "2_25";
2_dna	GeneMark.hmm3	intron	68043	68262	.	-	0	gene_id "18_g"; transcript_id "18_t";
2_dna	GeneMark.hmm3	CDS	68263	68460	.	-	0	gene_id "18_g"; transcript_id "18_t"; cds_type "Initial"; count "1_25";
2_dna	GeneMark.hmm3	start_codon	68458	68460	.	-	0	gene_id "18_g"; transcript_id "18_t";
2_dna	GeneMark.hmm3	gene	71891	74363	.	+	.	gene_id "19_g"; transcript_id "19_t";
2_dna	GeneMark.hmm3	mRNA	71891	74363	.	+	.	gene_id "19_g"; transcript_id "19_t";
2_dna	GeneMark.hmm3	start_codon	71891	71893	.	+	0	gene_id "19_g"; transcript_id "19_t";
2_dna	GeneMark.hmm3	CDS	71891	71989	.	+	0	gene_id "19_g"; transcript_id "19_t"; cds_type "Initial"; count "1_8";
2_dna	GeneMark.hmm3	intron	71990	72406	.	+	0	gene_id "19_g"; transcript_id "19_t";
2_dna	GeneMark.hmm3	CDS	72407	72463	.	+	0	gene_id "19_g"; transcript_id "19_t"; cds_type "Internal"; count "2_8";
2_dna	GeneMark.hmm3	intron	72464	72561	.	+	0	gene_id "19_g"; transcript_id "19_t";
2_dna	GeneMark.hmm3	CDS	72562	72643	.	+	0	gene_id "19_g"; transcript_id "19_t"; cds_type "Internal"; count "3_8";
2_dna	GeneMark.hmm3	intron	72644	72727	.	+	1	gene_id "19_g"; transcript_id "19_t";
2_dna	GeneMark.hmm3	CDS	72728	72887	.	+	2	gene_id "19_g"; transcript_id "19_t"; cds_type "Internal"; count "4_8";
2_dna	GeneMark.hmm3	intron	72888	72976	.	+	2	gene_id "19_g"; transcript_id "19_t";
2_dna	GeneMark.hmm3	CDS	72977	73180	.	+	1	gene_id "19_g"; transcript_id "19_t"; cds_type "Internal"; count "5_8";
2_dna	GeneMark.hmm3	intron	73181	73270	.	+	2	gene_id "19_g"; transcript_id "19_t";
2_dna	GeneMark.hmm3	CDS	73271	73547	.	+	1	gene_id "19_g"; transcript_id "19_t"; cds_type "Internal"; count "6_8";
2_dna	GeneMark.hmm3	intron	73548	73640	.	+	0	gene_id "19_g"; transcript_id "19_t";
2_dna	GeneMark.hmm3	CDS	73641	73868	.	+	0	gene_id "19_g"; transcript_id "19_t"; cds_type "Internal"; count "7_8";
2_dna	GeneMark.hmm3	intron	73869	73955	.	+	0	gene_id "19_g"; transcript_id "19_t";
2_dna	GeneMark.hmm3	CDS	73956	74363	.	+	0	gene_id "19_g"; transcript_id "19_t"; cds_type "Terminal"; count "8_8";
2_dna	GeneMark.hmm3	stop_codon	74361	74363	.	+	0	gene_id "19_g"; transcript_id "19_t";
2_dna	GeneMark.hmm3	gene	76286	76960	.	+	.	gene_id "20_g"; transcript_id "20_t";
2_dna	GeneMark.hmm3	mRNA	76286	76960	.	+	.	gene_id "20_g"; transcript_id "20_t";
2_dna	GeneMark.hmm3	start_codon	76286	76288	.	+	0	gene_id "20_g"; transcript_id "20_t";
2_dna	GeneMark.hmm3	CDS	76286	76705	.	+	0	gene_id "20_g"; transcript_id "20_t"; cds_type "Initial"; count "1_2";
2_dna	GeneMark.hmm3	intron	76706	76846	.	+	0	gene_id "20_g"; transcript_id "20_t";
2_dna	GeneMark.hmm3	CDS	76847	76960	.	+	0	gene_id "20_g"; transcript_id "20_t"; cds_type "Terminal"; count "2_2";
2_dna	GeneMark.hmm3	stop_codon	76958	76960	.	+	0	gene_id "20_g"; transcript_id "20_t";
2_dna	GeneMark.hmm3	gene	77462	79768	.	-	.	gene_id "21_g"; transcript_id "21_t";
2_dna	GeneMark.hmm3	mRNA	77462	79768	.	-	.	gene_id "21_g"; transcript_id "21_t";
2_dna	GeneMark.hmm3	stop_codon	77462	77464	.	-	0	gene_id "21_g"; transcript_id "21_t";
2_dna	GeneMark.hmm3	CDS	77462	77641	.	-	0	gene_id "21_g"; transcript_id "21_t"; cds_type "Terminal"; count "5_5";
2_dna	GeneMark.hmm3	intron	77642	77728	.	-	0	gene_id "21_g"; transcript_id "21_t";
2_dna	GeneMark.hmm3	CDS	77729	77889	.	-	2	gene_id "21_g"; transcript_id "21_t"; cds_type "Internal"; count "4_5";
2_dna	GeneMark.hmm3	intron	77890	77988	.	-	1	gene_id "21_g"; transcript_id "21_t";
2_dna	GeneMark.hmm3	CDS	77989	78125	.	-	1	gene_id "21_g"; transcript_id "21_t"; cds_type "Internal"; count "3_5";
2_dna	GeneMark.hmm3	intron	78126	78221	.	-	2	gene_id "21_g"; transcript_id "21_t";
2_dna	GeneMark.hmm3	CDS	78222	78560	.	-	1	gene_id "21_g"; transcript_id "21_t"; cds_type "Internal"; count "2_5";
2_dna	GeneMark.hmm3	intron	78561	78653	.	-	2	gene_id "21_g"; transcript_id "21_t";
2_dna	GeneMark.hmm3	CDS	78654	79768	.	-	0	gene_id "21_g"; transcript_id "21_t"; cds_type "Initial"; count "1_5";
2_dna	GeneMark.hmm3	start_codon	79766	79768	.	-	0	gene_id "21_g"; transcript_id "21_t";
2_dna	GeneMark.hmm3	gene	79983	83456	.	-	.	gene_id "22_g"; transcript_id "22_t";
2_dna	GeneMark.hmm3	mRNA	79983	83456	.	-	.	gene_id "22_g"; transcript_id "22_t";
2_dna	GeneMark.hmm3	stop_codon	79983	79985	.	-	0	gene_id "22_g"; transcript_id "22_t";
2_dna	GeneMark.hmm3	CDS	79983	80233	.	-	2	gene_id "22_g"; transcript_id "22_t"; cds_type "Terminal"; count "8_8";
2_dna	GeneMark.hmm3	intron	80234	80604	.	-	1	gene_id "22_g"; transcript_id "22_t";
2_dna	GeneMark.hmm3	CDS	80605	80752	.	-	0	gene_id "22_g"; transcript_id "22_t"; cds_type "Internal"; count "7_8";
2_dna	GeneMark.hmm3	intron	80753	80825	.	-	0	gene_id "22_g"; transcript_id "22_t";
2_dna	GeneMark.hmm3	CDS	80826	82064	.	-	0	gene_id "22_g"; transcript_id "22_t"; cds_type "Internal"; count "6_8";
2_dna	GeneMark.hmm3	intron	82065	82151	.	-	0	gene_id "22_g"; transcript_id "22_t";
2_dna	GeneMark.hmm3	CDS	82152	82292	.	-	0	gene_id "22_g"; transcript_id "22_t"; cds_type "Internal"; count "5_8";
2_dna	GeneMark.hmm3	intron	82293	82373	.	-	0	gene_id "22_g"; transcript_id "22_t";
2_dna	GeneMark.hmm3	CDS	82374	82740	.	-	1	gene_id "22_g"; transcript_id "22_t"; cds_type "Internal"; count "4_8";
2_dna	GeneMark.hmm3	intron	82741	82816	.	-	2	gene_id "22_g"; transcript_id "22_t";
2_dna	GeneMark.hmm3	CDS	82817	82947	.	-	0	gene_id "22_g"; transcript_id "22_t"; cds_type "Internal"; count "3_8";
2_dna	GeneMark.hmm3	intron	82948	83054	.	-	0	gene_id "22_g"; transcript_id "22_t";
2_dna	GeneMark.hmm3	CDS	83055	83167	.	-	2	gene_id "22_g"; transcript_id "22_t"; cds_type "Internal"; count "2_8";
2_dna	GeneMark.hmm3	intron	83168	83254	.	-	1	gene_id "22_g"; transcript_id "22_t";
2_dna	GeneMark.hmm3	CDS	83255	83456	.	-	0	gene_id "22_g"; transcript_id "22_t"; cds_type "Initial"; count "1_8";
2_dna	GeneMark.hmm3	start_codon	83454	83456	.	-	0	gene_id "22_g"; transcript_id "22_t";
2_dna	GeneMark.hmm3	gene	85333	86314	.	+	.	gene_id "23_g"; transcript_id "23_t";
2_dna	GeneMark.hmm3	mRNA	85333	86314	.	+	.	gene_id "23_g"; transcript_id "23_t";
2_dna	GeneMark.hmm3	start_codon	85333	85335	.	+	0	gene_id "23_g"; transcript_id "23_t";
2_dna	GeneMark.hmm3	CDS	85333	85420	.	+	0	gene_id "23_g"; transcript_id "23_t"; cds_type "Initial"; count "1_2";
2_dna	GeneMark.hmm3	intron	85421	85733	.	+	1	gene_id "23_g"; transcript_id "23_t";
2_dna	GeneMark.hmm3	CDS	85734	86314	.	+	2	gene_id "23_g"; transcript_id "23_t"; cds_type "Terminal"; count "2_2";
2_dna	GeneMark.hmm3	stop_codon	86312	86314	.	+	0	gene_id "23_g"; transcript_id "23_t";
2_dna	GeneMark.hmm3	gene	87796	88872	.	+	.	gene_id "24_g"; transcript_id "24_t";
2_dna	GeneMark.hmm3	mRNA	87796	88872	.	+	.	gene_id "24_g"; transcript_id "24_t";
2_dna	GeneMark.hmm3	start_codon	87796	87798	.	+	0	gene_id "24_g"; transcript_id "24_t";
2_dna	GeneMark.hmm3	CDS	87796	87838	.	+	0	gene_id "24_g"; transcript_id "24_t"; cds_type "Initial"; count "1_5";
2_dna	GeneMark.hmm3	intron	87839	87918	.	+	1	gene_id "24_g"; transcript_id "24_t";
2_dna	GeneMark.hmm3	CDS	87919	88007	.	+	2	gene_id "24_g"; transcript_id "24_t"; cds_type "Internal"; count "2_5";
2_dna	GeneMark.hmm3	intron	88008	88101	.	+	0	gene_id "24_g"; transcript_id "24_t";
2_dna	GeneMark.hmm3	CDS	88102	88175	.	+	0	gene_id "24_g"; transcript_id "24_t"; cds_type "Internal"; count "3_5";
2_dna	GeneMark.hmm3	intron	88176	88260	.	+	2	gene_id "24_g"; transcript_id "24_t";
2_dna	GeneMark.hmm3	CDS	88261	88388	.	+	1	gene_id "24_g"; transcript_id "24_t"; cds_type "Internal"; count "4_5";
2_dna	GeneMark.hmm3	intron	88389	88468	.	+	1	gene_id "24_g"; transcript_id "24_t";
2_dna	GeneMark.hmm3	CDS	88469	88872	.	+	2	gene_id "24_g"; transcript_id "24_t"; cds_type "Terminal"; count "5_5";
2_dna	GeneMark.hmm3	stop_codon	88870	88872	.	+	0	gene_id "24_g"; transcript_id "24_t";
2_dna	GeneMark.hmm3	gene	89335	89955	.	-	.	gene_id "25_g"; transcript_id "25_t";
2_dna	GeneMark.hmm3	mRNA	89335	89955	.	-	.	gene_id "25_g"; transcript_id "25_t";
2_dna	GeneMark.hmm3	stop_codon	89335	89337	.	-	0	gene_id "25_g"; transcript_id "25_t";
2_dna	GeneMark.hmm3	CDS	89335	89955	.	-	0	gene_id "25_g"; transcript_id "25_t"; cds_type "Single"; count "1_1";
2_dna	GeneMark.hmm3	start_codon	89953	89955	.	-	0	gene_id "25_g"; transcript_id "25_t";
2_dna	GeneMark.hmm3	gene	90303	92285	.	-	.	gene_id "26_g"; transcript_id "26_t";
2_dna	GeneMark.hmm3	mRNA	90303	92285	.	-	.	gene_id "26_g"; transcript_id "26_t";
2_dna	GeneMark.hmm3	stop_codon	90303	90305	.	-	0	gene_id "26_g"; transcript_id "26_t";
2_dna	GeneMark.hmm3	CDS	90303	90452	.	-	0	gene_id "26_g"; transcript_id "26_t"; cds_type "Terminal"; count "8_8";
2_dna	GeneMark.hmm3	intron	90453	90542	.	-	0	gene_id "26_g"; transcript_id "26_t";
2_dna	GeneMark.hmm3	CDS	90543	90692	.	-	0	gene_id "26_g"; transcript_id "26_t"; cds_type "Internal"; count "7_8";
2_dna	GeneMark.hmm3	intron	90693	90778	.	-	0	gene_id "26_g"; transcript_id "26_t";
2_dna	GeneMark.hmm3	CDS	90779	90917	.	-	1	gene_id "26_g"; transcript_id "26_t"; cds_type "Internal"; count "6_8";
2_dna	GeneMark.hmm3	intron	90918	91017	.	-	2	gene_id "26_g"; transcript_id "26_t";
2_dna	GeneMark.hmm3	CDS	91018	91097	.	-	0	gene_id "26_g"; transcript_id "26_t"; cds_type "Internal"; count "5_8";
2_dna	GeneMark.hmm3	intron	91098	91179	.	-	0	gene_id "26_g"; transcript_id "26_t";
2_dna	GeneMark.hmm3	CDS	91180	91334	.	-	2	gene_id "26_g"; transcript_id "26_t"; cds_type "Internal"; count "4_8";
2_dna	GeneMark.hmm3	intron	91335	91411	.	-	1	gene_id "26_g"; transcript_id "26_t";
2_dna	GeneMark.hmm3	CDS	91412	91669	.	-	2	gene_id "26_g"; transcript_id "26_t"; cds_type "Internal"; count "3_8";
2_dna	GeneMark.hmm3	intron	91670	91758	.	-	1	gene_id "26_g"; transcript_id "26_t";
2_dna	GeneMark.hmm3	CDS	91759	92184	.	-	2	gene_id "26_g"; transcript_id "26_t"; cds_type "Internal"; count "2_8";
2_dna	GeneMark.hmm3	intron	92185	92272	.	-	1	gene_id "26_g"; transcript_id "26_t";
2_dna	GeneMark.hmm3	CDS	92273	92285	.	-	0	gene_id "26_g"; transcript_id "26_t"; cds_type "Initial"; count "1_8";
2_dna	GeneMark.hmm3	start_codon	92283	92285	.	-	0	gene_id "26_g"; transcript_id "26_t";
2_dna	GeneMark.hmm3	gene	95169	97571	.	+	.	gene_id "27_g"; transcript_id "27_t";
2_dna	GeneMark.hmm3	mRNA	95169	97571	.	+	.	gene_id "27_g"; transcript_id "27_t";
2_dna	GeneMark.hmm3	start_codon	95169	95171	.	+	0	gene_id "27_g"; transcript_id "27_t";
2_dna	GeneMark.hmm3	CDS	95169	95496	.	+	0	gene_id "27_g"; transcript_id "27_t"; cds_type "Initial"; count "1_6";
2_dna	GeneMark.hmm3	intron	95497	95584	.	+	1	gene_id "27_g"; transcript_id "27_t";
2_dna	GeneMark.hmm3	CDS	95585	95691	.	+	2	gene_id "27_g"; transcript_id "27_t"; cds_type "Internal"; count "2_6";
2_dna	GeneMark.hmm3	intron	95692	95858	.	+	0	gene_id "27_g"; transcript_id "27_t";
2_dna	GeneMark.hmm3	CDS	95859	96643	.	+	0	gene_id "27_g"; transcript_id "27_t"; cds_type "Internal"; count "3_6";
2_dna	GeneMark.hmm3	intron	96644	96774	.	+	2	gene_id "27_g"; transcript_id "27_t";
2_dna	GeneMark.hmm3	CDS	96775	96907	.	+	1	gene_id "27_g"; transcript_id "27_t"; cds_type "Internal"; count "4_6";
2_dna	GeneMark.hmm3	intron	96908	97023	.	+	0	gene_id "27_g"; transcript_id "27_t";
2_dna	GeneMark.hmm3	CDS	97024	97367	.	+	0	gene_id "27_g"; transcript_id "27_t"; cds_type "Internal"; count "5_6";
2_dna	GeneMark.hmm3	intron	97368	97450	.	+	2	gene_id "27_g"; transcript_id "27_t";
2_dna	GeneMark.hmm3	CDS	97451	97571	.	+	1	gene_id "27_g"; transcript_id "27_t"; cds_type "Terminal"; count "6_6";
2_dna	GeneMark.hmm3	stop_codon	97569	97571	.	+	0	gene_id "27_g"; transcript_id "27_t";
2_dna	GeneMark.hmm3	gene	97869	99269	.	-	.	gene_id "28_g"; transcript_id "28_t";
2_dna	GeneMark.hmm3	mRNA	97869	99269	.	-	.	gene_id "28_g"; transcript_id "28_t";
2_dna	GeneMark.hmm3	stop_codon	97869	97871	.	-	0	gene_id "28_g"; transcript_id "28_t";
2_dna	GeneMark.hmm3	CDS	97869	99269	.	-	0	gene_id "28_g"; transcript_id "28_t"; cds_type "Single"; count "1_1";
2_dna	GeneMark.hmm3	start_codon	99267	99269	.	-	0	gene_id "28_g"; transcript_id "28_t";
2_dna	GeneMark.hmm3	gene	100471	103218	.	-	.	gene_id "29_g"; transcript_id "29_t";
2_dna	GeneMark.hmm3	mRNA	100471	103218	.	-	.	gene_id "29_g"; transcript_id "29_t";
2_dna	GeneMark.hmm3	stop_codon	100471	100473	.	-	0	gene_id "29_g"; transcript_id "29_t";
2_dna	GeneMark.hmm3	CDS	100471	103218	.	-	0	gene_id "29_g"; transcript_id "29_t"; cds_type "Single"; count "1_1";
2_dna	GeneMark.hmm3	start_codon	103216	103218	.	-	0	gene_id "29_g"; transcript_id "29_t";
2_dna	GeneMark.hmm3	gene	103697	106006	.	+	.	gene_id "30_g"; transcript_id "30_t";
2_dna	GeneMark.hmm3	mRNA	103697	106006	.	+	.	gene_id "30_g"; transcript_id "30_t";
2_dna	GeneMark.hmm3	start_codon	103697	103699	.	+	0	gene_id "30_g"; transcript_id "30_t";
2_dna	GeneMark.hmm3	CDS	103697	105488	.	+	0	gene_id "30_g"; transcript_id "30_t"; cds_type "Initial"; count "1_3";
2_dna	GeneMark.hmm3	intron	105489	105582	.	+	1	gene_id "30_g"; transcript_id "30_t";
2_dna	GeneMark.hmm3	CDS	105583	105644	.	+	2	gene_id "30_g"; transcript_id "30_t"; cds_type "Internal"; count "2_3";
2_dna	GeneMark.hmm3	intron	105645	105724	.	+	0	gene_id "30_g"; transcript_id "30_t";
2_dna	GeneMark.hmm3	CDS	105725	106006	.	+	0	gene_id "30_g"; transcript_id "30_t"; cds_type "Terminal"; count "3_3";
2_dna	GeneMark.hmm3	stop_codon	106004	106006	.	+	0	gene_id "30_g"; transcript_id "30_t";
2_dna	GeneMark.hmm3	gene	107113	107421	.	+	.	gene_id "31_g"; transcript_id "31_t";
2_dna	GeneMark.hmm3	mRNA	107113	107421	.	+	.	gene_id "31_g"; transcript_id "31_t";
2_dna	GeneMark.hmm3	start_codon	107113	107115	.	+	0	gene_id "31_g"; transcript_id "31_t";
2_dna	GeneMark.hmm3	CDS	107113	107421	.	+	0	gene_id "31_g"; transcript_id "31_t"; cds_type "Single"; count "1_1";
2_dna	GeneMark.hmm3	stop_codon	107419	107421	.	+	0	gene_id "31_g"; transcript_id "31_t";
2_dna	GeneMark.hmm3	gene	111543	112493	.	-	.	gene_id "32_g"; transcript_id "32_t";
2_dna	GeneMark.hmm3	mRNA	111543	112493	.	-	.	gene_id "32_g"; transcript_id "32_t";
2_dna	GeneMark.hmm3	stop_codon	111543	111545	.	-	0	gene_id "32_g"; transcript_id "32_t";
2_dna	GeneMark.hmm3	CDS	111543	112493	.	-	0	gene_id "32_g"; transcript_id "32_t"; cds_type "Single"; count "1_1";
2_dna	GeneMark.hmm3	start_codon	112491	112493	.	-	0	gene_id "32_g"; transcript_id "32_t";
2_dna	GeneMark.hmm3	gene	115585	118804	.	-	.	gene_id "33_g"; transcript_id "33_t";
2_dna	GeneMark.hmm3	mRNA	115585	118804	.	-	.	gene_id "33_g"; transcript_id "33_t";
2_dna	GeneMark.hmm3	stop_codon	115585	115587	.	-	0	gene_id "33_g"; transcript_id "33_t";
2_dna	GeneMark.hmm3	CDS	115585	117487	.	-	1	gene_id "33_g"; transcript_id "33_t"; cds_type "Terminal"; count "4_4";
2_dna	GeneMark.hmm3	intron	117488	117818	.	-	2	gene_id "33_g"; transcript_id "33_t";
2_dna	GeneMark.hmm3	CDS	117819	117904	.	-	0	gene_id "33_g"; transcript_id "33_t"; cds_type "Internal"; count "3_4";
2_dna	GeneMark.hmm3	intron	117905	118389	.	-	0	gene_id "33_g"; transcript_id "33_t";
2_dna	GeneMark.hmm3	CDS	118390	118547	.	-	2	gene_id "33_g"; transcript_id "33_t"; cds_type "Internal"; count "2_4";
2_dna	GeneMark.hmm3	intron	118548	118650	.	-	1	gene_id "33_g"; transcript_id "33_t";
2_dna	GeneMark.hmm3	CDS	118651	118804	.	-	0	gene_id "33_g"; transcript_id "33_t"; cds_type "Initial"; count "1_4";
2_dna	GeneMark.hmm3	start_codon	118802	118804	.	-	0	gene_id "33_g"; transcript_id "33_t";
2_dna	GeneMark.hmm3	gene	120103	120444	.	-	.	gene_id "34_g"; transcript_id "34_t";
2_dna	GeneMark.hmm3	mRNA	120103	120444	.	-	.	gene_id "34_g"; transcript_id "34_t";
2_dna	GeneMark.hmm3	stop_codon	120103	120105	.	-	0	gene_id "34_g"; transcript_id "34_t";
2_dna	GeneMark.hmm3	CDS	120103	120444	.	-	0	gene_id "34_g"; transcript_id "34_t"; cds_type "Single"; count "1_1";
2_dna	GeneMark.hmm3	start_codon	120442	120444	.	-	0	gene_id "34_g"; transcript_id "34_t";
2_dna	GeneMark.hmm3	gene	121641	125076	.	+	.	gene_id "35_g"; transcript_id "35_t";
2_dna	GeneMark.hmm3	mRNA	121641	125076	.	+	.	gene_id "35_g"; transcript_id "35_t";
2_dna	GeneMark.hmm3	start_codon	121641	121643	.	+	0	gene_id "35_g"; transcript_id "35_t";
2_dna	GeneMark.hmm3	CDS	121641	121793	.	+	0	gene_id "35_g"; transcript_id "35_t"; cds_type "Initial"; count "1_16";
2_dna	GeneMark.hmm3	intron	121794	121879	.	+	0	gene_id "35_g"; transcript_id "35_t";
2_dna	GeneMark.hmm3	CDS	121880	122047	.	+	0	gene_id "35_g"; transcript_id "35_t"; cds_type "Internal"; count "2_16";
2_dna	GeneMark.hmm3	intron	122048	122141	.	+	0	gene_id "35_g"; transcript_id "35_t";
2_dna	GeneMark.hmm3	CDS	122142	122247	.	+	0	gene_id "35_g"; transcript_id "35_t"; cds_type "Internal"; count "3_16";
2_dna	GeneMark.hmm3	intron	122248	122340	.	+	1	gene_id "35_g"; transcript_id "35_t";
2_dna	GeneMark.hmm3	CDS	122341	122417	.	+	2	gene_id "35_g"; transcript_id "35_t"; cds_type "Internal"; count "4_16";
2_dna	GeneMark.hmm3	intron	122418	122507	.	+	0	gene_id "35_g"; transcript_id "35_t";
2_dna	GeneMark.hmm3	CDS	122508	122651	.	+	0	gene_id "35_g"; transcript_id "35_t"; cds_type "Internal"; count "5_16";
2_dna	GeneMark.hmm3	intron	122652	122745	.	+	0	gene_id "35_g"; transcript_id "35_t";
2_dna	GeneMark.hmm3	CDS	122746	122976	.	+	0	gene_id "35_g"; transcript_id "35_t"; cds_type "Internal"; count "6_16";
2_dna	GeneMark.hmm3	intron	122977	123050	.	+	0	gene_id "35_g"; transcript_id "35_t";
2_dna	GeneMark.hmm3	CDS	123051	123141	.	+	0	gene_id "35_g"; transcript_id "35_t"; cds_type "Internal"; count "7_16";
2_dna	GeneMark.hmm3	intron	123142	123295	.	+	1	gene_id "35_g"; transcript_id "35_t";
2_dna	GeneMark.hmm3	CDS	123296	123417	.	+	2	gene_id "35_g"; transcript_id "35_t"; cds_type "Internal"; count "8_16";
2_dna	GeneMark.hmm3	intron	123418	123501	.	+	0	gene_id "35_g"; transcript_id "35_t";
2_dna	GeneMark.hmm3	CDS	123502	123609	.	+	0	gene_id "35_g"; transcript_id "35_t"; cds_type "Internal"; count "9_16";
2_dna	GeneMark.hmm3	intron	123610	123700	.	+	0	gene_id "35_g"; transcript_id "35_t";
2_dna	GeneMark.hmm3	CDS	123701	123946	.	+	0	gene_id "35_g"; transcript_id "35_t"; cds_type "Internal"; count "10_16";
2_dna	GeneMark.hmm3	intron	123947	124045	.	+	0	gene_id "35_g"; transcript_id "35_t";
2_dna	GeneMark.hmm3	CDS	124046	124191	.	+	0	gene_id "35_g"; transcript_id "35_t"; cds_type "Internal"; count "11_16";
2_dna	GeneMark.hmm3	intron	124192	124284	.	+	2	gene_id "35_g"; transcript_id "35_t";
2_dna	GeneMark.hmm3	CDS	124285	124402	.	+	1	gene_id "35_g"; transcript_id "35_t"; cds_type "Internal"; count "12_16";
2_dna	GeneMark.hmm3	intron	124403	124481	.	+	0	gene_id "35_g"; transcript_id "35_t";
2_dna	GeneMark.hmm3	CDS	124482	124641	.	+	0	gene_id "35_g"; transcript_id "35_t"; cds_type "Internal"; count "13_16";
2_dna	GeneMark.hmm3	intron	124642	124730	.	+	1	gene_id "35_g"; transcript_id "35_t";
2_dna	GeneMark.hmm3	CDS	124731	124762	.	+	2	gene_id "35_g"; transcript_id "35_t"; cds_type "Internal"; count "14_16";
2_dna	GeneMark.hmm3	intron	124763	124849	.	+	0	gene_id "35_g"; transcript_id "35_t";
2_dna	GeneMark.hmm3	CDS	124850	124915	.	+	0	gene_id "35_g"; transcript_id "35_t"; cds_type "Internal"; count "15_16";
2_dna	GeneMark.hmm3	intron	124916	125010	.	+	0	gene_id "35_g"; transcript_id "35_t";
2_dna	GeneMark.hmm3	CDS	125011	125076	.	+	0	gene_id "35_g"; transcript_id "35_t"; cds_type "Terminal"; count "16_16";
2_dna	GeneMark.hmm3	stop_codon	125074	125076	.	+	0	gene_id "35_g"; transcript_id "35_t";
