# Eukaryotic GeneMark.hmm version 3.68
# Sequence name: /home/genomika25/studenci/dmyboi/sequence_adnotation_home_work_cw3/BRAKER/example/braker/GeneMark-ET/output/data/dna.fa_6
# FASTA defline: >dna.fa_6	6_dna	1	125100
# Sequence length: 125100 bp
# G+C content: 36.11%
# Matrices file: /home/genomika25/studenci/dmyboi/sequence_adnotation_home_work_cw3/BRAKER/example/braker/GeneMark-ET/output/gmhmm.mod
# Mon Nov  3 22:17:35 2025
# FASTA definition line: >dna.fa_6	6_dna	1	125100
# sequence-region 6_dna 1 125100
6_dna	GeneMark.hmm3	gene	216	824	.	+	.	gene_id "1_g"; transcript_id "1_t";
6_dna	GeneMark.hmm3	mRNA	216	824	.	+	.	gene_id "1_g"; transcript_id "1_t";
6_dna	GeneMark.hmm3	start_codon	216	218	.	+	0	gene_id "1_g"; transcript_id "1_t";
6_dna	GeneMark.hmm3	CDS	216	375	.	+	0	gene_id "1_g"; transcript_id "1_t"; cds_type "Initial"; count "1_2";
6_dna	GeneMark.hmm3	intron	376	456	.	+	1	gene_id "1_g"; transcript_id "1_t";
6_dna	GeneMark.hmm3	CDS	457	824	.	+	2	gene_id "1_g"; transcript_id "1_t"; cds_type "Terminal"; count "2_2";
6_dna	GeneMark.hmm3	stop_codon	822	824	.	+	0	gene_id "1_g"; transcript_id "1_t";
6_dna	GeneMark.hmm3	gene	2263	3316	.	-	.	gene_id "2_g"; transcript_id "2_t";
6_dna	GeneMark.hmm3	mRNA	2263	3316	.	-	.	gene_id "2_g"; transcript_id "2_t";
6_dna	GeneMark.hmm3	stop_codon	2263	2265	.	-	0	gene_id "2_g"; transcript_id "2_t";
6_dna	GeneMark.hmm3	CDS	2263	2697	.	-	0	gene_id "2_g"; transcript_id "2_t"; cds_type "Terminal"; count "2_2";
6_dna	GeneMark.hmm3	intron	2698	2785	.	-	0	gene_id "2_g"; transcript_id "2_t";
6_dna	GeneMark.hmm3	CDS	2786	3316	.	-	0	gene_id "2_g"; transcript_id "2_t"; cds_type "Initial"; count "1_2";
6_dna	GeneMark.hmm3	start_codon	3314	3316	.	-	0	gene_id "2_g"; transcript_id "2_t";
6_dna	GeneMark.hmm3	gene	8367	9563	.	-	.	gene_id "4_g"; transcript_id "4_t";
6_dna	GeneMark.hmm3	mRNA	8367	9563	.	-	.	gene_id "4_g"; transcript_id "4_t";
6_dna	GeneMark.hmm3	stop_codon	8367	8369	.	-	0	gene_id "4_g"; transcript_id "4_t";
6_dna	GeneMark.hmm3	CDS	8367	9563	.	-	0	gene_id "4_g"; transcript_id "4_t"; cds_type "Single"; count "1_1";
6_dna	GeneMark.hmm3	start_codon	9561	9563	.	-	0	gene_id "4_g"; transcript_id "4_t";
6_dna	GeneMark.hmm3	gene	10533	11759	.	-	.	gene_id "5_g"; transcript_id "5_t";
6_dna	GeneMark.hmm3	mRNA	10533	11759	.	-	.	gene_id "5_g"; transcript_id "5_t";
6_dna	GeneMark.hmm3	stop_codon	10533	10535	.	-	0	gene_id "5_g"; transcript_id "5_t";
6_dna	GeneMark.hmm3	CDS	10533	11759	.	-	0	gene_id "5_g"; transcript_id "5_t"; cds_type "Single"; count "1_1";
6_dna	GeneMark.hmm3	start_codon	11757	11759	.	-	0	gene_id "5_g"; transcript_id "5_t";
6_dna	GeneMark.hmm3	gene	14410	15603	.	-	.	gene_id "8_g"; transcript_id "8_t";
6_dna	GeneMark.hmm3	mRNA	14410	15603	.	-	.	gene_id "8_g"; transcript_id "8_t";
6_dna	GeneMark.hmm3	stop_codon	14410	14412	.	-	0	gene_id "8_g"; transcript_id "8_t";
6_dna	GeneMark.hmm3	CDS	14410	15603	.	-	0	gene_id "8_g"; transcript_id "8_t"; cds_type "Single"; count "1_1";
6_dna	GeneMark.hmm3	start_codon	15601	15603	.	-	0	gene_id "8_g"; transcript_id "8_t";
6_dna	GeneMark.hmm3	gene	16899	19640	.	-	.	gene_id "9_g"; transcript_id "9_t";
6_dna	GeneMark.hmm3	mRNA	16899	19640	.	-	.	gene_id "9_g"; transcript_id "9_t";
6_dna	GeneMark.hmm3	stop_codon	16899	16901	.	-	0	gene_id "9_g"; transcript_id "9_t";
6_dna	GeneMark.hmm3	CDS	16899	16946	.	-	0	gene_id "9_g"; transcript_id "9_t"; cds_type "Terminal"; count "13_13";
6_dna	GeneMark.hmm3	intron	16947	17056	.	-	0	gene_id "9_g"; transcript_id "9_t";
6_dna	GeneMark.hmm3	CDS	17057	17140	.	-	0	gene_id "9_g"; transcript_id "9_t"; cds_type "Internal"; count "12_13";
6_dna	GeneMark.hmm3	intron	17141	17220	.	-	0	gene_id "9_g"; transcript_id "9_t";
6_dna	GeneMark.hmm3	CDS	17221	17325	.	-	0	gene_id "9_g"; transcript_id "9_t"; cds_type "Internal"; count "11_13";
6_dna	GeneMark.hmm3	intron	17326	17441	.	-	0	gene_id "9_g"; transcript_id "9_t";
6_dna	GeneMark.hmm3	CDS	17442	17567	.	-	0	gene_id "9_g"; transcript_id "9_t"; cds_type "Internal"; count "10_13";
6_dna	GeneMark.hmm3	intron	17568	17665	.	-	0	gene_id "9_g"; transcript_id "9_t";
6_dna	GeneMark.hmm3	CDS	17666	17737	.	-	0	gene_id "9_g"; transcript_id "9_t"; cds_type "Internal"; count "9_13";
6_dna	GeneMark.hmm3	intron	17738	17903	.	-	0	gene_id "9_g"; transcript_id "9_t";
6_dna	GeneMark.hmm3	CDS	17904	17979	.	-	1	gene_id "9_g"; transcript_id "9_t"; cds_type "Internal"; count "8_13";
6_dna	GeneMark.hmm3	intron	17980	18121	.	-	2	gene_id "9_g"; transcript_id "9_t";
6_dna	GeneMark.hmm3	CDS	18122	18163	.	-	1	gene_id "9_g"; transcript_id "9_t"; cds_type "Internal"; count "7_13";
6_dna	GeneMark.hmm3	intron	18164	18247	.	-	2	gene_id "9_g"; transcript_id "9_t";
6_dna	GeneMark.hmm3	CDS	18248	18303	.	-	0	gene_id "9_g"; transcript_id "9_t"; cds_type "Internal"; count "6_13";
6_dna	GeneMark.hmm3	intron	18304	18469	.	-	0	gene_id "9_g"; transcript_id "9_t";
6_dna	GeneMark.hmm3	CDS	18470	18583	.	-	0	gene_id "9_g"; transcript_id "9_t"; cds_type "Internal"; count "5_13";
6_dna	GeneMark.hmm3	intron	18584	18718	.	-	0	gene_id "9_g"; transcript_id "9_t";
6_dna	GeneMark.hmm3	CDS	18719	18772	.	-	0	gene_id "9_g"; transcript_id "9_t"; cds_type "Internal"; count "4_13";
6_dna	GeneMark.hmm3	intron	18773	18927	.	-	0	gene_id "9_g"; transcript_id "9_t";
6_dna	GeneMark.hmm3	CDS	18928	19053	.	-	0	gene_id "9_g"; transcript_id "9_t"; cds_type "Internal"; count "3_13";
6_dna	GeneMark.hmm3	intron	19054	19139	.	-	0	gene_id "9_g"; transcript_id "9_t";
6_dna	GeneMark.hmm3	CDS	19140	19276	.	-	2	gene_id "9_g"; transcript_id "9_t"; cds_type "Internal"; count "2_13";
6_dna	GeneMark.hmm3	intron	19277	19366	.	-	1	gene_id "9_g"; transcript_id "9_t";
6_dna	GeneMark.hmm3	CDS	19367	19640	.	-	0	gene_id "9_g"; transcript_id "9_t"; cds_type "Initial"; count "1_13";
6_dna	GeneMark.hmm3	start_codon	19638	19640	.	-	0	gene_id "9_g"; transcript_id "9_t";
6_dna	GeneMark.hmm3	gene	24214	25659	.	+	.	gene_id "10_g"; transcript_id "10_t";
6_dna	GeneMark.hmm3	mRNA	24214	25659	.	+	.	gene_id "10_g"; transcript_id "10_t";
6_dna	GeneMark.hmm3	start_codon	24214	24216	.	+	0	gene_id "10_g"; transcript_id "10_t";
6_dna	GeneMark.hmm3	CDS	24214	25659	.	+	0	gene_id "10_g"; transcript_id "10_t"; cds_type "Single"; count "1_1";
6_dna	GeneMark.hmm3	stop_codon	25657	25659	.	+	0	gene_id "10_g"; transcript_id "10_t";
6_dna	GeneMark.hmm3	gene	33465	37623	.	+	.	gene_id "11_g"; transcript_id "11_t";
6_dna	GeneMark.hmm3	mRNA	33465	37623	.	+	.	gene_id "11_g"; transcript_id "11_t";
6_dna	GeneMark.hmm3	start_codon	33465	33467	.	+	0	gene_id "11_g"; transcript_id "11_t";
6_dna	GeneMark.hmm3	CDS	33465	33920	.	+	0	gene_id "11_g"; transcript_id "11_t"; cds_type "Initial"; count "1_8";
6_dna	GeneMark.hmm3	intron	33921	34590	.	+	0	gene_id "11_g"; transcript_id "11_t";
6_dna	GeneMark.hmm3	CDS	34591	34807	.	+	0	gene_id "11_g"; transcript_id "11_t"; cds_type "Internal"; count "2_8";
6_dna	GeneMark.hmm3	intron	34808	35641	.	+	1	gene_id "11_g"; transcript_id "11_t";
6_dna	GeneMark.hmm3	CDS	35642	35978	.	+	2	gene_id "11_g"; transcript_id "11_t"; cds_type "Internal"; count "3_8";
6_dna	GeneMark.hmm3	intron	35979	36345	.	+	2	gene_id "11_g"; transcript_id "11_t";
6_dna	GeneMark.hmm3	CDS	36346	36481	.	+	1	gene_id "11_g"; transcript_id "11_t"; cds_type "Internal"; count "4_8";
6_dna	GeneMark.hmm3	intron	36482	36586	.	+	0	gene_id "11_g"; transcript_id "11_t";
6_dna	GeneMark.hmm3	CDS	36587	36782	.	+	0	gene_id "11_g"; transcript_id "11_t"; cds_type "Internal"; count "5_8";
6_dna	GeneMark.hmm3	intron	36783	36854	.	+	1	gene_id "11_g"; transcript_id "11_t";
6_dna	GeneMark.hmm3	CDS	36855	36976	.	+	2	gene_id "11_g"; transcript_id "11_t"; cds_type "Internal"; count "6_8";
6_dna	GeneMark.hmm3	intron	36977	37056	.	+	0	gene_id "11_g"; transcript_id "11_t";
6_dna	GeneMark.hmm3	CDS	37057	37212	.	+	0	gene_id "11_g"; transcript_id "11_t"; cds_type "Internal"; count "7_8";
6_dna	GeneMark.hmm3	intron	37213	37281	.	+	0	gene_id "11_g"; transcript_id "11_t";
6_dna	GeneMark.hmm3	CDS	37282	37623	.	+	0	gene_id "11_g"; transcript_id "11_t"; cds_type "Terminal"; count "8_8";
6_dna	GeneMark.hmm3	stop_codon	37621	37623	.	+	0	gene_id "11_g"; transcript_id "11_t";
6_dna	GeneMark.hmm3	gene	38074	39604	.	-	.	gene_id "12_g"; transcript_id "12_t";
6_dna	GeneMark.hmm3	mRNA	38074	39604	.	-	.	gene_id "12_g"; transcript_id "12_t";
6_dna	GeneMark.hmm3	stop_codon	38074	38076	.	-	0	gene_id "12_g"; transcript_id "12_t";
6_dna	GeneMark.hmm3	CDS	38074	38361	.	-	0	gene_id "12_g"; transcript_id "12_t"; cds_type "Terminal"; count "4_4";
6_dna	GeneMark.hmm3	intron	38362	38486	.	-	0	gene_id "12_g"; transcript_id "12_t";
6_dna	GeneMark.hmm3	CDS	38487	38636	.	-	0	gene_id "12_g"; transcript_id "12_t"; cds_type "Internal"; count "3_4";
6_dna	GeneMark.hmm3	intron	38637	38728	.	-	0	gene_id "12_g"; transcript_id "12_t";
6_dna	GeneMark.hmm3	CDS	38729	39038	.	-	1	gene_id "12_g"; transcript_id "12_t"; cds_type "Internal"; count "2_4";
6_dna	GeneMark.hmm3	intron	39039	39107	.	-	2	gene_id "12_g"; transcript_id "12_t";
6_dna	GeneMark.hmm3	CDS	39108	39604	.	-	0	gene_id "12_g"; transcript_id "12_t"; cds_type "Initial"; count "1_4";
6_dna	GeneMark.hmm3	start_codon	39602	39604	.	-	0	gene_id "12_g"; transcript_id "12_t";
6_dna	GeneMark.hmm3	gene	40973	42942	.	-	.	gene_id "13_g"; transcript_id "13_t";
6_dna	GeneMark.hmm3	mRNA	40973	42942	.	-	.	gene_id "13_g"; transcript_id "13_t";
6_dna	GeneMark.hmm3	stop_codon	40973	40975	.	-	0	gene_id "13_g"; transcript_id "13_t";
6_dna	GeneMark.hmm3	CDS	40973	41679	.	-	2	gene_id "13_g"; transcript_id "13_t"; cds_type "Terminal"; count "4_4";
6_dna	GeneMark.hmm3	intron	41680	41971	.	-	1	gene_id "13_g"; transcript_id "13_t";
6_dna	GeneMark.hmm3	CDS	41972	42246	.	-	1	gene_id "13_g"; transcript_id "13_t"; cds_type "Internal"; count "3_4";
6_dna	GeneMark.hmm3	intron	42247	42330	.	-	2	gene_id "13_g"; transcript_id "13_t";
6_dna	GeneMark.hmm3	CDS	42331	42727	.	-	2	gene_id "13_g"; transcript_id "13_t"; cds_type "Internal"; count "2_4";
6_dna	GeneMark.hmm3	intron	42728	42818	.	-	1	gene_id "13_g"; transcript_id "13_t";
6_dna	GeneMark.hmm3	CDS	42819	42942	.	-	0	gene_id "13_g"; transcript_id "13_t"; cds_type "Initial"; count "1_4";
6_dna	GeneMark.hmm3	start_codon	42940	42942	.	-	0	gene_id "13_g"; transcript_id "13_t";
6_dna	GeneMark.hmm3	gene	46173	47617	.	+	.	gene_id "14_g"; transcript_id "14_t";
6_dna	GeneMark.hmm3	mRNA	46173	47617	.	+	.	gene_id "14_g"; transcript_id "14_t";
6_dna	GeneMark.hmm3	start_codon	46173	46175	.	+	0	gene_id "14_g"; transcript_id "14_t";
6_dna	GeneMark.hmm3	CDS	46173	46460	.	+	0	gene_id "14_g"; transcript_id "14_t"; cds_type "Initial"; count "1_3";
6_dna	GeneMark.hmm3	intron	46461	46707	.	+	0	gene_id "14_g"; transcript_id "14_t";
6_dna	GeneMark.hmm3	CDS	46708	47049	.	+	0	gene_id "14_g"; transcript_id "14_t"; cds_type "Internal"; count "2_3";
6_dna	GeneMark.hmm3	intron	47050	47134	.	+	0	gene_id "14_g"; transcript_id "14_t";
6_dna	GeneMark.hmm3	CDS	47135	47617	.	+	0	gene_id "14_g"; transcript_id "14_t"; cds_type "Terminal"; count "3_3";
6_dna	GeneMark.hmm3	stop_codon	47615	47617	.	+	0	gene_id "14_g"; transcript_id "14_t";
6_dna	GeneMark.hmm3	gene	47981	51928	.	+	.	gene_id "15_g"; transcript_id "15_t";
6_dna	GeneMark.hmm3	mRNA	47981	51928	.	+	.	gene_id "15_g"; transcript_id "15_t";
6_dna	GeneMark.hmm3	start_codon	47981	47983	.	+	0	gene_id "15_g"; transcript_id "15_t";
6_dna	GeneMark.hmm3	CDS	47981	48111	.	+	0	gene_id "15_g"; transcript_id "15_t"; cds_type "Initial"; count "1_17";
6_dna	GeneMark.hmm3	intron	48112	48192	.	+	2	gene_id "15_g"; transcript_id "15_t";
6_dna	GeneMark.hmm3	CDS	48193	48258	.	+	1	gene_id "15_g"; transcript_id "15_t"; cds_type "Internal"; count "2_17";
6_dna	GeneMark.hmm3	intron	48259	48345	.	+	2	gene_id "15_g"; transcript_id "15_t";
6_dna	GeneMark.hmm3	CDS	48346	48424	.	+	1	gene_id "15_g"; transcript_id "15_t"; cds_type "Internal"; count "3_17";
6_dna	GeneMark.hmm3	intron	48425	48559	.	+	0	gene_id "15_g"; transcript_id "15_t";
6_dna	GeneMark.hmm3	CDS	48560	48826	.	+	0	gene_id "15_g"; transcript_id "15_t"; cds_type "Internal"; count "4_17";
6_dna	GeneMark.hmm3	intron	48827	48927	.	+	0	gene_id "15_g"; transcript_id "15_t";
6_dna	GeneMark.hmm3	CDS	48928	49014	.	+	0	gene_id "15_g"; transcript_id "15_t"; cds_type "Internal"; count "5_17";
6_dna	GeneMark.hmm3	intron	49015	49122	.	+	0	gene_id "15_g"; transcript_id "15_t";
6_dna	GeneMark.hmm3	CDS	49123	49469	.	+	0	gene_id "15_g"; transcript_id "15_t"; cds_type "Internal"; count "6_17";
6_dna	GeneMark.hmm3	intron	49470	49549	.	+	2	gene_id "15_g"; transcript_id "15_t";
6_dna	GeneMark.hmm3	CDS	49550	49739	.	+	1	gene_id "15_g"; transcript_id "15_t"; cds_type "Internal"; count "7_17";
6_dna	GeneMark.hmm3	intron	49740	49824	.	+	0	gene_id "15_g"; transcript_id "15_t";
6_dna	GeneMark.hmm3	CDS	49825	49940	.	+	0	gene_id "15_g"; transcript_id "15_t"; cds_type "Internal"; count "8_17";
6_dna	GeneMark.hmm3	intron	49941	50132	.	+	2	gene_id "15_g"; transcript_id "15_t";
6_dna	GeneMark.hmm3	CDS	50133	50199	.	+	1	gene_id "15_g"; transcript_id "15_t"; cds_type "Internal"; count "9_17";
6_dna	GeneMark.hmm3	intron	50200	50276	.	+	0	gene_id "15_g"; transcript_id "15_t";
6_dna	GeneMark.hmm3	CDS	50277	50466	.	+	0	gene_id "15_g"; transcript_id "15_t"; cds_type "Internal"; count "10_17";
6_dna	GeneMark.hmm3	intron	50467	50548	.	+	1	gene_id "15_g"; transcript_id "15_t";
6_dna	GeneMark.hmm3	CDS	50549	50644	.	+	2	gene_id "15_g"; transcript_id "15_t"; cds_type "Internal"; count "11_17";
6_dna	GeneMark.hmm3	intron	50645	50721	.	+	1	gene_id "15_g"; transcript_id "15_t";
6_dna	GeneMark.hmm3	CDS	50722	50816	.	+	2	gene_id "15_g"; transcript_id "15_t"; cds_type "Internal"; count "12_17";
6_dna	GeneMark.hmm3	intron	50817	50890	.	+	0	gene_id "15_g"; transcript_id "15_t";
6_dna	GeneMark.hmm3	CDS	50891	51010	.	+	0	gene_id "15_g"; transcript_id "15_t"; cds_type "Internal"; count "13_17";
6_dna	GeneMark.hmm3	intron	51011	51113	.	+	0	gene_id "15_g"; transcript_id "15_t";
6_dna	GeneMark.hmm3	CDS	51114	51233	.	+	0	gene_id "15_g"; transcript_id "15_t"; cds_type "Internal"; count "14_17";
6_dna	GeneMark.hmm3	intron	51234	51318	.	+	0	gene_id "15_g"; transcript_id "15_t";
6_dna	GeneMark.hmm3	CDS	51319	51417	.	+	0	gene_id "15_g"; transcript_id "15_t"; cds_type "Internal"; count "15_17";
6_dna	GeneMark.hmm3	intron	51418	51507	.	+	0	gene_id "15_g"; transcript_id "15_t";
6_dna	GeneMark.hmm3	CDS	51508	51612	.	+	0	gene_id "15_g"; transcript_id "15_t"; cds_type "Internal"; count "16_17";
6_dna	GeneMark.hmm3	intron	51613	51703	.	+	0	gene_id "15_g"; transcript_id "15_t";
6_dna	GeneMark.hmm3	CDS	51704	51928	.	+	0	gene_id "15_g"; transcript_id "15_t"; cds_type "Terminal"; count "17_17";
6_dna	GeneMark.hmm3	stop_codon	51926	51928	.	+	0	gene_id "15_g"; transcript_id "15_t";
6_dna	GeneMark.hmm3	gene	52334	56283	.	+	.	gene_id "16_g"; transcript_id "16_t";
6_dna	GeneMark.hmm3	mRNA	52334	56283	.	+	.	gene_id "16_g"; transcript_id "16_t";
6_dna	GeneMark.hmm3	start_codon	52334	52336	.	+	0	gene_id "16_g"; transcript_id "16_t";
6_dna	GeneMark.hmm3	CDS	52334	52362	.	+	0	gene_id "16_g"; transcript_id "16_t"; cds_type "Initial"; count "1_16";
6_dna	GeneMark.hmm3	intron	52363	52693	.	+	2	gene_id "16_g"; transcript_id "16_t";
6_dna	GeneMark.hmm3	CDS	52694	52937	.	+	1	gene_id "16_g"; transcript_id "16_t"; cds_type "Internal"; count "2_16";
6_dna	GeneMark.hmm3	intron	52938	53122	.	+	0	gene_id "16_g"; transcript_id "16_t";
6_dna	GeneMark.hmm3	CDS	53123	53290	.	+	0	gene_id "16_g"; transcript_id "16_t"; cds_type "Internal"; count "3_16";
6_dna	GeneMark.hmm3	intron	53291	53384	.	+	0	gene_id "16_g"; transcript_id "16_t";
6_dna	GeneMark.hmm3	CDS	53385	53472	.	+	0	gene_id "16_g"; transcript_id "16_t"; cds_type "Internal"; count "4_16";
6_dna	GeneMark.hmm3	intron	53473	53602	.	+	1	gene_id "16_g"; transcript_id "16_t";
6_dna	GeneMark.hmm3	CDS	53603	53749	.	+	2	gene_id "16_g"; transcript_id "16_t"; cds_type "Internal"; count "5_16";
6_dna	GeneMark.hmm3	intron	53750	53843	.	+	1	gene_id "16_g"; transcript_id "16_t";
6_dna	GeneMark.hmm3	CDS	53844	53984	.	+	2	gene_id "16_g"; transcript_id "16_t"; cds_type "Internal"; count "6_16";
6_dna	GeneMark.hmm3	intron	53985	54171	.	+	1	gene_id "16_g"; transcript_id "16_t";
6_dna	GeneMark.hmm3	CDS	54172	54257	.	+	2	gene_id "16_g"; transcript_id "16_t"; cds_type "Internal"; count "7_16";
6_dna	GeneMark.hmm3	intron	54258	54332	.	+	0	gene_id "16_g"; transcript_id "16_t";
6_dna	GeneMark.hmm3	CDS	54333	54425	.	+	0	gene_id "16_g"; transcript_id "16_t"; cds_type "Internal"; count "8_16";
6_dna	GeneMark.hmm3	intron	54426	54520	.	+	0	gene_id "16_g"; transcript_id "16_t";
6_dna	GeneMark.hmm3	CDS	54521	54584	.	+	0	gene_id "16_g"; transcript_id "16_t"; cds_type "Internal"; count "9_16";
6_dna	GeneMark.hmm3	intron	54585	54677	.	+	1	gene_id "16_g"; transcript_id "16_t";
6_dna	GeneMark.hmm3	CDS	54678	54821	.	+	2	gene_id "16_g"; transcript_id "16_t"; cds_type "Internal"; count "10_16";
6_dna	GeneMark.hmm3	intron	54822	54944	.	+	1	gene_id "16_g"; transcript_id "16_t";
6_dna	GeneMark.hmm3	CDS	54945	55132	.	+	2	gene_id "16_g"; transcript_id "16_t"; cds_type "Internal"; count "11_16";
6_dna	GeneMark.hmm3	intron	55133	55240	.	+	0	gene_id "16_g"; transcript_id "16_t";
6_dna	GeneMark.hmm3	CDS	55241	55415	.	+	0	gene_id "16_g"; transcript_id "16_t"; cds_type "Internal"; count "12_16";
6_dna	GeneMark.hmm3	intron	55416	55497	.	+	1	gene_id "16_g"; transcript_id "16_t";
6_dna	GeneMark.hmm3	CDS	55498	55668	.	+	2	gene_id "16_g"; transcript_id "16_t"; cds_type "Internal"; count "13_16";
6_dna	GeneMark.hmm3	intron	55669	55766	.	+	1	gene_id "16_g"; transcript_id "16_t";
6_dna	GeneMark.hmm3	CDS	55767	55836	.	+	2	gene_id "16_g"; transcript_id "16_t"; cds_type "Internal"; count "14_16";
6_dna	GeneMark.hmm3	intron	55837	55930	.	+	2	gene_id "16_g"; transcript_id "16_t";
6_dna	GeneMark.hmm3	CDS	55931	56051	.	+	1	gene_id "16_g"; transcript_id "16_t"; cds_type "Internal"; count "15_16";
6_dna	GeneMark.hmm3	intron	56052	56142	.	+	0	gene_id "16_g"; transcript_id "16_t";
6_dna	GeneMark.hmm3	CDS	56143	56283	.	+	0	gene_id "16_g"; transcript_id "16_t"; cds_type "Terminal"; count "16_16";
6_dna	GeneMark.hmm3	stop_codon	56281	56283	.	+	0	gene_id "16_g"; transcript_id "16_t";
6_dna	GeneMark.hmm3	gene	59782	61536	.	+	.	gene_id "17_g"; transcript_id "17_t";
6_dna	GeneMark.hmm3	mRNA	59782	61536	.	+	.	gene_id "17_g"; transcript_id "17_t";
6_dna	GeneMark.hmm3	start_codon	59782	59784	.	+	0	gene_id "17_g"; transcript_id "17_t";
6_dna	GeneMark.hmm3	CDS	59782	61536	.	+	0	gene_id "17_g"; transcript_id "17_t"; cds_type "Single"; count "1_1";
6_dna	GeneMark.hmm3	stop_codon	61534	61536	.	+	0	gene_id "17_g"; transcript_id "17_t";
6_dna	GeneMark.hmm3	gene	62686	71175	.	+	.	gene_id "18_g"; transcript_id "18_t";
6_dna	GeneMark.hmm3	mRNA	62686	71175	.	+	.	gene_id "18_g"; transcript_id "18_t";
6_dna	GeneMark.hmm3	start_codon	62686	62688	.	+	0	gene_id "18_g"; transcript_id "18_t";
6_dna	GeneMark.hmm3	CDS	62686	62852	.	+	0	gene_id "18_g"; transcript_id "18_t"; cds_type "Initial"; count "1_9";
6_dna	GeneMark.hmm3	intron	62853	62946	.	+	2	gene_id "18_g"; transcript_id "18_t";
6_dna	GeneMark.hmm3	CDS	62947	63074	.	+	1	gene_id "18_g"; transcript_id "18_t"; cds_type "Internal"; count "2_9";
6_dna	GeneMark.hmm3	intron	63075	64031	.	+	1	gene_id "18_g"; transcript_id "18_t";
6_dna	GeneMark.hmm3	CDS	64032	64118	.	+	2	gene_id "18_g"; transcript_id "18_t"; cds_type "Internal"; count "3_9";
6_dna	GeneMark.hmm3	intron	64119	64246	.	+	1	gene_id "18_g"; transcript_id "18_t";
6_dna	GeneMark.hmm3	CDS	64247	64733	.	+	2	gene_id "18_g"; transcript_id "18_t"; cds_type "Internal"; count "4_9";
6_dna	GeneMark.hmm3	intron	64734	64820	.	+	2	gene_id "18_g"; transcript_id "18_t";
6_dna	GeneMark.hmm3	CDS	64821	64954	.	+	1	gene_id "18_g"; transcript_id "18_t"; cds_type "Internal"; count "5_9";
6_dna	GeneMark.hmm3	intron	64955	65196	.	+	1	gene_id "18_g"; transcript_id "18_t";
6_dna	GeneMark.hmm3	CDS	65197	65241	.	+	2	gene_id "18_g"; transcript_id "18_t"; cds_type "Internal"; count "6_9";
6_dna	GeneMark.hmm3	intron	65242	65337	.	+	1	gene_id "18_g"; transcript_id "18_t";
6_dna	GeneMark.hmm3	CDS	65338	66384	.	+	2	gene_id "18_g"; transcript_id "18_t"; cds_type "Internal"; count "7_9";
6_dna	GeneMark.hmm3	intron	66385	70441	.	+	1	gene_id "18_g"; transcript_id "18_t";
6_dna	GeneMark.hmm3	CDS	70442	70986	.	+	2	gene_id "18_g"; transcript_id "18_t"; cds_type "Internal"; count "8_9";
6_dna	GeneMark.hmm3	intron	70987	71118	.	+	0	gene_id "18_g"; transcript_id "18_t";
6_dna	GeneMark.hmm3	CDS	71119	71175	.	+	0	gene_id "18_g"; transcript_id "18_t"; cds_type "Terminal"; count "9_9";
6_dna	GeneMark.hmm3	stop_codon	71173	71175	.	+	0	gene_id "18_g"; transcript_id "18_t";
6_dna	GeneMark.hmm3	gene	72153	76847	.	+	.	gene_id "19_g"; transcript_id "19_t";
6_dna	GeneMark.hmm3	mRNA	72153	76847	.	+	.	gene_id "19_g"; transcript_id "19_t";
6_dna	GeneMark.hmm3	start_codon	72153	72155	.	+	0	gene_id "19_g"; transcript_id "19_t";
6_dna	GeneMark.hmm3	CDS	72153	72452	.	+	0	gene_id "19_g"; transcript_id "19_t"; cds_type "Initial"; count "1_12";
6_dna	GeneMark.hmm3	intron	72453	72594	.	+	0	gene_id "19_g"; transcript_id "19_t";
6_dna	GeneMark.hmm3	CDS	72595	72687	.	+	0	gene_id "19_g"; transcript_id "19_t"; cds_type "Internal"; count "2_12";
6_dna	GeneMark.hmm3	intron	72688	72852	.	+	0	gene_id "19_g"; transcript_id "19_t";
6_dna	GeneMark.hmm3	CDS	72853	72933	.	+	0	gene_id "19_g"; transcript_id "19_t"; cds_type "Internal"; count "3_12";
6_dna	GeneMark.hmm3	intron	72934	73096	.	+	0	gene_id "19_g"; transcript_id "19_t";
6_dna	GeneMark.hmm3	CDS	73097	73206	.	+	0	gene_id "19_g"; transcript_id "19_t"; cds_type "Internal"; count "4_12";
6_dna	GeneMark.hmm3	intron	73207	73358	.	+	2	gene_id "19_g"; transcript_id "19_t";
6_dna	GeneMark.hmm3	CDS	73359	73431	.	+	1	gene_id "19_g"; transcript_id "19_t"; cds_type "Internal"; count "5_12";
6_dna	GeneMark.hmm3	intron	73432	73524	.	+	0	gene_id "19_g"; transcript_id "19_t";
6_dna	GeneMark.hmm3	CDS	73525	73623	.	+	0	gene_id "19_g"; transcript_id "19_t"; cds_type "Internal"; count "6_12";
6_dna	GeneMark.hmm3	intron	73624	73817	.	+	0	gene_id "19_g"; transcript_id "19_t";
6_dna	GeneMark.hmm3	CDS	73818	73905	.	+	0	gene_id "19_g"; transcript_id "19_t"; cds_type "Internal"; count "7_12";
6_dna	GeneMark.hmm3	intron	73906	74008	.	+	1	gene_id "19_g"; transcript_id "19_t";
6_dna	GeneMark.hmm3	CDS	74009	74553	.	+	2	gene_id "19_g"; transcript_id "19_t"; cds_type "Internal"; count "8_12";
6_dna	GeneMark.hmm3	intron	74554	74677	.	+	0	gene_id "19_g"; transcript_id "19_t";
6_dna	GeneMark.hmm3	CDS	74678	74875	.	+	0	gene_id "19_g"; transcript_id "19_t"; cds_type "Internal"; count "9_12";
6_dna	GeneMark.hmm3	intron	74876	74972	.	+	0	gene_id "19_g"; transcript_id "19_t";
6_dna	GeneMark.hmm3	CDS	74973	75314	.	+	0	gene_id "19_g"; transcript_id "19_t"; cds_type "Internal"; count "10_12";
6_dna	GeneMark.hmm3	intron	75315	75416	.	+	0	gene_id "19_g"; transcript_id "19_t";
6_dna	GeneMark.hmm3	CDS	75417	75505	.	+	0	gene_id "19_g"; transcript_id "19_t"; cds_type "Internal"; count "11_12";
6_dna	GeneMark.hmm3	intron	75506	76666	.	+	2	gene_id "19_g"; transcript_id "19_t";
6_dna	GeneMark.hmm3	CDS	76667	76847	.	+	1	gene_id "19_g"; transcript_id "19_t"; cds_type "Terminal"; count "12_12";
6_dna	GeneMark.hmm3	stop_codon	76845	76847	.	+	0	gene_id "19_g"; transcript_id "19_t";
6_dna	GeneMark.hmm3	gene	80554	80859	.	+	.	gene_id "20_g"; transcript_id "20_t";
6_dna	GeneMark.hmm3	mRNA	80554	80859	.	+	.	gene_id "20_g"; transcript_id "20_t";
6_dna	GeneMark.hmm3	start_codon	80554	80556	.	+	0	gene_id "20_g"; transcript_id "20_t";
6_dna	GeneMark.hmm3	CDS	80554	80859	.	+	0	gene_id "20_g"; transcript_id "20_t"; cds_type "Single"; count "1_1";
6_dna	GeneMark.hmm3	stop_codon	80857	80859	.	+	0	gene_id "20_g"; transcript_id "20_t";
6_dna	GeneMark.hmm3	gene	88171	90169	.	+	.	gene_id "24_g"; transcript_id "24_t";
6_dna	GeneMark.hmm3	mRNA	88171	90169	.	+	.	gene_id "24_g"; transcript_id "24_t";
6_dna	GeneMark.hmm3	start_codon	88171	88173	.	+	0	gene_id "24_g"; transcript_id "24_t";
6_dna	GeneMark.hmm3	CDS	88171	88223	.	+	0	gene_id "24_g"; transcript_id "24_t"; cds_type "Initial"; count "1_2";
6_dna	GeneMark.hmm3	intron	88224	88677	.	+	2	gene_id "24_g"; transcript_id "24_t";
6_dna	GeneMark.hmm3	CDS	88678	90169	.	+	1	gene_id "24_g"; transcript_id "24_t"; cds_type "Terminal"; count "2_2";
6_dna	GeneMark.hmm3	stop_codon	90167	90169	.	+	0	gene_id "24_g"; transcript_id "24_t";
6_dna	GeneMark.hmm3	gene	90363	91547	.	+	.	gene_id "25_g"; transcript_id "25_t";
6_dna	GeneMark.hmm3	mRNA	90363	91547	.	+	.	gene_id "25_g"; transcript_id "25_t";
6_dna	GeneMark.hmm3	start_codon	90363	90365	.	+	0	gene_id "25_g"; transcript_id "25_t";
6_dna	GeneMark.hmm3	CDS	90363	91547	.	+	0	gene_id "25_g"; transcript_id "25_t"; cds_type "Single"; count "1_1";
6_dna	GeneMark.hmm3	stop_codon	91545	91547	.	+	0	gene_id "25_g"; transcript_id "25_t";
6_dna	GeneMark.hmm3	gene	91981	94355	.	-	.	gene_id "26_g"; transcript_id "26_t";
6_dna	GeneMark.hmm3	mRNA	91981	94355	.	-	.	gene_id "26_g"; transcript_id "26_t";
6_dna	GeneMark.hmm3	stop_codon	91981	91983	.	-	0	gene_id "26_g"; transcript_id "26_t";
6_dna	GeneMark.hmm3	CDS	91981	92828	.	-	2	gene_id "26_g"; transcript_id "26_t"; cds_type "Terminal"; count "9_9";
6_dna	GeneMark.hmm3	intron	92829	92919	.	-	1	gene_id "26_g"; transcript_id "26_t";
6_dna	GeneMark.hmm3	CDS	92920	93034	.	-	0	gene_id "26_g"; transcript_id "26_t"; cds_type "Internal"; count "8_9";
6_dna	GeneMark.hmm3	intron	93035	93125	.	-	0	gene_id "26_g"; transcript_id "26_t";
6_dna	GeneMark.hmm3	CDS	93126	93224	.	-	0	gene_id "26_g"; transcript_id "26_t"; cds_type "Internal"; count "7_9";
6_dna	GeneMark.hmm3	intron	93225	93308	.	-	0	gene_id "26_g"; transcript_id "26_t";
6_dna	GeneMark.hmm3	CDS	93309	93432	.	-	1	gene_id "26_g"; transcript_id "26_t"; cds_type "Internal"; count "6_9";
6_dna	GeneMark.hmm3	intron	93433	93532	.	-	2	gene_id "26_g"; transcript_id "26_t";
6_dna	GeneMark.hmm3	CDS	93533	93584	.	-	2	gene_id "26_g"; transcript_id "26_t"; cds_type "Internal"; count "5_9";
6_dna	GeneMark.hmm3	intron	93585	93657	.	-	1	gene_id "26_g"; transcript_id "26_t";
6_dna	GeneMark.hmm3	CDS	93658	93719	.	-	1	gene_id "26_g"; transcript_id "26_t"; cds_type "Internal"; count "4_9";
6_dna	GeneMark.hmm3	intron	93720	93811	.	-	2	gene_id "26_g"; transcript_id "26_t";
6_dna	GeneMark.hmm3	CDS	93812	93929	.	-	2	gene_id "26_g"; transcript_id "26_t"; cds_type "Internal"; count "3_9";
6_dna	GeneMark.hmm3	intron	93930	94015	.	-	1	gene_id "26_g"; transcript_id "26_t";
6_dna	GeneMark.hmm3	CDS	94016	94146	.	-	1	gene_id "26_g"; transcript_id "26_t"; cds_type "Internal"; count "2_9";
6_dna	GeneMark.hmm3	intron	94147	94230	.	-	2	gene_id "26_g"; transcript_id "26_t";
6_dna	GeneMark.hmm3	CDS	94231	94355	.	-	0	gene_id "26_g"; transcript_id "26_t"; cds_type "Initial"; count "1_9";
6_dna	GeneMark.hmm3	start_codon	94353	94355	.	-	0	gene_id "26_g"; transcript_id "26_t";
6_dna	GeneMark.hmm3	gene	95024	101590	.	-	.	gene_id "27_g"; transcript_id "27_t";
6_dna	GeneMark.hmm3	mRNA	95024	101590	.	-	.	gene_id "27_g"; transcript_id "27_t";
6_dna	GeneMark.hmm3	stop_codon	95024	95026	.	-	0	gene_id "27_g"; transcript_id "27_t";
6_dna	GeneMark.hmm3	CDS	95024	95201	.	-	1	gene_id "27_g"; transcript_id "27_t"; cds_type "Terminal"; count "15_15";
6_dna	GeneMark.hmm3	intron	95202	95359	.	-	2	gene_id "27_g"; transcript_id "27_t";
6_dna	GeneMark.hmm3	CDS	95360	95439	.	-	0	gene_id "27_g"; transcript_id "27_t"; cds_type "Internal"; count "14_15";
6_dna	GeneMark.hmm3	intron	95440	95529	.	-	0	gene_id "27_g"; transcript_id "27_t";
6_dna	GeneMark.hmm3	CDS	95530	95748	.	-	0	gene_id "27_g"; transcript_id "27_t"; cds_type "Internal"; count "13_15";
6_dna	GeneMark.hmm3	intron	95749	95839	.	-	0	gene_id "27_g"; transcript_id "27_t";
6_dna	GeneMark.hmm3	CDS	95840	95965	.	-	0	gene_id "27_g"; transcript_id "27_t"; cds_type "Internal"; count "12_15";
6_dna	GeneMark.hmm3	intron	95966	96056	.	-	0	gene_id "27_g"; transcript_id "27_t";
6_dna	GeneMark.hmm3	CDS	96057	96116	.	-	0	gene_id "27_g"; transcript_id "27_t"; cds_type "Internal"; count "11_15";
6_dna	GeneMark.hmm3	intron	96117	96244	.	-	0	gene_id "27_g"; transcript_id "27_t";
6_dna	GeneMark.hmm3	CDS	96245	96320	.	-	1	gene_id "27_g"; transcript_id "27_t"; cds_type "Internal"; count "10_15";
6_dna	GeneMark.hmm3	intron	96321	96410	.	-	2	gene_id "27_g"; transcript_id "27_t";
6_dna	GeneMark.hmm3	CDS	96411	96574	.	-	0	gene_id "27_g"; transcript_id "27_t"; cds_type "Internal"; count "9_15";
6_dna	GeneMark.hmm3	intron	96575	96684	.	-	0	gene_id "27_g"; transcript_id "27_t";
6_dna	GeneMark.hmm3	CDS	96685	96747	.	-	0	gene_id "27_g"; transcript_id "27_t"; cds_type "Internal"; count "8_15";
6_dna	GeneMark.hmm3	intron	96748	96848	.	-	0	gene_id "27_g"; transcript_id "27_t";
6_dna	GeneMark.hmm3	CDS	96849	96936	.	-	1	gene_id "27_g"; transcript_id "27_t"; cds_type "Internal"; count "7_15";
6_dna	GeneMark.hmm3	intron	96937	97035	.	-	2	gene_id "27_g"; transcript_id "27_t";
6_dna	GeneMark.hmm3	CDS	97036	97689	.	-	1	gene_id "27_g"; transcript_id "27_t"; cds_type "Internal"; count "6_15";
6_dna	GeneMark.hmm3	intron	97690	97775	.	-	2	gene_id "27_g"; transcript_id "27_t";
6_dna	GeneMark.hmm3	CDS	97776	98063	.	-	1	gene_id "27_g"; transcript_id "27_t"; cds_type "Internal"; count "5_15";
6_dna	GeneMark.hmm3	intron	98064	99850	.	-	2	gene_id "27_g"; transcript_id "27_t";
6_dna	GeneMark.hmm3	CDS	99851	99978	.	-	0	gene_id "27_g"; transcript_id "27_t"; cds_type "Internal"; count "4_15";
6_dna	GeneMark.hmm3	intron	99979	100321	.	-	0	gene_id "27_g"; transcript_id "27_t";
6_dna	GeneMark.hmm3	CDS	100322	100521	.	-	2	gene_id "27_g"; transcript_id "27_t"; cds_type "Internal"; count "3_15";
6_dna	GeneMark.hmm3	intron	100522	100952	.	-	1	gene_id "27_g"; transcript_id "27_t";
6_dna	GeneMark.hmm3	CDS	100953	101082	.	-	0	gene_id "27_g"; transcript_id "27_t"; cds_type "Internal"; count "2_15";
6_dna	GeneMark.hmm3	intron	101083	101200	.	-	0	gene_id "27_g"; transcript_id "27_t";
6_dna	GeneMark.hmm3	CDS	101201	101590	.	-	0	gene_id "27_g"; transcript_id "27_t"; cds_type "Initial"; count "1_15";
6_dna	GeneMark.hmm3	start_codon	101588	101590	.	-	0	gene_id "27_g"; transcript_id "27_t";
6_dna	GeneMark.hmm3	gene	105680	106621	.	+	.	gene_id "28_g"; transcript_id "28_t";
6_dna	GeneMark.hmm3	mRNA	105680	106621	.	+	.	gene_id "28_g"; transcript_id "28_t";
6_dna	GeneMark.hmm3	start_codon	105680	105682	.	+	0	gene_id "28_g"; transcript_id "28_t";
6_dna	GeneMark.hmm3	CDS	105680	106621	.	+	0	gene_id "28_g"; transcript_id "28_t"; cds_type "Single"; count "1_1";
6_dna	GeneMark.hmm3	stop_codon	106619	106621	.	+	0	gene_id "28_g"; transcript_id "28_t";
6_dna	GeneMark.hmm3	gene	109756	111791	.	+	.	gene_id "29_g"; transcript_id "29_t";
6_dna	GeneMark.hmm3	mRNA	109756	111791	.	+	.	gene_id "29_g"; transcript_id "29_t";
6_dna	GeneMark.hmm3	start_codon	109756	109758	.	+	0	gene_id "29_g"; transcript_id "29_t";
6_dna	GeneMark.hmm3	CDS	109756	109929	.	+	0	gene_id "29_g"; transcript_id "29_t"; cds_type "Initial"; count "1_9";
6_dna	GeneMark.hmm3	intron	109930	110266	.	+	0	gene_id "29_g"; transcript_id "29_t";
6_dna	GeneMark.hmm3	CDS	110267	110341	.	+	0	gene_id "29_g"; transcript_id "29_t"; cds_type "Internal"; count "2_9";
6_dna	GeneMark.hmm3	intron	110342	110434	.	+	0	gene_id "29_g"; transcript_id "29_t";
6_dna	GeneMark.hmm3	CDS	110435	110536	.	+	0	gene_id "29_g"; transcript_id "29_t"; cds_type "Internal"; count "3_9";
6_dna	GeneMark.hmm3	intron	110537	110609	.	+	0	gene_id "29_g"; transcript_id "29_t";
6_dna	GeneMark.hmm3	CDS	110610	110663	.	+	0	gene_id "29_g"; transcript_id "29_t"; cds_type "Internal"; count "4_9";
6_dna	GeneMark.hmm3	intron	110664	110763	.	+	0	gene_id "29_g"; transcript_id "29_t";
6_dna	GeneMark.hmm3	CDS	110764	110856	.	+	0	gene_id "29_g"; transcript_id "29_t"; cds_type "Internal"; count "5_9";
6_dna	GeneMark.hmm3	intron	110857	110969	.	+	0	gene_id "29_g"; transcript_id "29_t";
6_dna	GeneMark.hmm3	CDS	110970	111062	.	+	0	gene_id "29_g"; transcript_id "29_t"; cds_type "Internal"; count "6_9";
6_dna	GeneMark.hmm3	intron	111063	111143	.	+	0	gene_id "29_g"; transcript_id "29_t";
6_dna	GeneMark.hmm3	CDS	111144	111248	.	+	0	gene_id "29_g"; transcript_id "29_t"; cds_type "Internal"; count "7_9";
6_dna	GeneMark.hmm3	intron	111249	111324	.	+	0	gene_id "29_g"; transcript_id "29_t";
6_dna	GeneMark.hmm3	CDS	111325	111423	.	+	0	gene_id "29_g"; transcript_id "29_t"; cds_type "Internal"; count "8_9";
6_dna	GeneMark.hmm3	intron	111424	111500	.	+	0	gene_id "29_g"; transcript_id "29_t";
6_dna	GeneMark.hmm3	CDS	111501	111791	.	+	0	gene_id "29_g"; transcript_id "29_t"; cds_type "Terminal"; count "9_9";
6_dna	GeneMark.hmm3	stop_codon	111789	111791	.	+	0	gene_id "29_g"; transcript_id "29_t";
6_dna	GeneMark.hmm3	gene	112003	113376	.	-	.	gene_id "30_g"; transcript_id "30_t";
6_dna	GeneMark.hmm3	mRNA	112003	113376	.	-	.	gene_id "30_g"; transcript_id "30_t";
6_dna	GeneMark.hmm3	stop_codon	112003	112005	.	-	0	gene_id "30_g"; transcript_id "30_t";
6_dna	GeneMark.hmm3	CDS	112003	112829	.	-	2	gene_id "30_g"; transcript_id "30_t"; cds_type "Terminal"; count "3_3";
6_dna	GeneMark.hmm3	intron	112830	112916	.	-	1	gene_id "30_g"; transcript_id "30_t";
6_dna	GeneMark.hmm3	CDS	112917	113134	.	-	1	gene_id "30_g"; transcript_id "30_t"; cds_type "Internal"; count "2_3";
6_dna	GeneMark.hmm3	intron	113135	113239	.	-	2	gene_id "30_g"; transcript_id "30_t";
6_dna	GeneMark.hmm3	CDS	113240	113376	.	-	0	gene_id "30_g"; transcript_id "30_t"; cds_type "Initial"; count "1_3";
6_dna	GeneMark.hmm3	start_codon	113374	113376	.	-	0	gene_id "30_g"; transcript_id "30_t";
6_dna	GeneMark.hmm3	gene	113990	116816	.	-	.	gene_id "31_g"; transcript_id "31_t";
6_dna	GeneMark.hmm3	mRNA	113990	116816	.	-	.	gene_id "31_g"; transcript_id "31_t";
6_dna	GeneMark.hmm3	stop_codon	113990	113992	.	-	0	gene_id "31_g"; transcript_id "31_t";
6_dna	GeneMark.hmm3	CDS	113990	114822	.	-	2	gene_id "31_g"; transcript_id "31_t"; cds_type "Terminal"; count "5_5";
6_dna	GeneMark.hmm3	intron	114823	114938	.	-	1	gene_id "31_g"; transcript_id "31_t";
6_dna	GeneMark.hmm3	CDS	114939	115135	.	-	1	gene_id "31_g"; transcript_id "31_t"; cds_type "Internal"; count "4_5";
6_dna	GeneMark.hmm3	intron	115136	115217	.	-	2	gene_id "31_g"; transcript_id "31_t";
6_dna	GeneMark.hmm3	CDS	115218	115570	.	-	0	gene_id "31_g"; transcript_id "31_t"; cds_type "Internal"; count "3_5";
6_dna	GeneMark.hmm3	intron	115571	115679	.	-	0	gene_id "31_g"; transcript_id "31_t";
6_dna	GeneMark.hmm3	CDS	115680	116083	.	-	2	gene_id "31_g"; transcript_id "31_t"; cds_type "Internal"; count "2_5";
6_dna	GeneMark.hmm3	intron	116084	116173	.	-	1	gene_id "31_g"; transcript_id "31_t";
6_dna	GeneMark.hmm3	CDS	116174	116816	.	-	0	gene_id "31_g"; transcript_id "31_t"; cds_type "Initial"; count "1_5";
6_dna	GeneMark.hmm3	start_codon	116814	116816	.	-	0	gene_id "31_g"; transcript_id "31_t";
6_dna	GeneMark.hmm3	gene	117397	120192	.	-	.	gene_id "32_g"; transcript_id "32_t";
6_dna	GeneMark.hmm3	mRNA	117397	120192	.	-	.	gene_id "32_g"; transcript_id "32_t";
6_dna	GeneMark.hmm3	stop_codon	117397	117399	.	-	0	gene_id "32_g"; transcript_id "32_t";
6_dna	GeneMark.hmm3	CDS	117397	118229	.	-	2	gene_id "32_g"; transcript_id "32_t"; cds_type "Terminal"; count "5_5";
6_dna	GeneMark.hmm3	intron	118230	118309	.	-	1	gene_id "32_g"; transcript_id "32_t";
6_dna	GeneMark.hmm3	CDS	118310	118509	.	-	1	gene_id "32_g"; transcript_id "32_t"; cds_type "Internal"; count "4_5";
6_dna	GeneMark.hmm3	intron	118510	118603	.	-	2	gene_id "32_g"; transcript_id "32_t";
6_dna	GeneMark.hmm3	CDS	118604	118965	.	-	0	gene_id "32_g"; transcript_id "32_t"; cds_type "Internal"; count "3_5";
6_dna	GeneMark.hmm3	intron	118966	119056	.	-	0	gene_id "32_g"; transcript_id "32_t";
6_dna	GeneMark.hmm3	CDS	119057	119460	.	-	2	gene_id "32_g"; transcript_id "32_t"; cds_type "Internal"; count "2_5";
6_dna	GeneMark.hmm3	intron	119461	119543	.	-	1	gene_id "32_g"; transcript_id "32_t";
6_dna	GeneMark.hmm3	CDS	119544	120192	.	-	0	gene_id "32_g"; transcript_id "32_t"; cds_type "Initial"; count "1_5";
6_dna	GeneMark.hmm3	start_codon	120190	120192	.	-	0	gene_id "32_g"; transcript_id "32_t";
6_dna	GeneMark.hmm3	gene	122028	124429	.	+	.	gene_id "33_g"; transcript_id "33_t";
6_dna	GeneMark.hmm3	mRNA	122028	124429	.	+	.	gene_id "33_g"; transcript_id "33_t";
6_dna	GeneMark.hmm3	start_codon	122028	122030	.	+	0	gene_id "33_g"; transcript_id "33_t";
6_dna	GeneMark.hmm3	CDS	122028	122189	.	+	0	gene_id "33_g"; transcript_id "33_t"; cds_type "Initial"; count "1_7";
6_dna	GeneMark.hmm3	intron	122190	122307	.	+	0	gene_id "33_g"; transcript_id "33_t";
6_dna	GeneMark.hmm3	CDS	122308	122417	.	+	0	gene_id "33_g"; transcript_id "33_t"; cds_type "Internal"; count "2_7";
6_dna	GeneMark.hmm3	intron	122418	122681	.	+	2	gene_id "33_g"; transcript_id "33_t";
6_dna	GeneMark.hmm3	CDS	122682	123049	.	+	1	gene_id "33_g"; transcript_id "33_t"; cds_type "Internal"; count "3_7";
6_dna	GeneMark.hmm3	intron	123050	123138	.	+	1	gene_id "33_g"; transcript_id "33_t";
6_dna	GeneMark.hmm3	CDS	123139	123484	.	+	2	gene_id "33_g"; transcript_id "33_t"; cds_type "Internal"; count "4_7";
6_dna	GeneMark.hmm3	intron	123485	123570	.	+	2	gene_id "33_g"; transcript_id "33_t";
6_dna	GeneMark.hmm3	CDS	123571	123936	.	+	1	gene_id "33_g"; transcript_id "33_t"; cds_type "Internal"; count "5_7";
6_dna	GeneMark.hmm3	intron	123937	124018	.	+	2	gene_id "33_g"; transcript_id "33_t";
6_dna	GeneMark.hmm3	CDS	124019	124097	.	+	1	gene_id "33_g"; transcript_id "33_t"; cds_type "Internal"; count "6_7";
6_dna	GeneMark.hmm3	intron	124098	124225	.	+	0	gene_id "33_g"; transcript_id "33_t";
6_dna	GeneMark.hmm3	CDS	124226	124429	.	+	0	gene_id "33_g"; transcript_id "33_t"; cds_type "Terminal"; count "7_7";
6_dna	GeneMark.hmm3	stop_codon	124427	124429	.	+	0	gene_id "33_g"; transcript_id "33_t";
