# Eukaryotic GeneMark.hmm version 3.68
# Sequence name: /home/genomika25/studenci/dmyboi/sequence_adnotation_home_work_cw3/BRAKER/example/braker/GeneMark-ET/output/data/dna.fa_8
# FASTA defline: >dna.fa_8	8_dna	1	124361
# Sequence length: 124361 bp
# G+C content: 36.95%
# Matrices file: /home/genomika25/studenci/dmyboi/sequence_adnotation_home_work_cw3/BRAKER/example/braker/GeneMark-ET/output/gmhmm.mod
# Mon Nov  3 22:17:41 2025
# FASTA definition line: >dna.fa_8	8_dna	1	124361
# sequence-region 8_dna 1 124361
8_dna	GeneMark.hmm3	gene	2968	3885	.	+	.	gene_id "1_g"; transcript_id "1_t";
8_dna	GeneMark.hmm3	mRNA	2968	3885	.	+	.	gene_id "1_g"; transcript_id "1_t";
8_dna	GeneMark.hmm3	start_codon	2968	2970	.	+	0	gene_id "1_g"; transcript_id "1_t";
8_dna	GeneMark.hmm3	CDS	2968	3885	.	+	0	gene_id "1_g"; transcript_id "1_t"; cds_type "Single"; count "1_1";
8_dna	GeneMark.hmm3	stop_codon	3883	3885	.	+	0	gene_id "1_g"; transcript_id "1_t";
8_dna	GeneMark.hmm3	gene	4172	5750	.	-	.	gene_id "2_g"; transcript_id "2_t";
8_dna	GeneMark.hmm3	mRNA	4172	5750	.	-	.	gene_id "2_g"; transcript_id "2_t";
8_dna	GeneMark.hmm3	stop_codon	4172	4174	.	-	0	gene_id "2_g"; transcript_id "2_t";
8_dna	GeneMark.hmm3	CDS	4172	4317	.	-	2	gene_id "2_g"; transcript_id "2_t"; cds_type "Terminal"; count "3_3";
8_dna	GeneMark.hmm3	intron	4318	4398	.	-	1	gene_id "2_g"; transcript_id "2_t";
8_dna	GeneMark.hmm3	CDS	4399	4777	.	-	0	gene_id "2_g"; transcript_id "2_t"; cds_type "Internal"; count "2_3";
8_dna	GeneMark.hmm3	intron	4778	4865	.	-	0	gene_id "2_g"; transcript_id "2_t";
8_dna	GeneMark.hmm3	CDS	4866	5750	.	-	0	gene_id "2_g"; transcript_id "2_t"; cds_type "Initial"; count "1_3";
8_dna	GeneMark.hmm3	start_codon	5748	5750	.	-	0	gene_id "2_g"; transcript_id "2_t";
8_dna	GeneMark.hmm3	gene	6127	9833	.	+	.	gene_id "3_g"; transcript_id "3_t";
8_dna	GeneMark.hmm3	mRNA	6127	9833	.	+	.	gene_id "3_g"; transcript_id "3_t";
8_dna	GeneMark.hmm3	start_codon	6127	6129	.	+	0	gene_id "3_g"; transcript_id "3_t";
8_dna	GeneMark.hmm3	CDS	6127	6187	.	+	0	gene_id "3_g"; transcript_id "3_t"; cds_type "Initial"; count "1_14";
8_dna	GeneMark.hmm3	intron	6188	6612	.	+	1	gene_id "3_g"; transcript_id "3_t";
8_dna	GeneMark.hmm3	CDS	6613	6758	.	+	2	gene_id "3_g"; transcript_id "3_t"; cds_type "Internal"; count "2_14";
8_dna	GeneMark.hmm3	intron	6759	6845	.	+	0	gene_id "3_g"; transcript_id "3_t";
8_dna	GeneMark.hmm3	CDS	6846	7344	.	+	0	gene_id "3_g"; transcript_id "3_t"; cds_type "Internal"; count "3_14";
8_dna	GeneMark.hmm3	intron	7345	7423	.	+	1	gene_id "3_g"; transcript_id "3_t";
8_dna	GeneMark.hmm3	CDS	7424	7518	.	+	2	gene_id "3_g"; transcript_id "3_t"; cds_type "Internal"; count "4_14";
8_dna	GeneMark.hmm3	intron	7519	7624	.	+	0	gene_id "3_g"; transcript_id "3_t";
8_dna	GeneMark.hmm3	CDS	7625	7671	.	+	0	gene_id "3_g"; transcript_id "3_t"; cds_type "Internal"; count "5_14";
8_dna	GeneMark.hmm3	intron	7672	7755	.	+	2	gene_id "3_g"; transcript_id "3_t";
8_dna	GeneMark.hmm3	CDS	7756	7906	.	+	1	gene_id "3_g"; transcript_id "3_t"; cds_type "Internal"; count "6_14";
8_dna	GeneMark.hmm3	intron	7907	8060	.	+	0	gene_id "3_g"; transcript_id "3_t";
8_dna	GeneMark.hmm3	CDS	8061	8124	.	+	0	gene_id "3_g"; transcript_id "3_t"; cds_type "Internal"; count "7_14";
8_dna	GeneMark.hmm3	intron	8125	8497	.	+	1	gene_id "3_g"; transcript_id "3_t";
8_dna	GeneMark.hmm3	CDS	8498	8656	.	+	2	gene_id "3_g"; transcript_id "3_t"; cds_type "Internal"; count "8_14";
8_dna	GeneMark.hmm3	intron	8657	8743	.	+	1	gene_id "3_g"; transcript_id "3_t";
8_dna	GeneMark.hmm3	CDS	8744	8865	.	+	2	gene_id "3_g"; transcript_id "3_t"; cds_type "Internal"; count "9_14";
8_dna	GeneMark.hmm3	intron	8866	8977	.	+	0	gene_id "3_g"; transcript_id "3_t";
8_dna	GeneMark.hmm3	CDS	8978	9052	.	+	0	gene_id "3_g"; transcript_id "3_t"; cds_type "Internal"; count "10_14";
8_dna	GeneMark.hmm3	intron	9053	9135	.	+	0	gene_id "3_g"; transcript_id "3_t";
8_dna	GeneMark.hmm3	CDS	9136	9189	.	+	0	gene_id "3_g"; transcript_id "3_t"; cds_type "Internal"; count "11_14";
8_dna	GeneMark.hmm3	intron	9190	9284	.	+	0	gene_id "3_g"; transcript_id "3_t";
8_dna	GeneMark.hmm3	CDS	9285	9358	.	+	0	gene_id "3_g"; transcript_id "3_t"; cds_type "Internal"; count "12_14";
8_dna	GeneMark.hmm3	intron	9359	9458	.	+	2	gene_id "3_g"; transcript_id "3_t";
8_dna	GeneMark.hmm3	CDS	9459	9533	.	+	1	gene_id "3_g"; transcript_id "3_t"; cds_type "Internal"; count "13_14";
8_dna	GeneMark.hmm3	intron	9534	9613	.	+	2	gene_id "3_g"; transcript_id "3_t";
8_dna	GeneMark.hmm3	CDS	9614	9833	.	+	1	gene_id "3_g"; transcript_id "3_t"; cds_type "Terminal"; count "14_14";
8_dna	GeneMark.hmm3	stop_codon	9831	9833	.	+	0	gene_id "3_g"; transcript_id "3_t";
8_dna	GeneMark.hmm3	gene	10115	12439	.	+	.	gene_id "4_g"; transcript_id "4_t";
8_dna	GeneMark.hmm3	mRNA	10115	12439	.	+	.	gene_id "4_g"; transcript_id "4_t";
8_dna	GeneMark.hmm3	start_codon	10115	10117	.	+	0	gene_id "4_g"; transcript_id "4_t";
8_dna	GeneMark.hmm3	CDS	10115	10217	.	+	0	gene_id "4_g"; transcript_id "4_t"; cds_type "Initial"; count "1_4";
8_dna	GeneMark.hmm3	intron	10218	10612	.	+	1	gene_id "4_g"; transcript_id "4_t";
8_dna	GeneMark.hmm3	CDS	10613	11204	.	+	2	gene_id "4_g"; transcript_id "4_t"; cds_type "Internal"; count "2_4";
8_dna	GeneMark.hmm3	intron	11205	11341	.	+	2	gene_id "4_g"; transcript_id "4_t";
8_dna	GeneMark.hmm3	CDS	11342	11478	.	+	1	gene_id "4_g"; transcript_id "4_t"; cds_type "Internal"; count "3_4";
8_dna	GeneMark.hmm3	intron	11479	11561	.	+	1	gene_id "4_g"; transcript_id "4_t";
8_dna	GeneMark.hmm3	CDS	11562	12439	.	+	2	gene_id "4_g"; transcript_id "4_t"; cds_type "Terminal"; count "4_4";
8_dna	GeneMark.hmm3	stop_codon	12437	12439	.	+	0	gene_id "4_g"; transcript_id "4_t";
8_dna	GeneMark.hmm3	gene	13858	16309	.	+	.	gene_id "5_g"; transcript_id "5_t";
8_dna	GeneMark.hmm3	mRNA	13858	16309	.	+	.	gene_id "5_g"; transcript_id "5_t";
8_dna	GeneMark.hmm3	start_codon	13858	13860	.	+	0	gene_id "5_g"; transcript_id "5_t";
8_dna	GeneMark.hmm3	CDS	13858	13860	.	+	0	gene_id "5_g"; transcript_id "5_t"; cds_type "Initial"; count "1_5";
8_dna	GeneMark.hmm3	intron	13861	13956	.	+	0	gene_id "5_g"; transcript_id "5_t";
8_dna	GeneMark.hmm3	CDS	13957	14238	.	+	0	gene_id "5_g"; transcript_id "5_t"; cds_type "Internal"; count "2_5";
8_dna	GeneMark.hmm3	intron	14239	14310	.	+	0	gene_id "5_g"; transcript_id "5_t";
8_dna	GeneMark.hmm3	CDS	14311	14427	.	+	0	gene_id "5_g"; transcript_id "5_t"; cds_type "Internal"; count "3_5";
8_dna	GeneMark.hmm3	intron	14428	14506	.	+	0	gene_id "5_g"; transcript_id "5_t";
8_dna	GeneMark.hmm3	CDS	14507	16165	.	+	0	gene_id "5_g"; transcript_id "5_t"; cds_type "Internal"; count "4_5";
8_dna	GeneMark.hmm3	intron	16166	16249	.	+	0	gene_id "5_g"; transcript_id "5_t";
8_dna	GeneMark.hmm3	CDS	16250	16309	.	+	0	gene_id "5_g"; transcript_id "5_t"; cds_type "Terminal"; count "5_5";
8_dna	GeneMark.hmm3	stop_codon	16307	16309	.	+	0	gene_id "5_g"; transcript_id "5_t";
8_dna	GeneMark.hmm3	gene	17380	18288	.	-	.	gene_id "6_g"; transcript_id "6_t";
8_dna	GeneMark.hmm3	mRNA	17380	18288	.	-	.	gene_id "6_g"; transcript_id "6_t";
8_dna	GeneMark.hmm3	stop_codon	17380	17382	.	-	0	gene_id "6_g"; transcript_id "6_t";
8_dna	GeneMark.hmm3	CDS	17380	18288	.	-	0	gene_id "6_g"; transcript_id "6_t"; cds_type "Single"; count "1_1";
8_dna	GeneMark.hmm3	start_codon	18286	18288	.	-	0	gene_id "6_g"; transcript_id "6_t";
8_dna	GeneMark.hmm3	gene	21051	23324	.	-	.	gene_id "7_g"; transcript_id "7_t";
8_dna	GeneMark.hmm3	mRNA	21051	23324	.	-	.	gene_id "7_g"; transcript_id "7_t";
8_dna	GeneMark.hmm3	stop_codon	21051	21053	.	-	0	gene_id "7_g"; transcript_id "7_t";
8_dna	GeneMark.hmm3	CDS	21051	23324	.	-	0	gene_id "7_g"; transcript_id "7_t"; cds_type "Single"; count "1_1";
8_dna	GeneMark.hmm3	start_codon	23322	23324	.	-	0	gene_id "7_g"; transcript_id "7_t";
8_dna	GeneMark.hmm3	gene	26526	32014	.	-	.	gene_id "8_g"; transcript_id "8_t";
8_dna	GeneMark.hmm3	mRNA	26526	32014	.	-	.	gene_id "8_g"; transcript_id "8_t";
8_dna	GeneMark.hmm3	stop_codon	26526	26528	.	-	0	gene_id "8_g"; transcript_id "8_t";
8_dna	GeneMark.hmm3	CDS	26526	26688	.	-	1	gene_id "8_g"; transcript_id "8_t"; cds_type "Terminal"; count "17_17";
8_dna	GeneMark.hmm3	intron	26689	26766	.	-	2	gene_id "8_g"; transcript_id "8_t";
8_dna	GeneMark.hmm3	CDS	26767	26948	.	-	0	gene_id "8_g"; transcript_id "8_t"; cds_type "Internal"; count "16_17";
8_dna	GeneMark.hmm3	intron	26949	27037	.	-	0	gene_id "8_g"; transcript_id "8_t";
8_dna	GeneMark.hmm3	CDS	27038	27073	.	-	0	gene_id "8_g"; transcript_id "8_t"; cds_type "Internal"; count "15_17";
8_dna	GeneMark.hmm3	intron	27074	27474	.	-	0	gene_id "8_g"; transcript_id "8_t";
8_dna	GeneMark.hmm3	CDS	27475	27570	.	-	0	gene_id "8_g"; transcript_id "8_t"; cds_type "Internal"; count "14_17";
8_dna	GeneMark.hmm3	intron	27571	27659	.	-	0	gene_id "8_g"; transcript_id "8_t";
8_dna	GeneMark.hmm3	CDS	27660	27737	.	-	0	gene_id "8_g"; transcript_id "8_t"; cds_type "Internal"; count "13_17";
8_dna	GeneMark.hmm3	intron	27738	27824	.	-	0	gene_id "8_g"; transcript_id "8_t";
8_dna	GeneMark.hmm3	CDS	27825	27977	.	-	0	gene_id "8_g"; transcript_id "8_t"; cds_type "Internal"; count "12_17";
8_dna	GeneMark.hmm3	intron	27978	28048	.	-	0	gene_id "8_g"; transcript_id "8_t";
8_dna	GeneMark.hmm3	CDS	28049	28392	.	-	2	gene_id "8_g"; transcript_id "8_t"; cds_type "Internal"; count "11_17";
8_dna	GeneMark.hmm3	intron	28393	30022	.	-	1	gene_id "8_g"; transcript_id "8_t";
8_dna	GeneMark.hmm3	CDS	30023	30074	.	-	0	gene_id "8_g"; transcript_id "8_t"; cds_type "Internal"; count "10_17";
8_dna	GeneMark.hmm3	intron	30075	30168	.	-	0	gene_id "8_g"; transcript_id "8_t";
8_dna	GeneMark.hmm3	CDS	30169	30237	.	-	0	gene_id "8_g"; transcript_id "8_t"; cds_type "Internal"; count "9_17";
8_dna	GeneMark.hmm3	intron	30238	30322	.	-	0	gene_id "8_g"; transcript_id "8_t";
8_dna	GeneMark.hmm3	CDS	30323	30386	.	-	1	gene_id "8_g"; transcript_id "8_t"; cds_type "Internal"; count "8_17";
8_dna	GeneMark.hmm3	intron	30387	30502	.	-	2	gene_id "8_g"; transcript_id "8_t";
8_dna	GeneMark.hmm3	CDS	30503	30585	.	-	0	gene_id "8_g"; transcript_id "8_t"; cds_type "Internal"; count "7_17";
8_dna	GeneMark.hmm3	intron	30586	30666	.	-	0	gene_id "8_g"; transcript_id "8_t";
8_dna	GeneMark.hmm3	CDS	30667	30732	.	-	0	gene_id "8_g"; transcript_id "8_t"; cds_type "Internal"; count "6_17";
8_dna	GeneMark.hmm3	intron	30733	30835	.	-	0	gene_id "8_g"; transcript_id "8_t";
8_dna	GeneMark.hmm3	CDS	30836	30926	.	-	1	gene_id "8_g"; transcript_id "8_t"; cds_type "Internal"; count "5_17";
8_dna	GeneMark.hmm3	intron	30927	31013	.	-	2	gene_id "8_g"; transcript_id "8_t";
8_dna	GeneMark.hmm3	CDS	31014	31171	.	-	0	gene_id "8_g"; transcript_id "8_t"; cds_type "Internal"; count "4_17";
8_dna	GeneMark.hmm3	intron	31172	31252	.	-	0	gene_id "8_g"; transcript_id "8_t";
8_dna	GeneMark.hmm3	CDS	31253	31420	.	-	0	gene_id "8_g"; transcript_id "8_t"; cds_type "Internal"; count "3_17";
8_dna	GeneMark.hmm3	intron	31421	31518	.	-	0	gene_id "8_g"; transcript_id "8_t";
8_dna	GeneMark.hmm3	CDS	31519	31648	.	-	1	gene_id "8_g"; transcript_id "8_t"; cds_type "Internal"; count "2_17";
8_dna	GeneMark.hmm3	intron	31649	31928	.	-	2	gene_id "8_g"; transcript_id "8_t";
8_dna	GeneMark.hmm3	CDS	31929	32014	.	-	0	gene_id "8_g"; transcript_id "8_t"; cds_type "Initial"; count "1_17";
8_dna	GeneMark.hmm3	start_codon	32012	32014	.	-	0	gene_id "8_g"; transcript_id "8_t";
8_dna	GeneMark.hmm3	gene	33613	35942	.	+	.	gene_id "9_g"; transcript_id "9_t";
8_dna	GeneMark.hmm3	mRNA	33613	35942	.	+	.	gene_id "9_g"; transcript_id "9_t";
8_dna	GeneMark.hmm3	start_codon	33613	33615	.	+	0	gene_id "9_g"; transcript_id "9_t";
8_dna	GeneMark.hmm3	CDS	33613	33668	.	+	0	gene_id "9_g"; transcript_id "9_t"; cds_type "Initial"; count "1_5";
8_dna	GeneMark.hmm3	intron	33669	33771	.	+	2	gene_id "9_g"; transcript_id "9_t";
8_dna	GeneMark.hmm3	CDS	33772	33841	.	+	1	gene_id "9_g"; transcript_id "9_t"; cds_type "Internal"; count "2_5";
8_dna	GeneMark.hmm3	intron	33842	33943	.	+	0	gene_id "9_g"; transcript_id "9_t";
8_dna	GeneMark.hmm3	CDS	33944	34558	.	+	0	gene_id "9_g"; transcript_id "9_t"; cds_type "Internal"; count "3_5";
8_dna	GeneMark.hmm3	intron	34559	34684	.	+	0	gene_id "9_g"; transcript_id "9_t";
8_dna	GeneMark.hmm3	CDS	34685	35212	.	+	0	gene_id "9_g"; transcript_id "9_t"; cds_type "Internal"; count "4_5";
8_dna	GeneMark.hmm3	intron	35213	35396	.	+	0	gene_id "9_g"; transcript_id "9_t";
8_dna	GeneMark.hmm3	CDS	35397	35942	.	+	0	gene_id "9_g"; transcript_id "9_t"; cds_type "Terminal"; count "5_5";
8_dna	GeneMark.hmm3	stop_codon	35940	35942	.	+	0	gene_id "9_g"; transcript_id "9_t";
8_dna	GeneMark.hmm3	gene	36742	37371	.	-	.	gene_id "10_g"; transcript_id "10_t";
8_dna	GeneMark.hmm3	mRNA	36742	37371	.	-	.	gene_id "10_g"; transcript_id "10_t";
8_dna	GeneMark.hmm3	stop_codon	36742	36744	.	-	0	gene_id "10_g"; transcript_id "10_t";
8_dna	GeneMark.hmm3	CDS	36742	37191	.	-	0	gene_id "10_g"; transcript_id "10_t"; cds_type "Terminal"; count "2_2";
8_dna	GeneMark.hmm3	intron	37192	37290	.	-	0	gene_id "10_g"; transcript_id "10_t";
8_dna	GeneMark.hmm3	CDS	37291	37371	.	-	0	gene_id "10_g"; transcript_id "10_t"; cds_type "Initial"; count "1_2";
8_dna	GeneMark.hmm3	start_codon	37369	37371	.	-	0	gene_id "10_g"; transcript_id "10_t";
8_dna	GeneMark.hmm3	gene	43755	45159	.	+	.	gene_id "11_g"; transcript_id "11_t";
8_dna	GeneMark.hmm3	mRNA	43755	45159	.	+	.	gene_id "11_g"; transcript_id "11_t";
8_dna	GeneMark.hmm3	start_codon	43755	43757	.	+	0	gene_id "11_g"; transcript_id "11_t";
8_dna	GeneMark.hmm3	CDS	43755	43970	.	+	0	gene_id "11_g"; transcript_id "11_t"; cds_type "Initial"; count "1_4";
8_dna	GeneMark.hmm3	intron	43971	44056	.	+	0	gene_id "11_g"; transcript_id "11_t";
8_dna	GeneMark.hmm3	CDS	44057	44257	.	+	0	gene_id "11_g"; transcript_id "11_t"; cds_type "Internal"; count "2_4";
8_dna	GeneMark.hmm3	intron	44258	44421	.	+	0	gene_id "11_g"; transcript_id "11_t";
8_dna	GeneMark.hmm3	CDS	44422	44587	.	+	0	gene_id "11_g"; transcript_id "11_t"; cds_type "Internal"; count "3_4";
8_dna	GeneMark.hmm3	intron	44588	44752	.	+	1	gene_id "11_g"; transcript_id "11_t";
8_dna	GeneMark.hmm3	CDS	44753	45159	.	+	2	gene_id "11_g"; transcript_id "11_t"; cds_type "Terminal"; count "4_4";
8_dna	GeneMark.hmm3	stop_codon	45157	45159	.	+	0	gene_id "11_g"; transcript_id "11_t";
8_dna	GeneMark.hmm3	gene	45459	46322	.	-	.	gene_id "12_g"; transcript_id "12_t";
8_dna	GeneMark.hmm3	mRNA	45459	46322	.	-	.	gene_id "12_g"; transcript_id "12_t";
8_dna	GeneMark.hmm3	stop_codon	45459	45461	.	-	0	gene_id "12_g"; transcript_id "12_t";
8_dna	GeneMark.hmm3	CDS	45459	46322	.	-	0	gene_id "12_g"; transcript_id "12_t"; cds_type "Single"; count "1_1";
8_dna	GeneMark.hmm3	start_codon	46320	46322	.	-	0	gene_id "12_g"; transcript_id "12_t";
8_dna	GeneMark.hmm3	gene	47056	48423	.	-	.	gene_id "13_g"; transcript_id "13_t";
8_dna	GeneMark.hmm3	mRNA	47056	48423	.	-	.	gene_id "13_g"; transcript_id "13_t";
8_dna	GeneMark.hmm3	stop_codon	47056	47058	.	-	0	gene_id "13_g"; transcript_id "13_t";
8_dna	GeneMark.hmm3	CDS	47056	47245	.	-	1	gene_id "13_g"; transcript_id "13_t"; cds_type "Terminal"; count "4_4";
8_dna	GeneMark.hmm3	intron	47246	47350	.	-	2	gene_id "13_g"; transcript_id "13_t";
8_dna	GeneMark.hmm3	CDS	47351	47434	.	-	1	gene_id "13_g"; transcript_id "13_t"; cds_type "Internal"; count "3_4";
8_dna	GeneMark.hmm3	intron	47435	47522	.	-	2	gene_id "13_g"; transcript_id "13_t";
8_dna	GeneMark.hmm3	CDS	47523	48126	.	-	2	gene_id "13_g"; transcript_id "13_t"; cds_type "Internal"; count "2_4";
8_dna	GeneMark.hmm3	intron	48127	48188	.	-	1	gene_id "13_g"; transcript_id "13_t";
8_dna	GeneMark.hmm3	CDS	48189	48423	.	-	0	gene_id "13_g"; transcript_id "13_t"; cds_type "Initial"; count "1_4";
8_dna	GeneMark.hmm3	start_codon	48421	48423	.	-	0	gene_id "13_g"; transcript_id "13_t";
8_dna	GeneMark.hmm3	gene	53435	54274	.	-	.	gene_id "15_g"; transcript_id "15_t";
8_dna	GeneMark.hmm3	mRNA	53435	54274	.	-	.	gene_id "15_g"; transcript_id "15_t";
8_dna	GeneMark.hmm3	stop_codon	53435	53437	.	-	0	gene_id "15_g"; transcript_id "15_t";
8_dna	GeneMark.hmm3	CDS	53435	54003	.	-	2	gene_id "15_g"; transcript_id "15_t"; cds_type "Terminal"; count "2_2";
8_dna	GeneMark.hmm3	intron	54004	54090	.	-	1	gene_id "15_g"; transcript_id "15_t";
8_dna	GeneMark.hmm3	CDS	54091	54274	.	-	0	gene_id "15_g"; transcript_id "15_t"; cds_type "Initial"; count "1_2";
8_dna	GeneMark.hmm3	start_codon	54272	54274	.	-	0	gene_id "15_g"; transcript_id "15_t";
8_dna	GeneMark.hmm3	gene	59288	59702	.	+	.	gene_id "16_g"; transcript_id "16_t";
8_dna	GeneMark.hmm3	mRNA	59288	59702	.	+	.	gene_id "16_g"; transcript_id "16_t";
8_dna	GeneMark.hmm3	start_codon	59288	59290	.	+	0	gene_id "16_g"; transcript_id "16_t";
8_dna	GeneMark.hmm3	CDS	59288	59452	.	+	0	gene_id "16_g"; transcript_id "16_t"; cds_type "Initial"; count "1_2";
8_dna	GeneMark.hmm3	intron	59453	59528	.	+	0	gene_id "16_g"; transcript_id "16_t";
8_dna	GeneMark.hmm3	CDS	59529	59702	.	+	0	gene_id "16_g"; transcript_id "16_t"; cds_type "Terminal"; count "2_2";
8_dna	GeneMark.hmm3	stop_codon	59700	59702	.	+	0	gene_id "16_g"; transcript_id "16_t";
8_dna	GeneMark.hmm3	gene	59885	60715	.	+	.	gene_id "17_g"; transcript_id "17_t";
8_dna	GeneMark.hmm3	mRNA	59885	60715	.	+	.	gene_id "17_g"; transcript_id "17_t";
8_dna	GeneMark.hmm3	start_codon	59885	59887	.	+	0	gene_id "17_g"; transcript_id "17_t";
8_dna	GeneMark.hmm3	CDS	59885	60715	.	+	0	gene_id "17_g"; transcript_id "17_t"; cds_type "Single"; count "1_1";
8_dna	GeneMark.hmm3	stop_codon	60713	60715	.	+	0	gene_id "17_g"; transcript_id "17_t";
8_dna	GeneMark.hmm3	gene	61806	63765	.	-	.	gene_id "18_g"; transcript_id "18_t";
8_dna	GeneMark.hmm3	mRNA	61806	63765	.	-	.	gene_id "18_g"; transcript_id "18_t";
8_dna	GeneMark.hmm3	stop_codon	61806	61808	.	-	0	gene_id "18_g"; transcript_id "18_t";
8_dna	GeneMark.hmm3	CDS	61806	62270	.	-	0	gene_id "18_g"; transcript_id "18_t"; cds_type "Terminal"; count "4_4";
8_dna	GeneMark.hmm3	intron	62271	62341	.	-	0	gene_id "18_g"; transcript_id "18_t";
8_dna	GeneMark.hmm3	CDS	62342	63484	.	-	0	gene_id "18_g"; transcript_id "18_t"; cds_type "Internal"; count "3_4";
8_dna	GeneMark.hmm3	intron	63485	63562	.	-	0	gene_id "18_g"; transcript_id "18_t";
8_dna	GeneMark.hmm3	CDS	63563	63632	.	-	1	gene_id "18_g"; transcript_id "18_t"; cds_type "Internal"; count "2_4";
8_dna	GeneMark.hmm3	intron	63633	63703	.	-	2	gene_id "18_g"; transcript_id "18_t";
8_dna	GeneMark.hmm3	CDS	63704	63765	.	-	0	gene_id "18_g"; transcript_id "18_t"; cds_type "Initial"; count "1_4";
8_dna	GeneMark.hmm3	start_codon	63763	63765	.	-	0	gene_id "18_g"; transcript_id "18_t";
8_dna	GeneMark.hmm3	gene	68001	68738	.	-	.	gene_id "19_g"; transcript_id "19_t";
8_dna	GeneMark.hmm3	mRNA	68001	68738	.	-	.	gene_id "19_g"; transcript_id "19_t";
8_dna	GeneMark.hmm3	stop_codon	68001	68003	.	-	0	gene_id "19_g"; transcript_id "19_t";
8_dna	GeneMark.hmm3	CDS	68001	68738	.	-	0	gene_id "19_g"; transcript_id "19_t"; cds_type "Single"; count "1_1";
8_dna	GeneMark.hmm3	start_codon	68736	68738	.	-	0	gene_id "19_g"; transcript_id "19_t";
8_dna	GeneMark.hmm3	gene	70784	72133	.	-	.	gene_id "20_g"; transcript_id "20_t";
8_dna	GeneMark.hmm3	mRNA	70784	72133	.	-	.	gene_id "20_g"; transcript_id "20_t";
8_dna	GeneMark.hmm3	stop_codon	70784	70786	.	-	0	gene_id "20_g"; transcript_id "20_t";
8_dna	GeneMark.hmm3	CDS	70784	70866	.	-	2	gene_id "20_g"; transcript_id "20_t"; cds_type "Terminal"; count "3_3";
8_dna	GeneMark.hmm3	intron	70867	70957	.	-	1	gene_id "20_g"; transcript_id "20_t";
8_dna	GeneMark.hmm3	CDS	70958	72016	.	-	2	gene_id "20_g"; transcript_id "20_t"; cds_type "Internal"; count "2_3";
8_dna	GeneMark.hmm3	intron	72017	72081	.	-	1	gene_id "20_g"; transcript_id "20_t";
8_dna	GeneMark.hmm3	CDS	72082	72133	.	-	0	gene_id "20_g"; transcript_id "20_t"; cds_type "Initial"; count "1_3";
8_dna	GeneMark.hmm3	start_codon	72131	72133	.	-	0	gene_id "20_g"; transcript_id "20_t";
8_dna	GeneMark.hmm3	gene	75694	79071	.	+	.	gene_id "21_g"; transcript_id "21_t";
8_dna	GeneMark.hmm3	mRNA	75694	79071	.	+	.	gene_id "21_g"; transcript_id "21_t";
8_dna	GeneMark.hmm3	start_codon	75694	75696	.	+	0	gene_id "21_g"; transcript_id "21_t";
8_dna	GeneMark.hmm3	CDS	75694	77159	.	+	0	gene_id "21_g"; transcript_id "21_t"; cds_type "Initial"; count "1_4";
8_dna	GeneMark.hmm3	intron	77160	77250	.	+	2	gene_id "21_g"; transcript_id "21_t";
8_dna	GeneMark.hmm3	CDS	77251	77450	.	+	1	gene_id "21_g"; transcript_id "21_t"; cds_type "Internal"; count "2_4";
8_dna	GeneMark.hmm3	intron	77451	77957	.	+	1	gene_id "21_g"; transcript_id "21_t";
8_dna	GeneMark.hmm3	CDS	77958	78199	.	+	2	gene_id "21_g"; transcript_id "21_t"; cds_type "Internal"; count "3_4";
8_dna	GeneMark.hmm3	intron	78200	78279	.	+	0	gene_id "21_g"; transcript_id "21_t";
8_dna	GeneMark.hmm3	CDS	78280	79071	.	+	0	gene_id "21_g"; transcript_id "21_t"; cds_type "Terminal"; count "4_4";
8_dna	GeneMark.hmm3	stop_codon	79069	79071	.	+	0	gene_id "21_g"; transcript_id "21_t";
8_dna	GeneMark.hmm3	gene	79914	82922	.	-	.	gene_id "22_g"; transcript_id "22_t";
8_dna	GeneMark.hmm3	mRNA	79914	82922	.	-	.	gene_id "22_g"; transcript_id "22_t";
8_dna	GeneMark.hmm3	stop_codon	79914	79916	.	-	0	gene_id "22_g"; transcript_id "22_t";
8_dna	GeneMark.hmm3	CDS	79914	80357	.	-	0	gene_id "22_g"; transcript_id "22_t"; cds_type "Terminal"; count "5_5";
8_dna	GeneMark.hmm3	intron	80358	80432	.	-	0	gene_id "22_g"; transcript_id "22_t";
8_dna	GeneMark.hmm3	CDS	80433	80739	.	-	1	gene_id "22_g"; transcript_id "22_t"; cds_type "Internal"; count "4_5";
8_dna	GeneMark.hmm3	intron	80740	80847	.	-	2	gene_id "22_g"; transcript_id "22_t";
8_dna	GeneMark.hmm3	CDS	80848	80978	.	-	0	gene_id "22_g"; transcript_id "22_t"; cds_type "Internal"; count "3_5";
8_dna	GeneMark.hmm3	intron	80979	81118	.	-	0	gene_id "22_g"; transcript_id "22_t";
8_dna	GeneMark.hmm3	CDS	81119	81382	.	-	0	gene_id "22_g"; transcript_id "22_t"; cds_type "Internal"; count "2_5";
8_dna	GeneMark.hmm3	intron	81383	82829	.	-	0	gene_id "22_g"; transcript_id "22_t";
8_dna	GeneMark.hmm3	CDS	82830	82922	.	-	0	gene_id "22_g"; transcript_id "22_t"; cds_type "Initial"; count "1_5";
8_dna	GeneMark.hmm3	start_codon	82920	82922	.	-	0	gene_id "22_g"; transcript_id "22_t";
8_dna	GeneMark.hmm3	gene	83227	83553	.	-	.	gene_id "23_g"; transcript_id "23_t";
8_dna	GeneMark.hmm3	mRNA	83227	83553	.	-	.	gene_id "23_g"; transcript_id "23_t";
8_dna	GeneMark.hmm3	stop_codon	83227	83229	.	-	0	gene_id "23_g"; transcript_id "23_t";
8_dna	GeneMark.hmm3	CDS	83227	83553	.	-	0	gene_id "23_g"; transcript_id "23_t"; cds_type "Single"; count "1_1";
8_dna	GeneMark.hmm3	start_codon	83551	83553	.	-	0	gene_id "23_g"; transcript_id "23_t";
8_dna	GeneMark.hmm3	gene	84082	85982	.	+	.	gene_id "24_g"; transcript_id "24_t";
8_dna	GeneMark.hmm3	mRNA	84082	85982	.	+	.	gene_id "24_g"; transcript_id "24_t";
8_dna	GeneMark.hmm3	start_codon	84082	84084	.	+	0	gene_id "24_g"; transcript_id "24_t";
8_dna	GeneMark.hmm3	CDS	84082	84130	.	+	0	gene_id "24_g"; transcript_id "24_t"; cds_type "Initial"; count "1_6";
8_dna	GeneMark.hmm3	intron	84131	84359	.	+	1	gene_id "24_g"; transcript_id "24_t";
8_dna	GeneMark.hmm3	CDS	84360	84427	.	+	2	gene_id "24_g"; transcript_id "24_t"; cds_type "Internal"; count "2_6";
8_dna	GeneMark.hmm3	intron	84428	85006	.	+	0	gene_id "24_g"; transcript_id "24_t";
8_dna	GeneMark.hmm3	CDS	85007	85117	.	+	0	gene_id "24_g"; transcript_id "24_t"; cds_type "Internal"; count "3_6";
8_dna	GeneMark.hmm3	intron	85118	85204	.	+	0	gene_id "24_g"; transcript_id "24_t";
8_dna	GeneMark.hmm3	CDS	85205	85291	.	+	0	gene_id "24_g"; transcript_id "24_t"; cds_type "Internal"; count "4_6";
8_dna	GeneMark.hmm3	intron	85292	85382	.	+	0	gene_id "24_g"; transcript_id "24_t";
8_dna	GeneMark.hmm3	CDS	85383	85591	.	+	0	gene_id "24_g"; transcript_id "24_t"; cds_type "Internal"; count "5_6";
8_dna	GeneMark.hmm3	intron	85592	85675	.	+	2	gene_id "24_g"; transcript_id "24_t";
8_dna	GeneMark.hmm3	CDS	85676	85982	.	+	1	gene_id "24_g"; transcript_id "24_t"; cds_type "Terminal"; count "6_6";
8_dna	GeneMark.hmm3	stop_codon	85980	85982	.	+	0	gene_id "24_g"; transcript_id "24_t";
8_dna	GeneMark.hmm3	gene	86829	87269	.	-	.	gene_id "25_g"; transcript_id "25_t";
8_dna	GeneMark.hmm3	mRNA	86829	87269	.	-	.	gene_id "25_g"; transcript_id "25_t";
8_dna	GeneMark.hmm3	stop_codon	86829	86831	.	-	0	gene_id "25_g"; transcript_id "25_t";
8_dna	GeneMark.hmm3	CDS	86829	87269	.	-	0	gene_id "25_g"; transcript_id "25_t"; cds_type "Single"; count "1_1";
8_dna	GeneMark.hmm3	start_codon	87267	87269	.	-	0	gene_id "25_g"; transcript_id "25_t";
8_dna	GeneMark.hmm3	gene	88216	90008	.	+	.	gene_id "26_g"; transcript_id "26_t";
8_dna	GeneMark.hmm3	mRNA	88216	90008	.	+	.	gene_id "26_g"; transcript_id "26_t";
8_dna	GeneMark.hmm3	start_codon	88216	88218	.	+	0	gene_id "26_g"; transcript_id "26_t";
8_dna	GeneMark.hmm3	CDS	88216	88429	.	+	0	gene_id "26_g"; transcript_id "26_t"; cds_type "Initial"; count "1_6";
8_dna	GeneMark.hmm3	intron	88430	88830	.	+	1	gene_id "26_g"; transcript_id "26_t";
8_dna	GeneMark.hmm3	CDS	88831	89099	.	+	2	gene_id "26_g"; transcript_id "26_t"; cds_type "Internal"; count "2_6";
8_dna	GeneMark.hmm3	intron	89100	89170	.	+	0	gene_id "26_g"; transcript_id "26_t";
8_dna	GeneMark.hmm3	CDS	89171	89255	.	+	0	gene_id "26_g"; transcript_id "26_t"; cds_type "Internal"; count "3_6";
8_dna	GeneMark.hmm3	intron	89256	89399	.	+	1	gene_id "26_g"; transcript_id "26_t";
8_dna	GeneMark.hmm3	CDS	89400	89437	.	+	2	gene_id "26_g"; transcript_id "26_t"; cds_type "Internal"; count "4_6";
8_dna	GeneMark.hmm3	intron	89438	89530	.	+	0	gene_id "26_g"; transcript_id "26_t";
8_dna	GeneMark.hmm3	CDS	89531	89687	.	+	0	gene_id "26_g"; transcript_id "26_t"; cds_type "Internal"; count "5_6";
8_dna	GeneMark.hmm3	intron	89688	89970	.	+	1	gene_id "26_g"; transcript_id "26_t";
8_dna	GeneMark.hmm3	CDS	89971	90008	.	+	2	gene_id "26_g"; transcript_id "26_t"; cds_type "Terminal"; count "6_6";
8_dna	GeneMark.hmm3	stop_codon	90006	90008	.	+	0	gene_id "26_g"; transcript_id "26_t";
8_dna	GeneMark.hmm3	gene	90119	92737	.	+	.	gene_id "27_g"; transcript_id "27_t";
8_dna	GeneMark.hmm3	mRNA	90119	92737	.	+	.	gene_id "27_g"; transcript_id "27_t";
8_dna	GeneMark.hmm3	start_codon	90119	90121	.	+	0	gene_id "27_g"; transcript_id "27_t";
8_dna	GeneMark.hmm3	CDS	90119	90246	.	+	0	gene_id "27_g"; transcript_id "27_t"; cds_type "Initial"; count "1_11";
8_dna	GeneMark.hmm3	intron	90247	90325	.	+	2	gene_id "27_g"; transcript_id "27_t";
8_dna	GeneMark.hmm3	CDS	90326	90388	.	+	1	gene_id "27_g"; transcript_id "27_t"; cds_type "Internal"; count "2_11";
8_dna	GeneMark.hmm3	intron	90389	90470	.	+	2	gene_id "27_g"; transcript_id "27_t";
8_dna	GeneMark.hmm3	CDS	90471	90574	.	+	1	gene_id "27_g"; transcript_id "27_t"; cds_type "Internal"; count "3_11";
8_dna	GeneMark.hmm3	intron	90575	90657	.	+	1	gene_id "27_g"; transcript_id "27_t";
8_dna	GeneMark.hmm3	CDS	90658	90749	.	+	2	gene_id "27_g"; transcript_id "27_t"; cds_type "Internal"; count "4_11";
8_dna	GeneMark.hmm3	intron	90750	90821	.	+	0	gene_id "27_g"; transcript_id "27_t";
8_dna	GeneMark.hmm3	CDS	90822	90911	.	+	0	gene_id "27_g"; transcript_id "27_t"; cds_type "Internal"; count "5_11";
8_dna	GeneMark.hmm3	intron	90912	90993	.	+	0	gene_id "27_g"; transcript_id "27_t";
8_dna	GeneMark.hmm3	CDS	90994	91069	.	+	0	gene_id "27_g"; transcript_id "27_t"; cds_type "Internal"; count "6_11";
8_dna	GeneMark.hmm3	intron	91070	91164	.	+	1	gene_id "27_g"; transcript_id "27_t";
8_dna	GeneMark.hmm3	CDS	91165	91523	.	+	2	gene_id "27_g"; transcript_id "27_t"; cds_type "Internal"; count "7_11";
8_dna	GeneMark.hmm3	intron	91524	91599	.	+	0	gene_id "27_g"; transcript_id "27_t";
8_dna	GeneMark.hmm3	CDS	91600	91856	.	+	0	gene_id "27_g"; transcript_id "27_t"; cds_type "Internal"; count "8_11";
8_dna	GeneMark.hmm3	intron	91857	91948	.	+	2	gene_id "27_g"; transcript_id "27_t";
8_dna	GeneMark.hmm3	CDS	91949	92237	.	+	1	gene_id "27_g"; transcript_id "27_t"; cds_type "Internal"; count "9_11";
8_dna	GeneMark.hmm3	intron	92238	92312	.	+	0	gene_id "27_g"; transcript_id "27_t";
8_dna	GeneMark.hmm3	CDS	92313	92423	.	+	0	gene_id "27_g"; transcript_id "27_t"; cds_type "Internal"; count "10_11";
8_dna	GeneMark.hmm3	intron	92424	92518	.	+	0	gene_id "27_g"; transcript_id "27_t";
8_dna	GeneMark.hmm3	CDS	92519	92737	.	+	0	gene_id "27_g"; transcript_id "27_t"; cds_type "Terminal"; count "11_11";
8_dna	GeneMark.hmm3	stop_codon	92735	92737	.	+	0	gene_id "27_g"; transcript_id "27_t";
8_dna	GeneMark.hmm3	gene	93112	97971	.	-	.	gene_id "28_g"; transcript_id "28_t";
8_dna	GeneMark.hmm3	mRNA	93112	97971	.	-	.	gene_id "28_g"; transcript_id "28_t";
8_dna	GeneMark.hmm3	stop_codon	93112	93114	.	-	0	gene_id "28_g"; transcript_id "28_t";
8_dna	GeneMark.hmm3	CDS	93112	93942	.	-	0	gene_id "28_g"; transcript_id "28_t"; cds_type "Terminal"; count "11_11";
8_dna	GeneMark.hmm3	intron	93943	94031	.	-	0	gene_id "28_g"; transcript_id "28_t";
8_dna	GeneMark.hmm3	CDS	94032	94641	.	-	1	gene_id "28_g"; transcript_id "28_t"; cds_type "Internal"; count "10_11";
8_dna	GeneMark.hmm3	intron	94642	95818	.	-	2	gene_id "28_g"; transcript_id "28_t";
8_dna	GeneMark.hmm3	CDS	95819	96150	.	-	0	gene_id "28_g"; transcript_id "28_t"; cds_type "Internal"; count "9_11";
8_dna	GeneMark.hmm3	intron	96151	96243	.	-	0	gene_id "28_g"; transcript_id "28_t";
8_dna	GeneMark.hmm3	CDS	96244	96420	.	-	0	gene_id "28_g"; transcript_id "28_t"; cds_type "Internal"; count "8_11";
8_dna	GeneMark.hmm3	intron	96421	96509	.	-	0	gene_id "28_g"; transcript_id "28_t";
8_dna	GeneMark.hmm3	CDS	96510	96660	.	-	1	gene_id "28_g"; transcript_id "28_t"; cds_type "Internal"; count "7_11";
8_dna	GeneMark.hmm3	intron	96661	96738	.	-	2	gene_id "28_g"; transcript_id "28_t";
8_dna	GeneMark.hmm3	CDS	96739	96810	.	-	1	gene_id "28_g"; transcript_id "28_t"; cds_type "Internal"; count "6_11";
8_dna	GeneMark.hmm3	intron	96811	96904	.	-	2	gene_id "28_g"; transcript_id "28_t";
8_dna	GeneMark.hmm3	CDS	96905	96941	.	-	2	gene_id "28_g"; transcript_id "28_t"; cds_type "Internal"; count "5_11";
8_dna	GeneMark.hmm3	intron	96942	97032	.	-	1	gene_id "28_g"; transcript_id "28_t";
8_dna	GeneMark.hmm3	CDS	97033	97091	.	-	1	gene_id "28_g"; transcript_id "28_t"; cds_type "Internal"; count "4_11";
8_dna	GeneMark.hmm3	intron	97092	97170	.	-	2	gene_id "28_g"; transcript_id "28_t";
8_dna	GeneMark.hmm3	CDS	97171	97446	.	-	1	gene_id "28_g"; transcript_id "28_t"; cds_type "Internal"; count "3_11";
8_dna	GeneMark.hmm3	intron	97447	97523	.	-	2	gene_id "28_g"; transcript_id "28_t";
8_dna	GeneMark.hmm3	CDS	97524	97711	.	-	0	gene_id "28_g"; transcript_id "28_t"; cds_type "Internal"; count "2_11";
8_dna	GeneMark.hmm3	intron	97712	97809	.	-	0	gene_id "28_g"; transcript_id "28_t";
8_dna	GeneMark.hmm3	CDS	97810	97971	.	-	0	gene_id "28_g"; transcript_id "28_t"; cds_type "Initial"; count "1_11";
8_dna	GeneMark.hmm3	start_codon	97969	97971	.	-	0	gene_id "28_g"; transcript_id "28_t";
8_dna	GeneMark.hmm3	gene	99902	100772	.	+	.	gene_id "29_g"; transcript_id "29_t";
8_dna	GeneMark.hmm3	mRNA	99902	100772	.	+	.	gene_id "29_g"; transcript_id "29_t";
8_dna	GeneMark.hmm3	start_codon	99902	99904	.	+	0	gene_id "29_g"; transcript_id "29_t";
8_dna	GeneMark.hmm3	CDS	99902	99997	.	+	0	gene_id "29_g"; transcript_id "29_t"; cds_type "Initial"; count "1_5";
8_dna	GeneMark.hmm3	intron	99998	100084	.	+	0	gene_id "29_g"; transcript_id "29_t";
8_dna	GeneMark.hmm3	CDS	100085	100117	.	+	0	gene_id "29_g"; transcript_id "29_t"; cds_type "Internal"; count "2_5";
8_dna	GeneMark.hmm3	intron	100118	100197	.	+	0	gene_id "29_g"; transcript_id "29_t";
8_dna	GeneMark.hmm3	CDS	100198	100319	.	+	0	gene_id "29_g"; transcript_id "29_t"; cds_type "Internal"; count "3_5";
8_dna	GeneMark.hmm3	intron	100320	100405	.	+	2	gene_id "29_g"; transcript_id "29_t";
8_dna	GeneMark.hmm3	CDS	100406	100567	.	+	1	gene_id "29_g"; transcript_id "29_t"; cds_type "Internal"; count "4_5";
8_dna	GeneMark.hmm3	intron	100568	100654	.	+	2	gene_id "29_g"; transcript_id "29_t";
8_dna	GeneMark.hmm3	CDS	100655	100772	.	+	1	gene_id "29_g"; transcript_id "29_t"; cds_type "Terminal"; count "5_5";
8_dna	GeneMark.hmm3	stop_codon	100770	100772	.	+	0	gene_id "29_g"; transcript_id "29_t";
8_dna	GeneMark.hmm3	gene	101211	104339	.	+	.	gene_id "30_g"; transcript_id "30_t";
8_dna	GeneMark.hmm3	mRNA	101211	104339	.	+	.	gene_id "30_g"; transcript_id "30_t";
8_dna	GeneMark.hmm3	start_codon	101211	101213	.	+	0	gene_id "30_g"; transcript_id "30_t";
8_dna	GeneMark.hmm3	CDS	101211	101782	.	+	0	gene_id "30_g"; transcript_id "30_t"; cds_type "Initial"; count "1_9";
8_dna	GeneMark.hmm3	intron	101783	101875	.	+	2	gene_id "30_g"; transcript_id "30_t";
8_dna	GeneMark.hmm3	CDS	101876	102055	.	+	1	gene_id "30_g"; transcript_id "30_t"; cds_type "Internal"; count "2_9";
8_dna	GeneMark.hmm3	intron	102056	102147	.	+	2	gene_id "30_g"; transcript_id "30_t";
8_dna	GeneMark.hmm3	CDS	102148	102229	.	+	1	gene_id "30_g"; transcript_id "30_t"; cds_type "Internal"; count "3_9";
8_dna	GeneMark.hmm3	intron	102230	102338	.	+	0	gene_id "30_g"; transcript_id "30_t";
8_dna	GeneMark.hmm3	CDS	102339	102530	.	+	0	gene_id "30_g"; transcript_id "30_t"; cds_type "Internal"; count "4_9";
8_dna	GeneMark.hmm3	intron	102531	102641	.	+	0	gene_id "30_g"; transcript_id "30_t";
8_dna	GeneMark.hmm3	CDS	102642	102755	.	+	0	gene_id "30_g"; transcript_id "30_t"; cds_type "Internal"; count "5_9";
8_dna	GeneMark.hmm3	intron	102756	102852	.	+	0	gene_id "30_g"; transcript_id "30_t";
8_dna	GeneMark.hmm3	CDS	102853	102946	.	+	0	gene_id "30_g"; transcript_id "30_t"; cds_type "Internal"; count "6_9";
8_dna	GeneMark.hmm3	intron	102947	103036	.	+	1	gene_id "30_g"; transcript_id "30_t";
8_dna	GeneMark.hmm3	CDS	103037	103194	.	+	2	gene_id "30_g"; transcript_id "30_t"; cds_type "Internal"; count "7_9";
8_dna	GeneMark.hmm3	intron	103195	103274	.	+	0	gene_id "30_g"; transcript_id "30_t";
8_dna	GeneMark.hmm3	CDS	103275	103682	.	+	0	gene_id "30_g"; transcript_id "30_t"; cds_type "Internal"; count "8_9";
8_dna	GeneMark.hmm3	intron	103683	103754	.	+	0	gene_id "30_g"; transcript_id "30_t";
8_dna	GeneMark.hmm3	CDS	103755	104339	.	+	0	gene_id "30_g"; transcript_id "30_t"; cds_type "Terminal"; count "9_9";
8_dna	GeneMark.hmm3	stop_codon	104337	104339	.	+	0	gene_id "30_g"; transcript_id "30_t";
8_dna	GeneMark.hmm3	gene	104702	105932	.	-	.	gene_id "31_g"; transcript_id "31_t";
8_dna	GeneMark.hmm3	mRNA	104702	105932	.	-	.	gene_id "31_g"; transcript_id "31_t";
8_dna	GeneMark.hmm3	stop_codon	104702	104704	.	-	0	gene_id "31_g"; transcript_id "31_t";
8_dna	GeneMark.hmm3	CDS	104702	105061	.	-	0	gene_id "31_g"; transcript_id "31_t"; cds_type "Terminal"; count "5_5";
8_dna	GeneMark.hmm3	intron	105062	105158	.	-	0	gene_id "31_g"; transcript_id "31_t";
8_dna	GeneMark.hmm3	CDS	105159	105242	.	-	0	gene_id "31_g"; transcript_id "31_t"; cds_type "Internal"; count "4_5";
8_dna	GeneMark.hmm3	intron	105243	105315	.	-	0	gene_id "31_g"; transcript_id "31_t";
8_dna	GeneMark.hmm3	CDS	105316	105400	.	-	1	gene_id "31_g"; transcript_id "31_t"; cds_type "Internal"; count "3_5";
8_dna	GeneMark.hmm3	intron	105401	105484	.	-	2	gene_id "31_g"; transcript_id "31_t";
8_dna	GeneMark.hmm3	CDS	105485	105705	.	-	0	gene_id "31_g"; transcript_id "31_t"; cds_type "Internal"; count "2_5";
8_dna	GeneMark.hmm3	intron	105706	105782	.	-	0	gene_id "31_g"; transcript_id "31_t";
8_dna	GeneMark.hmm3	CDS	105783	105932	.	-	0	gene_id "31_g"; transcript_id "31_t"; cds_type "Initial"; count "1_5";
8_dna	GeneMark.hmm3	start_codon	105930	105932	.	-	0	gene_id "31_g"; transcript_id "31_t";
8_dna	GeneMark.hmm3	gene	106932	108215	.	+	.	gene_id "32_g"; transcript_id "32_t";
8_dna	GeneMark.hmm3	mRNA	106932	108215	.	+	.	gene_id "32_g"; transcript_id "32_t";
8_dna	GeneMark.hmm3	start_codon	106932	106934	.	+	0	gene_id "32_g"; transcript_id "32_t";
8_dna	GeneMark.hmm3	CDS	106932	107090	.	+	0	gene_id "32_g"; transcript_id "32_t"; cds_type "Initial"; count "1_5";
8_dna	GeneMark.hmm3	intron	107091	107237	.	+	0	gene_id "32_g"; transcript_id "32_t";
8_dna	GeneMark.hmm3	CDS	107238	107326	.	+	0	gene_id "32_g"; transcript_id "32_t"; cds_type "Internal"; count "2_5";
8_dna	GeneMark.hmm3	intron	107327	107510	.	+	2	gene_id "32_g"; transcript_id "32_t";
8_dna	GeneMark.hmm3	CDS	107511	107640	.	+	1	gene_id "32_g"; transcript_id "32_t"; cds_type "Internal"; count "3_5";
8_dna	GeneMark.hmm3	intron	107641	107788	.	+	0	gene_id "32_g"; transcript_id "32_t";
8_dna	GeneMark.hmm3	CDS	107789	107851	.	+	0	gene_id "32_g"; transcript_id "32_t"; cds_type "Internal"; count "4_5";
8_dna	GeneMark.hmm3	intron	107852	108158	.	+	0	gene_id "32_g"; transcript_id "32_t";
8_dna	GeneMark.hmm3	CDS	108159	108215	.	+	0	gene_id "32_g"; transcript_id "32_t"; cds_type "Terminal"; count "5_5";
8_dna	GeneMark.hmm3	stop_codon	108213	108215	.	+	0	gene_id "32_g"; transcript_id "32_t";
8_dna	GeneMark.hmm3	gene	110083	112261	.	-	.	gene_id "34_g"; transcript_id "34_t";
8_dna	GeneMark.hmm3	mRNA	110083	112261	.	-	.	gene_id "34_g"; transcript_id "34_t";
8_dna	GeneMark.hmm3	stop_codon	110083	110085	.	-	0	gene_id "34_g"; transcript_id "34_t";
8_dna	GeneMark.hmm3	CDS	110083	110348	.	-	2	gene_id "34_g"; transcript_id "34_t"; cds_type "Terminal"; count "9_9";
8_dna	GeneMark.hmm3	intron	110349	110429	.	-	1	gene_id "34_g"; transcript_id "34_t";
8_dna	GeneMark.hmm3	CDS	110430	110578	.	-	1	gene_id "34_g"; transcript_id "34_t"; cds_type "Internal"; count "8_9";
8_dna	GeneMark.hmm3	intron	110579	110699	.	-	2	gene_id "34_g"; transcript_id "34_t";
8_dna	GeneMark.hmm3	CDS	110700	110806	.	-	0	gene_id "34_g"; transcript_id "34_t"; cds_type "Internal"; count "7_9";
8_dna	GeneMark.hmm3	intron	110807	110883	.	-	0	gene_id "34_g"; transcript_id "34_t";
8_dna	GeneMark.hmm3	CDS	110884	111045	.	-	0	gene_id "34_g"; transcript_id "34_t"; cds_type "Internal"; count "6_9";
8_dna	GeneMark.hmm3	intron	111046	111172	.	-	0	gene_id "34_g"; transcript_id "34_t";
8_dna	GeneMark.hmm3	CDS	111173	111265	.	-	0	gene_id "34_g"; transcript_id "34_t"; cds_type "Internal"; count "5_9";
8_dna	GeneMark.hmm3	intron	111266	111361	.	-	0	gene_id "34_g"; transcript_id "34_t";
8_dna	GeneMark.hmm3	CDS	111362	111421	.	-	0	gene_id "34_g"; transcript_id "34_t"; cds_type "Internal"; count "4_9";
8_dna	GeneMark.hmm3	intron	111422	111506	.	-	0	gene_id "34_g"; transcript_id "34_t";
8_dna	GeneMark.hmm3	CDS	111507	111652	.	-	2	gene_id "34_g"; transcript_id "34_t"; cds_type "Internal"; count "3_9";
8_dna	GeneMark.hmm3	intron	111653	111721	.	-	1	gene_id "34_g"; transcript_id "34_t";
8_dna	GeneMark.hmm3	CDS	111722	111879	.	-	1	gene_id "34_g"; transcript_id "34_t"; cds_type "Internal"; count "2_9";
8_dna	GeneMark.hmm3	intron	111880	111980	.	-	2	gene_id "34_g"; transcript_id "34_t";
8_dna	GeneMark.hmm3	CDS	111981	112261	.	-	0	gene_id "34_g"; transcript_id "34_t"; cds_type "Initial"; count "1_9";
8_dna	GeneMark.hmm3	start_codon	112259	112261	.	-	0	gene_id "34_g"; transcript_id "34_t";
8_dna	GeneMark.hmm3	gene	113750	114579	.	-	.	gene_id "35_g"; transcript_id "35_t";
8_dna	GeneMark.hmm3	mRNA	113750	114579	.	-	.	gene_id "35_g"; transcript_id "35_t";
8_dna	GeneMark.hmm3	stop_codon	113750	113752	.	-	0	gene_id "35_g"; transcript_id "35_t";
8_dna	GeneMark.hmm3	CDS	113750	113863	.	-	0	gene_id "35_g"; transcript_id "35_t"; cds_type "Terminal"; count "3_3";
8_dna	GeneMark.hmm3	intron	113864	114056	.	-	0	gene_id "35_g"; transcript_id "35_t";
8_dna	GeneMark.hmm3	CDS	114057	114238	.	-	2	gene_id "35_g"; transcript_id "35_t"; cds_type "Internal"; count "2_3";
8_dna	GeneMark.hmm3	intron	114239	114326	.	-	1	gene_id "35_g"; transcript_id "35_t";
8_dna	GeneMark.hmm3	CDS	114327	114579	.	-	0	gene_id "35_g"; transcript_id "35_t"; cds_type "Initial"; count "1_3";
8_dna	GeneMark.hmm3	start_codon	114577	114579	.	-	0	gene_id "35_g"; transcript_id "35_t";
8_dna	GeneMark.hmm3	gene	116394	118165	.	-	.	gene_id "36_g"; transcript_id "36_t";
8_dna	GeneMark.hmm3	mRNA	116394	118165	.	-	.	gene_id "36_g"; transcript_id "36_t";
8_dna	GeneMark.hmm3	stop_codon	116394	116396	.	-	0	gene_id "36_g"; transcript_id "36_t";
8_dna	GeneMark.hmm3	CDS	116394	117054	.	-	1	gene_id "36_g"; transcript_id "36_t"; cds_type "Terminal"; count "2_2";
8_dna	GeneMark.hmm3	intron	117055	117416	.	-	2	gene_id "36_g"; transcript_id "36_t";
8_dna	GeneMark.hmm3	CDS	117417	118165	.	-	0	gene_id "36_g"; transcript_id "36_t"; cds_type "Initial"; count "1_2";
8_dna	GeneMark.hmm3	start_codon	118163	118165	.	-	0	gene_id "36_g"; transcript_id "36_t";
8_dna	GeneMark.hmm3	gene	118405	119407	.	-	.	gene_id "37_g"; transcript_id "37_t";
8_dna	GeneMark.hmm3	mRNA	118405	119407	.	-	.	gene_id "37_g"; transcript_id "37_t";
8_dna	GeneMark.hmm3	stop_codon	118405	118407	.	-	0	gene_id "37_g"; transcript_id "37_t";
8_dna	GeneMark.hmm3	CDS	118405	118529	.	-	2	gene_id "37_g"; transcript_id "37_t"; cds_type "Terminal"; count "4_4";
8_dna	GeneMark.hmm3	intron	118530	118773	.	-	1	gene_id "37_g"; transcript_id "37_t";
8_dna	GeneMark.hmm3	CDS	118774	119100	.	-	2	gene_id "37_g"; transcript_id "37_t"; cds_type "Internal"; count "3_4";
8_dna	GeneMark.hmm3	intron	119101	119170	.	-	1	gene_id "37_g"; transcript_id "37_t";
8_dna	GeneMark.hmm3	CDS	119171	119219	.	-	0	gene_id "37_g"; transcript_id "37_t"; cds_type "Internal"; count "2_4";
8_dna	GeneMark.hmm3	intron	119220	119302	.	-	0	gene_id "37_g"; transcript_id "37_t";
8_dna	GeneMark.hmm3	CDS	119303	119407	.	-	0	gene_id "37_g"; transcript_id "37_t"; cds_type "Initial"; count "1_4";
8_dna	GeneMark.hmm3	start_codon	119405	119407	.	-	0	gene_id "37_g"; transcript_id "37_t";
8_dna	GeneMark.hmm3	gene	121035	123098	.	-	.	gene_id "38_g"; transcript_id "38_t";
8_dna	GeneMark.hmm3	mRNA	121035	123098	.	-	.	gene_id "38_g"; transcript_id "38_t";
8_dna	GeneMark.hmm3	stop_codon	121035	121037	.	-	0	gene_id "38_g"; transcript_id "38_t";
8_dna	GeneMark.hmm3	CDS	121035	121077	.	-	1	gene_id "38_g"; transcript_id "38_t"; cds_type "Terminal"; count "7_7";
8_dna	GeneMark.hmm3	intron	121078	121274	.	-	2	gene_id "38_g"; transcript_id "38_t";
8_dna	GeneMark.hmm3	CDS	121275	121333	.	-	0	gene_id "38_g"; transcript_id "38_t"; cds_type "Internal"; count "6_7";
8_dna	GeneMark.hmm3	intron	121334	121731	.	-	0	gene_id "38_g"; transcript_id "38_t";
8_dna	GeneMark.hmm3	CDS	121732	121811	.	-	2	gene_id "38_g"; transcript_id "38_t"; cds_type "Internal"; count "5_7";
8_dna	GeneMark.hmm3	intron	121812	122037	.	-	1	gene_id "38_g"; transcript_id "38_t";
8_dna	GeneMark.hmm3	CDS	122038	122311	.	-	0	gene_id "38_g"; transcript_id "38_t"; cds_type "Internal"; count "4_7";
8_dna	GeneMark.hmm3	intron	122312	122345	.	-	0	gene_id "38_g"; transcript_id "38_t";
8_dna	GeneMark.hmm3	CDS	122346	122549	.	-	0	gene_id "38_g"; transcript_id "38_t"; cds_type "Internal"; count "3_7";
8_dna	GeneMark.hmm3	intron	122550	122659	.	-	0	gene_id "38_g"; transcript_id "38_t";
8_dna	GeneMark.hmm3	CDS	122660	122755	.	-	0	gene_id "38_g"; transcript_id "38_t"; cds_type "Internal"; count "2_7";
8_dna	GeneMark.hmm3	intron	122756	122957	.	-	0	gene_id "38_g"; transcript_id "38_t";
8_dna	GeneMark.hmm3	CDS	122958	123098	.	-	0	gene_id "38_g"; transcript_id "38_t"; cds_type "Initial"; count "1_7";
8_dna	GeneMark.hmm3	start_codon	123096	123098	.	-	0	gene_id "38_g"; transcript_id "38_t";
