# Eukaryotic GeneMark.hmm version 3.68
# Sequence name: /home/genomika25/studenci/dmyboi/sequence_adnotation_home_work_cw3/BRAKER/example/braker/GeneMark-ET/output/data/dna.fa_4
# FASTA defline: >dna.fa_4	4_dna	1	125100
# Sequence length: 125100 bp
# G+C content: 40.01%
# Matrices file: /home/genomika25/studenci/dmyboi/sequence_adnotation_home_work_cw3/BRAKER/example/braker/GeneMark-ET/output/gmhmm.mod
# Mon Nov  3 22:17:30 2025
# FASTA definition line: >dna.fa_4	4_dna	1	125100
# sequence-region 4_dna 1 125100
4_dna	GeneMark.hmm3	gene	4963	6980	.	+	.	gene_id "2_g"; transcript_id "2_t";
4_dna	GeneMark.hmm3	mRNA	4963	6980	.	+	.	gene_id "2_g"; transcript_id "2_t";
4_dna	GeneMark.hmm3	start_codon	4963	4965	.	+	0	gene_id "2_g"; transcript_id "2_t";
4_dna	GeneMark.hmm3	CDS	4963	5033	.	+	0	gene_id "2_g"; transcript_id "2_t"; cds_type "Initial"; count "1_6";
4_dna	GeneMark.hmm3	intron	5034	5130	.	+	2	gene_id "2_g"; transcript_id "2_t";
4_dna	GeneMark.hmm3	CDS	5131	5176	.	+	1	gene_id "2_g"; transcript_id "2_t"; cds_type "Internal"; count "2_6";
4_dna	GeneMark.hmm3	intron	5177	5269	.	+	0	gene_id "2_g"; transcript_id "2_t";
4_dna	GeneMark.hmm3	CDS	5270	5384	.	+	0	gene_id "2_g"; transcript_id "2_t"; cds_type "Internal"; count "3_6";
4_dna	GeneMark.hmm3	intron	5385	5466	.	+	1	gene_id "2_g"; transcript_id "2_t";
4_dna	GeneMark.hmm3	CDS	5467	5534	.	+	2	gene_id "2_g"; transcript_id "2_t"; cds_type "Internal"; count "4_6";
4_dna	GeneMark.hmm3	intron	5535	5771	.	+	0	gene_id "2_g"; transcript_id "2_t";
4_dna	GeneMark.hmm3	CDS	5772	6244	.	+	0	gene_id "2_g"; transcript_id "2_t"; cds_type "Internal"; count "5_6";
4_dna	GeneMark.hmm3	intron	6245	6322	.	+	2	gene_id "2_g"; transcript_id "2_t";
4_dna	GeneMark.hmm3	CDS	6323	6980	.	+	1	gene_id "2_g"; transcript_id "2_t"; cds_type "Terminal"; count "6_6";
4_dna	GeneMark.hmm3	stop_codon	6978	6980	.	+	0	gene_id "2_g"; transcript_id "2_t";
4_dna	GeneMark.hmm3	gene	7587	10503	.	+	.	gene_id "3_g"; transcript_id "3_t";
4_dna	GeneMark.hmm3	mRNA	7587	10503	.	+	.	gene_id "3_g"; transcript_id "3_t";
4_dna	GeneMark.hmm3	start_codon	7587	7589	.	+	0	gene_id "3_g"; transcript_id "3_t";
4_dna	GeneMark.hmm3	CDS	7587	8123	.	+	0	gene_id "3_g"; transcript_id "3_t"; cds_type "Initial"; count "1_12";
4_dna	GeneMark.hmm3	intron	8124	8217	.	+	0	gene_id "3_g"; transcript_id "3_t";
4_dna	GeneMark.hmm3	CDS	8218	8403	.	+	0	gene_id "3_g"; transcript_id "3_t"; cds_type "Internal"; count "2_12";
4_dna	GeneMark.hmm3	intron	8404	8484	.	+	0	gene_id "3_g"; transcript_id "3_t";
4_dna	GeneMark.hmm3	CDS	8485	8670	.	+	0	gene_id "3_g"; transcript_id "3_t"; cds_type "Internal"; count "3_12";
4_dna	GeneMark.hmm3	intron	8671	8749	.	+	0	gene_id "3_g"; transcript_id "3_t";
4_dna	GeneMark.hmm3	CDS	8750	8833	.	+	0	gene_id "3_g"; transcript_id "3_t"; cds_type "Internal"; count "4_12";
4_dna	GeneMark.hmm3	intron	8834	8951	.	+	0	gene_id "3_g"; transcript_id "3_t";
4_dna	GeneMark.hmm3	CDS	8952	8993	.	+	0	gene_id "3_g"; transcript_id "3_t"; cds_type "Internal"; count "5_12";
4_dna	GeneMark.hmm3	intron	8994	9079	.	+	0	gene_id "3_g"; transcript_id "3_t";
4_dna	GeneMark.hmm3	CDS	9080	9148	.	+	0	gene_id "3_g"; transcript_id "3_t"; cds_type "Internal"; count "6_12";
4_dna	GeneMark.hmm3	intron	9149	9242	.	+	0	gene_id "3_g"; transcript_id "3_t";
4_dna	GeneMark.hmm3	CDS	9243	9545	.	+	0	gene_id "3_g"; transcript_id "3_t"; cds_type "Internal"; count "7_12";
4_dna	GeneMark.hmm3	intron	9546	9624	.	+	0	gene_id "3_g"; transcript_id "3_t";
4_dna	GeneMark.hmm3	CDS	9625	9663	.	+	0	gene_id "3_g"; transcript_id "3_t"; cds_type "Internal"; count "8_12";
4_dna	GeneMark.hmm3	intron	9664	9757	.	+	0	gene_id "3_g"; transcript_id "3_t";
4_dna	GeneMark.hmm3	CDS	9758	9862	.	+	0	gene_id "3_g"; transcript_id "3_t"; cds_type "Internal"; count "9_12";
4_dna	GeneMark.hmm3	intron	9863	9954	.	+	0	gene_id "3_g"; transcript_id "3_t";
4_dna	GeneMark.hmm3	CDS	9955	10023	.	+	0	gene_id "3_g"; transcript_id "3_t"; cds_type "Internal"; count "10_12";
4_dna	GeneMark.hmm3	intron	10024	10106	.	+	0	gene_id "3_g"; transcript_id "3_t";
4_dna	GeneMark.hmm3	CDS	10107	10232	.	+	0	gene_id "3_g"; transcript_id "3_t"; cds_type "Internal"; count "11_12";
4_dna	GeneMark.hmm3	intron	10233	10347	.	+	0	gene_id "3_g"; transcript_id "3_t";
4_dna	GeneMark.hmm3	CDS	10348	10503	.	+	0	gene_id "3_g"; transcript_id "3_t"; cds_type "Terminal"; count "12_12";
4_dna	GeneMark.hmm3	stop_codon	10501	10503	.	+	0	gene_id "3_g"; transcript_id "3_t";
4_dna	GeneMark.hmm3	gene	10851	12600	.	-	.	gene_id "4_g"; transcript_id "4_t";
4_dna	GeneMark.hmm3	mRNA	10851	12600	.	-	.	gene_id "4_g"; transcript_id "4_t";
4_dna	GeneMark.hmm3	stop_codon	10851	10853	.	-	0	gene_id "4_g"; transcript_id "4_t";
4_dna	GeneMark.hmm3	CDS	10851	11432	.	-	0	gene_id "4_g"; transcript_id "4_t"; cds_type "Terminal"; count "4_4";
4_dna	GeneMark.hmm3	intron	11433	11500	.	-	0	gene_id "4_g"; transcript_id "4_t";
4_dna	GeneMark.hmm3	CDS	11501	11515	.	-	0	gene_id "4_g"; transcript_id "4_t"; cds_type "Internal"; count "3_4";
4_dna	GeneMark.hmm3	intron	11516	11726	.	-	0	gene_id "4_g"; transcript_id "4_t";
4_dna	GeneMark.hmm3	CDS	11727	11914	.	-	2	gene_id "4_g"; transcript_id "4_t"; cds_type "Internal"; count "2_4";
4_dna	GeneMark.hmm3	intron	11915	12071	.	-	1	gene_id "4_g"; transcript_id "4_t";
4_dna	GeneMark.hmm3	CDS	12072	12600	.	-	0	gene_id "4_g"; transcript_id "4_t"; cds_type "Initial"; count "1_4";
4_dna	GeneMark.hmm3	start_codon	12598	12600	.	-	0	gene_id "4_g"; transcript_id "4_t";
4_dna	GeneMark.hmm3	gene	13582	14910	.	-	.	gene_id "5_g"; transcript_id "5_t";
4_dna	GeneMark.hmm3	mRNA	13582	14910	.	-	.	gene_id "5_g"; transcript_id "5_t";
4_dna	GeneMark.hmm3	stop_codon	13582	13584	.	-	0	gene_id "5_g"; transcript_id "5_t";
4_dna	GeneMark.hmm3	CDS	13582	14910	.	-	0	gene_id "5_g"; transcript_id "5_t"; cds_type "Single"; count "1_1";
4_dna	GeneMark.hmm3	start_codon	14908	14910	.	-	0	gene_id "5_g"; transcript_id "5_t";
4_dna	GeneMark.hmm3	gene	18381	18833	.	+	.	gene_id "6_g"; transcript_id "6_t";
4_dna	GeneMark.hmm3	mRNA	18381	18833	.	+	.	gene_id "6_g"; transcript_id "6_t";
4_dna	GeneMark.hmm3	start_codon	18381	18383	.	+	0	gene_id "6_g"; transcript_id "6_t";
4_dna	GeneMark.hmm3	CDS	18381	18833	.	+	0	gene_id "6_g"; transcript_id "6_t"; cds_type "Single"; count "1_1";
4_dna	GeneMark.hmm3	stop_codon	18831	18833	.	+	0	gene_id "6_g"; transcript_id "6_t";
4_dna	GeneMark.hmm3	gene	19628	25653	.	-	.	gene_id "7_g"; transcript_id "7_t";
4_dna	GeneMark.hmm3	mRNA	19628	25653	.	-	.	gene_id "7_g"; transcript_id "7_t";
4_dna	GeneMark.hmm3	stop_codon	19628	19630	.	-	0	gene_id "7_g"; transcript_id "7_t";
4_dna	GeneMark.hmm3	CDS	19628	19808	.	-	1	gene_id "7_g"; transcript_id "7_t"; cds_type "Terminal"; count "20_20";
4_dna	GeneMark.hmm3	intron	19809	19905	.	-	2	gene_id "7_g"; transcript_id "7_t";
4_dna	GeneMark.hmm3	CDS	19906	20177	.	-	0	gene_id "7_g"; transcript_id "7_t"; cds_type "Internal"; count "19_20";
4_dna	GeneMark.hmm3	intron	20178	20497	.	-	0	gene_id "7_g"; transcript_id "7_t";
4_dna	GeneMark.hmm3	CDS	20498	20695	.	-	0	gene_id "7_g"; transcript_id "7_t"; cds_type "Internal"; count "18_20";
4_dna	GeneMark.hmm3	intron	20696	20947	.	-	0	gene_id "7_g"; transcript_id "7_t";
4_dna	GeneMark.hmm3	CDS	20948	21130	.	-	0	gene_id "7_g"; transcript_id "7_t"; cds_type "Internal"; count "17_20";
4_dna	GeneMark.hmm3	intron	21131	21215	.	-	0	gene_id "7_g"; transcript_id "7_t";
4_dna	GeneMark.hmm3	CDS	21216	21418	.	-	2	gene_id "7_g"; transcript_id "7_t"; cds_type "Internal"; count "16_20";
4_dna	GeneMark.hmm3	intron	21419	21498	.	-	1	gene_id "7_g"; transcript_id "7_t";
4_dna	GeneMark.hmm3	CDS	21499	21625	.	-	0	gene_id "7_g"; transcript_id "7_t"; cds_type "Internal"; count "15_20";
4_dna	GeneMark.hmm3	intron	21626	21749	.	-	0	gene_id "7_g"; transcript_id "7_t";
4_dna	GeneMark.hmm3	CDS	21750	21944	.	-	0	gene_id "7_g"; transcript_id "7_t"; cds_type "Internal"; count "14_20";
4_dna	GeneMark.hmm3	intron	21945	22029	.	-	0	gene_id "7_g"; transcript_id "7_t";
4_dna	GeneMark.hmm3	CDS	22030	22167	.	-	0	gene_id "7_g"; transcript_id "7_t"; cds_type "Internal"; count "13_20";
4_dna	GeneMark.hmm3	intron	22168	22266	.	-	0	gene_id "7_g"; transcript_id "7_t";
4_dna	GeneMark.hmm3	CDS	22267	22371	.	-	0	gene_id "7_g"; transcript_id "7_t"; cds_type "Internal"; count "12_20";
4_dna	GeneMark.hmm3	intron	22372	22450	.	-	0	gene_id "7_g"; transcript_id "7_t";
4_dna	GeneMark.hmm3	CDS	22451	22615	.	-	0	gene_id "7_g"; transcript_id "7_t"; cds_type "Internal"; count "11_20";
4_dna	GeneMark.hmm3	intron	22616	22877	.	-	0	gene_id "7_g"; transcript_id "7_t";
4_dna	GeneMark.hmm3	CDS	22878	23078	.	-	0	gene_id "7_g"; transcript_id "7_t"; cds_type "Internal"; count "10_20";
4_dna	GeneMark.hmm3	intron	23079	23163	.	-	0	gene_id "7_g"; transcript_id "7_t";
4_dna	GeneMark.hmm3	CDS	23164	23310	.	-	0	gene_id "7_g"; transcript_id "7_t"; cds_type "Internal"; count "9_20";
4_dna	GeneMark.hmm3	intron	23311	23420	.	-	0	gene_id "7_g"; transcript_id "7_t";
4_dna	GeneMark.hmm3	CDS	23421	23573	.	-	0	gene_id "7_g"; transcript_id "7_t"; cds_type "Internal"; count "8_20";
4_dna	GeneMark.hmm3	intron	23574	23693	.	-	0	gene_id "7_g"; transcript_id "7_t";
4_dna	GeneMark.hmm3	CDS	23694	23796	.	-	1	gene_id "7_g"; transcript_id "7_t"; cds_type "Internal"; count "7_20";
4_dna	GeneMark.hmm3	intron	23797	23908	.	-	2	gene_id "7_g"; transcript_id "7_t";
4_dna	GeneMark.hmm3	CDS	23909	24024	.	-	0	gene_id "7_g"; transcript_id "7_t"; cds_type "Internal"; count "6_20";
4_dna	GeneMark.hmm3	intron	24025	24179	.	-	0	gene_id "7_g"; transcript_id "7_t";
4_dna	GeneMark.hmm3	CDS	24180	24283	.	-	2	gene_id "7_g"; transcript_id "7_t"; cds_type "Internal"; count "5_20";
4_dna	GeneMark.hmm3	intron	24284	24366	.	-	1	gene_id "7_g"; transcript_id "7_t";
4_dna	GeneMark.hmm3	CDS	24367	24466	.	-	0	gene_id "7_g"; transcript_id "7_t"; cds_type "Internal"; count "4_20";
4_dna	GeneMark.hmm3	intron	24467	24551	.	-	0	gene_id "7_g"; transcript_id "7_t";
4_dna	GeneMark.hmm3	CDS	24552	25118	.	-	0	gene_id "7_g"; transcript_id "7_t"; cds_type "Internal"; count "3_20";
4_dna	GeneMark.hmm3	intron	25119	25194	.	-	0	gene_id "7_g"; transcript_id "7_t";
4_dna	GeneMark.hmm3	CDS	25195	25405	.	-	1	gene_id "7_g"; transcript_id "7_t"; cds_type "Internal"; count "2_20";
4_dna	GeneMark.hmm3	intron	25406	25513	.	-	2	gene_id "7_g"; transcript_id "7_t";
4_dna	GeneMark.hmm3	CDS	25514	25653	.	-	0	gene_id "7_g"; transcript_id "7_t"; cds_type "Initial"; count "1_20";
4_dna	GeneMark.hmm3	start_codon	25651	25653	.	-	0	gene_id "7_g"; transcript_id "7_t";
4_dna	GeneMark.hmm3	gene	26089	28420	.	-	.	gene_id "8_g"; transcript_id "8_t";
4_dna	GeneMark.hmm3	mRNA	26089	28420	.	-	.	gene_id "8_g"; transcript_id "8_t";
4_dna	GeneMark.hmm3	stop_codon	26089	26091	.	-	0	gene_id "8_g"; transcript_id "8_t";
4_dna	GeneMark.hmm3	CDS	26089	26220	.	-	0	gene_id "8_g"; transcript_id "8_t"; cds_type "Terminal"; count "14_14";
4_dna	GeneMark.hmm3	intron	26221	26296	.	-	0	gene_id "8_g"; transcript_id "8_t";
4_dna	GeneMark.hmm3	CDS	26297	26338	.	-	0	gene_id "8_g"; transcript_id "8_t"; cds_type "Internal"; count "13_14";
4_dna	GeneMark.hmm3	intron	26339	26414	.	-	0	gene_id "8_g"; transcript_id "8_t";
4_dna	GeneMark.hmm3	CDS	26415	26495	.	-	0	gene_id "8_g"; transcript_id "8_t"; cds_type "Internal"; count "12_14";
4_dna	GeneMark.hmm3	intron	26496	26582	.	-	0	gene_id "8_g"; transcript_id "8_t";
4_dna	GeneMark.hmm3	CDS	26583	26681	.	-	0	gene_id "8_g"; transcript_id "8_t"; cds_type "Internal"; count "11_14";
4_dna	GeneMark.hmm3	intron	26682	26778	.	-	0	gene_id "8_g"; transcript_id "8_t";
4_dna	GeneMark.hmm3	CDS	26779	26839	.	-	1	gene_id "8_g"; transcript_id "8_t"; cds_type "Internal"; count "10_14";
4_dna	GeneMark.hmm3	intron	26840	27073	.	-	2	gene_id "8_g"; transcript_id "8_t";
4_dna	GeneMark.hmm3	CDS	27074	27195	.	-	0	gene_id "8_g"; transcript_id "8_t"; cds_type "Internal"; count "9_14";
4_dna	GeneMark.hmm3	intron	27196	27336	.	-	0	gene_id "8_g"; transcript_id "8_t";
4_dna	GeneMark.hmm3	CDS	27337	27422	.	-	2	gene_id "8_g"; transcript_id "8_t"; cds_type "Internal"; count "8_14";
4_dna	GeneMark.hmm3	intron	27423	27513	.	-	1	gene_id "8_g"; transcript_id "8_t";
4_dna	GeneMark.hmm3	CDS	27514	27589	.	-	0	gene_id "8_g"; transcript_id "8_t"; cds_type "Internal"; count "7_14";
4_dna	GeneMark.hmm3	intron	27590	27668	.	-	0	gene_id "8_g"; transcript_id "8_t";
4_dna	GeneMark.hmm3	CDS	27669	27752	.	-	0	gene_id "8_g"; transcript_id "8_t"; cds_type "Internal"; count "6_14";
4_dna	GeneMark.hmm3	intron	27753	27821	.	-	0	gene_id "8_g"; transcript_id "8_t";
4_dna	GeneMark.hmm3	CDS	27822	27901	.	-	2	gene_id "8_g"; transcript_id "8_t"; cds_type "Internal"; count "5_14";
4_dna	GeneMark.hmm3	intron	27902	27976	.	-	1	gene_id "8_g"; transcript_id "8_t";
4_dna	GeneMark.hmm3	CDS	27977	28040	.	-	0	gene_id "8_g"; transcript_id "8_t"; cds_type "Internal"; count "4_14";
4_dna	GeneMark.hmm3	intron	28041	28101	.	-	0	gene_id "8_g"; transcript_id "8_t";
4_dna	GeneMark.hmm3	CDS	28102	28170	.	-	0	gene_id "8_g"; transcript_id "8_t"; cds_type "Internal"; count "3_14";
4_dna	GeneMark.hmm3	intron	28171	28234	.	-	0	gene_id "8_g"; transcript_id "8_t";
4_dna	GeneMark.hmm3	CDS	28235	28315	.	-	0	gene_id "8_g"; transcript_id "8_t"; cds_type "Internal"; count "2_14";
4_dna	GeneMark.hmm3	intron	28316	28390	.	-	0	gene_id "8_g"; transcript_id "8_t";
4_dna	GeneMark.hmm3	CDS	28391	28420	.	-	0	gene_id "8_g"; transcript_id "8_t"; cds_type "Initial"; count "1_14";
4_dna	GeneMark.hmm3	start_codon	28418	28420	.	-	0	gene_id "8_g"; transcript_id "8_t";
4_dna	GeneMark.hmm3	gene	29549	34219	.	+	.	gene_id "10_g"; transcript_id "10_t";
4_dna	GeneMark.hmm3	mRNA	29549	34219	.	+	.	gene_id "10_g"; transcript_id "10_t";
4_dna	GeneMark.hmm3	start_codon	29549	29551	.	+	0	gene_id "10_g"; transcript_id "10_t";
4_dna	GeneMark.hmm3	CDS	29549	30092	.	+	0	gene_id "10_g"; transcript_id "10_t"; cds_type "Initial"; count "1_8";
4_dna	GeneMark.hmm3	intron	30093	30172	.	+	1	gene_id "10_g"; transcript_id "10_t";
4_dna	GeneMark.hmm3	CDS	30173	30287	.	+	2	gene_id "10_g"; transcript_id "10_t"; cds_type "Internal"; count "2_8";
4_dna	GeneMark.hmm3	intron	30288	30367	.	+	2	gene_id "10_g"; transcript_id "10_t";
4_dna	GeneMark.hmm3	CDS	30368	30491	.	+	1	gene_id "10_g"; transcript_id "10_t"; cds_type "Internal"; count "3_8";
4_dna	GeneMark.hmm3	intron	30492	30581	.	+	0	gene_id "10_g"; transcript_id "10_t";
4_dna	GeneMark.hmm3	CDS	30582	30662	.	+	0	gene_id "10_g"; transcript_id "10_t"; cds_type "Internal"; count "4_8";
4_dna	GeneMark.hmm3	intron	30663	30845	.	+	0	gene_id "10_g"; transcript_id "10_t";
4_dna	GeneMark.hmm3	CDS	30846	31187	.	+	0	gene_id "10_g"; transcript_id "10_t"; cds_type "Internal"; count "5_8";
4_dna	GeneMark.hmm3	intron	31188	31443	.	+	0	gene_id "10_g"; transcript_id "10_t";
4_dna	GeneMark.hmm3	CDS	31444	31610	.	+	0	gene_id "10_g"; transcript_id "10_t"; cds_type "Internal"; count "6_8";
4_dna	GeneMark.hmm3	intron	31611	31705	.	+	2	gene_id "10_g"; transcript_id "10_t";
4_dna	GeneMark.hmm3	CDS	31706	32547	.	+	1	gene_id "10_g"; transcript_id "10_t"; cds_type "Internal"; count "7_8";
4_dna	GeneMark.hmm3	intron	32548	32768	.	+	1	gene_id "10_g"; transcript_id "10_t";
4_dna	GeneMark.hmm3	CDS	32769	34219	.	+	2	gene_id "10_g"; transcript_id "10_t"; cds_type "Terminal"; count "8_8";
4_dna	GeneMark.hmm3	stop_codon	34217	34219	.	+	0	gene_id "10_g"; transcript_id "10_t";
4_dna	GeneMark.hmm3	gene	34672	36456	.	+	.	gene_id "11_g"; transcript_id "11_t";
4_dna	GeneMark.hmm3	mRNA	34672	36456	.	+	.	gene_id "11_g"; transcript_id "11_t";
4_dna	GeneMark.hmm3	start_codon	34672	34674	.	+	0	gene_id "11_g"; transcript_id "11_t";
4_dna	GeneMark.hmm3	CDS	34672	34738	.	+	0	gene_id "11_g"; transcript_id "11_t"; cds_type "Initial"; count "1_6";
4_dna	GeneMark.hmm3	intron	34739	34805	.	+	1	gene_id "11_g"; transcript_id "11_t";
4_dna	GeneMark.hmm3	CDS	34806	34866	.	+	2	gene_id "11_g"; transcript_id "11_t"; cds_type "Internal"; count "2_6";
4_dna	GeneMark.hmm3	intron	34867	34947	.	+	2	gene_id "11_g"; transcript_id "11_t";
4_dna	GeneMark.hmm3	CDS	34948	35083	.	+	1	gene_id "11_g"; transcript_id "11_t"; cds_type "Internal"; count "3_6";
4_dna	GeneMark.hmm3	intron	35084	35174	.	+	0	gene_id "11_g"; transcript_id "11_t";
4_dna	GeneMark.hmm3	CDS	35175	35500	.	+	0	gene_id "11_g"; transcript_id "11_t"; cds_type "Internal"; count "4_6";
4_dna	GeneMark.hmm3	intron	35501	35650	.	+	2	gene_id "11_g"; transcript_id "11_t";
4_dna	GeneMark.hmm3	CDS	35651	35811	.	+	1	gene_id "11_g"; transcript_id "11_t"; cds_type "Internal"; count "5_6";
4_dna	GeneMark.hmm3	intron	35812	35995	.	+	1	gene_id "11_g"; transcript_id "11_t";
4_dna	GeneMark.hmm3	CDS	35996	36456	.	+	2	gene_id "11_g"; transcript_id "11_t"; cds_type "Terminal"; count "6_6";
4_dna	GeneMark.hmm3	stop_codon	36454	36456	.	+	0	gene_id "11_g"; transcript_id "11_t";
4_dna	GeneMark.hmm3	gene	36768	39666	.	-	.	gene_id "12_g"; transcript_id "12_t";
4_dna	GeneMark.hmm3	mRNA	36768	39666	.	-	.	gene_id "12_g"; transcript_id "12_t";
4_dna	GeneMark.hmm3	stop_codon	36768	36770	.	-	0	gene_id "12_g"; transcript_id "12_t";
4_dna	GeneMark.hmm3	CDS	36768	37172	.	-	0	gene_id "12_g"; transcript_id "12_t"; cds_type "Terminal"; count "12_12";
4_dna	GeneMark.hmm3	intron	37173	37273	.	-	0	gene_id "12_g"; transcript_id "12_t";
4_dna	GeneMark.hmm3	CDS	37274	37334	.	-	1	gene_id "12_g"; transcript_id "12_t"; cds_type "Internal"; count "11_12";
4_dna	GeneMark.hmm3	intron	37335	37815	.	-	2	gene_id "12_g"; transcript_id "12_t";
4_dna	GeneMark.hmm3	CDS	37816	37928	.	-	0	gene_id "12_g"; transcript_id "12_t"; cds_type "Internal"; count "10_12";
4_dna	GeneMark.hmm3	intron	37929	37999	.	-	0	gene_id "12_g"; transcript_id "12_t";
4_dna	GeneMark.hmm3	CDS	38000	38040	.	-	2	gene_id "12_g"; transcript_id "12_t"; cds_type "Internal"; count "9_12";
4_dna	GeneMark.hmm3	intron	38041	38208	.	-	1	gene_id "12_g"; transcript_id "12_t";
4_dna	GeneMark.hmm3	CDS	38209	38341	.	-	0	gene_id "12_g"; transcript_id "12_t"; cds_type "Internal"; count "8_12";
4_dna	GeneMark.hmm3	intron	38342	38416	.	-	0	gene_id "12_g"; transcript_id "12_t";
4_dna	GeneMark.hmm3	CDS	38417	38476	.	-	0	gene_id "12_g"; transcript_id "12_t"; cds_type "Internal"; count "7_12";
4_dna	GeneMark.hmm3	intron	38477	38545	.	-	0	gene_id "12_g"; transcript_id "12_t";
4_dna	GeneMark.hmm3	CDS	38546	38589	.	-	2	gene_id "12_g"; transcript_id "12_t"; cds_type "Internal"; count "6_12";
4_dna	GeneMark.hmm3	intron	38590	38756	.	-	1	gene_id "12_g"; transcript_id "12_t";
4_dna	GeneMark.hmm3	CDS	38757	38817	.	-	0	gene_id "12_g"; transcript_id "12_t"; cds_type "Internal"; count "5_12";
4_dna	GeneMark.hmm3	intron	38818	38889	.	-	0	gene_id "12_g"; transcript_id "12_t";
4_dna	GeneMark.hmm3	CDS	38890	39006	.	-	0	gene_id "12_g"; transcript_id "12_t"; cds_type "Internal"; count "4_12";
4_dna	GeneMark.hmm3	intron	39007	39082	.	-	0	gene_id "12_g"; transcript_id "12_t";
4_dna	GeneMark.hmm3	CDS	39083	39267	.	-	2	gene_id "12_g"; transcript_id "12_t"; cds_type "Internal"; count "3_12";
4_dna	GeneMark.hmm3	intron	39268	39337	.	-	1	gene_id "12_g"; transcript_id "12_t";
4_dna	GeneMark.hmm3	CDS	39338	39395	.	-	0	gene_id "12_g"; transcript_id "12_t"; cds_type "Internal"; count "2_12";
4_dna	GeneMark.hmm3	intron	39396	39465	.	-	0	gene_id "12_g"; transcript_id "12_t";
4_dna	GeneMark.hmm3	CDS	39466	39666	.	-	0	gene_id "12_g"; transcript_id "12_t"; cds_type "Initial"; count "1_12";
4_dna	GeneMark.hmm3	start_codon	39664	39666	.	-	0	gene_id "12_g"; transcript_id "12_t";
4_dna	GeneMark.hmm3	gene	41703	45580	.	+	.	gene_id "13_g"; transcript_id "13_t";
4_dna	GeneMark.hmm3	mRNA	41703	45580	.	+	.	gene_id "13_g"; transcript_id "13_t";
4_dna	GeneMark.hmm3	start_codon	41703	41705	.	+	0	gene_id "13_g"; transcript_id "13_t";
4_dna	GeneMark.hmm3	CDS	41703	41837	.	+	0	gene_id "13_g"; transcript_id "13_t"; cds_type "Initial"; count "1_12";
4_dna	GeneMark.hmm3	intron	41838	41928	.	+	0	gene_id "13_g"; transcript_id "13_t";
4_dna	GeneMark.hmm3	CDS	41929	42008	.	+	0	gene_id "13_g"; transcript_id "13_t"; cds_type "Internal"; count "2_12";
4_dna	GeneMark.hmm3	intron	42009	42086	.	+	2	gene_id "13_g"; transcript_id "13_t";
4_dna	GeneMark.hmm3	CDS	42087	42211	.	+	1	gene_id "13_g"; transcript_id "13_t"; cds_type "Internal"; count "3_12";
4_dna	GeneMark.hmm3	intron	42212	42302	.	+	1	gene_id "13_g"; transcript_id "13_t";
4_dna	GeneMark.hmm3	CDS	42303	42424	.	+	2	gene_id "13_g"; transcript_id "13_t"; cds_type "Internal"; count "4_12";
4_dna	GeneMark.hmm3	intron	42425	42514	.	+	0	gene_id "13_g"; transcript_id "13_t";
4_dna	GeneMark.hmm3	CDS	42515	42770	.	+	0	gene_id "13_g"; transcript_id "13_t"; cds_type "Internal"; count "5_12";
4_dna	GeneMark.hmm3	intron	42771	42868	.	+	1	gene_id "13_g"; transcript_id "13_t";
4_dna	GeneMark.hmm3	CDS	42869	42969	.	+	2	gene_id "13_g"; transcript_id "13_t"; cds_type "Internal"; count "6_12";
4_dna	GeneMark.hmm3	intron	42970	43095	.	+	0	gene_id "13_g"; transcript_id "13_t";
4_dna	GeneMark.hmm3	CDS	43096	43282	.	+	0	gene_id "13_g"; transcript_id "13_t"; cds_type "Internal"; count "7_12";
4_dna	GeneMark.hmm3	intron	43283	43366	.	+	1	gene_id "13_g"; transcript_id "13_t";
4_dna	GeneMark.hmm3	CDS	43367	43410	.	+	2	gene_id "13_g"; transcript_id "13_t"; cds_type "Internal"; count "8_12";
4_dna	GeneMark.hmm3	intron	43411	43447	.	+	0	gene_id "13_g"; transcript_id "13_t";
4_dna	GeneMark.hmm3	CDS	43448	43530	.	+	0	gene_id "13_g"; transcript_id "13_t"; cds_type "Internal"; count "9_12";
4_dna	GeneMark.hmm3	intron	43531	43650	.	+	2	gene_id "13_g"; transcript_id "13_t";
4_dna	GeneMark.hmm3	CDS	43651	43843	.	+	1	gene_id "13_g"; transcript_id "13_t"; cds_type "Internal"; count "10_12";
4_dna	GeneMark.hmm3	intron	43844	44171	.	+	0	gene_id "13_g"; transcript_id "13_t";
4_dna	GeneMark.hmm3	CDS	44172	44948	.	+	0	gene_id "13_g"; transcript_id "13_t"; cds_type "Internal"; count "11_12";
4_dna	GeneMark.hmm3	intron	44949	45031	.	+	0	gene_id "13_g"; transcript_id "13_t";
4_dna	GeneMark.hmm3	CDS	45032	45580	.	+	0	gene_id "13_g"; transcript_id "13_t"; cds_type "Terminal"; count "12_12";
4_dna	GeneMark.hmm3	stop_codon	45578	45580	.	+	0	gene_id "13_g"; transcript_id "13_t";
4_dna	GeneMark.hmm3	gene	45824	48382	.	-	.	gene_id "14_g"; transcript_id "14_t";
4_dna	GeneMark.hmm3	mRNA	45824	48382	.	-	.	gene_id "14_g"; transcript_id "14_t";
4_dna	GeneMark.hmm3	stop_codon	45824	45826	.	-	0	gene_id "14_g"; transcript_id "14_t";
4_dna	GeneMark.hmm3	CDS	45824	46499	.	-	1	gene_id "14_g"; transcript_id "14_t"; cds_type "Terminal"; count "10_10";
4_dna	GeneMark.hmm3	intron	46500	46527	.	-	2	gene_id "14_g"; transcript_id "14_t";
4_dna	GeneMark.hmm3	CDS	46528	46577	.	-	0	gene_id "14_g"; transcript_id "14_t"; cds_type "Internal"; count "9_10";
4_dna	GeneMark.hmm3	intron	46578	46611	.	-	0	gene_id "14_g"; transcript_id "14_t";
4_dna	GeneMark.hmm3	CDS	46612	46677	.	-	0	gene_id "14_g"; transcript_id "14_t"; cds_type "Internal"; count "8_10";
4_dna	GeneMark.hmm3	intron	46678	46780	.	-	0	gene_id "14_g"; transcript_id "14_t";
4_dna	GeneMark.hmm3	CDS	46781	46872	.	-	2	gene_id "14_g"; transcript_id "14_t"; cds_type "Internal"; count "7_10";
4_dna	GeneMark.hmm3	intron	46873	47142	.	-	1	gene_id "14_g"; transcript_id "14_t";
4_dna	GeneMark.hmm3	CDS	47143	47238	.	-	2	gene_id "14_g"; transcript_id "14_t"; cds_type "Internal"; count "6_10";
4_dna	GeneMark.hmm3	intron	47239	47579	.	-	1	gene_id "14_g"; transcript_id "14_t";
4_dna	GeneMark.hmm3	CDS	47580	47736	.	-	0	gene_id "14_g"; transcript_id "14_t"; cds_type "Internal"; count "5_10";
4_dna	GeneMark.hmm3	intron	47737	47814	.	-	0	gene_id "14_g"; transcript_id "14_t";
4_dna	GeneMark.hmm3	CDS	47815	47899	.	-	1	gene_id "14_g"; transcript_id "14_t"; cds_type "Internal"; count "4_10";
4_dna	GeneMark.hmm3	intron	47900	47985	.	-	2	gene_id "14_g"; transcript_id "14_t";
4_dna	GeneMark.hmm3	CDS	47986	48076	.	-	2	gene_id "14_g"; transcript_id "14_t"; cds_type "Internal"; count "3_10";
4_dna	GeneMark.hmm3	intron	48077	48172	.	-	1	gene_id "14_g"; transcript_id "14_t";
4_dna	GeneMark.hmm3	CDS	48173	48260	.	-	0	gene_id "14_g"; transcript_id "14_t"; cds_type "Internal"; count "2_10";
4_dna	GeneMark.hmm3	intron	48261	48340	.	-	0	gene_id "14_g"; transcript_id "14_t";
4_dna	GeneMark.hmm3	CDS	48341	48382	.	-	0	gene_id "14_g"; transcript_id "14_t"; cds_type "Initial"; count "1_10";
4_dna	GeneMark.hmm3	start_codon	48380	48382	.	-	0	gene_id "14_g"; transcript_id "14_t";
4_dna	GeneMark.hmm3	gene	49266	50012	.	+	.	gene_id "15_g"; transcript_id "15_t";
4_dna	GeneMark.hmm3	mRNA	49266	50012	.	+	.	gene_id "15_g"; transcript_id "15_t";
4_dna	GeneMark.hmm3	start_codon	49266	49268	.	+	0	gene_id "15_g"; transcript_id "15_t";
4_dna	GeneMark.hmm3	CDS	49266	50012	.	+	0	gene_id "15_g"; transcript_id "15_t"; cds_type "Single"; count "1_1";
4_dna	GeneMark.hmm3	stop_codon	50010	50012	.	+	0	gene_id "15_g"; transcript_id "15_t";
4_dna	GeneMark.hmm3	gene	50474	59147	.	-	.	gene_id "16_g"; transcript_id "16_t";
4_dna	GeneMark.hmm3	mRNA	50474	59147	.	-	.	gene_id "16_g"; transcript_id "16_t";
4_dna	GeneMark.hmm3	stop_codon	50474	50476	.	-	0	gene_id "16_g"; transcript_id "16_t";
4_dna	GeneMark.hmm3	CDS	50474	50525	.	-	1	gene_id "16_g"; transcript_id "16_t"; cds_type "Terminal"; count "37_37";
4_dna	GeneMark.hmm3	intron	50526	50661	.	-	2	gene_id "16_g"; transcript_id "16_t";
4_dna	GeneMark.hmm3	CDS	50662	50718	.	-	1	gene_id "16_g"; transcript_id "16_t"; cds_type "Internal"; count "36_37";
4_dna	GeneMark.hmm3	intron	50719	50789	.	-	2	gene_id "16_g"; transcript_id "16_t";
4_dna	GeneMark.hmm3	CDS	50790	50911	.	-	0	gene_id "16_g"; transcript_id "16_t"; cds_type "Internal"; count "35_37";
4_dna	GeneMark.hmm3	intron	50912	51004	.	-	0	gene_id "16_g"; transcript_id "16_t";
4_dna	GeneMark.hmm3	CDS	51005	51098	.	-	1	gene_id "16_g"; transcript_id "16_t"; cds_type "Internal"; count "34_37";
4_dna	GeneMark.hmm3	intron	51099	51178	.	-	2	gene_id "16_g"; transcript_id "16_t";
4_dna	GeneMark.hmm3	CDS	51179	51251	.	-	2	gene_id "16_g"; transcript_id "16_t"; cds_type "Internal"; count "33_37";
4_dna	GeneMark.hmm3	intron	51252	51625	.	-	1	gene_id "16_g"; transcript_id "16_t";
4_dna	GeneMark.hmm3	CDS	51626	51807	.	-	1	gene_id "16_g"; transcript_id "16_t"; cds_type "Internal"; count "32_37";
4_dna	GeneMark.hmm3	intron	51808	51897	.	-	2	gene_id "16_g"; transcript_id "16_t";
4_dna	GeneMark.hmm3	CDS	51898	51968	.	-	0	gene_id "16_g"; transcript_id "16_t"; cds_type "Internal"; count "31_37";
4_dna	GeneMark.hmm3	intron	51969	52064	.	-	0	gene_id "16_g"; transcript_id "16_t";
4_dna	GeneMark.hmm3	CDS	52065	52142	.	-	0	gene_id "16_g"; transcript_id "16_t"; cds_type "Internal"; count "30_37";
4_dna	GeneMark.hmm3	intron	52143	52209	.	-	0	gene_id "16_g"; transcript_id "16_t";
4_dna	GeneMark.hmm3	CDS	52210	52296	.	-	0	gene_id "16_g"; transcript_id "16_t"; cds_type "Internal"; count "29_37";
4_dna	GeneMark.hmm3	intron	52297	52420	.	-	0	gene_id "16_g"; transcript_id "16_t";
4_dna	GeneMark.hmm3	CDS	52421	52750	.	-	0	gene_id "16_g"; transcript_id "16_t"; cds_type "Internal"; count "28_37";
4_dna	GeneMark.hmm3	intron	52751	52819	.	-	0	gene_id "16_g"; transcript_id "16_t";
4_dna	GeneMark.hmm3	CDS	52820	52840	.	-	0	gene_id "16_g"; transcript_id "16_t"; cds_type "Internal"; count "27_37";
4_dna	GeneMark.hmm3	intron	52841	52924	.	-	0	gene_id "16_g"; transcript_id "16_t";
4_dna	GeneMark.hmm3	CDS	52925	52981	.	-	0	gene_id "16_g"; transcript_id "16_t"; cds_type "Internal"; count "26_37";
4_dna	GeneMark.hmm3	intron	52982	53054	.	-	0	gene_id "16_g"; transcript_id "16_t";
4_dna	GeneMark.hmm3	CDS	53055	53112	.	-	1	gene_id "16_g"; transcript_id "16_t"; cds_type "Internal"; count "25_37";
4_dna	GeneMark.hmm3	intron	53113	53224	.	-	2	gene_id "16_g"; transcript_id "16_t";
4_dna	GeneMark.hmm3	CDS	53225	53319	.	-	0	gene_id "16_g"; transcript_id "16_t"; cds_type "Internal"; count "24_37";
4_dna	GeneMark.hmm3	intron	53320	53421	.	-	0	gene_id "16_g"; transcript_id "16_t";
4_dna	GeneMark.hmm3	CDS	53422	53549	.	-	2	gene_id "16_g"; transcript_id "16_t"; cds_type "Internal"; count "23_37";
4_dna	GeneMark.hmm3	intron	53550	53643	.	-	1	gene_id "16_g"; transcript_id "16_t";
4_dna	GeneMark.hmm3	CDS	53644	53727	.	-	2	gene_id "16_g"; transcript_id "16_t"; cds_type "Internal"; count "22_37";
4_dna	GeneMark.hmm3	intron	53728	53814	.	-	1	gene_id "16_g"; transcript_id "16_t";
4_dna	GeneMark.hmm3	CDS	53815	53952	.	-	2	gene_id "16_g"; transcript_id "16_t"; cds_type "Internal"; count "21_37";
4_dna	GeneMark.hmm3	intron	53953	54426	.	-	1	gene_id "16_g"; transcript_id "16_t";
4_dna	GeneMark.hmm3	CDS	54427	54573	.	-	2	gene_id "16_g"; transcript_id "16_t"; cds_type "Internal"; count "20_37";
4_dna	GeneMark.hmm3	intron	54574	54649	.	-	1	gene_id "16_g"; transcript_id "16_t";
4_dna	GeneMark.hmm3	CDS	54650	54755	.	-	0	gene_id "16_g"; transcript_id "16_t"; cds_type "Internal"; count "19_37";
4_dna	GeneMark.hmm3	intron	54756	54838	.	-	0	gene_id "16_g"; transcript_id "16_t";
4_dna	GeneMark.hmm3	CDS	54839	54886	.	-	0	gene_id "16_g"; transcript_id "16_t"; cds_type "Internal"; count "18_37";
4_dna	GeneMark.hmm3	intron	54887	54957	.	-	0	gene_id "16_g"; transcript_id "16_t";
4_dna	GeneMark.hmm3	CDS	54958	55029	.	-	0	gene_id "16_g"; transcript_id "16_t"; cds_type "Internal"; count "17_37";
4_dna	GeneMark.hmm3	intron	55030	55174	.	-	0	gene_id "16_g"; transcript_id "16_t";
4_dna	GeneMark.hmm3	CDS	55175	55233	.	-	2	gene_id "16_g"; transcript_id "16_t"; cds_type "Internal"; count "16_37";
4_dna	GeneMark.hmm3	intron	55234	55345	.	-	1	gene_id "16_g"; transcript_id "16_t";
4_dna	GeneMark.hmm3	CDS	55346	55394	.	-	0	gene_id "16_g"; transcript_id "16_t"; cds_type "Internal"; count "15_37";
4_dna	GeneMark.hmm3	intron	55395	55523	.	-	0	gene_id "16_g"; transcript_id "16_t";
4_dna	GeneMark.hmm3	CDS	55524	55643	.	-	0	gene_id "16_g"; transcript_id "16_t"; cds_type "Internal"; count "14_37";
4_dna	GeneMark.hmm3	intron	55644	55703	.	-	0	gene_id "16_g"; transcript_id "16_t";
4_dna	GeneMark.hmm3	CDS	55704	55801	.	-	2	gene_id "16_g"; transcript_id "16_t"; cds_type "Internal"; count "13_37";
4_dna	GeneMark.hmm3	intron	55802	55886	.	-	1	gene_id "16_g"; transcript_id "16_t";
4_dna	GeneMark.hmm3	CDS	55887	56020	.	-	1	gene_id "16_g"; transcript_id "16_t"; cds_type "Internal"; count "12_37";
4_dna	GeneMark.hmm3	intron	56021	56191	.	-	2	gene_id "16_g"; transcript_id "16_t";
4_dna	GeneMark.hmm3	CDS	56192	56292	.	-	0	gene_id "16_g"; transcript_id "16_t"; cds_type "Internal"; count "11_37";
4_dna	GeneMark.hmm3	intron	56293	56379	.	-	0	gene_id "16_g"; transcript_id "16_t";
4_dna	GeneMark.hmm3	CDS	56380	56508	.	-	0	gene_id "16_g"; transcript_id "16_t"; cds_type "Internal"; count "10_37";
4_dna	GeneMark.hmm3	intron	56509	56700	.	-	0	gene_id "16_g"; transcript_id "16_t";
4_dna	GeneMark.hmm3	CDS	56701	56780	.	-	2	gene_id "16_g"; transcript_id "16_t"; cds_type "Internal"; count "9_37";
4_dna	GeneMark.hmm3	intron	56781	56872	.	-	1	gene_id "16_g"; transcript_id "16_t";
4_dna	GeneMark.hmm3	CDS	56873	56981	.	-	0	gene_id "16_g"; transcript_id "16_t"; cds_type "Internal"; count "8_37";
4_dna	GeneMark.hmm3	intron	56982	57307	.	-	0	gene_id "16_g"; transcript_id "16_t";
4_dna	GeneMark.hmm3	CDS	57308	57433	.	-	0	gene_id "16_g"; transcript_id "16_t"; cds_type "Internal"; count "7_37";
4_dna	GeneMark.hmm3	intron	57434	57558	.	-	0	gene_id "16_g"; transcript_id "16_t";
4_dna	GeneMark.hmm3	CDS	57559	57639	.	-	0	gene_id "16_g"; transcript_id "16_t"; cds_type "Internal"; count "6_37";
4_dna	GeneMark.hmm3	intron	57640	57739	.	-	0	gene_id "16_g"; transcript_id "16_t";
4_dna	GeneMark.hmm3	CDS	57740	57826	.	-	0	gene_id "16_g"; transcript_id "16_t"; cds_type "Internal"; count "5_37";
4_dna	GeneMark.hmm3	intron	57827	57984	.	-	0	gene_id "16_g"; transcript_id "16_t";
4_dna	GeneMark.hmm3	CDS	57985	58078	.	-	1	gene_id "16_g"; transcript_id "16_t"; cds_type "Internal"; count "4_37";
4_dna	GeneMark.hmm3	intron	58079	58189	.	-	2	gene_id "16_g"; transcript_id "16_t";
4_dna	GeneMark.hmm3	CDS	58190	58359	.	-	0	gene_id "16_g"; transcript_id "16_t"; cds_type "Internal"; count "3_37";
4_dna	GeneMark.hmm3	intron	58360	58536	.	-	0	gene_id "16_g"; transcript_id "16_t";
4_dna	GeneMark.hmm3	CDS	58537	58652	.	-	2	gene_id "16_g"; transcript_id "16_t"; cds_type "Internal"; count "2_37";
4_dna	GeneMark.hmm3	intron	58653	58741	.	-	1	gene_id "16_g"; transcript_id "16_t";
4_dna	GeneMark.hmm3	CDS	58742	59147	.	-	0	gene_id "16_g"; transcript_id "16_t"; cds_type "Initial"; count "1_37";
4_dna	GeneMark.hmm3	start_codon	59145	59147	.	-	0	gene_id "16_g"; transcript_id "16_t";
4_dna	GeneMark.hmm3	gene	59816	60398	.	+	.	gene_id "17_g"; transcript_id "17_t";
4_dna	GeneMark.hmm3	mRNA	59816	60398	.	+	.	gene_id "17_g"; transcript_id "17_t";
4_dna	GeneMark.hmm3	start_codon	59816	59818	.	+	0	gene_id "17_g"; transcript_id "17_t";
4_dna	GeneMark.hmm3	CDS	59816	59904	.	+	0	gene_id "17_g"; transcript_id "17_t"; cds_type "Initial"; count "1_4";
4_dna	GeneMark.hmm3	intron	59905	59990	.	+	2	gene_id "17_g"; transcript_id "17_t";
4_dna	GeneMark.hmm3	CDS	59991	60064	.	+	1	gene_id "17_g"; transcript_id "17_t"; cds_type "Internal"; count "2_4";
4_dna	GeneMark.hmm3	intron	60065	60127	.	+	1	gene_id "17_g"; transcript_id "17_t";
4_dna	GeneMark.hmm3	CDS	60128	60252	.	+	2	gene_id "17_g"; transcript_id "17_t"; cds_type "Internal"; count "3_4";
4_dna	GeneMark.hmm3	intron	60253	60323	.	+	0	gene_id "17_g"; transcript_id "17_t";
4_dna	GeneMark.hmm3	CDS	60324	60398	.	+	0	gene_id "17_g"; transcript_id "17_t"; cds_type "Terminal"; count "4_4";
4_dna	GeneMark.hmm3	stop_codon	60396	60398	.	+	0	gene_id "17_g"; transcript_id "17_t";
4_dna	GeneMark.hmm3	gene	61713	63077	.	-	.	gene_id "18_g"; transcript_id "18_t";
4_dna	GeneMark.hmm3	mRNA	61713	63077	.	-	.	gene_id "18_g"; transcript_id "18_t";
4_dna	GeneMark.hmm3	stop_codon	61713	61715	.	-	0	gene_id "18_g"; transcript_id "18_t";
4_dna	GeneMark.hmm3	CDS	61713	61756	.	-	2	gene_id "18_g"; transcript_id "18_t"; cds_type "Terminal"; count "8_8";
4_dna	GeneMark.hmm3	intron	61757	61837	.	-	1	gene_id "18_g"; transcript_id "18_t";
4_dna	GeneMark.hmm3	CDS	61838	61929	.	-	1	gene_id "18_g"; transcript_id "18_t"; cds_type "Internal"; count "7_8";
4_dna	GeneMark.hmm3	intron	61930	62018	.	-	2	gene_id "18_g"; transcript_id "18_t";
4_dna	GeneMark.hmm3	CDS	62019	62125	.	-	0	gene_id "18_g"; transcript_id "18_t"; cds_type "Internal"; count "6_8";
4_dna	GeneMark.hmm3	intron	62126	62281	.	-	0	gene_id "18_g"; transcript_id "18_t";
4_dna	GeneMark.hmm3	CDS	62282	62353	.	-	0	gene_id "18_g"; transcript_id "18_t"; cds_type "Internal"; count "5_8";
4_dna	GeneMark.hmm3	intron	62354	62439	.	-	0	gene_id "18_g"; transcript_id "18_t";
4_dna	GeneMark.hmm3	CDS	62440	62505	.	-	0	gene_id "18_g"; transcript_id "18_t"; cds_type "Internal"; count "4_8";
4_dna	GeneMark.hmm3	intron	62506	62609	.	-	0	gene_id "18_g"; transcript_id "18_t";
4_dna	GeneMark.hmm3	CDS	62610	62666	.	-	0	gene_id "18_g"; transcript_id "18_t"; cds_type "Internal"; count "3_8";
4_dna	GeneMark.hmm3	intron	62667	62750	.	-	0	gene_id "18_g"; transcript_id "18_t";
4_dna	GeneMark.hmm3	CDS	62751	62803	.	-	2	gene_id "18_g"; transcript_id "18_t"; cds_type "Internal"; count "2_8";
4_dna	GeneMark.hmm3	intron	62804	62884	.	-	1	gene_id "18_g"; transcript_id "18_t";
4_dna	GeneMark.hmm3	CDS	62885	63077	.	-	0	gene_id "18_g"; transcript_id "18_t"; cds_type "Initial"; count "1_8";
4_dna	GeneMark.hmm3	start_codon	63075	63077	.	-	0	gene_id "18_g"; transcript_id "18_t";
4_dna	GeneMark.hmm3	gene	63398	65331	.	+	.	gene_id "19_g"; transcript_id "19_t";
4_dna	GeneMark.hmm3	mRNA	63398	65331	.	+	.	gene_id "19_g"; transcript_id "19_t";
4_dna	GeneMark.hmm3	start_codon	63398	63400	.	+	0	gene_id "19_g"; transcript_id "19_t";
4_dna	GeneMark.hmm3	CDS	63398	63486	.	+	0	gene_id "19_g"; transcript_id "19_t"; cds_type "Initial"; count "1_3";
4_dna	GeneMark.hmm3	intron	63487	63531	.	+	2	gene_id "19_g"; transcript_id "19_t";
4_dna	GeneMark.hmm3	CDS	63532	63694	.	+	1	gene_id "19_g"; transcript_id "19_t"; cds_type "Internal"; count "2_3";
4_dna	GeneMark.hmm3	intron	63695	65235	.	+	0	gene_id "19_g"; transcript_id "19_t";
4_dna	GeneMark.hmm3	CDS	65236	65331	.	+	0	gene_id "19_g"; transcript_id "19_t"; cds_type "Terminal"; count "3_3";
4_dna	GeneMark.hmm3	stop_codon	65329	65331	.	+	0	gene_id "19_g"; transcript_id "19_t";
4_dna	GeneMark.hmm3	gene	66684	68493	.	-	.	gene_id "21_g"; transcript_id "21_t";
4_dna	GeneMark.hmm3	mRNA	66684	68493	.	-	.	gene_id "21_g"; transcript_id "21_t";
4_dna	GeneMark.hmm3	stop_codon	66684	66686	.	-	0	gene_id "21_g"; transcript_id "21_t";
4_dna	GeneMark.hmm3	CDS	66684	66821	.	-	0	gene_id "21_g"; transcript_id "21_t"; cds_type "Terminal"; count "7_7";
4_dna	GeneMark.hmm3	intron	66822	66882	.	-	0	gene_id "21_g"; transcript_id "21_t";
4_dna	GeneMark.hmm3	CDS	66883	66993	.	-	0	gene_id "21_g"; transcript_id "21_t"; cds_type "Internal"; count "6_7";
4_dna	GeneMark.hmm3	intron	66994	67072	.	-	0	gene_id "21_g"; transcript_id "21_t";
4_dna	GeneMark.hmm3	CDS	67073	67171	.	-	0	gene_id "21_g"; transcript_id "21_t"; cds_type "Internal"; count "5_7";
4_dna	GeneMark.hmm3	intron	67172	67258	.	-	0	gene_id "21_g"; transcript_id "21_t";
4_dna	GeneMark.hmm3	CDS	67259	67357	.	-	0	gene_id "21_g"; transcript_id "21_t"; cds_type "Internal"; count "4_7";
4_dna	GeneMark.hmm3	intron	67358	67453	.	-	0	gene_id "21_g"; transcript_id "21_t";
4_dna	GeneMark.hmm3	CDS	67454	67552	.	-	0	gene_id "21_g"; transcript_id "21_t"; cds_type "Internal"; count "3_7";
4_dna	GeneMark.hmm3	intron	67553	67642	.	-	0	gene_id "21_g"; transcript_id "21_t";
4_dna	GeneMark.hmm3	CDS	67643	67719	.	-	2	gene_id "21_g"; transcript_id "21_t"; cds_type "Internal"; count "2_7";
4_dna	GeneMark.hmm3	intron	67720	67796	.	-	1	gene_id "21_g"; transcript_id "21_t";
4_dna	GeneMark.hmm3	CDS	67797	68493	.	-	0	gene_id "21_g"; transcript_id "21_t"; cds_type "Initial"; count "1_7";
4_dna	GeneMark.hmm3	start_codon	68491	68493	.	-	0	gene_id "21_g"; transcript_id "21_t";
4_dna	GeneMark.hmm3	gene	68743	72133	.	+	.	gene_id "22_g"; transcript_id "22_t";
4_dna	GeneMark.hmm3	mRNA	68743	72133	.	+	.	gene_id "22_g"; transcript_id "22_t";
4_dna	GeneMark.hmm3	start_codon	68743	68745	.	+	0	gene_id "22_g"; transcript_id "22_t";
4_dna	GeneMark.hmm3	CDS	68743	68936	.	+	0	gene_id "22_g"; transcript_id "22_t"; cds_type "Initial"; count "1_12";
4_dna	GeneMark.hmm3	intron	68937	69022	.	+	2	gene_id "22_g"; transcript_id "22_t";
4_dna	GeneMark.hmm3	CDS	69023	69107	.	+	1	gene_id "22_g"; transcript_id "22_t"; cds_type "Internal"; count "2_12";
4_dna	GeneMark.hmm3	intron	69108	69371	.	+	0	gene_id "22_g"; transcript_id "22_t";
4_dna	GeneMark.hmm3	CDS	69372	69469	.	+	0	gene_id "22_g"; transcript_id "22_t"; cds_type "Internal"; count "3_12";
4_dna	GeneMark.hmm3	intron	69470	69563	.	+	2	gene_id "22_g"; transcript_id "22_t";
4_dna	GeneMark.hmm3	CDS	69564	69661	.	+	1	gene_id "22_g"; transcript_id "22_t"; cds_type "Internal"; count "4_12";
4_dna	GeneMark.hmm3	intron	69662	69782	.	+	1	gene_id "22_g"; transcript_id "22_t";
4_dna	GeneMark.hmm3	CDS	69783	69912	.	+	2	gene_id "22_g"; transcript_id "22_t"; cds_type "Internal"; count "5_12";
4_dna	GeneMark.hmm3	intron	69913	69993	.	+	2	gene_id "22_g"; transcript_id "22_t";
4_dna	GeneMark.hmm3	CDS	69994	70181	.	+	1	gene_id "22_g"; transcript_id "22_t"; cds_type "Internal"; count "6_12";
4_dna	GeneMark.hmm3	intron	70182	70568	.	+	1	gene_id "22_g"; transcript_id "22_t";
4_dna	GeneMark.hmm3	CDS	70569	70631	.	+	2	gene_id "22_g"; transcript_id "22_t"; cds_type "Internal"; count "7_12";
4_dna	GeneMark.hmm3	intron	70632	71179	.	+	1	gene_id "22_g"; transcript_id "22_t";
4_dna	GeneMark.hmm3	CDS	71180	71308	.	+	2	gene_id "22_g"; transcript_id "22_t"; cds_type "Internal"; count "8_12";
4_dna	GeneMark.hmm3	intron	71309	71427	.	+	1	gene_id "22_g"; transcript_id "22_t";
4_dna	GeneMark.hmm3	CDS	71428	71606	.	+	2	gene_id "22_g"; transcript_id "22_t"; cds_type "Internal"; count "9_12";
4_dna	GeneMark.hmm3	intron	71607	71693	.	+	0	gene_id "22_g"; transcript_id "22_t";
4_dna	GeneMark.hmm3	CDS	71694	71777	.	+	0	gene_id "22_g"; transcript_id "22_t"; cds_type "Internal"; count "10_12";
4_dna	GeneMark.hmm3	intron	71778	71849	.	+	0	gene_id "22_g"; transcript_id "22_t";
4_dna	GeneMark.hmm3	CDS	71850	72002	.	+	0	gene_id "22_g"; transcript_id "22_t"; cds_type "Internal"; count "11_12";
4_dna	GeneMark.hmm3	intron	72003	72118	.	+	0	gene_id "22_g"; transcript_id "22_t";
4_dna	GeneMark.hmm3	CDS	72119	72133	.	+	0	gene_id "22_g"; transcript_id "22_t"; cds_type "Terminal"; count "12_12";
4_dna	GeneMark.hmm3	stop_codon	72131	72133	.	+	0	gene_id "22_g"; transcript_id "22_t";
4_dna	GeneMark.hmm3	gene	72836	74290	.	-	.	gene_id "23_g"; transcript_id "23_t";
4_dna	GeneMark.hmm3	mRNA	72836	74290	.	-	.	gene_id "23_g"; transcript_id "23_t";
4_dna	GeneMark.hmm3	stop_codon	72836	72838	.	-	0	gene_id "23_g"; transcript_id "23_t";
4_dna	GeneMark.hmm3	CDS	72836	73066	.	-	0	gene_id "23_g"; transcript_id "23_t"; cds_type "Terminal"; count "4_4";
4_dna	GeneMark.hmm3	intron	73067	73141	.	-	0	gene_id "23_g"; transcript_id "23_t";
4_dna	GeneMark.hmm3	CDS	73142	73378	.	-	0	gene_id "23_g"; transcript_id "23_t"; cds_type "Internal"; count "3_4";
4_dna	GeneMark.hmm3	intron	73379	73521	.	-	0	gene_id "23_g"; transcript_id "23_t";
4_dna	GeneMark.hmm3	CDS	73522	73889	.	-	2	gene_id "23_g"; transcript_id "23_t"; cds_type "Internal"; count "2_4";
4_dna	GeneMark.hmm3	intron	73890	73968	.	-	1	gene_id "23_g"; transcript_id "23_t";
4_dna	GeneMark.hmm3	CDS	73969	74290	.	-	0	gene_id "23_g"; transcript_id "23_t"; cds_type "Initial"; count "1_4";
4_dna	GeneMark.hmm3	start_codon	74288	74290	.	-	0	gene_id "23_g"; transcript_id "23_t";
4_dna	GeneMark.hmm3	gene	75090	76214	.	+	.	gene_id "24_g"; transcript_id "24_t";
4_dna	GeneMark.hmm3	mRNA	75090	76214	.	+	.	gene_id "24_g"; transcript_id "24_t";
4_dna	GeneMark.hmm3	start_codon	75090	75092	.	+	0	gene_id "24_g"; transcript_id "24_t";
4_dna	GeneMark.hmm3	CDS	75090	75255	.	+	0	gene_id "24_g"; transcript_id "24_t"; cds_type "Initial"; count "1_5";
4_dna	GeneMark.hmm3	intron	75256	75483	.	+	1	gene_id "24_g"; transcript_id "24_t";
4_dna	GeneMark.hmm3	CDS	75484	75620	.	+	2	gene_id "24_g"; transcript_id "24_t"; cds_type "Internal"; count "2_5";
4_dna	GeneMark.hmm3	intron	75621	75696	.	+	0	gene_id "24_g"; transcript_id "24_t";
4_dna	GeneMark.hmm3	CDS	75697	75754	.	+	0	gene_id "24_g"; transcript_id "24_t"; cds_type "Internal"; count "3_5";
4_dna	GeneMark.hmm3	intron	75755	75847	.	+	1	gene_id "24_g"; transcript_id "24_t";
4_dna	GeneMark.hmm3	CDS	75848	75925	.	+	2	gene_id "24_g"; transcript_id "24_t"; cds_type "Internal"; count "4_5";
4_dna	GeneMark.hmm3	intron	75926	76020	.	+	1	gene_id "24_g"; transcript_id "24_t";
4_dna	GeneMark.hmm3	CDS	76021	76214	.	+	2	gene_id "24_g"; transcript_id "24_t"; cds_type "Terminal"; count "5_5";
4_dna	GeneMark.hmm3	stop_codon	76212	76214	.	+	0	gene_id "24_g"; transcript_id "24_t";
4_dna	GeneMark.hmm3	gene	76901	79031	.	+	.	gene_id "25_g"; transcript_id "25_t";
4_dna	GeneMark.hmm3	mRNA	76901	79031	.	+	.	gene_id "25_g"; transcript_id "25_t";
4_dna	GeneMark.hmm3	start_codon	76901	76903	.	+	0	gene_id "25_g"; transcript_id "25_t";
4_dna	GeneMark.hmm3	CDS	76901	77305	.	+	0	gene_id "25_g"; transcript_id "25_t"; cds_type "Initial"; count "1_6";
4_dna	GeneMark.hmm3	intron	77306	77531	.	+	0	gene_id "25_g"; transcript_id "25_t";
4_dna	GeneMark.hmm3	CDS	77532	78021	.	+	0	gene_id "25_g"; transcript_id "25_t"; cds_type "Internal"; count "2_6";
4_dna	GeneMark.hmm3	intron	78022	78098	.	+	1	gene_id "25_g"; transcript_id "25_t";
4_dna	GeneMark.hmm3	CDS	78099	78177	.	+	2	gene_id "25_g"; transcript_id "25_t"; cds_type "Internal"; count "3_6";
4_dna	GeneMark.hmm3	intron	78178	78375	.	+	2	gene_id "25_g"; transcript_id "25_t";
4_dna	GeneMark.hmm3	CDS	78376	78556	.	+	1	gene_id "25_g"; transcript_id "25_t"; cds_type "Internal"; count "4_6";
4_dna	GeneMark.hmm3	intron	78557	78678	.	+	0	gene_id "25_g"; transcript_id "25_t";
4_dna	GeneMark.hmm3	CDS	78679	78750	.	+	0	gene_id "25_g"; transcript_id "25_t"; cds_type "Internal"; count "5_6";
4_dna	GeneMark.hmm3	intron	78751	78875	.	+	0	gene_id "25_g"; transcript_id "25_t";
4_dna	GeneMark.hmm3	CDS	78876	79031	.	+	0	gene_id "25_g"; transcript_id "25_t"; cds_type "Terminal"; count "6_6";
4_dna	GeneMark.hmm3	stop_codon	79029	79031	.	+	0	gene_id "25_g"; transcript_id "25_t";
4_dna	GeneMark.hmm3	gene	79672	80037	.	+	.	gene_id "26_g"; transcript_id "26_t";
4_dna	GeneMark.hmm3	mRNA	79672	80037	.	+	.	gene_id "26_g"; transcript_id "26_t";
4_dna	GeneMark.hmm3	start_codon	79672	79674	.	+	0	gene_id "26_g"; transcript_id "26_t";
4_dna	GeneMark.hmm3	CDS	79672	80037	.	+	0	gene_id "26_g"; transcript_id "26_t"; cds_type "Single"; count "1_1";
4_dna	GeneMark.hmm3	stop_codon	80035	80037	.	+	0	gene_id "26_g"; transcript_id "26_t";
4_dna	GeneMark.hmm3	gene	80775	82908	.	-	.	gene_id "27_g"; transcript_id "27_t";
4_dna	GeneMark.hmm3	mRNA	80775	82908	.	-	.	gene_id "27_g"; transcript_id "27_t";
4_dna	GeneMark.hmm3	stop_codon	80775	80777	.	-	0	gene_id "27_g"; transcript_id "27_t";
4_dna	GeneMark.hmm3	CDS	80775	80906	.	-	0	gene_id "27_g"; transcript_id "27_t"; cds_type "Terminal"; count "8_8";
4_dna	GeneMark.hmm3	intron	80907	81008	.	-	0	gene_id "27_g"; transcript_id "27_t";
4_dna	GeneMark.hmm3	CDS	81009	81152	.	-	0	gene_id "27_g"; transcript_id "27_t"; cds_type "Internal"; count "7_8";
4_dna	GeneMark.hmm3	intron	81153	81234	.	-	0	gene_id "27_g"; transcript_id "27_t";
4_dna	GeneMark.hmm3	CDS	81235	81297	.	-	0	gene_id "27_g"; transcript_id "27_t"; cds_type "Internal"; count "6_8";
4_dna	GeneMark.hmm3	intron	81298	81378	.	-	0	gene_id "27_g"; transcript_id "27_t";
4_dna	GeneMark.hmm3	CDS	81379	81502	.	-	1	gene_id "27_g"; transcript_id "27_t"; cds_type "Internal"; count "5_8";
4_dna	GeneMark.hmm3	intron	81503	81593	.	-	2	gene_id "27_g"; transcript_id "27_t";
4_dna	GeneMark.hmm3	CDS	81594	81820	.	-	0	gene_id "27_g"; transcript_id "27_t"; cds_type "Internal"; count "4_8";
4_dna	GeneMark.hmm3	intron	81821	81922	.	-	0	gene_id "27_g"; transcript_id "27_t";
4_dna	GeneMark.hmm3	CDS	81923	82090	.	-	0	gene_id "27_g"; transcript_id "27_t"; cds_type "Internal"; count "3_8";
4_dna	GeneMark.hmm3	intron	82091	82179	.	-	0	gene_id "27_g"; transcript_id "27_t";
4_dna	GeneMark.hmm3	CDS	82180	82330	.	-	1	gene_id "27_g"; transcript_id "27_t"; cds_type "Internal"; count "2_8";
4_dna	GeneMark.hmm3	intron	82331	82588	.	-	2	gene_id "27_g"; transcript_id "27_t";
4_dna	GeneMark.hmm3	CDS	82589	82908	.	-	0	gene_id "27_g"; transcript_id "27_t"; cds_type "Initial"; count "1_8";
4_dna	GeneMark.hmm3	start_codon	82906	82908	.	-	0	gene_id "27_g"; transcript_id "27_t";
4_dna	GeneMark.hmm3	gene	83495	86350	.	+	.	gene_id "28_g"; transcript_id "28_t";
4_dna	GeneMark.hmm3	mRNA	83495	86350	.	+	.	gene_id "28_g"; transcript_id "28_t";
4_dna	GeneMark.hmm3	start_codon	83495	83497	.	+	0	gene_id "28_g"; transcript_id "28_t";
4_dna	GeneMark.hmm3	CDS	83495	83683	.	+	0	gene_id "28_g"; transcript_id "28_t"; cds_type "Initial"; count "1_11";
4_dna	GeneMark.hmm3	intron	83684	83793	.	+	0	gene_id "28_g"; transcript_id "28_t";
4_dna	GeneMark.hmm3	CDS	83794	83851	.	+	0	gene_id "28_g"; transcript_id "28_t"; cds_type "Internal"; count "2_11";
4_dna	GeneMark.hmm3	intron	83852	83985	.	+	1	gene_id "28_g"; transcript_id "28_t";
4_dna	GeneMark.hmm3	CDS	83986	84071	.	+	2	gene_id "28_g"; transcript_id "28_t"; cds_type "Internal"; count "3_11";
4_dna	GeneMark.hmm3	intron	84072	84156	.	+	0	gene_id "28_g"; transcript_id "28_t";
4_dna	GeneMark.hmm3	CDS	84157	84204	.	+	0	gene_id "28_g"; transcript_id "28_t"; cds_type "Internal"; count "4_11";
4_dna	GeneMark.hmm3	intron	84205	84295	.	+	0	gene_id "28_g"; transcript_id "28_t";
4_dna	GeneMark.hmm3	CDS	84296	84458	.	+	0	gene_id "28_g"; transcript_id "28_t"; cds_type "Internal"; count "5_11";
4_dna	GeneMark.hmm3	intron	84459	84575	.	+	1	gene_id "28_g"; transcript_id "28_t";
4_dna	GeneMark.hmm3	CDS	84576	84886	.	+	2	gene_id "28_g"; transcript_id "28_t"; cds_type "Internal"; count "6_11";
4_dna	GeneMark.hmm3	intron	84887	84974	.	+	0	gene_id "28_g"; transcript_id "28_t";
4_dna	GeneMark.hmm3	CDS	84975	85338	.	+	0	gene_id "28_g"; transcript_id "28_t"; cds_type "Internal"; count "7_11";
4_dna	GeneMark.hmm3	intron	85339	85415	.	+	1	gene_id "28_g"; transcript_id "28_t";
4_dna	GeneMark.hmm3	CDS	85416	85572	.	+	2	gene_id "28_g"; transcript_id "28_t"; cds_type "Internal"; count "8_11";
4_dna	GeneMark.hmm3	intron	85573	85716	.	+	2	gene_id "28_g"; transcript_id "28_t";
4_dna	GeneMark.hmm3	CDS	85717	85899	.	+	1	gene_id "28_g"; transcript_id "28_t"; cds_type "Internal"; count "9_11";
4_dna	GeneMark.hmm3	intron	85900	85990	.	+	2	gene_id "28_g"; transcript_id "28_t";
4_dna	GeneMark.hmm3	CDS	85991	86051	.	+	1	gene_id "28_g"; transcript_id "28_t"; cds_type "Internal"; count "10_11";
4_dna	GeneMark.hmm3	intron	86052	86152	.	+	0	gene_id "28_g"; transcript_id "28_t";
4_dna	GeneMark.hmm3	CDS	86153	86350	.	+	0	gene_id "28_g"; transcript_id "28_t"; cds_type "Terminal"; count "11_11";
4_dna	GeneMark.hmm3	stop_codon	86348	86350	.	+	0	gene_id "28_g"; transcript_id "28_t";
4_dna	GeneMark.hmm3	gene	86704	87936	.	-	.	gene_id "29_g"; transcript_id "29_t";
4_dna	GeneMark.hmm3	mRNA	86704	87936	.	-	.	gene_id "29_g"; transcript_id "29_t";
4_dna	GeneMark.hmm3	stop_codon	86704	86706	.	-	0	gene_id "29_g"; transcript_id "29_t";
4_dna	GeneMark.hmm3	CDS	86704	86868	.	-	0	gene_id "29_g"; transcript_id "29_t"; cds_type "Terminal"; count "3_3";
4_dna	GeneMark.hmm3	intron	86869	86963	.	-	0	gene_id "29_g"; transcript_id "29_t";
4_dna	GeneMark.hmm3	CDS	86964	87378	.	-	1	gene_id "29_g"; transcript_id "29_t"; cds_type "Internal"; count "2_3";
4_dna	GeneMark.hmm3	intron	87379	87763	.	-	2	gene_id "29_g"; transcript_id "29_t";
4_dna	GeneMark.hmm3	CDS	87764	87936	.	-	0	gene_id "29_g"; transcript_id "29_t"; cds_type "Initial"; count "1_3";
4_dna	GeneMark.hmm3	start_codon	87934	87936	.	-	0	gene_id "29_g"; transcript_id "29_t";
4_dna	GeneMark.hmm3	gene	88272	93693	.	-	.	gene_id "30_g"; transcript_id "30_t";
4_dna	GeneMark.hmm3	mRNA	88272	93693	.	-	.	gene_id "30_g"; transcript_id "30_t";
4_dna	GeneMark.hmm3	stop_codon	88272	88274	.	-	0	gene_id "30_g"; transcript_id "30_t";
4_dna	GeneMark.hmm3	CDS	88272	88499	.	-	0	gene_id "30_g"; transcript_id "30_t"; cds_type "Terminal"; count "26_26";
4_dna	GeneMark.hmm3	intron	88500	88589	.	-	0	gene_id "30_g"; transcript_id "30_t";
4_dna	GeneMark.hmm3	CDS	88590	88658	.	-	0	gene_id "30_g"; transcript_id "30_t"; cds_type "Internal"; count "25_26";
4_dna	GeneMark.hmm3	intron	88659	88728	.	-	0	gene_id "30_g"; transcript_id "30_t";
4_dna	GeneMark.hmm3	CDS	88729	88983	.	-	0	gene_id "30_g"; transcript_id "30_t"; cds_type "Internal"; count "24_26";
4_dna	GeneMark.hmm3	intron	88984	89057	.	-	0	gene_id "30_g"; transcript_id "30_t";
4_dna	GeneMark.hmm3	CDS	89058	89142	.	-	1	gene_id "30_g"; transcript_id "30_t"; cds_type "Internal"; count "23_26";
4_dna	GeneMark.hmm3	intron	89143	89233	.	-	2	gene_id "30_g"; transcript_id "30_t";
4_dna	GeneMark.hmm3	CDS	89234	89346	.	-	0	gene_id "30_g"; transcript_id "30_t"; cds_type "Internal"; count "22_26";
4_dna	GeneMark.hmm3	intron	89347	89453	.	-	0	gene_id "30_g"; transcript_id "30_t";
4_dna	GeneMark.hmm3	CDS	89454	89519	.	-	0	gene_id "30_g"; transcript_id "30_t"; cds_type "Internal"; count "21_26";
4_dna	GeneMark.hmm3	intron	89520	89609	.	-	0	gene_id "30_g"; transcript_id "30_t";
4_dna	GeneMark.hmm3	CDS	89610	89735	.	-	0	gene_id "30_g"; transcript_id "30_t"; cds_type "Internal"; count "20_26";
4_dna	GeneMark.hmm3	intron	89736	89977	.	-	0	gene_id "30_g"; transcript_id "30_t";
4_dna	GeneMark.hmm3	CDS	89978	90094	.	-	0	gene_id "30_g"; transcript_id "30_t"; cds_type "Internal"; count "19_26";
4_dna	GeneMark.hmm3	intron	90095	90190	.	-	0	gene_id "30_g"; transcript_id "30_t";
4_dna	GeneMark.hmm3	CDS	90191	90199	.	-	0	gene_id "30_g"; transcript_id "30_t"; cds_type "Internal"; count "18_26";
4_dna	GeneMark.hmm3	intron	90200	90289	.	-	0	gene_id "30_g"; transcript_id "30_t";
4_dna	GeneMark.hmm3	CDS	90290	90421	.	-	0	gene_id "30_g"; transcript_id "30_t"; cds_type "Internal"; count "17_26";
4_dna	GeneMark.hmm3	intron	90422	90520	.	-	0	gene_id "30_g"; transcript_id "30_t";
4_dna	GeneMark.hmm3	CDS	90521	90657	.	-	2	gene_id "30_g"; transcript_id "30_t"; cds_type "Internal"; count "16_26";
4_dna	GeneMark.hmm3	intron	90658	90747	.	-	1	gene_id "30_g"; transcript_id "30_t";
4_dna	GeneMark.hmm3	CDS	90748	90967	.	-	0	gene_id "30_g"; transcript_id "30_t"; cds_type "Internal"; count "15_26";
4_dna	GeneMark.hmm3	intron	90968	91049	.	-	0	gene_id "30_g"; transcript_id "30_t";
4_dna	GeneMark.hmm3	CDS	91050	91106	.	-	0	gene_id "30_g"; transcript_id "30_t"; cds_type "Internal"; count "14_26";
4_dna	GeneMark.hmm3	intron	91107	91182	.	-	0	gene_id "30_g"; transcript_id "30_t";
4_dna	GeneMark.hmm3	CDS	91183	91248	.	-	0	gene_id "30_g"; transcript_id "30_t"; cds_type "Internal"; count "13_26";
4_dna	GeneMark.hmm3	intron	91249	91434	.	-	0	gene_id "30_g"; transcript_id "30_t";
4_dna	GeneMark.hmm3	CDS	91435	91524	.	-	0	gene_id "30_g"; transcript_id "30_t"; cds_type "Internal"; count "12_26";
4_dna	GeneMark.hmm3	intron	91525	91600	.	-	0	gene_id "30_g"; transcript_id "30_t";
4_dna	GeneMark.hmm3	CDS	91601	91768	.	-	0	gene_id "30_g"; transcript_id "30_t"; cds_type "Internal"; count "11_26";
4_dna	GeneMark.hmm3	intron	91769	91869	.	-	0	gene_id "30_g"; transcript_id "30_t";
4_dna	GeneMark.hmm3	CDS	91870	91963	.	-	1	gene_id "30_g"; transcript_id "30_t"; cds_type "Internal"; count "10_26";
4_dna	GeneMark.hmm3	intron	91964	92063	.	-	2	gene_id "30_g"; transcript_id "30_t";
4_dna	GeneMark.hmm3	CDS	92064	92164	.	-	0	gene_id "30_g"; transcript_id "30_t"; cds_type "Internal"; count "9_26";
4_dna	GeneMark.hmm3	intron	92165	92256	.	-	0	gene_id "30_g"; transcript_id "30_t";
4_dna	GeneMark.hmm3	CDS	92257	92370	.	-	0	gene_id "30_g"; transcript_id "30_t"; cds_type "Internal"; count "8_26";
4_dna	GeneMark.hmm3	intron	92371	92453	.	-	0	gene_id "30_g"; transcript_id "30_t";
4_dna	GeneMark.hmm3	CDS	92454	92525	.	-	0	gene_id "30_g"; transcript_id "30_t"; cds_type "Internal"; count "7_26";
4_dna	GeneMark.hmm3	intron	92526	92592	.	-	0	gene_id "30_g"; transcript_id "30_t";
4_dna	GeneMark.hmm3	CDS	92593	92796	.	-	0	gene_id "30_g"; transcript_id "30_t"; cds_type "Internal"; count "6_26";
4_dna	GeneMark.hmm3	intron	92797	92861	.	-	0	gene_id "30_g"; transcript_id "30_t";
4_dna	GeneMark.hmm3	CDS	92862	93036	.	-	1	gene_id "30_g"; transcript_id "30_t"; cds_type "Internal"; count "5_26";
4_dna	GeneMark.hmm3	intron	93037	93110	.	-	2	gene_id "30_g"; transcript_id "30_t";
4_dna	GeneMark.hmm3	CDS	93111	93199	.	-	0	gene_id "30_g"; transcript_id "30_t"; cds_type "Internal"; count "4_26";
4_dna	GeneMark.hmm3	intron	93200	93282	.	-	0	gene_id "30_g"; transcript_id "30_t";
4_dna	GeneMark.hmm3	CDS	93283	93366	.	-	0	gene_id "30_g"; transcript_id "30_t"; cds_type "Internal"; count "3_26";
4_dna	GeneMark.hmm3	intron	93367	93462	.	-	0	gene_id "30_g"; transcript_id "30_t";
4_dna	GeneMark.hmm3	CDS	93463	93605	.	-	2	gene_id "30_g"; transcript_id "30_t"; cds_type "Internal"; count "2_26";
4_dna	GeneMark.hmm3	intron	93606	93680	.	-	1	gene_id "30_g"; transcript_id "30_t";
4_dna	GeneMark.hmm3	CDS	93681	93693	.	-	0	gene_id "30_g"; transcript_id "30_t"; cds_type "Initial"; count "1_26";
4_dna	GeneMark.hmm3	start_codon	93691	93693	.	-	0	gene_id "30_g"; transcript_id "30_t";
4_dna	GeneMark.hmm3	gene	94457	96137	.	+	.	gene_id "31_g"; transcript_id "31_t";
4_dna	GeneMark.hmm3	mRNA	94457	96137	.	+	.	gene_id "31_g"; transcript_id "31_t";
4_dna	GeneMark.hmm3	start_codon	94457	94459	.	+	0	gene_id "31_g"; transcript_id "31_t";
4_dna	GeneMark.hmm3	CDS	94457	94586	.	+	0	gene_id "31_g"; transcript_id "31_t"; cds_type "Initial"; count "1_6";
4_dna	GeneMark.hmm3	intron	94587	94672	.	+	1	gene_id "31_g"; transcript_id "31_t";
4_dna	GeneMark.hmm3	CDS	94673	94905	.	+	2	gene_id "31_g"; transcript_id "31_t"; cds_type "Internal"; count "2_6";
4_dna	GeneMark.hmm3	intron	94906	95059	.	+	0	gene_id "31_g"; transcript_id "31_t";
4_dna	GeneMark.hmm3	CDS	95060	95520	.	+	0	gene_id "31_g"; transcript_id "31_t"; cds_type "Internal"; count "3_6";
4_dna	GeneMark.hmm3	intron	95521	95666	.	+	2	gene_id "31_g"; transcript_id "31_t";
4_dna	GeneMark.hmm3	CDS	95667	95705	.	+	1	gene_id "31_g"; transcript_id "31_t"; cds_type "Internal"; count "4_6";
4_dna	GeneMark.hmm3	intron	95706	95854	.	+	2	gene_id "31_g"; transcript_id "31_t";
4_dna	GeneMark.hmm3	CDS	95855	95963	.	+	1	gene_id "31_g"; transcript_id "31_t"; cds_type "Internal"; count "5_6";
4_dna	GeneMark.hmm3	intron	95964	96059	.	+	0	gene_id "31_g"; transcript_id "31_t";
4_dna	GeneMark.hmm3	CDS	96060	96137	.	+	0	gene_id "31_g"; transcript_id "31_t"; cds_type "Terminal"; count "6_6";
4_dna	GeneMark.hmm3	stop_codon	96135	96137	.	+	0	gene_id "31_g"; transcript_id "31_t";
4_dna	GeneMark.hmm3	gene	97087	97845	.	+	.	gene_id "32_g"; transcript_id "32_t";
4_dna	GeneMark.hmm3	mRNA	97087	97845	.	+	.	gene_id "32_g"; transcript_id "32_t";
4_dna	GeneMark.hmm3	start_codon	97087	97089	.	+	0	gene_id "32_g"; transcript_id "32_t";
4_dna	GeneMark.hmm3	CDS	97087	97193	.	+	0	gene_id "32_g"; transcript_id "32_t"; cds_type "Initial"; count "1_5";
4_dna	GeneMark.hmm3	intron	97194	97276	.	+	2	gene_id "32_g"; transcript_id "32_t";
4_dna	GeneMark.hmm3	CDS	97277	97356	.	+	1	gene_id "32_g"; transcript_id "32_t"; cds_type "Internal"; count "2_5";
4_dna	GeneMark.hmm3	intron	97357	97434	.	+	1	gene_id "32_g"; transcript_id "32_t";
4_dna	GeneMark.hmm3	CDS	97435	97505	.	+	2	gene_id "32_g"; transcript_id "32_t"; cds_type "Internal"; count "3_5";
4_dna	GeneMark.hmm3	intron	97506	97597	.	+	0	gene_id "32_g"; transcript_id "32_t";
4_dna	GeneMark.hmm3	CDS	97598	97651	.	+	0	gene_id "32_g"; transcript_id "32_t"; cds_type "Internal"; count "4_5";
4_dna	GeneMark.hmm3	intron	97652	97746	.	+	0	gene_id "32_g"; transcript_id "32_t";
4_dna	GeneMark.hmm3	CDS	97747	97845	.	+	0	gene_id "32_g"; transcript_id "32_t"; cds_type "Terminal"; count "5_5";
4_dna	GeneMark.hmm3	stop_codon	97843	97845	.	+	0	gene_id "32_g"; transcript_id "32_t";
4_dna	GeneMark.hmm3	gene	98211	100178	.	+	.	gene_id "33_g"; transcript_id "33_t";
4_dna	GeneMark.hmm3	mRNA	98211	100178	.	+	.	gene_id "33_g"; transcript_id "33_t";
4_dna	GeneMark.hmm3	start_codon	98211	98213	.	+	0	gene_id "33_g"; transcript_id "33_t";
4_dna	GeneMark.hmm3	CDS	98211	98323	.	+	0	gene_id "33_g"; transcript_id "33_t"; cds_type "Initial"; count "1_10";
4_dna	GeneMark.hmm3	intron	98324	98398	.	+	2	gene_id "33_g"; transcript_id "33_t";
4_dna	GeneMark.hmm3	CDS	98399	98543	.	+	1	gene_id "33_g"; transcript_id "33_t"; cds_type "Internal"; count "2_10";
4_dna	GeneMark.hmm3	intron	98544	98626	.	+	0	gene_id "33_g"; transcript_id "33_t";
4_dna	GeneMark.hmm3	CDS	98627	98717	.	+	0	gene_id "33_g"; transcript_id "33_t"; cds_type "Internal"; count "3_10";
4_dna	GeneMark.hmm3	intron	98718	98807	.	+	1	gene_id "33_g"; transcript_id "33_t";
4_dna	GeneMark.hmm3	CDS	98808	98993	.	+	2	gene_id "33_g"; transcript_id "33_t"; cds_type "Internal"; count "4_10";
4_dna	GeneMark.hmm3	intron	98994	99088	.	+	1	gene_id "33_g"; transcript_id "33_t";
4_dna	GeneMark.hmm3	CDS	99089	99318	.	+	2	gene_id "33_g"; transcript_id "33_t"; cds_type "Internal"; count "5_10";
4_dna	GeneMark.hmm3	intron	99319	99395	.	+	0	gene_id "33_g"; transcript_id "33_t";
4_dna	GeneMark.hmm3	CDS	99396	99530	.	+	0	gene_id "33_g"; transcript_id "33_t"; cds_type "Internal"; count "6_10";
4_dna	GeneMark.hmm3	intron	99531	99616	.	+	0	gene_id "33_g"; transcript_id "33_t";
4_dna	GeneMark.hmm3	CDS	99617	99684	.	+	0	gene_id "33_g"; transcript_id "33_t"; cds_type "Internal"; count "7_10";
4_dna	GeneMark.hmm3	intron	99685	99758	.	+	2	gene_id "33_g"; transcript_id "33_t";
4_dna	GeneMark.hmm3	CDS	99759	99844	.	+	1	gene_id "33_g"; transcript_id "33_t"; cds_type "Internal"; count "8_10";
4_dna	GeneMark.hmm3	intron	99845	99922	.	+	1	gene_id "33_g"; transcript_id "33_t";
4_dna	GeneMark.hmm3	CDS	99923	99931	.	+	2	gene_id "33_g"; transcript_id "33_t"; cds_type "Internal"; count "9_10";
4_dna	GeneMark.hmm3	intron	99932	100020	.	+	1	gene_id "33_g"; transcript_id "33_t";
4_dna	GeneMark.hmm3	CDS	100021	100178	.	+	2	gene_id "33_g"; transcript_id "33_t"; cds_type "Terminal"; count "10_10";
4_dna	GeneMark.hmm3	stop_codon	100176	100178	.	+	0	gene_id "33_g"; transcript_id "33_t";
4_dna	GeneMark.hmm3	gene	100462	102271	.	-	.	gene_id "34_g"; transcript_id "34_t";
4_dna	GeneMark.hmm3	mRNA	100462	102271	.	-	.	gene_id "34_g"; transcript_id "34_t";
4_dna	GeneMark.hmm3	stop_codon	100462	100464	.	-	0	gene_id "34_g"; transcript_id "34_t";
4_dna	GeneMark.hmm3	CDS	100462	100529	.	-	2	gene_id "34_g"; transcript_id "34_t"; cds_type "Terminal"; count "9_9";
4_dna	GeneMark.hmm3	intron	100530	100616	.	-	1	gene_id "34_g"; transcript_id "34_t";
4_dna	GeneMark.hmm3	CDS	100617	100851	.	-	0	gene_id "34_g"; transcript_id "34_t"; cds_type "Internal"; count "8_9";
4_dna	GeneMark.hmm3	intron	100852	100934	.	-	0	gene_id "34_g"; transcript_id "34_t";
4_dna	GeneMark.hmm3	CDS	100935	100997	.	-	0	gene_id "34_g"; transcript_id "34_t"; cds_type "Internal"; count "7_9";
4_dna	GeneMark.hmm3	intron	100998	101091	.	-	0	gene_id "34_g"; transcript_id "34_t";
4_dna	GeneMark.hmm3	CDS	101092	101169	.	-	0	gene_id "34_g"; transcript_id "34_t"; cds_type "Internal"; count "6_9";
4_dna	GeneMark.hmm3	intron	101170	101270	.	-	0	gene_id "34_g"; transcript_id "34_t";
4_dna	GeneMark.hmm3	CDS	101271	101362	.	-	2	gene_id "34_g"; transcript_id "34_t"; cds_type "Internal"; count "5_9";
4_dna	GeneMark.hmm3	intron	101363	101445	.	-	1	gene_id "34_g"; transcript_id "34_t";
4_dna	GeneMark.hmm3	CDS	101446	101524	.	-	0	gene_id "34_g"; transcript_id "34_t"; cds_type "Internal"; count "4_9";
4_dna	GeneMark.hmm3	intron	101525	101608	.	-	0	gene_id "34_g"; transcript_id "34_t";
4_dna	GeneMark.hmm3	CDS	101609	101742	.	-	2	gene_id "34_g"; transcript_id "34_t"; cds_type "Internal"; count "3_9";
4_dna	GeneMark.hmm3	intron	101743	101830	.	-	1	gene_id "34_g"; transcript_id "34_t";
4_dna	GeneMark.hmm3	CDS	101831	102059	.	-	0	gene_id "34_g"; transcript_id "34_t"; cds_type "Internal"; count "2_9";
4_dna	GeneMark.hmm3	intron	102060	102166	.	-	0	gene_id "34_g"; transcript_id "34_t";
4_dna	GeneMark.hmm3	CDS	102167	102271	.	-	0	gene_id "34_g"; transcript_id "34_t"; cds_type "Initial"; count "1_9";
4_dna	GeneMark.hmm3	start_codon	102269	102271	.	-	0	gene_id "34_g"; transcript_id "34_t";
4_dna	GeneMark.hmm3	gene	102907	104862	.	-	.	gene_id "35_g"; transcript_id "35_t";
4_dna	GeneMark.hmm3	mRNA	102907	104862	.	-	.	gene_id "35_g"; transcript_id "35_t";
4_dna	GeneMark.hmm3	stop_codon	102907	102909	.	-	0	gene_id "35_g"; transcript_id "35_t";
4_dna	GeneMark.hmm3	CDS	102907	104862	.	-	0	gene_id "35_g"; transcript_id "35_t"; cds_type "Single"; count "1_1";
4_dna	GeneMark.hmm3	start_codon	104860	104862	.	-	0	gene_id "35_g"; transcript_id "35_t";
4_dna	GeneMark.hmm3	gene	105940	108693	.	-	.	gene_id "36_g"; transcript_id "36_t";
4_dna	GeneMark.hmm3	mRNA	105940	108693	.	-	.	gene_id "36_g"; transcript_id "36_t";
4_dna	GeneMark.hmm3	stop_codon	105940	105942	.	-	0	gene_id "36_g"; transcript_id "36_t";
4_dna	GeneMark.hmm3	CDS	105940	106098	.	-	0	gene_id "36_g"; transcript_id "36_t"; cds_type "Terminal"; count "12_12";
4_dna	GeneMark.hmm3	intron	106099	106193	.	-	0	gene_id "36_g"; transcript_id "36_t";
4_dna	GeneMark.hmm3	CDS	106194	106367	.	-	0	gene_id "36_g"; transcript_id "36_t"; cds_type "Internal"; count "11_12";
4_dna	GeneMark.hmm3	intron	106368	106472	.	-	0	gene_id "36_g"; transcript_id "36_t";
4_dna	GeneMark.hmm3	CDS	106473	106535	.	-	0	gene_id "36_g"; transcript_id "36_t"; cds_type "Internal"; count "10_12";
4_dna	GeneMark.hmm3	intron	106536	106631	.	-	0	gene_id "36_g"; transcript_id "36_t";
4_dna	GeneMark.hmm3	CDS	106632	106739	.	-	0	gene_id "36_g"; transcript_id "36_t"; cds_type "Internal"; count "9_12";
4_dna	GeneMark.hmm3	intron	106740	106823	.	-	0	gene_id "36_g"; transcript_id "36_t";
4_dna	GeneMark.hmm3	CDS	106824	106939	.	-	2	gene_id "36_g"; transcript_id "36_t"; cds_type "Internal"; count "8_12";
4_dna	GeneMark.hmm3	intron	106940	107024	.	-	1	gene_id "36_g"; transcript_id "36_t";
4_dna	GeneMark.hmm3	CDS	107025	107151	.	-	0	gene_id "36_g"; transcript_id "36_t"; cds_type "Internal"; count "7_12";
4_dna	GeneMark.hmm3	intron	107152	107244	.	-	0	gene_id "36_g"; transcript_id "36_t";
4_dna	GeneMark.hmm3	CDS	107245	107414	.	-	2	gene_id "36_g"; transcript_id "36_t"; cds_type "Internal"; count "6_12";
4_dna	GeneMark.hmm3	intron	107415	107506	.	-	1	gene_id "36_g"; transcript_id "36_t";
4_dna	GeneMark.hmm3	CDS	107507	107585	.	-	0	gene_id "36_g"; transcript_id "36_t"; cds_type "Internal"; count "5_12";
4_dna	GeneMark.hmm3	intron	107586	107674	.	-	0	gene_id "36_g"; transcript_id "36_t";
4_dna	GeneMark.hmm3	CDS	107675	107786	.	-	1	gene_id "36_g"; transcript_id "36_t"; cds_type "Internal"; count "4_12";
4_dna	GeneMark.hmm3	intron	107787	107887	.	-	2	gene_id "36_g"; transcript_id "36_t";
4_dna	GeneMark.hmm3	CDS	107888	107929	.	-	1	gene_id "36_g"; transcript_id "36_t"; cds_type "Internal"; count "3_12";
4_dna	GeneMark.hmm3	intron	107930	108010	.	-	2	gene_id "36_g"; transcript_id "36_t";
4_dna	GeneMark.hmm3	CDS	108011	108141	.	-	0	gene_id "36_g"; transcript_id "36_t"; cds_type "Internal"; count "2_12";
4_dna	GeneMark.hmm3	intron	108142	108402	.	-	0	gene_id "36_g"; transcript_id "36_t";
4_dna	GeneMark.hmm3	CDS	108403	108693	.	-	0	gene_id "36_g"; transcript_id "36_t"; cds_type "Initial"; count "1_12";
4_dna	GeneMark.hmm3	start_codon	108691	108693	.	-	0	gene_id "36_g"; transcript_id "36_t";
4_dna	GeneMark.hmm3	gene	110436	113132	.	+	.	gene_id "37_g"; transcript_id "37_t";
4_dna	GeneMark.hmm3	mRNA	110436	113132	.	+	.	gene_id "37_g"; transcript_id "37_t";
4_dna	GeneMark.hmm3	start_codon	110436	110438	.	+	0	gene_id "37_g"; transcript_id "37_t";
4_dna	GeneMark.hmm3	CDS	110436	110538	.	+	0	gene_id "37_g"; transcript_id "37_t"; cds_type "Initial"; count "1_7";
4_dna	GeneMark.hmm3	intron	110539	110636	.	+	1	gene_id "37_g"; transcript_id "37_t";
4_dna	GeneMark.hmm3	CDS	110637	110771	.	+	2	gene_id "37_g"; transcript_id "37_t"; cds_type "Internal"; count "2_7";
4_dna	GeneMark.hmm3	intron	110772	110913	.	+	1	gene_id "37_g"; transcript_id "37_t";
4_dna	GeneMark.hmm3	CDS	110914	111137	.	+	2	gene_id "37_g"; transcript_id "37_t"; cds_type "Internal"; count "3_7";
4_dna	GeneMark.hmm3	intron	111138	111223	.	+	0	gene_id "37_g"; transcript_id "37_t";
4_dna	GeneMark.hmm3	CDS	111224	111415	.	+	0	gene_id "37_g"; transcript_id "37_t"; cds_type "Internal"; count "4_7";
4_dna	GeneMark.hmm3	intron	111416	111968	.	+	0	gene_id "37_g"; transcript_id "37_t";
4_dna	GeneMark.hmm3	CDS	111969	112038	.	+	0	gene_id "37_g"; transcript_id "37_t"; cds_type "Internal"; count "5_7";
4_dna	GeneMark.hmm3	intron	112039	112127	.	+	1	gene_id "37_g"; transcript_id "37_t";
4_dna	GeneMark.hmm3	CDS	112128	112546	.	+	2	gene_id "37_g"; transcript_id "37_t"; cds_type "Internal"; count "6_7";
4_dna	GeneMark.hmm3	intron	112547	112637	.	+	0	gene_id "37_g"; transcript_id "37_t";
4_dna	GeneMark.hmm3	CDS	112638	113132	.	+	0	gene_id "37_g"; transcript_id "37_t"; cds_type "Terminal"; count "7_7";
4_dna	GeneMark.hmm3	stop_codon	113130	113132	.	+	0	gene_id "37_g"; transcript_id "37_t";
4_dna	GeneMark.hmm3	gene	115607	117460	.	+	.	gene_id "39_g"; transcript_id "39_t";
4_dna	GeneMark.hmm3	mRNA	115607	117460	.	+	.	gene_id "39_g"; transcript_id "39_t";
4_dna	GeneMark.hmm3	start_codon	115607	115609	.	+	0	gene_id "39_g"; transcript_id "39_t";
4_dna	GeneMark.hmm3	CDS	115607	115702	.	+	0	gene_id "39_g"; transcript_id "39_t"; cds_type "Initial"; count "1_10";
4_dna	GeneMark.hmm3	intron	115703	115788	.	+	0	gene_id "39_g"; transcript_id "39_t";
4_dna	GeneMark.hmm3	CDS	115789	115889	.	+	0	gene_id "39_g"; transcript_id "39_t"; cds_type "Internal"; count "2_10";
4_dna	GeneMark.hmm3	intron	115890	115978	.	+	2	gene_id "39_g"; transcript_id "39_t";
4_dna	GeneMark.hmm3	CDS	115979	116079	.	+	1	gene_id "39_g"; transcript_id "39_t"; cds_type "Internal"; count "3_10";
4_dna	GeneMark.hmm3	intron	116080	116158	.	+	1	gene_id "39_g"; transcript_id "39_t";
4_dna	GeneMark.hmm3	CDS	116159	116225	.	+	2	gene_id "39_g"; transcript_id "39_t"; cds_type "Internal"; count "4_10";
4_dna	GeneMark.hmm3	intron	116226	116311	.	+	2	gene_id "39_g"; transcript_id "39_t";
4_dna	GeneMark.hmm3	CDS	116312	116411	.	+	1	gene_id "39_g"; transcript_id "39_t"; cds_type "Internal"; count "5_10";
4_dna	GeneMark.hmm3	intron	116412	116488	.	+	0	gene_id "39_g"; transcript_id "39_t";
4_dna	GeneMark.hmm3	CDS	116489	116602	.	+	0	gene_id "39_g"; transcript_id "39_t"; cds_type "Internal"; count "6_10";
4_dna	GeneMark.hmm3	intron	116603	116737	.	+	0	gene_id "39_g"; transcript_id "39_t";
4_dna	GeneMark.hmm3	CDS	116738	116875	.	+	0	gene_id "39_g"; transcript_id "39_t"; cds_type "Internal"; count "7_10";
4_dna	GeneMark.hmm3	intron	116876	116982	.	+	0	gene_id "39_g"; transcript_id "39_t";
4_dna	GeneMark.hmm3	CDS	116983	117067	.	+	0	gene_id "39_g"; transcript_id "39_t"; cds_type "Internal"; count "8_10";
4_dna	GeneMark.hmm3	intron	117068	117165	.	+	1	gene_id "39_g"; transcript_id "39_t";
4_dna	GeneMark.hmm3	CDS	117166	117215	.	+	2	gene_id "39_g"; transcript_id "39_t"; cds_type "Internal"; count "9_10";
4_dna	GeneMark.hmm3	intron	117216	117316	.	+	0	gene_id "39_g"; transcript_id "39_t";
4_dna	GeneMark.hmm3	CDS	117317	117460	.	+	0	gene_id "39_g"; transcript_id "39_t"; cds_type "Terminal"; count "10_10";
4_dna	GeneMark.hmm3	stop_codon	117458	117460	.	+	0	gene_id "39_g"; transcript_id "39_t";
4_dna	GeneMark.hmm3	gene	118309	119635	.	+	.	gene_id "41_g"; transcript_id "41_t";
4_dna	GeneMark.hmm3	mRNA	118309	119635	.	+	.	gene_id "41_g"; transcript_id "41_t";
4_dna	GeneMark.hmm3	start_codon	118309	118311	.	+	0	gene_id "41_g"; transcript_id "41_t";
4_dna	GeneMark.hmm3	CDS	118309	119060	.	+	0	gene_id "41_g"; transcript_id "41_t"; cds_type "Initial"; count "1_2";
4_dna	GeneMark.hmm3	intron	119061	119466	.	+	2	gene_id "41_g"; transcript_id "41_t";
4_dna	GeneMark.hmm3	CDS	119467	119635	.	+	1	gene_id "41_g"; transcript_id "41_t"; cds_type "Terminal"; count "2_2";
4_dna	GeneMark.hmm3	stop_codon	119633	119635	.	+	0	gene_id "41_g"; transcript_id "41_t";
4_dna	GeneMark.hmm3	gene	122766	124822	.	-	.	gene_id "43_g"; transcript_id "43_t";
4_dna	GeneMark.hmm3	mRNA	122766	124822	.	-	.	gene_id "43_g"; transcript_id "43_t";
4_dna	GeneMark.hmm3	stop_codon	122766	122768	.	-	0	gene_id "43_g"; transcript_id "43_t";
4_dna	GeneMark.hmm3	CDS	122766	123795	.	-	1	gene_id "43_g"; transcript_id "43_t"; cds_type "Terminal"; count "4_4";
4_dna	GeneMark.hmm3	intron	123796	123874	.	-	2	gene_id "43_g"; transcript_id "43_t";
4_dna	GeneMark.hmm3	CDS	123875	123999	.	-	0	gene_id "43_g"; transcript_id "43_t"; cds_type "Internal"; count "3_4";
4_dna	GeneMark.hmm3	intron	124000	124088	.	-	0	gene_id "43_g"; transcript_id "43_t";
4_dna	GeneMark.hmm3	CDS	124089	124223	.	-	0	gene_id "43_g"; transcript_id "43_t"; cds_type "Internal"; count "2_4";
4_dna	GeneMark.hmm3	intron	124224	124765	.	-	0	gene_id "43_g"; transcript_id "43_t";
4_dna	GeneMark.hmm3	CDS	124766	124822	.	-	0	gene_id "43_g"; transcript_id "43_t"; cds_type "Initial"; count "1_4";
4_dna	GeneMark.hmm3	start_codon	124820	124822	.	-	0	gene_id "43_g"; transcript_id "43_t";
