# Eukaryotic GeneMark.hmm version 3.68
# Sequence name: /home/genomika25/studenci/dmyboi/sequence_adnotation_home_work_cw3/BRAKER/example/braker/GeneMark-ET/output/data/dna.fa_7
# FASTA defline: >dna.fa_7	7_dna	1	125100
# Sequence length: 125100 bp
# G+C content: 36.47%
# Matrices file: /home/genomika25/studenci/dmyboi/sequence_adnotation_home_work_cw3/BRAKER/example/braker/GeneMark-ET/output/gmhmm.mod
# Mon Nov  3 22:17:38 2025
# FASTA definition line: >dna.fa_7	7_dna	1	125100
# sequence-region 7_dna 1 125100
7_dna	GeneMark.hmm3	gene	575	1508	.	+	.	gene_id "1_g"; transcript_id "1_t";
7_dna	GeneMark.hmm3	mRNA	575	1508	.	+	.	gene_id "1_g"; transcript_id "1_t";
7_dna	GeneMark.hmm3	start_codon	575	577	.	+	0	gene_id "1_g"; transcript_id "1_t";
7_dna	GeneMark.hmm3	CDS	575	679	.	+	0	gene_id "1_g"; transcript_id "1_t"; cds_type "Initial"; count "1_4";
7_dna	GeneMark.hmm3	intron	680	864	.	+	0	gene_id "1_g"; transcript_id "1_t";
7_dna	GeneMark.hmm3	CDS	865	1027	.	+	0	gene_id "1_g"; transcript_id "1_t"; cds_type "Internal"; count "2_4";
7_dna	GeneMark.hmm3	intron	1028	1126	.	+	1	gene_id "1_g"; transcript_id "1_t";
7_dna	GeneMark.hmm3	CDS	1127	1283	.	+	2	gene_id "1_g"; transcript_id "1_t"; cds_type "Internal"; count "3_4";
7_dna	GeneMark.hmm3	intron	1284	1432	.	+	2	gene_id "1_g"; transcript_id "1_t";
7_dna	GeneMark.hmm3	CDS	1433	1508	.	+	1	gene_id "1_g"; transcript_id "1_t"; cds_type "Terminal"; count "4_4";
7_dna	GeneMark.hmm3	stop_codon	1506	1508	.	+	0	gene_id "1_g"; transcript_id "1_t";
7_dna	GeneMark.hmm3	gene	1948	2625	.	-	.	gene_id "2_g"; transcript_id "2_t";
7_dna	GeneMark.hmm3	mRNA	1948	2625	.	-	.	gene_id "2_g"; transcript_id "2_t";
7_dna	GeneMark.hmm3	stop_codon	1948	1950	.	-	0	gene_id "2_g"; transcript_id "2_t";
7_dna	GeneMark.hmm3	CDS	1948	2625	.	-	0	gene_id "2_g"; transcript_id "2_t"; cds_type "Single"; count "1_1";
7_dna	GeneMark.hmm3	start_codon	2623	2625	.	-	0	gene_id "2_g"; transcript_id "2_t";
7_dna	GeneMark.hmm3	gene	7292	9904	.	+	.	gene_id "3_g"; transcript_id "3_t";
7_dna	GeneMark.hmm3	mRNA	7292	9904	.	+	.	gene_id "3_g"; transcript_id "3_t";
7_dna	GeneMark.hmm3	start_codon	7292	7294	.	+	0	gene_id "3_g"; transcript_id "3_t";
7_dna	GeneMark.hmm3	CDS	7292	9904	.	+	0	gene_id "3_g"; transcript_id "3_t"; cds_type "Single"; count "1_1";
7_dna	GeneMark.hmm3	stop_codon	9902	9904	.	+	0	gene_id "3_g"; transcript_id "3_t";
7_dna	GeneMark.hmm3	gene	10168	13452	.	-	.	gene_id "4_g"; transcript_id "4_t";
7_dna	GeneMark.hmm3	mRNA	10168	13452	.	-	.	gene_id "4_g"; transcript_id "4_t";
7_dna	GeneMark.hmm3	stop_codon	10168	10170	.	-	0	gene_id "4_g"; transcript_id "4_t";
7_dna	GeneMark.hmm3	CDS	10168	10345	.	-	1	gene_id "4_g"; transcript_id "4_t"; cds_type "Terminal"; count "11_11";
7_dna	GeneMark.hmm3	intron	10346	10425	.	-	2	gene_id "4_g"; transcript_id "4_t";
7_dna	GeneMark.hmm3	CDS	10426	10616	.	-	0	gene_id "4_g"; transcript_id "4_t"; cds_type "Internal"; count "10_11";
7_dna	GeneMark.hmm3	intron	10617	10702	.	-	0	gene_id "4_g"; transcript_id "4_t";
7_dna	GeneMark.hmm3	CDS	10703	10919	.	-	1	gene_id "4_g"; transcript_id "4_t"; cds_type "Internal"; count "9_11";
7_dna	GeneMark.hmm3	intron	10920	11007	.	-	2	gene_id "4_g"; transcript_id "4_t";
7_dna	GeneMark.hmm3	CDS	11008	11429	.	-	0	gene_id "4_g"; transcript_id "4_t"; cds_type "Internal"; count "8_11";
7_dna	GeneMark.hmm3	intron	11430	11509	.	-	0	gene_id "4_g"; transcript_id "4_t";
7_dna	GeneMark.hmm3	CDS	11510	11638	.	-	0	gene_id "4_g"; transcript_id "4_t"; cds_type "Internal"; count "7_11";
7_dna	GeneMark.hmm3	intron	11639	11724	.	-	0	gene_id "4_g"; transcript_id "4_t";
7_dna	GeneMark.hmm3	CDS	11725	11856	.	-	0	gene_id "4_g"; transcript_id "4_t"; cds_type "Internal"; count "6_11";
7_dna	GeneMark.hmm3	intron	11857	11946	.	-	0	gene_id "4_g"; transcript_id "4_t";
7_dna	GeneMark.hmm3	CDS	11947	12147	.	-	0	gene_id "4_g"; transcript_id "4_t"; cds_type "Internal"; count "5_11";
7_dna	GeneMark.hmm3	intron	12148	12232	.	-	0	gene_id "4_g"; transcript_id "4_t";
7_dna	GeneMark.hmm3	CDS	12233	12374	.	-	1	gene_id "4_g"; transcript_id "4_t"; cds_type "Internal"; count "4_11";
7_dna	GeneMark.hmm3	intron	12375	12453	.	-	2	gene_id "4_g"; transcript_id "4_t";
7_dna	GeneMark.hmm3	CDS	12454	12676	.	-	2	gene_id "4_g"; transcript_id "4_t"; cds_type "Internal"; count "3_11";
7_dna	GeneMark.hmm3	intron	12677	12752	.	-	1	gene_id "4_g"; transcript_id "4_t";
7_dna	GeneMark.hmm3	CDS	12753	12916	.	-	1	gene_id "4_g"; transcript_id "4_t"; cds_type "Internal"; count "2_11";
7_dna	GeneMark.hmm3	intron	12917	13087	.	-	2	gene_id "4_g"; transcript_id "4_t";
7_dna	GeneMark.hmm3	CDS	13088	13452	.	-	0	gene_id "4_g"; transcript_id "4_t"; cds_type "Initial"; count "1_11";
7_dna	GeneMark.hmm3	start_codon	13450	13452	.	-	0	gene_id "4_g"; transcript_id "4_t";
7_dna	GeneMark.hmm3	gene	13838	15084	.	-	.	gene_id "5_g"; transcript_id "5_t";
7_dna	GeneMark.hmm3	mRNA	13838	15084	.	-	.	gene_id "5_g"; transcript_id "5_t";
7_dna	GeneMark.hmm3	stop_codon	13838	13840	.	-	0	gene_id "5_g"; transcript_id "5_t";
7_dna	GeneMark.hmm3	CDS	13838	13968	.	-	2	gene_id "5_g"; transcript_id "5_t"; cds_type "Terminal"; count "7_7";
7_dna	GeneMark.hmm3	intron	13969	14048	.	-	1	gene_id "5_g"; transcript_id "5_t";
7_dna	GeneMark.hmm3	CDS	14049	14142	.	-	0	gene_id "5_g"; transcript_id "5_t"; cds_type "Internal"; count "6_7";
7_dna	GeneMark.hmm3	intron	14143	14226	.	-	0	gene_id "5_g"; transcript_id "5_t";
7_dna	GeneMark.hmm3	CDS	14227	14309	.	-	2	gene_id "5_g"; transcript_id "5_t"; cds_type "Internal"; count "5_7";
7_dna	GeneMark.hmm3	intron	14310	14403	.	-	1	gene_id "5_g"; transcript_id "5_t";
7_dna	GeneMark.hmm3	CDS	14404	14414	.	-	1	gene_id "5_g"; transcript_id "5_t"; cds_type "Internal"; count "4_7";
7_dna	GeneMark.hmm3	intron	14415	14455	.	-	2	gene_id "5_g"; transcript_id "5_t";
7_dna	GeneMark.hmm3	CDS	14456	14606	.	-	2	gene_id "5_g"; transcript_id "5_t"; cds_type "Internal"; count "3_7";
7_dna	GeneMark.hmm3	intron	14607	14684	.	-	1	gene_id "5_g"; transcript_id "5_t";
7_dna	GeneMark.hmm3	CDS	14685	14772	.	-	0	gene_id "5_g"; transcript_id "5_t"; cds_type "Internal"; count "2_7";
7_dna	GeneMark.hmm3	intron	14773	14859	.	-	0	gene_id "5_g"; transcript_id "5_t";
7_dna	GeneMark.hmm3	CDS	14860	15084	.	-	0	gene_id "5_g"; transcript_id "5_t"; cds_type "Initial"; count "1_7";
7_dna	GeneMark.hmm3	start_codon	15082	15084	.	-	0	gene_id "5_g"; transcript_id "5_t";
7_dna	GeneMark.hmm3	gene	15522	16785	.	+	.	gene_id "6_g"; transcript_id "6_t";
7_dna	GeneMark.hmm3	mRNA	15522	16785	.	+	.	gene_id "6_g"; transcript_id "6_t";
7_dna	GeneMark.hmm3	start_codon	15522	15524	.	+	0	gene_id "6_g"; transcript_id "6_t";
7_dna	GeneMark.hmm3	CDS	15522	15590	.	+	0	gene_id "6_g"; transcript_id "6_t"; cds_type "Initial"; count "1_4";
7_dna	GeneMark.hmm3	intron	15591	15678	.	+	0	gene_id "6_g"; transcript_id "6_t";
7_dna	GeneMark.hmm3	CDS	15679	16189	.	+	0	gene_id "6_g"; transcript_id "6_t"; cds_type "Internal"; count "2_4";
7_dna	GeneMark.hmm3	intron	16190	16296	.	+	1	gene_id "6_g"; transcript_id "6_t";
7_dna	GeneMark.hmm3	CDS	16297	16388	.	+	2	gene_id "6_g"; transcript_id "6_t"; cds_type "Internal"; count "3_4";
7_dna	GeneMark.hmm3	intron	16389	16479	.	+	0	gene_id "6_g"; transcript_id "6_t";
7_dna	GeneMark.hmm3	CDS	16480	16785	.	+	0	gene_id "6_g"; transcript_id "6_t"; cds_type "Terminal"; count "4_4";
7_dna	GeneMark.hmm3	stop_codon	16783	16785	.	+	0	gene_id "6_g"; transcript_id "6_t";
7_dna	GeneMark.hmm3	gene	18216	19321	.	-	.	gene_id "8_g"; transcript_id "8_t";
7_dna	GeneMark.hmm3	mRNA	18216	19321	.	-	.	gene_id "8_g"; transcript_id "8_t";
7_dna	GeneMark.hmm3	stop_codon	18216	18218	.	-	0	gene_id "8_g"; transcript_id "8_t";
7_dna	GeneMark.hmm3	CDS	18216	18407	.	-	0	gene_id "8_g"; transcript_id "8_t"; cds_type "Terminal"; count "4_4";
7_dna	GeneMark.hmm3	intron	18408	18494	.	-	0	gene_id "8_g"; transcript_id "8_t";
7_dna	GeneMark.hmm3	CDS	18495	18874	.	-	2	gene_id "8_g"; transcript_id "8_t"; cds_type "Internal"; count "3_4";
7_dna	GeneMark.hmm3	intron	18875	18958	.	-	1	gene_id "8_g"; transcript_id "8_t";
7_dna	GeneMark.hmm3	CDS	18959	19110	.	-	1	gene_id "8_g"; transcript_id "8_t"; cds_type "Internal"; count "2_4";
7_dna	GeneMark.hmm3	intron	19111	19208	.	-	2	gene_id "8_g"; transcript_id "8_t";
7_dna	GeneMark.hmm3	CDS	19209	19321	.	-	0	gene_id "8_g"; transcript_id "8_t"; cds_type "Initial"; count "1_4";
7_dna	GeneMark.hmm3	start_codon	19319	19321	.	-	0	gene_id "8_g"; transcript_id "8_t";
7_dna	GeneMark.hmm3	gene	20636	21118	.	-	.	gene_id "9_g"; transcript_id "9_t";
7_dna	GeneMark.hmm3	mRNA	20636	21118	.	-	.	gene_id "9_g"; transcript_id "9_t";
7_dna	GeneMark.hmm3	stop_codon	20636	20638	.	-	0	gene_id "9_g"; transcript_id "9_t";
7_dna	GeneMark.hmm3	CDS	20636	21118	.	-	0	gene_id "9_g"; transcript_id "9_t"; cds_type "Single"; count "1_1";
7_dna	GeneMark.hmm3	start_codon	21116	21118	.	-	0	gene_id "9_g"; transcript_id "9_t";
7_dna	GeneMark.hmm3	gene	23017	23575	.	-	.	gene_id "10_g"; transcript_id "10_t";
7_dna	GeneMark.hmm3	mRNA	23017	23575	.	-	.	gene_id "10_g"; transcript_id "10_t";
7_dna	GeneMark.hmm3	stop_codon	23017	23019	.	-	0	gene_id "10_g"; transcript_id "10_t";
7_dna	GeneMark.hmm3	CDS	23017	23210	.	-	2	gene_id "10_g"; transcript_id "10_t"; cds_type "Terminal"; count "2_2";
7_dna	GeneMark.hmm3	intron	23211	23280	.	-	1	gene_id "10_g"; transcript_id "10_t";
7_dna	GeneMark.hmm3	CDS	23281	23575	.	-	0	gene_id "10_g"; transcript_id "10_t"; cds_type "Initial"; count "1_2";
7_dna	GeneMark.hmm3	start_codon	23573	23575	.	-	0	gene_id "10_g"; transcript_id "10_t";
7_dna	GeneMark.hmm3	gene	23942	25105	.	+	.	gene_id "11_g"; transcript_id "11_t";
7_dna	GeneMark.hmm3	mRNA	23942	25105	.	+	.	gene_id "11_g"; transcript_id "11_t";
7_dna	GeneMark.hmm3	start_codon	23942	23944	.	+	0	gene_id "11_g"; transcript_id "11_t";
7_dna	GeneMark.hmm3	CDS	23942	25105	.	+	0	gene_id "11_g"; transcript_id "11_t"; cds_type "Single"; count "1_1";
7_dna	GeneMark.hmm3	stop_codon	25103	25105	.	+	0	gene_id "11_g"; transcript_id "11_t";
7_dna	GeneMark.hmm3	gene	27704	35124	.	-	.	gene_id "12_g"; transcript_id "12_t";
7_dna	GeneMark.hmm3	mRNA	27704	35124	.	-	.	gene_id "12_g"; transcript_id "12_t";
7_dna	GeneMark.hmm3	stop_codon	27704	27706	.	-	0	gene_id "12_g"; transcript_id "12_t";
7_dna	GeneMark.hmm3	CDS	27704	27793	.	-	0	gene_id "12_g"; transcript_id "12_t"; cds_type "Terminal"; count "27_27";
7_dna	GeneMark.hmm3	intron	27794	27899	.	-	0	gene_id "12_g"; transcript_id "12_t";
7_dna	GeneMark.hmm3	CDS	27900	27987	.	-	1	gene_id "12_g"; transcript_id "12_t"; cds_type "Internal"; count "26_27";
7_dna	GeneMark.hmm3	intron	27988	28068	.	-	2	gene_id "12_g"; transcript_id "12_t";
7_dna	GeneMark.hmm3	CDS	28069	28157	.	-	0	gene_id "12_g"; transcript_id "12_t"; cds_type "Internal"; count "25_27";
7_dna	GeneMark.hmm3	intron	28158	28239	.	-	0	gene_id "12_g"; transcript_id "12_t";
7_dna	GeneMark.hmm3	CDS	28240	28291	.	-	1	gene_id "12_g"; transcript_id "12_t"; cds_type "Internal"; count "24_27";
7_dna	GeneMark.hmm3	intron	28292	28409	.	-	2	gene_id "12_g"; transcript_id "12_t";
7_dna	GeneMark.hmm3	CDS	28410	28496	.	-	1	gene_id "12_g"; transcript_id "12_t"; cds_type "Internal"; count "23_27";
7_dna	GeneMark.hmm3	intron	28497	28619	.	-	2	gene_id "12_g"; transcript_id "12_t";
7_dna	GeneMark.hmm3	CDS	28620	28684	.	-	0	gene_id "12_g"; transcript_id "12_t"; cds_type "Internal"; count "22_27";
7_dna	GeneMark.hmm3	intron	28685	28765	.	-	0	gene_id "12_g"; transcript_id "12_t";
7_dna	GeneMark.hmm3	CDS	28766	28811	.	-	1	gene_id "12_g"; transcript_id "12_t"; cds_type "Internal"; count "21_27";
7_dna	GeneMark.hmm3	intron	28812	28893	.	-	2	gene_id "12_g"; transcript_id "12_t";
7_dna	GeneMark.hmm3	CDS	28894	28997	.	-	0	gene_id "12_g"; transcript_id "12_t"; cds_type "Internal"; count "20_27";
7_dna	GeneMark.hmm3	intron	28998	29082	.	-	0	gene_id "12_g"; transcript_id "12_t";
7_dna	GeneMark.hmm3	CDS	29083	29197	.	-	1	gene_id "12_g"; transcript_id "12_t"; cds_type "Internal"; count "19_27";
7_dna	GeneMark.hmm3	intron	29198	29269	.	-	2	gene_id "12_g"; transcript_id "12_t";
7_dna	GeneMark.hmm3	CDS	29270	29361	.	-	0	gene_id "12_g"; transcript_id "12_t"; cds_type "Internal"; count "18_27";
7_dna	GeneMark.hmm3	intron	29362	29445	.	-	0	gene_id "12_g"; transcript_id "12_t";
7_dna	GeneMark.hmm3	CDS	29446	29657	.	-	2	gene_id "12_g"; transcript_id "12_t"; cds_type "Internal"; count "17_27";
7_dna	GeneMark.hmm3	intron	29658	29742	.	-	1	gene_id "12_g"; transcript_id "12_t";
7_dna	GeneMark.hmm3	CDS	29743	29858	.	-	1	gene_id "12_g"; transcript_id "12_t"; cds_type "Internal"; count "16_27";
7_dna	GeneMark.hmm3	intron	29859	29947	.	-	2	gene_id "12_g"; transcript_id "12_t";
7_dna	GeneMark.hmm3	CDS	29948	30048	.	-	0	gene_id "12_g"; transcript_id "12_t"; cds_type "Internal"; count "15_27";
7_dna	GeneMark.hmm3	intron	30049	30136	.	-	0	gene_id "12_g"; transcript_id "12_t";
7_dna	GeneMark.hmm3	CDS	30137	30211	.	-	0	gene_id "12_g"; transcript_id "12_t"; cds_type "Internal"; count "14_27";
7_dna	GeneMark.hmm3	intron	30212	30295	.	-	0	gene_id "12_g"; transcript_id "12_t";
7_dna	GeneMark.hmm3	CDS	30296	30458	.	-	1	gene_id "12_g"; transcript_id "12_t"; cds_type "Internal"; count "13_27";
7_dna	GeneMark.hmm3	intron	30459	30543	.	-	2	gene_id "12_g"; transcript_id "12_t";
7_dna	GeneMark.hmm3	CDS	30544	31049	.	-	0	gene_id "12_g"; transcript_id "12_t"; cds_type "Internal"; count "12_27";
7_dna	GeneMark.hmm3	intron	31050	31147	.	-	0	gene_id "12_g"; transcript_id "12_t";
7_dna	GeneMark.hmm3	CDS	31148	31245	.	-	2	gene_id "12_g"; transcript_id "12_t"; cds_type "Internal"; count "11_27";
7_dna	GeneMark.hmm3	intron	31246	31931	.	-	1	gene_id "12_g"; transcript_id "12_t";
7_dna	GeneMark.hmm3	CDS	31932	32185	.	-	1	gene_id "12_g"; transcript_id "12_t"; cds_type "Internal"; count "10_27";
7_dna	GeneMark.hmm3	intron	32186	32267	.	-	2	gene_id "12_g"; transcript_id "12_t";
7_dna	GeneMark.hmm3	CDS	32268	32476	.	-	0	gene_id "12_g"; transcript_id "12_t"; cds_type "Internal"; count "9_27";
7_dna	GeneMark.hmm3	intron	32477	32563	.	-	0	gene_id "12_g"; transcript_id "12_t";
7_dna	GeneMark.hmm3	CDS	32564	32638	.	-	0	gene_id "12_g"; transcript_id "12_t"; cds_type "Internal"; count "8_27";
7_dna	GeneMark.hmm3	intron	32639	32958	.	-	0	gene_id "12_g"; transcript_id "12_t";
7_dna	GeneMark.hmm3	CDS	32959	33066	.	-	0	gene_id "12_g"; transcript_id "12_t"; cds_type "Internal"; count "7_27";
7_dna	GeneMark.hmm3	intron	33067	33169	.	-	0	gene_id "12_g"; transcript_id "12_t";
7_dna	GeneMark.hmm3	CDS	33170	33241	.	-	0	gene_id "12_g"; transcript_id "12_t"; cds_type "Internal"; count "6_27";
7_dna	GeneMark.hmm3	intron	33242	33335	.	-	0	gene_id "12_g"; transcript_id "12_t";
7_dna	GeneMark.hmm3	CDS	33336	33377	.	-	0	gene_id "12_g"; transcript_id "12_t"; cds_type "Internal"; count "5_27";
7_dna	GeneMark.hmm3	intron	33378	33455	.	-	0	gene_id "12_g"; transcript_id "12_t";
7_dna	GeneMark.hmm3	CDS	33456	33710	.	-	0	gene_id "12_g"; transcript_id "12_t"; cds_type "Internal"; count "4_27";
7_dna	GeneMark.hmm3	intron	33711	33787	.	-	0	gene_id "12_g"; transcript_id "12_t";
7_dna	GeneMark.hmm3	CDS	33788	34422	.	-	2	gene_id "12_g"; transcript_id "12_t"; cds_type "Internal"; count "3_27";
7_dna	GeneMark.hmm3	intron	34423	34515	.	-	1	gene_id "12_g"; transcript_id "12_t";
7_dna	GeneMark.hmm3	CDS	34516	34746	.	-	2	gene_id "12_g"; transcript_id "12_t"; cds_type "Internal"; count "2_27";
7_dna	GeneMark.hmm3	intron	34747	34826	.	-	1	gene_id "12_g"; transcript_id "12_t";
7_dna	GeneMark.hmm3	CDS	34827	35124	.	-	0	gene_id "12_g"; transcript_id "12_t"; cds_type "Initial"; count "1_27";
7_dna	GeneMark.hmm3	start_codon	35122	35124	.	-	0	gene_id "12_g"; transcript_id "12_t";
7_dna	GeneMark.hmm3	gene	40271	40960	.	+	.	gene_id "13_g"; transcript_id "13_t";
7_dna	GeneMark.hmm3	mRNA	40271	40960	.	+	.	gene_id "13_g"; transcript_id "13_t";
7_dna	GeneMark.hmm3	start_codon	40271	40273	.	+	0	gene_id "13_g"; transcript_id "13_t";
7_dna	GeneMark.hmm3	CDS	40271	40960	.	+	0	gene_id "13_g"; transcript_id "13_t"; cds_type "Single"; count "1_1";
7_dna	GeneMark.hmm3	stop_codon	40958	40960	.	+	0	gene_id "13_g"; transcript_id "13_t";
7_dna	GeneMark.hmm3	gene	42079	42468	.	+	.	gene_id "14_g"; transcript_id "14_t";
7_dna	GeneMark.hmm3	mRNA	42079	42468	.	+	.	gene_id "14_g"; transcript_id "14_t";
7_dna	GeneMark.hmm3	start_codon	42079	42081	.	+	0	gene_id "14_g"; transcript_id "14_t";
7_dna	GeneMark.hmm3	CDS	42079	42468	.	+	0	gene_id "14_g"; transcript_id "14_t"; cds_type "Single"; count "1_1";
7_dna	GeneMark.hmm3	stop_codon	42466	42468	.	+	0	gene_id "14_g"; transcript_id "14_t";
7_dna	GeneMark.hmm3	gene	46685	47719	.	+	.	gene_id "15_g"; transcript_id "15_t";
7_dna	GeneMark.hmm3	mRNA	46685	47719	.	+	.	gene_id "15_g"; transcript_id "15_t";
7_dna	GeneMark.hmm3	start_codon	46685	46687	.	+	0	gene_id "15_g"; transcript_id "15_t";
7_dna	GeneMark.hmm3	CDS	46685	47719	.	+	0	gene_id "15_g"; transcript_id "15_t"; cds_type "Single"; count "1_1";
7_dna	GeneMark.hmm3	stop_codon	47717	47719	.	+	0	gene_id "15_g"; transcript_id "15_t";
7_dna	GeneMark.hmm3	gene	48070	50280	.	-	.	gene_id "16_g"; transcript_id "16_t";
7_dna	GeneMark.hmm3	mRNA	48070	50280	.	-	.	gene_id "16_g"; transcript_id "16_t";
7_dna	GeneMark.hmm3	stop_codon	48070	48072	.	-	0	gene_id "16_g"; transcript_id "16_t";
7_dna	GeneMark.hmm3	CDS	48070	50280	.	-	0	gene_id "16_g"; transcript_id "16_t"; cds_type "Single"; count "1_1";
7_dna	GeneMark.hmm3	start_codon	50278	50280	.	-	0	gene_id "16_g"; transcript_id "16_t";
7_dna	GeneMark.hmm3	gene	50953	59063	.	+	.	gene_id "17_g"; transcript_id "17_t";
7_dna	GeneMark.hmm3	mRNA	50953	59063	.	+	.	gene_id "17_g"; transcript_id "17_t";
7_dna	GeneMark.hmm3	start_codon	50953	50955	.	+	0	gene_id "17_g"; transcript_id "17_t";
7_dna	GeneMark.hmm3	CDS	50953	52059	.	+	0	gene_id "17_g"; transcript_id "17_t"; cds_type "Initial"; count "1_30";
7_dna	GeneMark.hmm3	intron	52060	52151	.	+	0	gene_id "17_g"; transcript_id "17_t";
7_dna	GeneMark.hmm3	CDS	52152	52322	.	+	0	gene_id "17_g"; transcript_id "17_t"; cds_type "Internal"; count "2_30";
7_dna	GeneMark.hmm3	intron	52323	52407	.	+	0	gene_id "17_g"; transcript_id "17_t";
7_dna	GeneMark.hmm3	CDS	52408	52491	.	+	0	gene_id "17_g"; transcript_id "17_t"; cds_type "Internal"; count "3_30";
7_dna	GeneMark.hmm3	intron	52492	52579	.	+	0	gene_id "17_g"; transcript_id "17_t";
7_dna	GeneMark.hmm3	CDS	52580	52654	.	+	0	gene_id "17_g"; transcript_id "17_t"; cds_type "Internal"; count "4_30";
7_dna	GeneMark.hmm3	intron	52655	52740	.	+	0	gene_id "17_g"; transcript_id "17_t";
7_dna	GeneMark.hmm3	CDS	52741	52805	.	+	0	gene_id "17_g"; transcript_id "17_t"; cds_type "Internal"; count "5_30";
7_dna	GeneMark.hmm3	intron	52806	52977	.	+	2	gene_id "17_g"; transcript_id "17_t";
7_dna	GeneMark.hmm3	CDS	52978	53068	.	+	1	gene_id "17_g"; transcript_id "17_t"; cds_type "Internal"; count "6_30";
7_dna	GeneMark.hmm3	intron	53069	53160	.	+	0	gene_id "17_g"; transcript_id "17_t";
7_dna	GeneMark.hmm3	CDS	53161	53346	.	+	0	gene_id "17_g"; transcript_id "17_t"; cds_type "Internal"; count "7_30";
7_dna	GeneMark.hmm3	intron	53347	53578	.	+	0	gene_id "17_g"; transcript_id "17_t";
7_dna	GeneMark.hmm3	CDS	53579	53742	.	+	0	gene_id "17_g"; transcript_id "17_t"; cds_type "Internal"; count "8_30";
7_dna	GeneMark.hmm3	intron	53743	53850	.	+	2	gene_id "17_g"; transcript_id "17_t";
7_dna	GeneMark.hmm3	CDS	53851	53965	.	+	1	gene_id "17_g"; transcript_id "17_t"; cds_type "Internal"; count "9_30";
7_dna	GeneMark.hmm3	intron	53966	54242	.	+	0	gene_id "17_g"; transcript_id "17_t";
7_dna	GeneMark.hmm3	CDS	54243	54419	.	+	0	gene_id "17_g"; transcript_id "17_t"; cds_type "Internal"; count "10_30";
7_dna	GeneMark.hmm3	intron	54420	54495	.	+	0	gene_id "17_g"; transcript_id "17_t";
7_dna	GeneMark.hmm3	CDS	54496	54630	.	+	0	gene_id "17_g"; transcript_id "17_t"; cds_type "Internal"; count "11_30";
7_dna	GeneMark.hmm3	intron	54631	54853	.	+	0	gene_id "17_g"; transcript_id "17_t";
7_dna	GeneMark.hmm3	CDS	54854	54973	.	+	0	gene_id "17_g"; transcript_id "17_t"; cds_type "Internal"; count "12_30";
7_dna	GeneMark.hmm3	intron	54974	55052	.	+	0	gene_id "17_g"; transcript_id "17_t";
7_dna	GeneMark.hmm3	CDS	55053	55367	.	+	0	gene_id "17_g"; transcript_id "17_t"; cds_type "Internal"; count "13_30";
7_dna	GeneMark.hmm3	intron	55368	55447	.	+	0	gene_id "17_g"; transcript_id "17_t";
7_dna	GeneMark.hmm3	CDS	55448	55537	.	+	0	gene_id "17_g"; transcript_id "17_t"; cds_type "Internal"; count "14_30";
7_dna	GeneMark.hmm3	intron	55538	55923	.	+	0	gene_id "17_g"; transcript_id "17_t";
7_dna	GeneMark.hmm3	CDS	55924	56042	.	+	0	gene_id "17_g"; transcript_id "17_t"; cds_type "Internal"; count "15_30";
7_dna	GeneMark.hmm3	intron	56043	56163	.	+	2	gene_id "17_g"; transcript_id "17_t";
7_dna	GeneMark.hmm3	CDS	56164	56203	.	+	1	gene_id "17_g"; transcript_id "17_t"; cds_type "Internal"; count "16_30";
7_dna	GeneMark.hmm3	intron	56204	56293	.	+	0	gene_id "17_g"; transcript_id "17_t";
7_dna	GeneMark.hmm3	CDS	56294	56350	.	+	0	gene_id "17_g"; transcript_id "17_t"; cds_type "Internal"; count "17_30";
7_dna	GeneMark.hmm3	intron	56351	56461	.	+	0	gene_id "17_g"; transcript_id "17_t";
7_dna	GeneMark.hmm3	CDS	56462	56554	.	+	0	gene_id "17_g"; transcript_id "17_t"; cds_type "Internal"; count "18_30";
7_dna	GeneMark.hmm3	intron	56555	56683	.	+	0	gene_id "17_g"; transcript_id "17_t";
7_dna	GeneMark.hmm3	CDS	56684	56806	.	+	0	gene_id "17_g"; transcript_id "17_t"; cds_type "Internal"; count "19_30";
7_dna	GeneMark.hmm3	intron	56807	56884	.	+	0	gene_id "17_g"; transcript_id "17_t";
7_dna	GeneMark.hmm3	CDS	56885	56982	.	+	0	gene_id "17_g"; transcript_id "17_t"; cds_type "Internal"; count "20_30";
7_dna	GeneMark.hmm3	intron	56983	57060	.	+	2	gene_id "17_g"; transcript_id "17_t";
7_dna	GeneMark.hmm3	CDS	57061	57106	.	+	1	gene_id "17_g"; transcript_id "17_t"; cds_type "Internal"; count "21_30";
7_dna	GeneMark.hmm3	intron	57107	57192	.	+	0	gene_id "17_g"; transcript_id "17_t";
7_dna	GeneMark.hmm3	CDS	57193	57330	.	+	0	gene_id "17_g"; transcript_id "17_t"; cds_type "Internal"; count "22_30";
7_dna	GeneMark.hmm3	intron	57331	57411	.	+	0	gene_id "17_g"; transcript_id "17_t";
7_dna	GeneMark.hmm3	CDS	57412	57495	.	+	0	gene_id "17_g"; transcript_id "17_t"; cds_type "Internal"; count "23_30";
7_dna	GeneMark.hmm3	intron	57496	57578	.	+	0	gene_id "17_g"; transcript_id "17_t";
7_dna	GeneMark.hmm3	CDS	57579	57785	.	+	0	gene_id "17_g"; transcript_id "17_t"; cds_type "Internal"; count "24_30";
7_dna	GeneMark.hmm3	intron	57786	57876	.	+	0	gene_id "17_g"; transcript_id "17_t";
7_dna	GeneMark.hmm3	CDS	57877	57953	.	+	0	gene_id "17_g"; transcript_id "17_t"; cds_type "Internal"; count "25_30";
7_dna	GeneMark.hmm3	intron	57954	58160	.	+	2	gene_id "17_g"; transcript_id "17_t";
7_dna	GeneMark.hmm3	CDS	58161	58284	.	+	1	gene_id "17_g"; transcript_id "17_t"; cds_type "Internal"; count "26_30";
7_dna	GeneMark.hmm3	intron	58285	58408	.	+	0	gene_id "17_g"; transcript_id "17_t";
7_dna	GeneMark.hmm3	CDS	58409	58462	.	+	0	gene_id "17_g"; transcript_id "17_t"; cds_type "Internal"; count "27_30";
7_dna	GeneMark.hmm3	intron	58463	58570	.	+	0	gene_id "17_g"; transcript_id "17_t";
7_dna	GeneMark.hmm3	CDS	58571	58690	.	+	0	gene_id "17_g"; transcript_id "17_t"; cds_type "Internal"; count "28_30";
7_dna	GeneMark.hmm3	intron	58691	58760	.	+	0	gene_id "17_g"; transcript_id "17_t";
7_dna	GeneMark.hmm3	CDS	58761	58835	.	+	0	gene_id "17_g"; transcript_id "17_t"; cds_type "Internal"; count "29_30";
7_dna	GeneMark.hmm3	intron	58836	58922	.	+	0	gene_id "17_g"; transcript_id "17_t";
7_dna	GeneMark.hmm3	CDS	58923	59063	.	+	0	gene_id "17_g"; transcript_id "17_t"; cds_type "Terminal"; count "30_30";
7_dna	GeneMark.hmm3	stop_codon	59061	59063	.	+	0	gene_id "17_g"; transcript_id "17_t";
7_dna	GeneMark.hmm3	gene	59291	60297	.	-	.	gene_id "18_g"; transcript_id "18_t";
7_dna	GeneMark.hmm3	mRNA	59291	60297	.	-	.	gene_id "18_g"; transcript_id "18_t";
7_dna	GeneMark.hmm3	stop_codon	59291	59293	.	-	0	gene_id "18_g"; transcript_id "18_t";
7_dna	GeneMark.hmm3	CDS	59291	59482	.	-	0	gene_id "18_g"; transcript_id "18_t"; cds_type "Terminal"; count "5_5";
7_dna	GeneMark.hmm3	intron	59483	59576	.	-	0	gene_id "18_g"; transcript_id "18_t";
7_dna	GeneMark.hmm3	CDS	59577	59642	.	-	0	gene_id "18_g"; transcript_id "18_t"; cds_type "Internal"; count "4_5";
7_dna	GeneMark.hmm3	intron	59643	59720	.	-	0	gene_id "18_g"; transcript_id "18_t";
7_dna	GeneMark.hmm3	CDS	59721	59786	.	-	0	gene_id "18_g"; transcript_id "18_t"; cds_type "Internal"; count "3_5";
7_dna	GeneMark.hmm3	intron	59787	59876	.	-	0	gene_id "18_g"; transcript_id "18_t";
7_dna	GeneMark.hmm3	CDS	59877	59948	.	-	0	gene_id "18_g"; transcript_id "18_t"; cds_type "Internal"; count "2_5";
7_dna	GeneMark.hmm3	intron	59949	60060	.	-	0	gene_id "18_g"; transcript_id "18_t";
7_dna	GeneMark.hmm3	CDS	60061	60297	.	-	0	gene_id "18_g"; transcript_id "18_t"; cds_type "Initial"; count "1_5";
7_dna	GeneMark.hmm3	start_codon	60295	60297	.	-	0	gene_id "18_g"; transcript_id "18_t";
7_dna	GeneMark.hmm3	gene	61789	63696	.	-	.	gene_id "19_g"; transcript_id "19_t";
7_dna	GeneMark.hmm3	mRNA	61789	63696	.	-	.	gene_id "19_g"; transcript_id "19_t";
7_dna	GeneMark.hmm3	stop_codon	61789	61791	.	-	0	gene_id "19_g"; transcript_id "19_t";
7_dna	GeneMark.hmm3	CDS	61789	62049	.	-	0	gene_id "19_g"; transcript_id "19_t"; cds_type "Terminal"; count "5_5";
7_dna	GeneMark.hmm3	intron	62050	62422	.	-	0	gene_id "19_g"; transcript_id "19_t";
7_dna	GeneMark.hmm3	CDS	62423	62545	.	-	0	gene_id "19_g"; transcript_id "19_t"; cds_type "Internal"; count "4_5";
7_dna	GeneMark.hmm3	intron	62546	62852	.	-	0	gene_id "19_g"; transcript_id "19_t";
7_dna	GeneMark.hmm3	CDS	62853	62975	.	-	0	gene_id "19_g"; transcript_id "19_t"; cds_type "Internal"; count "3_5";
7_dna	GeneMark.hmm3	intron	62976	63307	.	-	0	gene_id "19_g"; transcript_id "19_t";
7_dna	GeneMark.hmm3	CDS	63308	63403	.	-	0	gene_id "19_g"; transcript_id "19_t"; cds_type "Internal"; count "2_5";
7_dna	GeneMark.hmm3	intron	63404	63498	.	-	0	gene_id "19_g"; transcript_id "19_t";
7_dna	GeneMark.hmm3	CDS	63499	63696	.	-	0	gene_id "19_g"; transcript_id "19_t"; cds_type "Initial"; count "1_5";
7_dna	GeneMark.hmm3	start_codon	63694	63696	.	-	0	gene_id "19_g"; transcript_id "19_t";
7_dna	GeneMark.hmm3	gene	65558	67608	.	+	.	gene_id "20_g"; transcript_id "20_t";
7_dna	GeneMark.hmm3	mRNA	65558	67608	.	+	.	gene_id "20_g"; transcript_id "20_t";
7_dna	GeneMark.hmm3	start_codon	65558	65560	.	+	0	gene_id "20_g"; transcript_id "20_t";
7_dna	GeneMark.hmm3	CDS	65558	65596	.	+	0	gene_id "20_g"; transcript_id "20_t"; cds_type "Initial"; count "1_9";
7_dna	GeneMark.hmm3	intron	65597	65639	.	+	0	gene_id "20_g"; transcript_id "20_t";
7_dna	GeneMark.hmm3	CDS	65640	65662	.	+	0	gene_id "20_g"; transcript_id "20_t"; cds_type "Internal"; count "2_9";
7_dna	GeneMark.hmm3	intron	65663	65756	.	+	2	gene_id "20_g"; transcript_id "20_t";
7_dna	GeneMark.hmm3	CDS	65757	65865	.	+	1	gene_id "20_g"; transcript_id "20_t"; cds_type "Internal"; count "3_9";
7_dna	GeneMark.hmm3	intron	65866	66116	.	+	0	gene_id "20_g"; transcript_id "20_t";
7_dna	GeneMark.hmm3	CDS	66117	66254	.	+	0	gene_id "20_g"; transcript_id "20_t"; cds_type "Internal"; count "4_9";
7_dna	GeneMark.hmm3	intron	66255	66335	.	+	0	gene_id "20_g"; transcript_id "20_t";
7_dna	GeneMark.hmm3	CDS	66336	66434	.	+	0	gene_id "20_g"; transcript_id "20_t"; cds_type "Internal"; count "5_9";
7_dna	GeneMark.hmm3	intron	66435	66526	.	+	0	gene_id "20_g"; transcript_id "20_t";
7_dna	GeneMark.hmm3	CDS	66527	66830	.	+	0	gene_id "20_g"; transcript_id "20_t"; cds_type "Internal"; count "6_9";
7_dna	GeneMark.hmm3	intron	66831	66916	.	+	1	gene_id "20_g"; transcript_id "20_t";
7_dna	GeneMark.hmm3	CDS	66917	67140	.	+	2	gene_id "20_g"; transcript_id "20_t"; cds_type "Internal"; count "7_9";
7_dna	GeneMark.hmm3	intron	67141	67212	.	+	0	gene_id "20_g"; transcript_id "20_t";
7_dna	GeneMark.hmm3	CDS	67213	67299	.	+	0	gene_id "20_g"; transcript_id "20_t"; cds_type "Internal"; count "8_9";
7_dna	GeneMark.hmm3	intron	67300	67407	.	+	0	gene_id "20_g"; transcript_id "20_t";
7_dna	GeneMark.hmm3	CDS	67408	67608	.	+	0	gene_id "20_g"; transcript_id "20_t"; cds_type "Terminal"; count "9_9";
7_dna	GeneMark.hmm3	stop_codon	67606	67608	.	+	0	gene_id "20_g"; transcript_id "20_t";
7_dna	GeneMark.hmm3	gene	67968	69172	.	-	.	gene_id "21_g"; transcript_id "21_t";
7_dna	GeneMark.hmm3	mRNA	67968	69172	.	-	.	gene_id "21_g"; transcript_id "21_t";
7_dna	GeneMark.hmm3	stop_codon	67968	67970	.	-	0	gene_id "21_g"; transcript_id "21_t";
7_dna	GeneMark.hmm3	CDS	67968	68183	.	-	0	gene_id "21_g"; transcript_id "21_t"; cds_type "Terminal"; count "5_5";
7_dna	GeneMark.hmm3	intron	68184	68262	.	-	0	gene_id "21_g"; transcript_id "21_t";
7_dna	GeneMark.hmm3	CDS	68263	68361	.	-	0	gene_id "21_g"; transcript_id "21_t"; cds_type "Internal"; count "4_5";
7_dna	GeneMark.hmm3	intron	68362	68453	.	-	0	gene_id "21_g"; transcript_id "21_t";
7_dna	GeneMark.hmm3	CDS	68454	68589	.	-	1	gene_id "21_g"; transcript_id "21_t"; cds_type "Internal"; count "3_5";
7_dna	GeneMark.hmm3	intron	68590	68830	.	-	2	gene_id "21_g"; transcript_id "21_t";
7_dna	GeneMark.hmm3	CDS	68831	68977	.	-	1	gene_id "21_g"; transcript_id "21_t"; cds_type "Internal"; count "2_5";
7_dna	GeneMark.hmm3	intron	68978	69083	.	-	2	gene_id "21_g"; transcript_id "21_t";
7_dna	GeneMark.hmm3	CDS	69084	69172	.	-	0	gene_id "21_g"; transcript_id "21_t"; cds_type "Initial"; count "1_5";
7_dna	GeneMark.hmm3	start_codon	69170	69172	.	-	0	gene_id "21_g"; transcript_id "21_t";
7_dna	GeneMark.hmm3	gene	69839	71185	.	-	.	gene_id "22_g"; transcript_id "22_t";
7_dna	GeneMark.hmm3	mRNA	69839	71185	.	-	.	gene_id "22_g"; transcript_id "22_t";
7_dna	GeneMark.hmm3	stop_codon	69839	69841	.	-	0	gene_id "22_g"; transcript_id "22_t";
7_dna	GeneMark.hmm3	CDS	69839	71185	.	-	0	gene_id "22_g"; transcript_id "22_t"; cds_type "Single"; count "1_1";
7_dna	GeneMark.hmm3	start_codon	71183	71185	.	-	0	gene_id "22_g"; transcript_id "22_t";
7_dna	GeneMark.hmm3	gene	71659	72963	.	-	.	gene_id "23_g"; transcript_id "23_t";
7_dna	GeneMark.hmm3	mRNA	71659	72963	.	-	.	gene_id "23_g"; transcript_id "23_t";
7_dna	GeneMark.hmm3	stop_codon	71659	71661	.	-	0	gene_id "23_g"; transcript_id "23_t";
7_dna	GeneMark.hmm3	CDS	71659	72963	.	-	0	gene_id "23_g"; transcript_id "23_t"; cds_type "Single"; count "1_1";
7_dna	GeneMark.hmm3	start_codon	72961	72963	.	-	0	gene_id "23_g"; transcript_id "23_t";
7_dna	GeneMark.hmm3	gene	73685	75679	.	+	.	gene_id "24_g"; transcript_id "24_t";
7_dna	GeneMark.hmm3	mRNA	73685	75679	.	+	.	gene_id "24_g"; transcript_id "24_t";
7_dna	GeneMark.hmm3	start_codon	73685	73687	.	+	0	gene_id "24_g"; transcript_id "24_t";
7_dna	GeneMark.hmm3	CDS	73685	73753	.	+	0	gene_id "24_g"; transcript_id "24_t"; cds_type "Initial"; count "1_10";
7_dna	GeneMark.hmm3	intron	73754	74031	.	+	0	gene_id "24_g"; transcript_id "24_t";
7_dna	GeneMark.hmm3	CDS	74032	74090	.	+	0	gene_id "24_g"; transcript_id "24_t"; cds_type "Internal"; count "2_10";
7_dna	GeneMark.hmm3	intron	74091	74179	.	+	2	gene_id "24_g"; transcript_id "24_t";
7_dna	GeneMark.hmm3	CDS	74180	74255	.	+	1	gene_id "24_g"; transcript_id "24_t"; cds_type "Internal"; count "3_10";
7_dna	GeneMark.hmm3	intron	74256	74334	.	+	0	gene_id "24_g"; transcript_id "24_t";
7_dna	GeneMark.hmm3	CDS	74335	74484	.	+	0	gene_id "24_g"; transcript_id "24_t"; cds_type "Internal"; count "4_10";
7_dna	GeneMark.hmm3	intron	74485	74567	.	+	0	gene_id "24_g"; transcript_id "24_t";
7_dna	GeneMark.hmm3	CDS	74568	74629	.	+	0	gene_id "24_g"; transcript_id "24_t"; cds_type "Internal"; count "5_10";
7_dna	GeneMark.hmm3	intron	74630	74704	.	+	2	gene_id "24_g"; transcript_id "24_t";
7_dna	GeneMark.hmm3	CDS	74705	74789	.	+	1	gene_id "24_g"; transcript_id "24_t"; cds_type "Internal"; count "6_10";
7_dna	GeneMark.hmm3	intron	74790	74878	.	+	0	gene_id "24_g"; transcript_id "24_t";
7_dna	GeneMark.hmm3	CDS	74879	75028	.	+	0	gene_id "24_g"; transcript_id "24_t"; cds_type "Internal"; count "7_10";
7_dna	GeneMark.hmm3	intron	75029	75095	.	+	0	gene_id "24_g"; transcript_id "24_t";
7_dna	GeneMark.hmm3	CDS	75096	75347	.	+	0	gene_id "24_g"; transcript_id "24_t"; cds_type "Internal"; count "8_10";
7_dna	GeneMark.hmm3	intron	75348	75442	.	+	0	gene_id "24_g"; transcript_id "24_t";
7_dna	GeneMark.hmm3	CDS	75443	75526	.	+	0	gene_id "24_g"; transcript_id "24_t"; cds_type "Internal"; count "9_10";
7_dna	GeneMark.hmm3	intron	75527	75619	.	+	0	gene_id "24_g"; transcript_id "24_t";
7_dna	GeneMark.hmm3	CDS	75620	75679	.	+	0	gene_id "24_g"; transcript_id "24_t"; cds_type "Terminal"; count "10_10";
7_dna	GeneMark.hmm3	stop_codon	75677	75679	.	+	0	gene_id "24_g"; transcript_id "24_t";
7_dna	GeneMark.hmm3	gene	76078	77893	.	-	.	gene_id "25_g"; transcript_id "25_t";
7_dna	GeneMark.hmm3	mRNA	76078	77893	.	-	.	gene_id "25_g"; transcript_id "25_t";
7_dna	GeneMark.hmm3	stop_codon	76078	76080	.	-	0	gene_id "25_g"; transcript_id "25_t";
7_dna	GeneMark.hmm3	CDS	76078	76287	.	-	0	gene_id "25_g"; transcript_id "25_t"; cds_type "Terminal"; count "9_9";
7_dna	GeneMark.hmm3	intron	76288	76375	.	-	0	gene_id "25_g"; transcript_id "25_t";
7_dna	GeneMark.hmm3	CDS	76376	76452	.	-	2	gene_id "25_g"; transcript_id "25_t"; cds_type "Internal"; count "8_9";
7_dna	GeneMark.hmm3	intron	76453	76527	.	-	1	gene_id "25_g"; transcript_id "25_t";
7_dna	GeneMark.hmm3	CDS	76528	76622	.	-	1	gene_id "25_g"; transcript_id "25_t"; cds_type "Internal"; count "7_9";
7_dna	GeneMark.hmm3	intron	76623	76713	.	-	2	gene_id "25_g"; transcript_id "25_t";
7_dna	GeneMark.hmm3	CDS	76714	76758	.	-	1	gene_id "25_g"; transcript_id "25_t"; cds_type "Internal"; count "6_9";
7_dna	GeneMark.hmm3	intron	76759	76861	.	-	2	gene_id "25_g"; transcript_id "25_t";
7_dna	GeneMark.hmm3	CDS	76862	77007	.	-	0	gene_id "25_g"; transcript_id "25_t"; cds_type "Internal"; count "5_9";
7_dna	GeneMark.hmm3	intron	77008	77116	.	-	0	gene_id "25_g"; transcript_id "25_t";
7_dna	GeneMark.hmm3	CDS	77117	77204	.	-	1	gene_id "25_g"; transcript_id "25_t"; cds_type "Internal"; count "4_9";
7_dna	GeneMark.hmm3	intron	77205	77305	.	-	2	gene_id "25_g"; transcript_id "25_t";
7_dna	GeneMark.hmm3	CDS	77306	77336	.	-	2	gene_id "25_g"; transcript_id "25_t"; cds_type "Internal"; count "3_9";
7_dna	GeneMark.hmm3	intron	77337	77443	.	-	1	gene_id "25_g"; transcript_id "25_t";
7_dna	GeneMark.hmm3	CDS	77444	77469	.	-	1	gene_id "25_g"; transcript_id "25_t"; cds_type "Internal"; count "2_9";
7_dna	GeneMark.hmm3	intron	77470	77552	.	-	2	gene_id "25_g"; transcript_id "25_t";
7_dna	GeneMark.hmm3	CDS	77553	77893	.	-	0	gene_id "25_g"; transcript_id "25_t"; cds_type "Initial"; count "1_9";
7_dna	GeneMark.hmm3	start_codon	77891	77893	.	-	0	gene_id "25_g"; transcript_id "25_t";
7_dna	GeneMark.hmm3	gene	83094	83648	.	-	.	gene_id "26_g"; transcript_id "26_t";
7_dna	GeneMark.hmm3	mRNA	83094	83648	.	-	.	gene_id "26_g"; transcript_id "26_t";
7_dna	GeneMark.hmm3	stop_codon	83094	83096	.	-	0	gene_id "26_g"; transcript_id "26_t";
7_dna	GeneMark.hmm3	CDS	83094	83648	.	-	0	gene_id "26_g"; transcript_id "26_t"; cds_type "Single"; count "1_1";
7_dna	GeneMark.hmm3	start_codon	83646	83648	.	-	0	gene_id "26_g"; transcript_id "26_t";
7_dna	GeneMark.hmm3	gene	87852	90514	.	-	.	gene_id "27_g"; transcript_id "27_t";
7_dna	GeneMark.hmm3	mRNA	87852	90514	.	-	.	gene_id "27_g"; transcript_id "27_t";
7_dna	GeneMark.hmm3	stop_codon	87852	87854	.	-	0	gene_id "27_g"; transcript_id "27_t";
7_dna	GeneMark.hmm3	CDS	87852	88222	.	-	2	gene_id "27_g"; transcript_id "27_t"; cds_type "Terminal"; count "2_2";
7_dna	GeneMark.hmm3	intron	88223	89070	.	-	1	gene_id "27_g"; transcript_id "27_t";
7_dna	GeneMark.hmm3	CDS	89071	90514	.	-	0	gene_id "27_g"; transcript_id "27_t"; cds_type "Initial"; count "1_2";
7_dna	GeneMark.hmm3	start_codon	90512	90514	.	-	0	gene_id "27_g"; transcript_id "27_t";
7_dna	GeneMark.hmm3	gene	92978	93931	.	+	.	gene_id "28_g"; transcript_id "28_t";
7_dna	GeneMark.hmm3	mRNA	92978	93931	.	+	.	gene_id "28_g"; transcript_id "28_t";
7_dna	GeneMark.hmm3	start_codon	92978	92980	.	+	0	gene_id "28_g"; transcript_id "28_t";
7_dna	GeneMark.hmm3	CDS	92978	93931	.	+	0	gene_id "28_g"; transcript_id "28_t"; cds_type "Single"; count "1_1";
7_dna	GeneMark.hmm3	stop_codon	93929	93931	.	+	0	gene_id "28_g"; transcript_id "28_t";
7_dna	GeneMark.hmm3	gene	94235	95816	.	-	.	gene_id "29_g"; transcript_id "29_t";
7_dna	GeneMark.hmm3	mRNA	94235	95816	.	-	.	gene_id "29_g"; transcript_id "29_t";
7_dna	GeneMark.hmm3	stop_codon	94235	94237	.	-	0	gene_id "29_g"; transcript_id "29_t";
7_dna	GeneMark.hmm3	CDS	94235	94979	.	-	1	gene_id "29_g"; transcript_id "29_t"; cds_type "Terminal"; count "3_3";
7_dna	GeneMark.hmm3	intron	94980	95276	.	-	2	gene_id "29_g"; transcript_id "29_t";
7_dna	GeneMark.hmm3	CDS	95277	95383	.	-	0	gene_id "29_g"; transcript_id "29_t"; cds_type "Internal"; count "2_3";
7_dna	GeneMark.hmm3	intron	95384	95465	.	-	0	gene_id "29_g"; transcript_id "29_t";
7_dna	GeneMark.hmm3	CDS	95466	95816	.	-	0	gene_id "29_g"; transcript_id "29_t"; cds_type "Initial"; count "1_3";
7_dna	GeneMark.hmm3	start_codon	95814	95816	.	-	0	gene_id "29_g"; transcript_id "29_t";
7_dna	GeneMark.hmm3	gene	96465	98140	.	+	.	gene_id "30_g"; transcript_id "30_t";
7_dna	GeneMark.hmm3	mRNA	96465	98140	.	+	.	gene_id "30_g"; transcript_id "30_t";
7_dna	GeneMark.hmm3	start_codon	96465	96467	.	+	0	gene_id "30_g"; transcript_id "30_t";
7_dna	GeneMark.hmm3	CDS	96465	97177	.	+	0	gene_id "30_g"; transcript_id "30_t"; cds_type "Initial"; count "1_3";
7_dna	GeneMark.hmm3	intron	97178	97274	.	+	2	gene_id "30_g"; transcript_id "30_t";
7_dna	GeneMark.hmm3	CDS	97275	97841	.	+	1	gene_id "30_g"; transcript_id "30_t"; cds_type "Internal"; count "2_3";
7_dna	GeneMark.hmm3	intron	97842	97941	.	+	2	gene_id "30_g"; transcript_id "30_t";
7_dna	GeneMark.hmm3	CDS	97942	98140	.	+	1	gene_id "30_g"; transcript_id "30_t"; cds_type "Terminal"; count "3_3";
7_dna	GeneMark.hmm3	stop_codon	98138	98140	.	+	0	gene_id "30_g"; transcript_id "30_t";
7_dna	GeneMark.hmm3	gene	98413	102057	.	-	.	gene_id "31_g"; transcript_id "31_t";
7_dna	GeneMark.hmm3	mRNA	98413	102057	.	-	.	gene_id "31_g"; transcript_id "31_t";
7_dna	GeneMark.hmm3	stop_codon	98413	98415	.	-	0	gene_id "31_g"; transcript_id "31_t";
7_dna	GeneMark.hmm3	CDS	98413	98748	.	-	0	gene_id "31_g"; transcript_id "31_t"; cds_type "Terminal"; count "15_15";
7_dna	GeneMark.hmm3	intron	98749	98838	.	-	0	gene_id "31_g"; transcript_id "31_t";
7_dna	GeneMark.hmm3	CDS	98839	98940	.	-	0	gene_id "31_g"; transcript_id "31_t"; cds_type "Internal"; count "14_15";
7_dna	GeneMark.hmm3	intron	98941	99032	.	-	0	gene_id "31_g"; transcript_id "31_t";
7_dna	GeneMark.hmm3	CDS	99033	99347	.	-	0	gene_id "31_g"; transcript_id "31_t"; cds_type "Internal"; count "13_15";
7_dna	GeneMark.hmm3	intron	99348	99439	.	-	0	gene_id "31_g"; transcript_id "31_t";
7_dna	GeneMark.hmm3	CDS	99440	99541	.	-	0	gene_id "31_g"; transcript_id "31_t"; cds_type "Internal"; count "12_15";
7_dna	GeneMark.hmm3	intron	99542	99629	.	-	0	gene_id "31_g"; transcript_id "31_t";
7_dna	GeneMark.hmm3	CDS	99630	99944	.	-	0	gene_id "31_g"; transcript_id "31_t"; cds_type "Internal"; count "11_15";
7_dna	GeneMark.hmm3	intron	99945	100034	.	-	0	gene_id "31_g"; transcript_id "31_t";
7_dna	GeneMark.hmm3	CDS	100035	100133	.	-	0	gene_id "31_g"; transcript_id "31_t"; cds_type "Internal"; count "10_15";
7_dna	GeneMark.hmm3	intron	100134	100236	.	-	0	gene_id "31_g"; transcript_id "31_t";
7_dna	GeneMark.hmm3	CDS	100237	100377	.	-	0	gene_id "31_g"; transcript_id "31_t"; cds_type "Internal"; count "9_15";
7_dna	GeneMark.hmm3	intron	100378	100480	.	-	0	gene_id "31_g"; transcript_id "31_t";
7_dna	GeneMark.hmm3	CDS	100481	100612	.	-	0	gene_id "31_g"; transcript_id "31_t"; cds_type "Internal"; count "8_15";
7_dna	GeneMark.hmm3	intron	100613	100715	.	-	0	gene_id "31_g"; transcript_id "31_t";
7_dna	GeneMark.hmm3	CDS	100716	100816	.	-	2	gene_id "31_g"; transcript_id "31_t"; cds_type "Internal"; count "7_15";
7_dna	GeneMark.hmm3	intron	100817	100900	.	-	1	gene_id "31_g"; transcript_id "31_t";
7_dna	GeneMark.hmm3	CDS	100901	101087	.	-	0	gene_id "31_g"; transcript_id "31_t"; cds_type "Internal"; count "6_15";
7_dna	GeneMark.hmm3	intron	101088	101174	.	-	0	gene_id "31_g"; transcript_id "31_t";
7_dna	GeneMark.hmm3	CDS	101175	101318	.	-	0	gene_id "31_g"; transcript_id "31_t"; cds_type "Internal"; count "5_15";
7_dna	GeneMark.hmm3	intron	101319	101408	.	-	0	gene_id "31_g"; transcript_id "31_t";
7_dna	GeneMark.hmm3	CDS	101409	101477	.	-	0	gene_id "31_g"; transcript_id "31_t"; cds_type "Internal"; count "4_15";
7_dna	GeneMark.hmm3	intron	101478	101565	.	-	0	gene_id "31_g"; transcript_id "31_t";
7_dna	GeneMark.hmm3	CDS	101566	101655	.	-	0	gene_id "31_g"; transcript_id "31_t"; cds_type "Internal"; count "3_15";
7_dna	GeneMark.hmm3	intron	101656	101728	.	-	0	gene_id "31_g"; transcript_id "31_t";
7_dna	GeneMark.hmm3	CDS	101729	101911	.	-	0	gene_id "31_g"; transcript_id "31_t"; cds_type "Internal"; count "2_15";
7_dna	GeneMark.hmm3	intron	101912	102024	.	-	0	gene_id "31_g"; transcript_id "31_t";
7_dna	GeneMark.hmm3	CDS	102025	102057	.	-	0	gene_id "31_g"; transcript_id "31_t"; cds_type "Initial"; count "1_15";
7_dna	GeneMark.hmm3	start_codon	102055	102057	.	-	0	gene_id "31_g"; transcript_id "31_t";
7_dna	GeneMark.hmm3	gene	105636	107219	.	-	.	gene_id "33_g"; transcript_id "33_t";
7_dna	GeneMark.hmm3	mRNA	105636	107219	.	-	.	gene_id "33_g"; transcript_id "33_t";
7_dna	GeneMark.hmm3	stop_codon	105636	105638	.	-	0	gene_id "33_g"; transcript_id "33_t";
7_dna	GeneMark.hmm3	CDS	105636	107219	.	-	0	gene_id "33_g"; transcript_id "33_t"; cds_type "Single"; count "1_1";
7_dna	GeneMark.hmm3	start_codon	107217	107219	.	-	0	gene_id "33_g"; transcript_id "33_t";
7_dna	GeneMark.hmm3	gene	110272	111624	.	+	.	gene_id "34_g"; transcript_id "34_t";
7_dna	GeneMark.hmm3	mRNA	110272	111624	.	+	.	gene_id "34_g"; transcript_id "34_t";
7_dna	GeneMark.hmm3	start_codon	110272	110274	.	+	0	gene_id "34_g"; transcript_id "34_t";
7_dna	GeneMark.hmm3	CDS	110272	110772	.	+	0	gene_id "34_g"; transcript_id "34_t"; cds_type "Initial"; count "1_4";
7_dna	GeneMark.hmm3	intron	110773	110862	.	+	0	gene_id "34_g"; transcript_id "34_t";
7_dna	GeneMark.hmm3	CDS	110863	111064	.	+	0	gene_id "34_g"; transcript_id "34_t"; cds_type "Internal"; count "2_4";
7_dna	GeneMark.hmm3	intron	111065	111142	.	+	1	gene_id "34_g"; transcript_id "34_t";
7_dna	GeneMark.hmm3	CDS	111143	111273	.	+	2	gene_id "34_g"; transcript_id "34_t"; cds_type "Internal"; count "3_4";
7_dna	GeneMark.hmm3	intron	111274	111354	.	+	0	gene_id "34_g"; transcript_id "34_t";
7_dna	GeneMark.hmm3	CDS	111355	111624	.	+	0	gene_id "34_g"; transcript_id "34_t"; cds_type "Terminal"; count "4_4";
7_dna	GeneMark.hmm3	stop_codon	111622	111624	.	+	0	gene_id "34_g"; transcript_id "34_t";
7_dna	GeneMark.hmm3	gene	114207	115943	.	-	.	gene_id "36_g"; transcript_id "36_t";
7_dna	GeneMark.hmm3	mRNA	114207	115943	.	-	.	gene_id "36_g"; transcript_id "36_t";
7_dna	GeneMark.hmm3	stop_codon	114207	114209	.	-	0	gene_id "36_g"; transcript_id "36_t";
7_dna	GeneMark.hmm3	CDS	114207	114461	.	-	0	gene_id "36_g"; transcript_id "36_t"; cds_type "Terminal"; count "6_6";
7_dna	GeneMark.hmm3	intron	114462	114546	.	-	0	gene_id "36_g"; transcript_id "36_t";
7_dna	GeneMark.hmm3	CDS	114547	114660	.	-	0	gene_id "36_g"; transcript_id "36_t"; cds_type "Internal"; count "5_6";
7_dna	GeneMark.hmm3	intron	114661	114738	.	-	0	gene_id "36_g"; transcript_id "36_t";
7_dna	GeneMark.hmm3	CDS	114739	114991	.	-	1	gene_id "36_g"; transcript_id "36_t"; cds_type "Internal"; count "4_6";
7_dna	GeneMark.hmm3	intron	114992	115246	.	-	2	gene_id "36_g"; transcript_id "36_t";
7_dna	GeneMark.hmm3	CDS	115247	115350	.	-	0	gene_id "36_g"; transcript_id "36_t"; cds_type "Internal"; count "3_6";
7_dna	GeneMark.hmm3	intron	115351	115450	.	-	0	gene_id "36_g"; transcript_id "36_t";
7_dna	GeneMark.hmm3	CDS	115451	115606	.	-	0	gene_id "36_g"; transcript_id "36_t"; cds_type "Internal"; count "2_6";
7_dna	GeneMark.hmm3	intron	115607	115835	.	-	0	gene_id "36_g"; transcript_id "36_t";
7_dna	GeneMark.hmm3	CDS	115836	115943	.	-	0	gene_id "36_g"; transcript_id "36_t"; cds_type "Initial"; count "1_6";
7_dna	GeneMark.hmm3	start_codon	115941	115943	.	-	0	gene_id "36_g"; transcript_id "36_t";
7_dna	GeneMark.hmm3	gene	116389	119082	.	-	.	gene_id "37_g"; transcript_id "37_t";
7_dna	GeneMark.hmm3	mRNA	116389	119082	.	-	.	gene_id "37_g"; transcript_id "37_t";
7_dna	GeneMark.hmm3	stop_codon	116389	116391	.	-	0	gene_id "37_g"; transcript_id "37_t";
7_dna	GeneMark.hmm3	CDS	116389	117029	.	-	2	gene_id "37_g"; transcript_id "37_t"; cds_type "Terminal"; count "2_2";
7_dna	GeneMark.hmm3	intron	117030	117470	.	-	1	gene_id "37_g"; transcript_id "37_t";
7_dna	GeneMark.hmm3	CDS	117471	119082	.	-	0	gene_id "37_g"; transcript_id "37_t"; cds_type "Initial"; count "1_2";
7_dna	GeneMark.hmm3	start_codon	119080	119082	.	-	0	gene_id "37_g"; transcript_id "37_t";
7_dna	GeneMark.hmm3	gene	122378	123714	.	-	.	gene_id "38_g"; transcript_id "38_t";
7_dna	GeneMark.hmm3	mRNA	122378	123714	.	-	.	gene_id "38_g"; transcript_id "38_t";
7_dna	GeneMark.hmm3	stop_codon	122378	122380	.	-	0	gene_id "38_g"; transcript_id "38_t";
7_dna	GeneMark.hmm3	CDS	122378	122748	.	-	2	gene_id "38_g"; transcript_id "38_t"; cds_type "Terminal"; count "2_2";
7_dna	GeneMark.hmm3	intron	122749	122864	.	-	1	gene_id "38_g"; transcript_id "38_t";
7_dna	GeneMark.hmm3	CDS	122865	123714	.	-	0	gene_id "38_g"; transcript_id "38_t"; cds_type "Initial"; count "1_2";
7_dna	GeneMark.hmm3	start_codon	123712	123714	.	-	0	gene_id "38_g"; transcript_id "38_t";
