#                                                                            --- full sequence --- -------------- this domain -------------   hmm coord   ali coord   env coord
# target name        accession   tlen query name           accession   qlen   E-value  score  bias   #  of  c-Evalue  i-Evalue  score  bias  from    to  from    to  from    to  acc description of target
#------------------- ---------- ----- -------------------- ---------- ----- --------- ------ ----- --- --- --------- --------- ------ ----- ----- ----- ----- ----- ----- ----- ---- ---------------------
MINDJIJG_00175       -            424 1084                 -            405    8e-182  599.5   7.9   1   1  1.2e-183  1.4e-181  598.7   7.9     1   405     2   420     2   420 0.94 GTPase Obg
MINDJIJG_00524       -            367 1084                 -            405   4.6e-22   73.3   8.2   1   1   7.2e-23   8.5e-21   69.2   8.2   158   371     5   240     2   265 0.73 Ribosome-binding ATPase YchF
MINDJIJG_00345       -            440 1084                 -            405     5e-12   40.3  12.3   1   2   6.1e-07   7.1e-05   16.7   0.9   158   322     6   165     4   177 0.74 GTPase Der
MINDJIJG_00345       -            440 1084                 -            405     5e-12   40.3  12.3   2   2   1.8e-10   2.2e-08   28.3   4.6   159   355   177   380   174   404 0.79 GTPase Der
MINDJIJG_00029       -            294 1084                 -            405   7.6e-11   36.4   2.5   1   2   6.5e-13   7.6e-11   36.4   2.5   152   321     1   166     1   181 0.85 GTPase Era
MINDJIJG_00029       -            294 1084                 -            405   7.6e-11   36.4   2.5   2   2      0.15        18   -1.0   0.7   292   372   186   266   177   290 0.61 GTPase Era
MINDJIJG_00552       -            275 1084                 -            405    0.0032   11.3  11.7   1   3   0.00053     0.063    7.0   3.8   266   329    39   103    26   114 0.74 GTPase Der
MINDJIJG_00552       -            275 1084                 -            405    0.0032   11.3  11.7   2   3   9.9e-05     0.012    9.4   0.5   160   180   115   135   100   175 0.81 GTPase Der
MINDJIJG_00552       -            275 1084                 -            405    0.0032   11.3  11.7   3   3      0.25        30   -1.8   0.1   298   339   177   218   164   261 0.50 GTPase Der
#
# Program:         hmmsearch
# Version:         3.4 (Aug 2023)
# Pipeline mode:   SEARCH
# Query file:      /home/genomika25/studenci/dmyboi/sequence_adnotation_cw3/busco_downloads/lineages/mycoplasmatales_odb12/hmms/1084at2085.hmm
# Target file:     /home/genomika25/studenci/dmyboi/sequence_adnotation_cw3/prokka_basic_fixed/prokka_basic_fixed.faa
# Option settings: hmmsearch --domtblout /home/genomika25/studenci/dmyboi/sequence_adnotation_cw3/busco_proteins_fxed/run_mycoplasmatales_odb12/hmmer_output/1084at2085.out --cpu 1 /home/genomika25/studenci/dmyboi/sequence_adnotation_cw3/busco_downloads/lineages/mycoplasmatales_odb12/hmms/1084at2085.hmm /home/genomika25/studenci/dmyboi/sequence_adnotation_cw3/prokka_basic_fixed/prokka_basic_fixed.faa 
# Current dir:     /home/genomika25/studenci/dmyboi/sequence_adnotation_cw3
# Date:            Tue Oct 28 11:33:11 2025
# [ok]
