#                                                                            --- full sequence --- -------------- this domain -------------   hmm coord   ali coord   env coord
# target name        accession   tlen query name           accession   qlen   E-value  score  bias   #  of  c-Evalue  i-Evalue  score  bias  from    to  from    to  from    to  acc description of target
#------------------- ---------- ----- -------------------- ---------- ----- --------- ------ ----- --- --- --------- --------- ------ ----- ----- ----- ----- ----- ----- ----- ---- ---------------------
MINDJIJG_00524       -            367 10906                -            364  8.3e-182  599.2  12.3   1   1  6.4e-184  9.4e-182  599.1  12.3     1   364     2   367     2   367 0.98 Ribosome-binding ATPase YchF
MINDJIJG_00175       -            424 10906                -            364   1.6e-13   45.6   6.7   1   1     2e-13   2.9e-11   38.2   6.1     4   226   159   355   156   364 0.82 GTPase Obg
MINDJIJG_00345       -            440 10906                -            364   1.6e-07   25.9   7.6   1   3   7.5e-07   0.00011   16.5   0.1     4    25     6    27     4    34 0.88 GTPase Der
MINDJIJG_00345       -            440 10906                -            364   1.6e-07   25.9   7.6   2   3   1.6e-05    0.0024   12.1   0.2     3    47   175   220   173   244 0.81 GTPase Der
MINDJIJG_00345       -            440 10906                -            364   1.6e-07   25.9   7.6   3   3     0.099        15   -0.3   0.5   181   227   303   347   274   368 0.67 GTPase Der
MINDJIJG_00552       -            275 10906                -            364   0.00066   14.0   0.1   1   4      0.17        26   -1.2   1.0   134   149    54    69    32   108 0.45 GTPase Der
MINDJIJG_00552       -            275 10906                -            364   0.00066   14.0   0.1   2   4   4.5e-06   0.00066   14.0   0.1     2    27   111   136   110   156 0.89 GTPase Der
MINDJIJG_00552       -            275 10906                -            364   0.00066   14.0   0.1   3   4      0.29        43   -1.9   0.0   252   279   176   203   165   212 0.76 GTPase Der
MINDJIJG_00552       -            275 10906                -            364   0.00066   14.0   0.1   4   4      0.26        38   -1.7   0.6   167   191   215   239   180   271 0.54 GTPase Der
#
# Program:         hmmsearch
# Version:         3.4 (Aug 2023)
# Pipeline mode:   SEARCH
# Query file:      /home/genomika25/studenci/dmyboi/sequence_adnotation_cw3/busco_downloads/lineages/mycoplasmatales_odb12/hmms/10906at2085.hmm
# Target file:     /home/genomika25/studenci/dmyboi/sequence_adnotation_cw3/prokka_basic_fixed/prokka_basic_fixed.faa
# Option settings: hmmsearch --domtblout /home/genomika25/studenci/dmyboi/sequence_adnotation_cw3/busco_proteins_fxed/run_mycoplasmatales_odb12/hmmer_output/10906at2085.out --cpu 1 /home/genomika25/studenci/dmyboi/sequence_adnotation_cw3/busco_downloads/lineages/mycoplasmatales_odb12/hmms/10906at2085.hmm /home/genomika25/studenci/dmyboi/sequence_adnotation_cw3/prokka_basic_fixed/prokka_basic_fixed.faa 
# Current dir:     /home/genomika25/studenci/dmyboi/sequence_adnotation_cw3
# Date:            Tue Oct 28 11:33:11 2025
# [ok]
