#                                                                            --- full sequence --- -------------- this domain -------------   hmm coord   ali coord   env coord
# target name        accession   tlen query name           accession   qlen   E-value  score  bias   #  of  c-Evalue  i-Evalue  score  bias  from    to  from    to  from    to  acc description of target
#------------------- ---------- ----- -------------------- ---------- ----- --------- ------ ----- --- --- --------- --------- ------ ----- ----- ----- ----- ----- ----- ----- ---- ---------------------
MINDJIJG_00228       -            667 10924                -            456  1.9e-153  507.0  54.2   1   2    1e-153  1.5e-151  500.7  25.5     1   386     6   394     6   400 0.92 hypothetical protein
MINDJIJG_00228       -            667 10924                -            456  1.9e-153  507.0  54.2   2   2   6.3e-05    0.0092   10.2  23.8   224   445   388   624   384   635 0.55 hypothetical protein
MINDJIJG_00197       -            404 10924                -            456   5.4e-15   50.5   6.6   1   2     1e-08   1.5e-06   22.7   0.1     9    61     9    60     1    68 0.89 Replication-associated recombination protein A
MINDJIJG_00197       -            404 10924                -            456   5.4e-15   50.5   6.6   2   2   9.3e-11   1.4e-08   29.4   2.9   115   233    84   205    68   213 0.84 Replication-associated recombination protein A
MINDJIJG_00314       -            317 10924                -            456   2.1e-09   32.1   6.9   1   2   3.6e-11   5.3e-09   30.8   0.1    12    59     8    59     3    64 0.86 Holliday junction ATP-dependent DNA helicase RuvB
MINDJIJG_00314       -            317 10924                -            456   2.1e-09   32.1   6.9   2   2    0.0081       1.2    3.3   2.4   176   235   169   233   135   291 0.73 Holliday junction ATP-dependent DNA helicase RuvB
MINDJIJG_00232       -            277 10924                -            456   2.8e-06   21.8   2.4   1   3     0.012       1.8    2.7   0.1    21    42     4    25     3    29 0.87 hypothetical protein
MINDJIJG_00232       -            277 10924                -            456   2.8e-06   21.8   2.4   2   3   1.9e-08   2.8e-06   21.8   2.4   111   170    89   148    65   153 0.88 hypothetical protein
MINDJIJG_00232       -            277 10924                -            456   2.8e-06   21.8   2.4   3   3      0.85   1.2e+02   -3.4   8.2   301   351   197   247   150   276 0.43 hypothetical protein
#
# Program:         hmmsearch
# Version:         3.4 (Aug 2023)
# Pipeline mode:   SEARCH
# Query file:      /home/genomika25/studenci/dmyboi/sequence_adnotation_cw3/busco_downloads/lineages/mycoplasmatales_odb12/hmms/10924at2085.hmm
# Target file:     /home/genomika25/studenci/dmyboi/sequence_adnotation_cw3/prokka_basic_fixed/prokka_basic_fixed.faa
# Option settings: hmmsearch --domtblout /home/genomika25/studenci/dmyboi/sequence_adnotation_cw3/busco_proteins_fxed/run_mycoplasmatales_odb12/hmmer_output/10924at2085.out --cpu 1 /home/genomika25/studenci/dmyboi/sequence_adnotation_cw3/busco_downloads/lineages/mycoplasmatales_odb12/hmms/10924at2085.hmm /home/genomika25/studenci/dmyboi/sequence_adnotation_cw3/prokka_basic_fixed/prokka_basic_fixed.faa 
# Current dir:     /home/genomika25/studenci/dmyboi/sequence_adnotation_cw3
# Date:            Tue Oct 28 11:33:12 2025
# [ok]
