#                                                                            --- full sequence --- -------------- this domain -------------   hmm coord   ali coord   env coord
# target name        accession   tlen query name           accession   qlen   E-value  score  bias   #  of  c-Evalue  i-Evalue  score  bias  from    to  from    to  from    to  acc description of target
#------------------- ---------- ----- -------------------- ---------- ----- --------- ------ ----- --- --- --------- --------- ------ ----- ----- ----- ----- ----- ----- ----- ---- ---------------------
MINDJIJG_00027       -            672 10939                -            647  4.2e-118  390.3 130.5   1   1  1.4e-119    5e-118  390.0 130.5     1   646     1   670     1   671 0.91 Lactococcin-G-processing and transport ATP-binding protein LagD
MINDJIJG_00419       -            607 10939                -            647   1.6e-25   84.4  58.5   1   1   1.3e-26   4.7e-25   82.9  58.5   135   641    21   571     7   576 0.77 putative ABC transporter ATP-binding protein
MINDJIJG_00248       -            625 10939                -            647   2.9e-23   77.0  51.1   1   1   3.7e-24   1.4e-22   74.7  51.1   132   644    34   589     4   592 0.75 putative ABC transporter ATP-binding protein
MINDJIJG_00247       -            607 10939                -            647   1.5e-18   61.4  39.3   1   2       5.5     2e+02   -5.1   1.1   274   298    14    38     5    41 0.67 putative ABC transporter ATP-binding protein
MINDJIJG_00247       -            607 10939                -            647   1.5e-18   61.4  39.3   2   2     4e-20   1.5e-18   61.4  39.3   179   629    68   557    50   573 0.73 putative ABC transporter ATP-binding protein
MINDJIJG_00420       -            594 10939                -            647   3.1e-18   60.3  57.3   1   1   9.1e-19   3.3e-17   56.9  57.3   172   646    56   563     5   564 0.73 putative multidrug resistance ABC transporter ATP-binding/permease protein YheI
MINDJIJG_00328       -            265 10939                -            647   1.2e-17   58.4   9.2   1   2   3.3e-19   1.2e-17   58.4   9.2   472   633    17   196     1   205 0.77 Energy-coupling factor transporter ATP-binding protein EcfA1
MINDJIJG_00328       -            265 10939                -            647   1.2e-17   58.4   9.2   2   2      0.86        32   -2.5   0.1   231   261   221   251   218   257 0.79 Energy-coupling factor transporter ATP-binding protein EcfA1
MINDJIJG_00456       -            323 10939                -            647   2.6e-17   57.3  13.8   1   2       1.6        58   -3.3   4.0   362   377    12    27     1    70 0.50 Vitamin B12 import ATP-binding protein BtuD
MINDJIJG_00456       -            323 10939                -            647   2.6e-17   57.3  13.8   2   2   6.9e-19   2.6e-17   57.3  13.8   451   646    86   300    53   301 0.75 Vitamin B12 import ATP-binding protein BtuD
MINDJIJG_00464       -            646 10939                -            647   4.7e-14   46.5   1.2   1   3   2.4e-10     9e-09   29.1   0.0   435   568     3   143     1   149 0.84 Putative ABC transporter ATP-binding protein MG187 
MINDJIJG_00464       -            646 10939                -            647   4.7e-14   46.5   1.2   2   3       1.3        48   -3.1   3.7   312   364   255   307   251   319 0.62 Putative ABC transporter ATP-binding protein MG187 
MINDJIJG_00464       -            646 10939                -            647   4.7e-14   46.5   1.2   3   3   6.2e-09   2.3e-07   24.4   0.7   514   624   362   477   351   492 0.73 Putative ABC transporter ATP-binding protein MG187 
MINDJIJG_00408       -            247 10939                -            647   1.2e-13   45.2  25.5   1   1   8.9e-14   3.3e-12   40.4  25.5   461   646     2   222     1   223 0.73 putative siderophore transport system ATP-binding protein YusV
MINDJIJG_00131       -            234 10939                -            647     8e-13   42.5   9.2   1   1   2.8e-14     1e-12   42.1   9.2   485   631    35   191     4   206 0.83 putative ABC transporter ATP-binding protein YxlF
MINDJIJG_00031       -            469 10939                -            647   2.3e-10   34.3   6.4   1   3     1e-05   0.00038   13.8   0.2   471   525    28    85     4   118 0.79 Vitamin B12 import ATP-binding protein BtuD
MINDJIJG_00031       -            469 10939                -            647   2.3e-10   34.3   6.4   2   3       4.1   1.5e+02   -4.7   8.0   308   367   132   191   122   203 0.70 Vitamin B12 import ATP-binding protein BtuD
MINDJIJG_00031       -            469 10939                -            647   2.3e-10   34.3   6.4   3   3   6.7e-11   2.5e-09   30.9   1.9   549   635   207   296   192   306 0.83 Vitamin B12 import ATP-binding protein BtuD
MINDJIJG_00022       -            281 10939                -            647   9.6e-10   32.3  30.5   1   1   3.3e-11   1.2e-09   31.9  30.5   421   635    10   240     5   251 0.78 Osmoprotectant import ATP-binding protein OsmV
MINDJIJG_00329       -            345 10939                -            647   1.4e-09   31.8   7.0   1   3   4.6e-06   0.00017   15.0   0.4   477   520    26    72    18    75 0.81 Energy-coupling factor transporter ATP-binding protein EcfA2
MINDJIJG_00329       -            345 10939                -            647   1.4e-09   31.8   7.0   2   3      0.66        24   -2.1   2.3   317   376    79   136    73   151 0.60 Energy-coupling factor transporter ATP-binding protein EcfA2
MINDJIJG_00329       -            345 10939                -            647   1.4e-09   31.8   7.0   3   3   3.1e-07   1.1e-05   18.8   0.0   574   634   199   260   192   274 0.89 Energy-coupling factor transporter ATP-binding protein EcfA2
MINDJIJG_00453       -            537 10939                -            647   4.9e-08   26.6  27.2   1   4   1.9e-06     7e-05   16.2   1.6   486   516    31    61    14    99 0.79 putative ABC transporter ATP-binding protein YbiT
MINDJIJG_00453       -            537 10939                -            647   4.9e-08   26.6  27.2   2   4   0.00014     0.005   10.1   0.1   579   637   159   215   129   223 0.75 putative ABC transporter ATP-binding protein YbiT
MINDJIJG_00453       -            537 10939                -            647   4.9e-08   26.6  27.2   3   4      0.83        31   -2.4   2.5   325   377   251   287   215   300 0.49 putative ABC transporter ATP-binding protein YbiT
MINDJIJG_00453       -            537 10939                -            647   4.9e-08   26.6  27.2   4   4   2.9e-06   0.00011   15.6   4.2   447   627   309   498   296   504 0.73 putative ABC transporter ATP-binding protein YbiT
MINDJIJG_00504       -            388 10939                -            647   8.7e-07   22.5   3.2   1   2    0.0032      0.12    5.6   4.3   487   531    80   123    75   184 0.76 Oligopeptide transport ATP-binding protein OppD
MINDJIJG_00504       -            388 10939                -            647   8.7e-07   22.5   3.2   2   2   9.5e-06   0.00035   13.9   0.0   567   643   190   268   157   272 0.81 Oligopeptide transport ATP-binding protein OppD
MINDJIJG_00363       -            174 10939                -            647   2.3e-05   17.8  18.3   1   1   7.8e-07   2.9e-05   17.5  18.3   132   286     5   165     2   172 0.85 hypothetical protein
#
# Program:         hmmsearch
# Version:         3.4 (Aug 2023)
# Pipeline mode:   SEARCH
# Query file:      /home/genomika25/studenci/dmyboi/sequence_adnotation_cw3/busco_downloads/lineages/mycoplasmatales_odb12/hmms/10939at2085.hmm
# Target file:     /home/genomika25/studenci/dmyboi/sequence_adnotation_cw3/prokka_basic_fixed/prokka_basic_fixed.faa
# Option settings: hmmsearch --domtblout /home/genomika25/studenci/dmyboi/sequence_adnotation_cw3/busco_proteins_fxed/run_mycoplasmatales_odb12/hmmer_output/10939at2085.out --cpu 1 /home/genomika25/studenci/dmyboi/sequence_adnotation_cw3/busco_downloads/lineages/mycoplasmatales_odb12/hmms/10939at2085.hmm /home/genomika25/studenci/dmyboi/sequence_adnotation_cw3/prokka_basic_fixed/prokka_basic_fixed.faa 
# Current dir:     /home/genomika25/studenci/dmyboi/sequence_adnotation_cw3
# Date:            Tue Oct 28 11:33:12 2025
# [ok]
