#                                                                            --- full sequence --- -------------- this domain -------------   hmm coord   ali coord   env coord
# target name        accession   tlen query name           accession   qlen   E-value  score  bias   #  of  c-Evalue  i-Evalue  score  bias  from    to  from    to  from    to  acc description of target
#------------------- ---------- ----- -------------------- ---------- ----- --------- ------ ----- --- --- --------- --------- ------ ----- ----- ----- ----- ----- ----- ----- ---- ---------------------
MINDJIJG_00238       -            579 631                  -            549  2.3e-260  859.8  10.2   1   1  4.1e-262    6e-260  858.4  10.2     1   547     4   573     4   575 0.95 Threonine--tRNA ligase
MINDJIJG_00003       -            477 631                  -            549   1.3e-12   42.1   0.3   1   2     4e-08   5.9e-06   20.1   0.1   174   338    34   201    27   219 0.78 Proline--tRNA ligase
MINDJIJG_00003       -            477 631                  -            549   1.3e-12   42.1   0.3   2   2   3.8e-08   5.5e-06   20.2   0.0   409   538   238   373   231   387 0.76 Proline--tRNA ligase
MINDJIJG_00396       -            458 631                  -            549   2.9e-10   34.3   2.4   1   2    0.0012      0.18    5.3   0.1   184   229    43    89     3   138 0.87 Glycine--tRNA ligase
MINDJIJG_00396       -            458 631                  -            549   2.9e-10   34.3   2.4   2   2   1.1e-10   1.6e-08   28.5   0.2   451   547   358   455   354   457 0.89 Glycine--tRNA ligase
MINDJIJG_00006       -            421 631                  -            549   0.00022   14.9   0.1   1   2     0.076        11   -0.7   1.4   465   499    61    97     3   125 0.53 Serine--tRNA ligase
MINDJIJG_00006       -            421 631                  -            549   0.00022   14.9   0.1   2   2   1.5e-06   0.00022   14.9   0.1   156   360   141   347   138   356 0.81 Serine--tRNA ligase
#
# Program:         hmmsearch
# Version:         3.4 (Aug 2023)
# Pipeline mode:   SEARCH
# Query file:      /home/genomika25/studenci/dmyboi/sequence_adnotation_cw3/busco_downloads/lineages/mycoplasmatales_odb12/hmms/631at2085.hmm
# Target file:     /home/genomika25/studenci/dmyboi/sequence_adnotation_cw3/prokka_basic_fixed/prokka_basic_fixed.faa
# Option settings: hmmsearch --domtblout /home/genomika25/studenci/dmyboi/sequence_adnotation_cw3/busco_proteins_fxed/run_mycoplasmatales_odb12/hmmer_output/631at2085.out --cpu 1 /home/genomika25/studenci/dmyboi/sequence_adnotation_cw3/busco_downloads/lineages/mycoplasmatales_odb12/hmms/631at2085.hmm /home/genomika25/studenci/dmyboi/sequence_adnotation_cw3/prokka_basic_fixed/prokka_basic_fixed.faa 
# Current dir:     /home/genomika25/studenci/dmyboi/sequence_adnotation_cw3
# Date:            Tue Oct 28 11:33:13 2025
# [ok]
