#                                                                            --- full sequence --- -------------- this domain -------------   hmm coord   ali coord   env coord
# target name        accession   tlen query name           accession   qlen   E-value  score  bias   #  of  c-Evalue  i-Evalue  score  bias  from    to  from    to  from    to  acc description of target
#------------------- ---------- ----- -------------------- ---------- ----- --------- ------ ----- --- --- --------- --------- ------ ----- ----- ----- ----- ----- ----- ----- ---- ---------------------
MINDJIJG_00477       -            942 6419                 -            944         0 1606.6  21.6   1   1         0         0 1606.4  21.6     3   942     1   942     1   942 0.99 UvrABC system protein A
MINDJIJG_00329       -            345 6419                 -            944   3.4e-14   46.6   0.9   1   2    0.0031      0.23    4.2   0.2   626   655    23    52    18    87 0.82 Energy-coupling factor transporter ATP-binding protein EcfA2
MINDJIJG_00329       -            345 6419                 -            944   3.4e-14   46.6   0.9   2   2   2.1e-14   1.6e-12   41.1   0.0   810   895   179   261   163   288 0.88 Energy-coupling factor transporter ATP-binding protein EcfA2
MINDJIJG_00328       -            265 6419                 -            944   1.2e-11   38.1   3.0   1   2   1.1e-05   0.00078   12.3   0.2   621   670    14    61     4   100 0.66 Energy-coupling factor transporter ATP-binding protein EcfA1
MINDJIJG_00328       -            265 6419                 -            944   1.2e-11   38.1   3.0   2   2   5.5e-10     4e-08   26.5   0.3   473   590   120   229   105   236 0.75 Energy-coupling factor transporter ATP-binding protein EcfA1
MINDJIJG_00456       -            323 6419                 -            944   9.7e-11   35.2   3.6   1   2   1.4e-05     0.001   12.0   0.8   622   654   105   137    79   156 0.72 Vitamin B12 import ATP-binding protein BtuD
MINDJIJG_00456       -            323 6419                 -            944   9.7e-11   35.2   3.6   2   2   3.5e-09   2.6e-07   23.9   0.1   830   906   226   300   169   303 0.87 Vitamin B12 import ATP-binding protein BtuD
MINDJIJG_00504       -            388 6419                 -            944   8.7e-10   32.0   1.8   1   2    0.0029      0.22    4.3   0.2   627   659    66    97    57   174 0.65 Oligopeptide transport ATP-binding protein OppD
MINDJIJG_00504       -            388 6419                 -            944   8.7e-10   32.0   1.8   2   2   3.2e-10   2.4e-08   27.3   0.1   830   934   197   295   170   302 0.88 Oligopeptide transport ATP-binding protein OppD
MINDJIJG_00408       -            247 6419                 -            944     3e-09   30.2   2.6   1   2   2.3e-06   0.00017   14.5   0.1   626   668    21    63    11    91 0.77 putative siderophore transport system ATP-binding protein YusV
MINDJIJG_00408       -            247 6419                 -            944     3e-09   30.2   2.6   2   2   7.9e-07   5.8e-05   16.1   0.2   824   899   141   214   117   231 0.89 putative siderophore transport system ATP-binding protein YusV
MINDJIJG_00031       -            469 6419                 -            944     1e-08   28.5   1.5   1   2   1.4e-05     0.001   11.9   0.1   599   654     2    59     1    88 0.85 Vitamin B12 import ATP-binding protein BtuD
MINDJIJG_00031       -            469 6419                 -            944     1e-08   28.5   1.5   2   2   1.1e-06   7.8e-05   15.6   0.2   448   559   190   303   119   312 0.77 Vitamin B12 import ATP-binding protein BtuD
MINDJIJG_00131       -            234 6419                 -            944   2.5e-05   17.3   2.3   1   2    0.0057      0.42    3.3   0.3   614   661    10    57     6    69 0.89 putative ABC transporter ATP-binding protein YxlF
MINDJIJG_00131       -            234 6419                 -            944   2.5e-05   17.3   2.3   2   2   3.7e-06   0.00027   13.8   0.1   804   897   108   198    95   216 0.80 putative ABC transporter ATP-binding protein YxlF
#
# Program:         hmmsearch
# Version:         3.4 (Aug 2023)
# Pipeline mode:   SEARCH
# Query file:      /home/genomika25/studenci/dmyboi/sequence_adnotation_cw3/busco_downloads/lineages/mycoplasmatales_odb12/hmms/6419at2085.hmm
# Target file:     /home/genomika25/studenci/dmyboi/sequence_adnotation_cw3/prokka_basic_fixed/prokka_basic_fixed.faa
# Option settings: hmmsearch --domtblout /home/genomika25/studenci/dmyboi/sequence_adnotation_cw3/busco_proteins_fxed/run_mycoplasmatales_odb12/hmmer_output/6419at2085.out --cpu 1 /home/genomika25/studenci/dmyboi/sequence_adnotation_cw3/busco_downloads/lineages/mycoplasmatales_odb12/hmms/6419at2085.hmm /home/genomika25/studenci/dmyboi/sequence_adnotation_cw3/prokka_basic_fixed/prokka_basic_fixed.faa 
# Current dir:     /home/genomika25/studenci/dmyboi/sequence_adnotation_cw3
# Date:            Tue Oct 28 11:33:13 2025
# [ok]
