#                                                                            --- full sequence --- -------------- this domain -------------   hmm coord   ali coord   env coord
# target name        accession   tlen query name           accession   qlen   E-value  score  bias   #  of  c-Evalue  i-Evalue  score  bias  from    to  from    to  from    to  acc description of target
#------------------- ---------- ----- -------------------- ---------- ----- --------- ------ ----- --- --- --------- --------- ------ ----- ----- ----- ----- ----- ----- ----- ---- ---------------------
MINDJIJG_00158       -            697 6814                 -            685         0 1330.8   7.2   1   1         0         0 1330.6   7.2     1   684     3   688     3   689 0.99 Elongation factor G
MINDJIJG_00434       -            599 6814                 -            685   6.5e-49  161.9   0.3   1   3   1.9e-33   2.7e-31  103.7   0.3     6   178     4   174     1   179 0.90 Elongation factor 4
MINDJIJG_00434       -            599 6814                 -            685   6.5e-49  161.9   0.3   2   3   3.9e-16   5.8e-14   46.4   0.0   297   483   182   376   171   383 0.81 Elongation factor 4
MINDJIJG_00434       -            599 6814                 -            685   6.5e-49  161.9   0.3   3   3   0.00016     0.023    8.1   0.0   593   662   396   467   389   476 0.84 Elongation factor 4
MINDJIJG_00509       -            605 6814                 -            685   1.2e-18   61.9   4.1   1   2   3.2e-19   4.7e-17   56.6   3.8    56   144   145   233   113   246 0.84 Translation initiation factor IF-2
MINDJIJG_00509       -            605 6814                 -            685   1.2e-18   61.9   4.1   2   2      0.26        39   -2.6   0.0   252   272   252   272   249   283 0.87 Translation initiation factor IF-2
MINDJIJG_00113       -            397 6814                 -            685     3e-16   54.0   0.5   1   1   4.5e-18   6.6e-16   52.8   0.6     8   138    12   141     7   155 0.90 Elongation factor Tu
#
# Program:         hmmsearch
# Version:         3.4 (Aug 2023)
# Pipeline mode:   SEARCH
# Query file:      /home/genomika25/studenci/dmyboi/sequence_adnotation_cw3/busco_downloads/lineages/mycoplasmatales_odb12/hmms/6814at2085.hmm
# Target file:     /home/genomika25/studenci/dmyboi/sequence_adnotation_cw3/prokka_basic_fixed/prokka_basic_fixed.faa
# Option settings: hmmsearch --domtblout /home/genomika25/studenci/dmyboi/sequence_adnotation_cw3/busco_proteins_fxed/run_mycoplasmatales_odb12/hmmer_output/6814at2085.out --cpu 1 /home/genomika25/studenci/dmyboi/sequence_adnotation_cw3/busco_downloads/lineages/mycoplasmatales_odb12/hmms/6814at2085.hmm /home/genomika25/studenci/dmyboi/sequence_adnotation_cw3/prokka_basic_fixed/prokka_basic_fixed.faa 
# Current dir:     /home/genomika25/studenci/dmyboi/sequence_adnotation_cw3
# Date:            Tue Oct 28 11:33:14 2025
# [ok]
