#                                                                            --- full sequence --- -------------- this domain -------------   hmm coord   ali coord   env coord
# target name        accession   tlen query name           accession   qlen   E-value  score  bias   #  of  c-Evalue  i-Evalue  score  bias  from    to  from    to  from    to  acc description of target
#------------------- ---------- ----- -------------------- ---------- ----- --------- ------ ----- --- --- --------- --------- ------ ----- ----- ----- ----- ----- ----- ----- ---- ---------------------
MINDJIJG_00434       -            599 7172                 -            594         0 1111.2  11.8   1   1         0         0 1111.0  11.8     1   594     1   594     1   594 1.00 Elongation factor 4
MINDJIJG_00158       -            697 7172                 -            594   2.2e-51  170.0   3.9   1   3   1.8e-32   2.6e-30  100.5   0.2     5   157     9   164     5   182 0.91 Elongation factor G
MINDJIJG_00158       -            697 7172                 -            594   2.2e-51  170.0   3.9   2   3   4.9e-16   7.2e-14   46.2   0.2   182   376   299   486   232   498 0.76 Elongation factor G
MINDJIJG_00158       -            697 7172                 -            594   2.2e-51  170.0   3.9   3   3   6.5e-09   9.6e-07   22.6   0.0   355   474   544   673   531   685 0.73 Elongation factor G
MINDJIJG_00113       -            397 7172                 -            594   3.7e-23   76.9   0.2   1   1   3.2e-25   4.8e-23   76.5   0.2     8   260    14   285     7   312 0.80 Elongation factor Tu
MINDJIJG_00509       -            605 7172                 -            594   4.1e-21   70.1   4.8   1   2   2.8e-23   4.1e-21   70.1   4.8    10   219   119   319   116   324 0.85 Translation initiation factor IF-2
MINDJIJG_00509       -            605 7172                 -            594   4.1e-21   70.1   4.8   2   2      0.21        31   -2.1   0.3   171   270   495   591   463   600 0.56 Translation initiation factor IF-2
#
# Program:         hmmsearch
# Version:         3.4 (Aug 2023)
# Pipeline mode:   SEARCH
# Query file:      /home/genomika25/studenci/dmyboi/sequence_adnotation_cw3/busco_downloads/lineages/mycoplasmatales_odb12/hmms/7172at2085.hmm
# Target file:     /home/genomika25/studenci/dmyboi/sequence_adnotation_cw3/prokka_basic_fixed/prokka_basic_fixed.faa
# Option settings: hmmsearch --domtblout /home/genomika25/studenci/dmyboi/sequence_adnotation_cw3/busco_proteins_fxed/run_mycoplasmatales_odb12/hmmer_output/7172at2085.out --cpu 1 /home/genomika25/studenci/dmyboi/sequence_adnotation_cw3/busco_downloads/lineages/mycoplasmatales_odb12/hmms/7172at2085.hmm /home/genomika25/studenci/dmyboi/sequence_adnotation_cw3/prokka_basic_fixed/prokka_basic_fixed.faa 
# Current dir:     /home/genomika25/studenci/dmyboi/sequence_adnotation_cw3
# Date:            Tue Oct 28 11:33:15 2025
# [ok]
