#                                                                            --- full sequence --- -------------- this domain -------------   hmm coord   ali coord   env coord
# target name        accession   tlen query name           accession   qlen   E-value  score  bias   #  of  c-Evalue  i-Evalue  score  bias  from    to  from    to  from    to  acc description of target
#------------------- ---------- ----- -------------------- ---------- ----- --------- ------ ----- --- --- --------- --------- ------ ----- ----- ----- ----- ----- ----- ----- ---- ---------------------
MINDJIJG_00029       -            294 7206                 -            289  2.8e-113  372.9  17.8   1   1  4.3e-115  3.2e-113  372.7  17.8     1   289     2   294     2   294 0.97 GTPase Era
MINDJIJG_00345       -            440 7206                 -            289   2.9e-50  166.0  17.8   1   2     2e-28   1.5e-26   88.3   1.0     1   169     1   166     1   175 0.91 GTPase Der
MINDJIJG_00345       -            440 7206                 -            289   2.9e-50  166.0  17.8   2   2   7.1e-27   5.2e-25   83.1   9.8     4   180   174   359   171   369 0.81 GTPase Der
MINDJIJG_00043       -            448 7206                 -            289   7.7e-24   79.3   4.2   1   2      0.64        47   -2.0   2.0   144   167   148   171   117   213 0.51 tRNA modification GTPase MnmE
MINDJIJG_00043       -            448 7206                 -            289   7.7e-24   79.3   4.2   2   2     1e-25   7.7e-24   79.3   4.2     2   128   219   344   218   384 0.89 tRNA modification GTPase MnmE
MINDJIJG_00493       -            183 7206                 -            289   1.2e-17   58.9   5.4   1   1   2.1e-19   1.5e-17   58.6   5.4     9   160    25   179    18   182 0.86 GTP-binding protein EngB
MINDJIJG_00552       -            275 7206                 -            289   1.5e-09   32.4  13.8   1   3     0.063       4.7    1.3   4.4    86   174    18   101     6   110 0.64 GTPase Der
MINDJIJG_00552       -            275 7206                 -            289   1.5e-09   32.4  13.8   2   3   5.1e-11   3.7e-09   31.1   0.0     6    67   113   170   108   174 0.85 GTPase Der
MINDJIJG_00552       -            275 7206                 -            289   1.5e-09   32.4  13.8   3   3    0.0036      0.27    5.3   1.0   112   174   176   240   168   254 0.81 GTPase Der
MINDJIJG_00175       -            424 7206                 -            289   1.1e-08   29.5   0.5   1   1   2.8e-10   2.1e-08   28.7   0.3     6   178   159   335   154   355 0.70 GTPase Obg
MINDJIJG_00524       -            367 7206                 -            289   3.4e-05   18.1   5.1   1   1   4.4e-06   0.00032   14.9   4.9     5   151     4   165     1   208 0.57 Ribosome-binding ATPase YchF
MINDJIJG_00122       -            283 7206                 -            289     7e-05   17.1   3.1   1   2     0.091       6.7    0.7   0.2   100   128    92   120    56   137 0.62 Small ribosomal subunit biogenesis GTPase RsgA
MINDJIJG_00122       -            283 7206                 -            289     7e-05   17.1   3.1   2   2   1.5e-06   0.00011   16.4   0.1     8    68   155   217   148   232 0.81 Small ribosomal subunit biogenesis GTPase RsgA
#
# Program:         hmmsearch
# Version:         3.4 (Aug 2023)
# Pipeline mode:   SEARCH
# Query file:      /home/genomika25/studenci/dmyboi/sequence_adnotation_cw3/busco_downloads/lineages/mycoplasmatales_odb12/hmms/7206at2085.hmm
# Target file:     /home/genomika25/studenci/dmyboi/sequence_adnotation_cw3/prokka_basic_fixed/prokka_basic_fixed.faa
# Option settings: hmmsearch --domtblout /home/genomika25/studenci/dmyboi/sequence_adnotation_cw3/busco_proteins_fxed/run_mycoplasmatales_odb12/hmmer_output/7206at2085.out --cpu 1 /home/genomika25/studenci/dmyboi/sequence_adnotation_cw3/busco_downloads/lineages/mycoplasmatales_odb12/hmms/7206at2085.hmm /home/genomika25/studenci/dmyboi/sequence_adnotation_cw3/prokka_basic_fixed/prokka_basic_fixed.faa 
# Current dir:     /home/genomika25/studenci/dmyboi/sequence_adnotation_cw3
# Date:            Tue Oct 28 11:33:15 2025
# [ok]
