#                                                                            --- full sequence --- -------------- this domain -------------   hmm coord   ali coord   env coord
# target name        accession   tlen query name           accession   qlen   E-value  score  bias   #  of  c-Evalue  i-Evalue  score  bias  from    to  from    to  from    to  acc description of target
#------------------- ---------- ----- -------------------- ---------- ----- --------- ------ ----- --- --- --------- --------- ------ ----- ----- ----- ----- ----- ----- ----- ---- ---------------------
MINDJIJG_00552       -            275 7434                 -            254   1.5e-72  239.0  16.2   1   1   2.4e-74     2e-72  238.6  16.2     9   254     1   266     1   266 0.87 GTPase Der
MINDJIJG_00345       -            440 7434                 -            254     3e-20   67.6  18.4   1   3     2e-12   1.7e-10   35.6   0.3   111   165     6    65     2    80 0.77 GTPase Der
MINDJIJG_00345       -            440 7434                 -            254     3e-20   67.6  18.4   2   3   1.5e-11   1.3e-09   32.8   1.3    19   162    79   232    67   247 0.77 GTPase Der
MINDJIJG_00345       -            440 7434                 -            254     3e-20   67.6  18.4   3   3    0.0032      0.27    5.5   5.1    17    68   250   303   242   367 0.86 GTPase Der
MINDJIJG_00043       -            448 7434                 -            254   3.1e-13   44.6  11.8   1   2     1e-12   8.7e-11   36.6   2.5    69   162   190   279   144   291 0.69 tRNA modification GTPase MnmE
MINDJIJG_00043       -            448 7434                 -            254   3.1e-13   44.6  11.8   2   2   2.5e-05    0.0021   12.4   1.7    19    81   296   358   287   375 0.76 tRNA modification GTPase MnmE
MINDJIJG_00493       -            183 7434                 -            254   1.6e-08   29.2   5.9   1   1   6.5e-10   5.5e-08   27.4   5.9   105   244    16   165     3   175 0.72 GTP-binding protein EngB
MINDJIJG_00029       -            294 7434                 -            254   1.8e-08   29.1   0.6   1   3   2.1e-10   1.8e-08   29.1   0.6   108   161     4    62     1    77 0.79 GTPase Era
MINDJIJG_00029       -            294 7434                 -            254   1.8e-08   29.1   0.6   2   3     0.086       7.2    0.8   0.8    47    67   111   131    78   142 0.74 GTPase Era
MINDJIJG_00029       -            294 7434                 -            254   1.8e-08   29.1   0.6   3   3      0.17        14   -0.1   0.7    39    64   258   285   247   292 0.74 GTPase Era
MINDJIJG_00524       -            367 7434                 -            254     1e-05   20.0   0.1   1   3   1.2e-07     1e-05   20.0   0.1   108   142     2    36     1    47 0.87 Ribosome-binding ATPase YchF
MINDJIJG_00524       -            367 7434                 -            254     1e-05   20.0   0.1   2   3     0.037       3.1    2.0   0.7    46    99   106   157    95   179 0.67 Ribosome-binding ATPase YchF
MINDJIJG_00524       -            367 7434                 -            254     1e-05   20.0   0.1   3   3      0.33        28   -1.1   0.6   200   234   219   253   188   266 0.68 Ribosome-binding ATPase YchF
MINDJIJG_00122       -            283 7434                 -            254   4.1e-05   18.0   4.9   1   1     6e-06   0.00051   14.4   4.9    23   161    72   210    60   217 0.60 Small ribosomal subunit biogenesis GTPase RsgA
#
# Program:         hmmsearch
# Version:         3.4 (Aug 2023)
# Pipeline mode:   SEARCH
# Query file:      /home/genomika25/studenci/dmyboi/sequence_adnotation_cw3/busco_downloads/lineages/mycoplasmatales_odb12/hmms/7434at2085.hmm
# Target file:     /home/genomika25/studenci/dmyboi/sequence_adnotation_cw3/prokka_basic_fixed/prokka_basic_fixed.faa
# Option settings: hmmsearch --domtblout /home/genomika25/studenci/dmyboi/sequence_adnotation_cw3/busco_proteins_fxed/run_mycoplasmatales_odb12/hmmer_output/7434at2085.out --cpu 1 /home/genomika25/studenci/dmyboi/sequence_adnotation_cw3/busco_downloads/lineages/mycoplasmatales_odb12/hmms/7434at2085.hmm /home/genomika25/studenci/dmyboi/sequence_adnotation_cw3/prokka_basic_fixed/prokka_basic_fixed.faa 
# Current dir:     /home/genomika25/studenci/dmyboi/sequence_adnotation_cw3
# Date:            Tue Oct 28 11:33:15 2025
# [ok]
