#                                                                            --- full sequence --- -------------- this domain -------------   hmm coord   ali coord   env coord
# target name        accession   tlen query name           accession   qlen   E-value  score  bias   #  of  c-Evalue  i-Evalue  score  bias  from    to  from    to  from    to  acc description of target
#------------------- ---------- ----- -------------------- ---------- ----- --------- ------ ----- --- --- --------- --------- ------ ----- ----- ----- ----- ----- ----- ----- ---- ---------------------
MINDJIJG_00430       -            488 7633                 -            492  2.7e-239  790.0  12.8   1   1    2e-241    3e-239  789.8  12.8     1   490     1   487     1   488 0.99 Lysine--tRNA ligase
MINDJIJG_00317       -            561 7633                 -            492   9.7e-34  112.0   3.0   1   2   1.1e-22   1.6e-20   68.4   1.8    54   295    12   258     5   340 0.78 Aspartate--tRNA ligase
MINDJIJG_00317       -            561 7633                 -            492   9.7e-34  112.0   3.0   2   2   7.3e-15   1.1e-12   42.6   0.0   447   486   490   529   442   533 0.86 Aspartate--tRNA ligase
MINDJIJG_00035       -            448 7633                 -            492   5.2e-27   89.8   6.3   1   1     1e-28   1.5e-26   88.3   6.3    45   487     7   442     1   446 0.81 Asparagine--tRNA ligase
MINDJIJG_00196       -            313 7633                 -            492    0.0018   12.2   3.1   1   3      0.12        18   -1.0   0.1    36    58    50    72    11   116 0.56 Phenylalanine--tRNA ligase alpha subunit
MINDJIJG_00196       -            313 7633                 -            492    0.0018   12.2   3.1   2   3   3.6e-05    0.0052   10.7   0.0   243   290   176   224   173   248 0.75 Phenylalanine--tRNA ligase alpha subunit
MINDJIJG_00196       -            313 7633                 -            492    0.0018   12.2   3.1   3   3     0.038       5.7    0.7   0.1   461   480   281   300   273   302 0.87 Phenylalanine--tRNA ligase alpha subunit
#
# Program:         hmmsearch
# Version:         3.4 (Aug 2023)
# Pipeline mode:   SEARCH
# Query file:      /home/genomika25/studenci/dmyboi/sequence_adnotation_cw3/busco_downloads/lineages/mycoplasmatales_odb12/hmms/7633at2085.hmm
# Target file:     /home/genomika25/studenci/dmyboi/sequence_adnotation_cw3/prokka_basic_fixed/prokka_basic_fixed.faa
# Option settings: hmmsearch --domtblout /home/genomika25/studenci/dmyboi/sequence_adnotation_cw3/busco_proteins_fxed/run_mycoplasmatales_odb12/hmmer_output/7633at2085.out --cpu 1 /home/genomika25/studenci/dmyboi/sequence_adnotation_cw3/busco_downloads/lineages/mycoplasmatales_odb12/hmms/7633at2085.hmm /home/genomika25/studenci/dmyboi/sequence_adnotation_cw3/prokka_basic_fixed/prokka_basic_fixed.faa 
# Current dir:     /home/genomika25/studenci/dmyboi/sequence_adnotation_cw3
# Date:            Tue Oct 28 11:33:15 2025
# [ok]
