#                                                                            --- full sequence --- -------------- this domain -------------   hmm coord   ali coord   env coord
# target name        accession   tlen query name           accession   qlen   E-value  score  bias   #  of  c-Evalue  i-Evalue  score  bias  from    to  from    to  from    to  acc description of target
#------------------- ---------- ----- -------------------- ---------- ----- --------- ------ ----- --- --- --------- --------- ------ ----- ----- ----- ----- ----- ----- ----- ---- ---------------------
MINDJIJG_00493       -            183 7744                 -            180   8.1e-69  226.2  10.2   1   1   1.1e-70   8.9e-69  226.0  10.2     1   178     1   181     1   183 0.95 GTP-binding protein EngB
MINDJIJG_00345       -            440 7744                 -            180   1.2e-23   79.0  13.8   1   2   8.7e-15   7.3e-13   43.9   1.1    20   178     4   159     1   162 0.83 GTPase Der
MINDJIJG_00345       -            440 7744                 -            180   1.2e-23   79.0  13.8   2   2   2.1e-13   1.7e-11   39.4   5.6    20   178   174   341   164   343 0.75 GTPase Der
MINDJIJG_00552       -            275 7744                 -            180   4.8e-13   44.5   5.3   1   2    0.0062      0.52    5.2   1.1   104   155    19    69     4    92 0.62 GTPase Der
MINDJIJG_00552       -            275 7744                 -            180   4.8e-13   44.5   5.3   2   2   8.7e-14   7.4e-12   40.6   0.0    19    83   110   174    91   208 0.83 GTPase Der
MINDJIJG_00029       -            294 7744                 -            180   3.3e-12   41.7   3.8   1   2   3.9e-14   3.3e-12   41.7   3.8    20   164     5   151     1   167 0.71 GTPase Era
MINDJIJG_00029       -            294 7744                 -            180   3.3e-12   41.7   3.8   2   2       2.1   1.8e+02   -3.0   0.6   133   147   243   257   216   277 0.46 GTPase Era
MINDJIJG_00043       -            448 7744                 -            180   3.7e-07   25.3   5.6   1   2      0.49        41   -1.0   1.3    81   137   154   211   137   222 0.71 tRNA modification GTPase MnmE
MINDJIJG_00043       -            448 7744                 -            180   3.7e-07   25.3   5.6   2   2   4.4e-09   3.7e-07   25.3   5.6    15   155   216   354   205   373 0.64 tRNA modification GTPase MnmE
MINDJIJG_00122       -            283 7744                 -            180   5.1e-05   18.3   4.7   1   3     0.046       3.9    2.4   0.4   118   150    93   125    60   149 0.78 Small ribosomal subunit biogenesis GTPase RsgA
MINDJIJG_00122       -            283 7744                 -            180   5.1e-05   18.3   4.7   2   3     1e-06   8.6e-05   17.6   0.1    19    73   150   210   145   219 0.77 Small ribosomal subunit biogenesis GTPase RsgA
MINDJIJG_00122       -            283 7744                 -            180   5.1e-05   18.3   4.7   3   3       2.2   1.9e+02   -3.1   0.0     4    26   238   261   232   279 0.50 Small ribosomal subunit biogenesis GTPase RsgA
MINDJIJG_00434       -            599 7744                 -            180   0.00025   16.0   0.5   1   1   7.7e-06   0.00065   14.7   0.5   102   178    94   173    84   175 0.80 Elongation factor 4
#
# Program:         hmmsearch
# Version:         3.4 (Aug 2023)
# Pipeline mode:   SEARCH
# Query file:      /home/genomika25/studenci/dmyboi/sequence_adnotation_cw3/busco_downloads/lineages/mycoplasmatales_odb12/hmms/7744at2085.hmm
# Target file:     /home/genomika25/studenci/dmyboi/sequence_adnotation_cw3/prokka_basic_fixed/prokka_basic_fixed.faa
# Option settings: hmmsearch --domtblout /home/genomika25/studenci/dmyboi/sequence_adnotation_cw3/busco_proteins_fxed/run_mycoplasmatales_odb12/hmmer_output/7744at2085.out --cpu 1 /home/genomika25/studenci/dmyboi/sequence_adnotation_cw3/busco_downloads/lineages/mycoplasmatales_odb12/hmms/7744at2085.hmm /home/genomika25/studenci/dmyboi/sequence_adnotation_cw3/prokka_basic_fixed/prokka_basic_fixed.faa 
# Current dir:     /home/genomika25/studenci/dmyboi/sequence_adnotation_cw3
# Date:            Tue Oct 28 11:33:15 2025
# [ok]
