#                                                                            --- full sequence --- -------------- this domain -------------   hmm coord   ali coord   env coord
# target name        accession   tlen query name           accession   qlen   E-value  score  bias   #  of  c-Evalue  i-Evalue  score  bias  from    to  from    to  from    to  acc description of target
#------------------- ---------- ----- -------------------- ---------- ----- --------- ------ ----- --- --- --------- --------- ------ ----- ----- ----- ----- ----- ----- ----- ---- ---------------------
MINDJIJG_00345       -            440 7755                 -            433  1.5e-201  664.7  18.8   1   1  2.4e-203  1.8e-201  664.5  18.8     2   432     4   436     3   437 0.99 GTPase Der
MINDJIJG_00043       -            448 7755                 -            433   2.9e-27   90.4   9.1   1   1   3.9e-29   2.9e-27   90.4   9.1   150   298   202   344   100   357 0.81 tRNA modification GTPase MnmE
MINDJIJG_00029       -            294 7755                 -            433   2.5e-26   87.4   0.6   1   2   3.4e-28   2.5e-26   87.4   0.6     4   159     7   169     4   179 0.86 GTPase Era
MINDJIJG_00029       -            294 7755                 -            433   2.5e-26   87.4   0.6   2   2      0.73        54   -2.7   0.3   114   114   244   244   212   285 0.56 GTPase Era
MINDJIJG_00552       -            275 7755                 -            433   3.9e-13   43.9   1.7   1   2   3.5e-06   0.00026   14.8   0.2   248   304    11    67     3    73 0.79 GTPase Der
MINDJIJG_00552       -            275 7755                 -            433   3.9e-13   43.9   1.7   2   2   2.8e-10   2.1e-08   28.3   0.1   156   243    97   181    81   220 0.74 GTPase Der
MINDJIJG_00493       -            183 7755                 -            433   2.1e-12   41.4   5.2   1   1     4e-14   2.9e-12   41.0   5.2   163   334    13   178     3   181 0.74 GTP-binding protein EngB
MINDJIJG_00434       -            599 7755                 -            433   1.4e-11   38.7   3.7   1   1   2.9e-13   2.1e-11   38.1   3.7   166   350     3   187     1   199 0.78 Elongation factor 4
MINDJIJG_00158       -            697 7755                 -            433   0.00016   15.4   0.1   1   1   8.1e-06    0.0006   13.6   0.1   193   297    58   144     5   163 0.60 Elongation factor G
MINDJIJG_00524       -            367 7755                 -            433   0.00037   14.3   6.0   1   3     6e-05    0.0044   10.7   0.1     5    21     6    22     2    27 0.79 Ribosome-binding ATPase YchF
MINDJIJG_00524       -            367 7755                 -            433   0.00037   14.3   6.0   2   3    0.0028       0.2    5.3   0.1   267   342    24    99    20   144 0.77 Ribosome-binding ATPase YchF
MINDJIJG_00524       -            367 7755                 -            433   0.00037   14.3   6.0   3   3     0.075       5.5    0.5   0.3   267   374   187   292   168   305 0.64 Ribosome-binding ATPase YchF
#
# Program:         hmmsearch
# Version:         3.4 (Aug 2023)
# Pipeline mode:   SEARCH
# Query file:      /home/genomika25/studenci/dmyboi/sequence_adnotation_cw3/busco_downloads/lineages/mycoplasmatales_odb12/hmms/7755at2085.hmm
# Target file:     /home/genomika25/studenci/dmyboi/sequence_adnotation_cw3/prokka_basic_fixed/prokka_basic_fixed.faa
# Option settings: hmmsearch --domtblout /home/genomika25/studenci/dmyboi/sequence_adnotation_cw3/busco_proteins_fxed/run_mycoplasmatales_odb12/hmmer_output/7755at2085.out --cpu 1 /home/genomika25/studenci/dmyboi/sequence_adnotation_cw3/busco_downloads/lineages/mycoplasmatales_odb12/hmms/7755at2085.hmm /home/genomika25/studenci/dmyboi/sequence_adnotation_cw3/prokka_basic_fixed/prokka_basic_fixed.faa 
# Current dir:     /home/genomika25/studenci/dmyboi/sequence_adnotation_cw3
# Date:            Tue Oct 28 11:33:15 2025
# [ok]
