#                                                                            --- full sequence --- -------------- this domain -------------   hmm coord   ali coord   env coord
# target name        accession   tlen query name           accession   qlen   E-value  score  bias   #  of  c-Evalue  i-Evalue  score  bias  from    to  from    to  from    to  acc description of target
#------------------- ---------- ----- -------------------- ---------- ----- --------- ------ ----- --- --- --------- --------- ------ ----- ----- ----- ----- ----- ----- ----- ---- ---------------------
MINDJIJG_00538       -            401 7784                 -            390  4.9e-155  511.8  16.8   1   1  3.7e-157  5.5e-155  511.6  16.8     2   390     2   401     1   401 0.94 Cysteine--tRNA ligase
MINDJIJG_00176       -            521 7784                 -            390   4.5e-13   44.4  14.3   1   2   4.4e-10   6.5e-08   27.4   5.6     3   125     7   133     5   164 0.91 Methionine--tRNA ligase
MINDJIJG_00176       -            521 7784                 -            390   4.5e-13   44.4  14.3   2   2   2.3e-08   3.3e-06   21.8   1.4   233   339   307   414   291   450 0.68 Methionine--tRNA ligase
MINDJIJG_00299       -            888 7784                 -            390   1.9e-10   35.7   0.3   1   4      0.45        66   -2.2   0.6    14    43    66    95    59   147 0.81 Isoleucine--tRNA ligase
MINDJIJG_00299       -            888 7784                 -            390   1.9e-10   35.7   0.3   2   4      0.21        31   -1.2   0.5   276   343   106   176    97   184 0.66 Isoleucine--tRNA ligase
MINDJIJG_00299       -            888 7784                 -            390   1.9e-10   35.7   0.3   3   4   1.3e-12   1.9e-10   35.7   0.3   223   297   576   651   553   719 0.81 Isoleucine--tRNA ligase
MINDJIJG_00299       -            888 7784                 -            390   1.9e-10   35.7   0.3   4   4       1.3   1.9e+02   -3.7   0.3   297   368   795   866   782   873 0.56 Isoleucine--tRNA ligase
MINDJIJG_00300       -            805 7784                 -            390   9.2e-09   30.2   1.3   1   1   2.2e-10   3.2e-08   28.4   1.3   227   347   568   692   556   708 0.74 Leucine--tRNA ligase
#
# Program:         hmmsearch
# Version:         3.4 (Aug 2023)
# Pipeline mode:   SEARCH
# Query file:      /home/genomika25/studenci/dmyboi/sequence_adnotation_cw3/busco_downloads/lineages/mycoplasmatales_odb12/hmms/7784at2085.hmm
# Target file:     /home/genomika25/studenci/dmyboi/sequence_adnotation_cw3/prokka_basic_fixed/prokka_basic_fixed.faa
# Option settings: hmmsearch --domtblout /home/genomika25/studenci/dmyboi/sequence_adnotation_cw3/busco_proteins_fxed/run_mycoplasmatales_odb12/hmmer_output/7784at2085.out --cpu 1 /home/genomika25/studenci/dmyboi/sequence_adnotation_cw3/busco_downloads/lineages/mycoplasmatales_odb12/hmms/7784at2085.hmm /home/genomika25/studenci/dmyboi/sequence_adnotation_cw3/prokka_basic_fixed/prokka_basic_fixed.faa 
# Current dir:     /home/genomika25/studenci/dmyboi/sequence_adnotation_cw3
# Date:            Tue Oct 28 11:33:15 2025
# [ok]
