#                                                                            --- full sequence --- -------------- this domain -------------   hmm coord   ali coord   env coord
# target name        accession   tlen query name           accession   qlen   E-value  score  bias   #  of  c-Evalue  i-Evalue  score  bias  from    to  from    to  from    to  acc description of target
#------------------- ---------- ----- -------------------- ---------- ----- --------- ------ ----- --- --- --------- --------- ------ ----- ----- ----- ----- ----- ----- ----- ---- ---------------------
MINDJIJG_00003       -            477 7831                 -            475  5.2e-222  732.8   3.7   1   1  2.9e-224  5.8e-222  732.7   3.7     1   475     1   477     1   477 0.98 Proline--tRNA ligase
MINDJIJG_00396       -            458 7831                 -            475   9.2e-14   46.1   4.2   1   3       0.2        40   -2.1   0.0    30    89    29    88    22   108 0.72 Glycine--tRNA ligase
MINDJIJG_00396       -            458 7831                 -            475   9.2e-14   46.1   4.2   2   3   6.6e-05     0.013    9.4   0.1    95   174   153   234   133   258 0.71 Glycine--tRNA ligase
MINDJIJG_00396       -            458 7831                 -            475   9.2e-14   46.1   4.2   3   3   1.9e-13   3.8e-11   37.5   0.1   281   380   358   454   347   457 0.89 Glycine--tRNA ligase
MINDJIJG_00238       -            579 7831                 -            475   1.1e-10   35.9   1.9   1   3    0.0003     0.059    7.2   0.0    38   145   203   305   186   309 0.76 Threonine--tRNA ligase
MINDJIJG_00238       -            579 7831                 -            475   1.1e-10   35.9   1.9   2   3     0.026         5    0.8   0.0   104   157   323   377   307   399 0.83 Threonine--tRNA ligase
MINDJIJG_00238       -            579 7831                 -            475   1.1e-10   35.9   1.9   3   3   8.7e-10   1.7e-07   25.4   0.2   264   382   463   574   423   579 0.74 Threonine--tRNA ligase
#
# Program:         hmmsearch
# Version:         3.4 (Aug 2023)
# Pipeline mode:   SEARCH
# Query file:      /home/genomika25/studenci/dmyboi/sequence_adnotation_cw3/busco_downloads/lineages/mycoplasmatales_odb12/hmms/7831at2085.hmm
# Target file:     /home/genomika25/studenci/dmyboi/sequence_adnotation_cw3/prokka_basic_fixed/prokka_basic_fixed.faa
# Option settings: hmmsearch --domtblout /home/genomika25/studenci/dmyboi/sequence_adnotation_cw3/busco_proteins_fxed/run_mycoplasmatales_odb12/hmmer_output/7831at2085.out --cpu 1 /home/genomika25/studenci/dmyboi/sequence_adnotation_cw3/busco_downloads/lineages/mycoplasmatales_odb12/hmms/7831at2085.hmm /home/genomika25/studenci/dmyboi/sequence_adnotation_cw3/prokka_basic_fixed/prokka_basic_fixed.faa 
# Current dir:     /home/genomika25/studenci/dmyboi/sequence_adnotation_cw3
# Date:            Tue Oct 28 11:33:16 2025
# [ok]
