#                                                                            --- full sequence --- -------------- this domain -------------   hmm coord   ali coord   env coord
# target name        accession   tlen query name           accession   qlen   E-value  score  bias   #  of  c-Evalue  i-Evalue  score  bias  from    to  from    to  from    to  acc description of target
#------------------- ---------- ----- -------------------- ---------- ----- --------- ------ ----- --- --- --------- --------- ------ ----- ----- ----- ----- ----- ----- ----- ---- ---------------------
MINDJIJG_00456       -            323 7853                 -            496   6.8e-30   99.1   4.3   1   1   3.1e-31   1.1e-29   98.4   4.3     2   216    88   304    87   317 0.86 Vitamin B12 import ATP-binding protein BtuD
MINDJIJG_00328       -            265 7853                 -            496     2e-28   94.3   8.3   1   1   6.4e-30   2.4e-28   94.1   8.3     4   222     2   219     1   236 0.87 Energy-coupling factor transporter ATP-binding protein EcfA1
MINDJIJG_00131       -            234 7853                 -            496   9.9e-27   88.7   6.5   1   1   6.1e-28   2.3e-26   87.5   6.5     3   218     5   214     3   228 0.88 putative ABC transporter ATP-binding protein YxlF
MINDJIJG_00329       -            345 7853                 -            496   5.9e-26   86.2   0.9   1   2   5.5e-11     2e-09   31.6   0.2   266   377    21   131    13   136 0.82 Energy-coupling factor transporter ATP-binding protein EcfA2
MINDJIJG_00329       -            345 7853                 -            496   5.9e-26   86.2   0.9   2   2   9.3e-18   3.4e-16   53.9   0.2    69   262   132   326   120   342 0.78 Energy-coupling factor transporter ATP-binding protein EcfA2
MINDJIJG_00031       -            469 7853                 -            496   3.2e-23   77.1   5.6   1   2   3.5e-11   1.3e-09   32.3   0.2     4   148    16   158    13   163 0.83 Vitamin B12 import ATP-binding protein BtuD
MINDJIJG_00031       -            469 7853                 -            496   3.2e-23   77.1   5.6   2   2   2.9e-15   1.1e-13   45.7   1.2   352   490   189   329   163   335 0.59 Vitamin B12 import ATP-binding protein BtuD
MINDJIJG_00022       -            281 7853                 -            496   3.6e-23   77.0  12.9   1   1   1.5e-24   5.5e-23   76.3  12.9     4   221    46   261    43   272 0.88 Osmoprotectant import ATP-binding protein OsmV
MINDJIJG_00408       -            247 7853                 -            496   4.9e-22   73.2  10.5   1   1   1.6e-23   5.8e-22   73.0  10.5     3   227     3   237     1   245 0.83 putative siderophore transport system ATP-binding protein YusV
MINDJIJG_00453       -            537 7853                 -            496   6.1e-22   72.9  12.9   1   4   1.8e-10   6.5e-09   29.9   2.2     7   139     5   125     1   131 0.85 putative ABC transporter ATP-binding protein YbiT
MINDJIJG_00453       -            537 7853                 -            496   6.1e-22   72.9  12.9   2   4   1.8e-06   6.5e-05   16.7   0.6   134   208   150   221   130   297 0.78 putative ABC transporter ATP-binding protein YbiT
MINDJIJG_00453       -            537 7853                 -            496   6.1e-22   72.9  12.9   3   4   4.7e-05    0.0017   12.0   0.0   245   309   310   377   301   386 0.83 putative ABC transporter ATP-binding protein YbiT
MINDJIJG_00453       -            537 7853                 -            496   6.1e-22   72.9  12.9   4   4   8.2e-07     3e-05   17.8   0.0   137   206   444   510   417   519 0.79 putative ABC transporter ATP-binding protein YbiT
MINDJIJG_00464       -            646 7853                 -            496   2.2e-20   67.8   8.1   1   3   9.1e-14   3.3e-12   40.8   0.0     3   129    30   158    28   172 0.81 Putative ABC transporter ATP-binding protein MG187 
MINDJIJG_00464       -            646 7853                 -            496   2.2e-20   67.8   8.1   2   3       1.2        44   -2.5   0.1   350   415   194   257   167   270 0.50 Putative ABC transporter ATP-binding protein MG187 
MINDJIJG_00464       -            646 7853                 -            496   2.2e-20   67.8   8.1   3   3   2.3e-10   8.6e-09   29.5   2.6   383   482   415   515   329   527 0.77 Putative ABC transporter ATP-binding protein MG187 
MINDJIJG_00248       -            625 7853                 -            496     5e-20   66.6   8.5   1   1   2.2e-21     8e-20   65.9   8.5     4   225   382   604   379   610 0.81 putative ABC transporter ATP-binding protein
MINDJIJG_00419       -            607 7853                 -            496   1.4e-19   65.2   9.8   1   1   7.9e-21   2.9e-19   64.1   9.8    21   225   386   589   381   595 0.82 putative ABC transporter ATP-binding protein
MINDJIJG_00504       -            388 7853                 -            496   2.3e-19   64.4   4.4   1   1   7.7e-21   2.8e-19   64.1   4.4   223   483    16   286     1   291 0.74 Oligopeptide transport ATP-binding protein OppD
MINDJIJG_00420       -            594 7853                 -            496   1.4e-18   61.8   4.9   1   2       1.5        56   -2.8   0.2   230   259   215   244   167   259 0.61 putative multidrug resistance ABC transporter ATP-binding/permease protein YheI
MINDJIJG_00420       -            594 7853                 -            496   1.4e-18   61.8   4.9   2   2   3.8e-20   1.4e-18   61.8   4.9    20   224   374   575   328   581 0.89 putative multidrug resistance ABC transporter ATP-binding/permease protein YheI
MINDJIJG_00247       -            607 7853                 -            496   9.3e-17   55.8   6.7   1   2       1.7        63   -3.0   0.3     5    31   244   270   217   274 0.80 putative ABC transporter ATP-binding protein
MINDJIJG_00247       -            607 7853                 -            496   9.3e-17   55.8   6.7   2   2   2.5e-18   9.3e-17   55.8   6.7     5   482   363   586   315   598 0.60 putative ABC transporter ATP-binding protein
MINDJIJG_00477       -            942 7853                 -            496   1.1e-16   55.6  12.1   1   3     0.036       1.3    2.5   0.1   266   294    13    41     6    49 0.60 UvrABC system protein A
MINDJIJG_00477       -            942 7853                 -            496   1.1e-16   55.6  12.1   2   3   8.1e-09     3e-07   24.4   3.8   106   296   457   654   440   690 0.71 UvrABC system protein A
MINDJIJG_00477       -            942 7853                 -            496   1.1e-16   55.6  12.1   3   3   2.7e-11     1e-09   32.6   0.2   103   203   795   898   786   906 0.91 UvrABC system protein A
MINDJIJG_00505       -            842 7853                 -            496     3e-16   54.1   3.8   1   5   5.4e-10     2e-08   28.3   0.4     6    69    15    82    10   160 0.77 Vitamin B12 import ATP-binding protein BtuD
MINDJIJG_00505       -            842 7853                 -            496     3e-16   54.1   3.8   2   5       1.5        57   -2.9   0.2   303   340   274   311   263   316 0.75 Vitamin B12 import ATP-binding protein BtuD
MINDJIJG_00505       -            842 7853                 -            496     3e-16   54.1   3.8   3   5       1.5        56   -2.8   0.7   115   160   384   429   364   475 0.70 Vitamin B12 import ATP-binding protein BtuD
MINDJIJG_00505       -            842 7853                 -            496     3e-16   54.1   3.8   4   5         3   1.1e+02   -3.8   1.1   358   381   509   532   483   567 0.57 Vitamin B12 import ATP-binding protein BtuD
MINDJIJG_00505       -            842 7853                 -            496     3e-16   54.1   3.8   5   5   2.9e-12   1.1e-10   35.8   0.2   140   265   676   804   653   816 0.86 Vitamin B12 import ATP-binding protein BtuD
#
# Program:         hmmsearch
# Version:         3.4 (Aug 2023)
# Pipeline mode:   SEARCH
# Query file:      /home/genomika25/studenci/dmyboi/sequence_adnotation_cw3/busco_downloads/lineages/mycoplasmatales_odb12/hmms/7853at2085.hmm
# Target file:     /home/genomika25/studenci/dmyboi/sequence_adnotation_cw3/prokka_basic_fixed/prokka_basic_fixed.faa
# Option settings: hmmsearch --domtblout /home/genomika25/studenci/dmyboi/sequence_adnotation_cw3/busco_proteins_fxed/run_mycoplasmatales_odb12/hmmer_output/7853at2085.out --cpu 1 /home/genomika25/studenci/dmyboi/sequence_adnotation_cw3/busco_downloads/lineages/mycoplasmatales_odb12/hmms/7853at2085.hmm /home/genomika25/studenci/dmyboi/sequence_adnotation_cw3/prokka_basic_fixed/prokka_basic_fixed.faa 
# Current dir:     /home/genomika25/studenci/dmyboi/sequence_adnotation_cw3
# Date:            Tue Oct 28 11:33:16 2025
# [ok]
