#                                                                            --- full sequence --- -------------- this domain -------------   hmm coord   ali coord   env coord
# target name        accession   tlen query name           accession   qlen   E-value  score  bias   #  of  c-Evalue  i-Evalue  score  bias  from    to  from    to  from    to  acc description of target
#------------------- ---------- ----- -------------------- ---------- ----- --------- ------ ----- --- --- --------- --------- ------ ----- ----- ----- ----- ----- ----- ----- ---- ---------------------
MINDJIJG_00346       -            227 7945                 -            217   1.4e-84  278.2   2.3   1   1   1.1e-86   1.6e-84  278.0   2.3     1   216     5   222     5   223 0.97 Cytidylate kinase
MINDJIJG_00272       -            231 7945                 -            217   0.00012   16.9   0.1   1   1   1.9e-06   0.00028   15.7   0.1     4    39    18    53    15    66 0.92 Adenylate kinase
MINDJIJG_00408       -            247 7945                 -            217    0.0008   14.2   0.4   1   2   1.3e-05    0.0019   13.0   0.0     5    28    34    57    31   111 0.71 putative siderophore transport system ATP-binding protein YusV
MINDJIJG_00408       -            247 7945                 -            217    0.0008   14.2   0.4   2   2      0.54        79   -2.1   0.1    49    78   179   207   163   227 0.61 putative siderophore transport system ATP-binding protein YusV
MINDJIJG_00435       -            827 7945                 -            217    0.0044   11.8   0.0   1   3      0.18        26   -0.6   0.4    59   114    90   145    72   156 0.78 Lon protease 1
MINDJIJG_00435       -            827 7945                 -            217    0.0044   11.8   0.0   2   3      0.13        20   -0.1   0.7    51   102   220   272   201   288 0.55 Lon protease 1
MINDJIJG_00435       -            827 7945                 -            217    0.0044   11.8   0.0   3   3     3e-05    0.0044   11.8   0.0     9    32   404   427   397   431 0.93 Lon protease 1
#
# Program:         hmmsearch
# Version:         3.4 (Aug 2023)
# Pipeline mode:   SEARCH
# Query file:      /home/genomika25/studenci/dmyboi/sequence_adnotation_cw3/busco_downloads/lineages/mycoplasmatales_odb12/hmms/7945at2085.hmm
# Target file:     /home/genomika25/studenci/dmyboi/sequence_adnotation_cw3/prokka_basic_fixed/prokka_basic_fixed.faa
# Option settings: hmmsearch --domtblout /home/genomika25/studenci/dmyboi/sequence_adnotation_cw3/busco_proteins_fxed/run_mycoplasmatales_odb12/hmmer_output/7945at2085.out --cpu 1 /home/genomika25/studenci/dmyboi/sequence_adnotation_cw3/busco_downloads/lineages/mycoplasmatales_odb12/hmms/7945at2085.hmm /home/genomika25/studenci/dmyboi/sequence_adnotation_cw3/prokka_basic_fixed/prokka_basic_fixed.faa 
# Current dir:     /home/genomika25/studenci/dmyboi/sequence_adnotation_cw3
# Date:            Tue Oct 28 11:33:17 2025
# [ok]
