#                                                                            --- full sequence --- -------------- this domain -------------   hmm coord   ali coord   env coord
# target name        accession   tlen query name           accession   qlen   E-value  score  bias   #  of  c-Evalue  i-Evalue  score  bias  from    to  from    to  from    to  acc description of target
#------------------- ---------- ----- -------------------- ---------- ----- --------- ------ ----- --- --- --------- --------- ------ ----- ----- ----- ----- ----- ----- ----- ---- ---------------------
MINDJIJG_00272       -            231 8160                 -            206   4.4e-80  263.1   2.1   1   1   5.3e-82   5.2e-80  262.9   2.1     2   205    18   227    17   228 0.94 Adenylate kinase
MINDJIJG_00119       -            207 8160                 -            206   0.00013   16.7   1.2   1   2   3.8e-05    0.0037   11.9   0.1     3    26     6    29     4    41 0.84 Guanylate kinase
MINDJIJG_00119       -            207 8160                 -            206   0.00013   16.7   1.2   2   2     0.027       2.7    2.6   0.0   172   189   105   122    98   136 0.86 Guanylate kinase
MINDJIJG_00346       -            227 8160                 -            206    0.0002   16.0   0.0   1   1   3.9e-06   0.00038   15.1   0.0     3    41     9    47     7    92 0.85 Cytidylate kinase
MINDJIJG_00197       -            404 8160                 -            206   0.00051   14.7   0.0   1   1   1.2e-05    0.0012   13.5   0.0     3    49    39    81    37    99 0.82 Replication-associated recombination protein A
MINDJIJG_00314       -            317 8160                 -            206    0.0006   14.5   0.1   1   1   1.4e-05    0.0014   13.3   0.1     2    25    39    62    38   110 0.89 Holliday junction ATP-dependent DNA helicase RuvB
MINDJIJG_00435       -            827 8160                 -            206    0.0016   13.1   0.0   1   3      0.51        51   -1.6   0.2   165   204   169   212   158   214 0.66 Lon protease 1
MINDJIJG_00435       -            827 8160                 -            206    0.0016   13.1   0.0   2   3   1.6e-05    0.0016   13.1   0.0     3    33   400   432   398   441 0.84 Lon protease 1
MINDJIJG_00435       -            827 8160                 -            206    0.0016   13.1   0.0   3   3      0.63        62   -1.9   0.1    77   101   591   614   525   626 0.56 Lon protease 1
#
# Program:         hmmsearch
# Version:         3.4 (Aug 2023)
# Pipeline mode:   SEARCH
# Query file:      /home/genomika25/studenci/dmyboi/sequence_adnotation_cw3/busco_downloads/lineages/mycoplasmatales_odb12/hmms/8160at2085.hmm
# Target file:     /home/genomika25/studenci/dmyboi/sequence_adnotation_cw3/prokka_basic_fixed/prokka_basic_fixed.faa
# Option settings: hmmsearch --domtblout /home/genomika25/studenci/dmyboi/sequence_adnotation_cw3/busco_proteins_fxed/run_mycoplasmatales_odb12/hmmer_output/8160at2085.out --cpu 1 /home/genomika25/studenci/dmyboi/sequence_adnotation_cw3/busco_downloads/lineages/mycoplasmatales_odb12/hmms/8160at2085.hmm /home/genomika25/studenci/dmyboi/sequence_adnotation_cw3/prokka_basic_fixed/prokka_basic_fixed.faa 
# Current dir:     /home/genomika25/studenci/dmyboi/sequence_adnotation_cw3
# Date:            Tue Oct 28 11:33:17 2025
# [ok]
