#                                                                            --- full sequence --- -------------- this domain -------------   hmm coord   ali coord   env coord
# target name        accession   tlen query name           accession   qlen   E-value  score  bias   #  of  c-Evalue  i-Evalue  score  bias  from    to  from    to  from    to  acc description of target
#------------------- ---------- ----- -------------------- ---------- ----- --------- ------ ----- --- --- --------- --------- ------ ----- ----- ----- ----- ----- ----- ----- ---- ---------------------
MINDJIJG_00051       -           1437 8189                 -           1461         0 1972.3  42.6   1   1         0         0 1972.1  42.6     4  1461     3  1437     1  1437 0.97 DNA polymerase III PolC-type
MINDJIJG_00442       -            996 8189                 -           1461   6.4e-19   62.2  47.5   1   7   1.3e-08     4e-06   19.8   5.2   337   428     3    96     1   191 0.73 Error-prone DNA polymerase
MINDJIJG_00442       -            996 8189                 -           1461   6.4e-19   62.2  47.5   2   7   2.2e-07   6.4e-05   15.8   0.7   827   922   228   330   193   334 0.80 Error-prone DNA polymerase
MINDJIJG_00442       -            996 8189                 -           1461   6.4e-19   62.2  47.5   3   7     0.026       7.6   -1.0   0.0   966  1024   333   391   330   413 0.85 Error-prone DNA polymerase
MINDJIJG_00442       -            996 8189                 -           1461   6.4e-19   62.2  47.5   4   7   1.2e-05    0.0036   10.0   0.0  1043  1146   445   549   429   558 0.82 Error-prone DNA polymerase
MINDJIJG_00442       -            996 8189                 -           1461   6.4e-19   62.2  47.5   5   7   2.3e-10   6.8e-08   25.7   1.3  1266  1329   678   743   649   751 0.81 Error-prone DNA polymerase
MINDJIJG_00442       -            996 8189                 -           1461   6.4e-19   62.2  47.5   6   7   1.6e-07   4.6e-05   16.3   0.6  1364  1438   740   812   732   838 0.71 Error-prone DNA polymerase
MINDJIJG_00442       -            996 8189                 -           1461   6.4e-19   62.2  47.5   7   7      0.29        84   -4.5  10.3   117   301   809   979   796   994 0.54 Error-prone DNA polymerase
#
# Program:         hmmsearch
# Version:         3.4 (Aug 2023)
# Pipeline mode:   SEARCH
# Query file:      /home/genomika25/studenci/dmyboi/sequence_adnotation_cw3/busco_downloads/lineages/mycoplasmatales_odb12/hmms/8189at2085.hmm
# Target file:     /home/genomika25/studenci/dmyboi/sequence_adnotation_cw3/prokka_basic_fixed/prokka_basic_fixed.faa
# Option settings: hmmsearch --domtblout /home/genomika25/studenci/dmyboi/sequence_adnotation_cw3/busco_proteins_fxed/run_mycoplasmatales_odb12/hmmer_output/8189at2085.out --cpu 1 /home/genomika25/studenci/dmyboi/sequence_adnotation_cw3/busco_downloads/lineages/mycoplasmatales_odb12/hmms/8189at2085.hmm /home/genomika25/studenci/dmyboi/sequence_adnotation_cw3/prokka_basic_fixed/prokka_basic_fixed.faa 
# Current dir:     /home/genomika25/studenci/dmyboi/sequence_adnotation_cw3
# Date:            Tue Oct 28 11:33:17 2025
# [ok]
