#                                                                            --- full sequence --- -------------- this domain -------------   hmm coord   ali coord   env coord
# target name        accession   tlen query name           accession   qlen   E-value  score  bias   #  of  c-Evalue  i-Evalue  score  bias  from    to  from    to  from    to  acc description of target
#------------------- ---------- ----- -------------------- ---------- ----- --------- ------ ----- --- --- --------- --------- ------ ----- ----- ----- ----- ----- ----- ----- ---- ---------------------
MINDJIJG_00308       -            254 8199                 -            240   6.2e-92  302.5   6.4   1   1   3.8e-94   7.4e-92  302.2   6.4     3   239    16   253    14   254 0.97 NH(3)-dependent NAD(+) synthetase
MINDJIJG_00183       -            370 8199                 -            240   2.1e-05   19.2   8.2   1   3   2.2e-06   0.00044   14.9   0.6    26    58     3    34     1   100 0.83 tRNA-specific 2-thiouridylase MnmA
MINDJIJG_00183       -            370 8199                 -            240   2.1e-05   19.2   8.2   2   3   0.00048     0.095    7.2   0.0   152   175   170   193   168   202 0.87 tRNA-specific 2-thiouridylase MnmA
MINDJIJG_00183       -            370 8199                 -            240   2.1e-05   19.2   8.2   3   3      0.27        53   -1.8   0.5    90   109   292   305   266   326 0.46 tRNA-specific 2-thiouridylase MnmA
MINDJIJG_00580       -            382 8199                 -            240   0.00021   15.9   0.6   1   4      0.25        49   -1.7   0.1    65   101    19    55    15    65 0.77 putative tRNA sulfurtransferase
MINDJIJG_00580       -            382 8199                 -            240   0.00021   15.9   0.6   2   4      0.23        46   -1.6   0.1    54   101    59   105    47   129 0.62 putative tRNA sulfurtransferase
MINDJIJG_00580       -            382 8199                 -            240   0.00021   15.9   0.6   3   4   1.1e-06   0.00021   15.9   0.6    28   120   171   262   166   281 0.70 putative tRNA sulfurtransferase
MINDJIJG_00580       -            382 8199                 -            240   0.00021   15.9   0.6   4   4      0.58   1.1e+02   -2.9   0.0   154   172   306   324   299   340 0.72 putative tRNA sulfurtransferase
#
# Program:         hmmsearch
# Version:         3.4 (Aug 2023)
# Pipeline mode:   SEARCH
# Query file:      /home/genomika25/studenci/dmyboi/sequence_adnotation_cw3/busco_downloads/lineages/mycoplasmatales_odb12/hmms/8199at2085.hmm
# Target file:     /home/genomika25/studenci/dmyboi/sequence_adnotation_cw3/prokka_basic_fixed/prokka_basic_fixed.faa
# Option settings: hmmsearch --domtblout /home/genomika25/studenci/dmyboi/sequence_adnotation_cw3/busco_proteins_fxed/run_mycoplasmatales_odb12/hmmer_output/8199at2085.out --cpu 1 /home/genomika25/studenci/dmyboi/sequence_adnotation_cw3/busco_downloads/lineages/mycoplasmatales_odb12/hmms/8199at2085.hmm /home/genomika25/studenci/dmyboi/sequence_adnotation_cw3/prokka_basic_fixed/prokka_basic_fixed.faa 
# Current dir:     /home/genomika25/studenci/dmyboi/sequence_adnotation_cw3
# Date:            Tue Oct 28 11:33:17 2025
# [ok]
