#                                                                                                       --- full sequence --- -------------- this domain -------------   hmm coord   ali coord   env coord
# target name                                   accession   tlen query name           accession   qlen   E-value  score  bias   #  of  c-Evalue  i-Evalue  score  bias  from    to  from    to  from    to  acc description of target
#                           ------------------- ---------- ----- -------------------- ---------- ----- --------- ------ ----- --- --- --------- --------- ------ ----- ----- ----- ----- ----- ----- ----- ---- ---------------------
NODE_4_length_40423_cov_18.794992:11723-12997|- -            425 1084                 -            405  9.4e-182  599.4   7.9   1   1  1.2e-183  1.6e-181  598.7   7.9     1   405     2   420     2   420 0.94 NODE_4_length_40423_cov_18.794992_13 # 11723 # 12997 # -1 # ID=4_13;partial=00;start_type=ATG;rbs_motif=None;rbs_spacer=None;gc_cont=0.307
NODE_24_length_9019_cov_11.601552:3213-4316|-   -            368 1084                 -            405   5.3e-22   73.3   8.2   1   1   7.2e-23   9.8e-21   69.2   8.2   158   371     5   240     2   265 0.73 NODE_24_length_9019_cov_11.601552_4 # 3213 # 4316 # -1 # ID=24_4;partial=00;start_type=ATG;rbs_motif=AGGAG;rbs_spacer=5-10bp;gc_cont=0.290
NODE_9_length_27958_cov_8.304588:9399-10721|-   -            441 1084                 -            405   5.9e-12   40.3  12.3   1   2   6.1e-07   8.3e-05   16.7   0.9   158   322     6   165     4   177 0.74 NODE_9_length_27958_cov_8.304588_10 # 9399 # 10721 # -1 # ID=9_10;partial=00;start_type=ATG;rbs_motif=GGAG/GAGG;rbs_spacer=5-10bp;gc_cont=0.282
NODE_9_length_27958_cov_8.304588:9399-10721|-   -            441 1084                 -            405   5.9e-12   40.3  12.3   2   2   1.9e-10   2.5e-08   28.3   4.6   159   355   177   380   174   404 0.79 NODE_9_length_27958_cov_8.304588_10 # 9399 # 10721 # -1 # ID=9_10;partial=00;start_type=ATG;rbs_motif=GGAG/GAGG;rbs_spacer=5-10bp;gc_cont=0.282
NODE_1_length_73696_cov_32.301567:34097-34981|+ -            295 1084                 -            405   8.9e-11   36.4   2.5   1   2   6.5e-13   8.9e-11   36.4   2.5   152   321     1   166     1   181 0.85 NODE_1_length_73696_cov_32.301567_29 # 34097 # 34981 # 1 # ID=1_29;partial=00;start_type=ATG;rbs_motif=GGA/GAG/AGG;rbs_spacer=5-10bp;gc_cont=0.267
NODE_1_length_73696_cov_32.301567:34097-34981|+ -            295 1084                 -            405   8.9e-11   36.4   2.5   2   2      0.13        18   -0.8   0.6   291   372   185   266   174   290 0.62 NODE_1_length_73696_cov_32.301567_29 # 34097 # 34981 # 1 # ID=1_29;partial=00;start_type=ATG;rbs_motif=GGA/GAG/AGG;rbs_spacer=5-10bp;gc_cont=0.267
NODE_28_length_5889_cov_5.042694:2331-3158|-    -            276 1084                 -            405    0.0038   11.2  11.8   1   3   0.00054     0.074    7.0   3.8   266   329    39   103    26   114 0.74 NODE_28_length_5889_cov_5.042694_2 # 2331 # 3158 # -1 # ID=28_2;partial=00;start_type=ATG;rbs_motif=None;rbs_spacer=None;gc_cont=0.262
NODE_28_length_5889_cov_5.042694:2331-3158|-    -            276 1084                 -            405    0.0038   11.2  11.8   2   3   9.9e-05     0.014    9.4   0.5   160   180   115   135   100   177 0.81 NODE_28_length_5889_cov_5.042694_2 # 2331 # 3158 # -1 # ID=28_2;partial=00;start_type=ATG;rbs_motif=None;rbs_spacer=None;gc_cont=0.262
NODE_28_length_5889_cov_5.042694:2331-3158|-    -            276 1084                 -            405    0.0038   11.2  11.8   3   3      0.26        35   -1.8   0.1   298   339   177   218   164   261 0.50 NODE_28_length_5889_cov_5.042694_2 # 2331 # 3158 # -1 # ID=28_2;partial=00;start_type=ATG;rbs_motif=None;rbs_spacer=None;gc_cont=0.262
#
# Program:         hmmsearch
# Version:         3.4 (Aug 2023)
# Pipeline mode:   SEARCH
# Query file:      /home/genomika25/studenci/dmyboi/sequence_adnotation_cw3/busco_downloads/lineages/mycoplasmatales_odb12/hmms/1084at2085.hmm
# Target file:     /home/genomika25/studenci/dmyboi/sequence_adnotation_cw3/busco_genome/prodigal_output/predicted_genes/predicted.faa
# Option settings: hmmsearch --domtblout /home/genomika25/studenci/dmyboi/sequence_adnotation_cw3/busco_genome/run_mycoplasmatales_odb12/hmmer_output/1084at2085.out --cpu 1 /home/genomika25/studenci/dmyboi/sequence_adnotation_cw3/busco_downloads/lineages/mycoplasmatales_odb12/hmms/1084at2085.hmm /home/genomika25/studenci/dmyboi/sequence_adnotation_cw3/busco_genome/prodigal_output/predicted_genes/predicted.faa 
# Current dir:     /home/genomika25/studenci/dmyboi/sequence_adnotation_cw3
# Date:            Tue Oct 28 11:30:59 2025
# [ok]
