#                                                                                                       --- full sequence --- -------------- this domain -------------   hmm coord   ali coord   env coord
# target name                                   accession   tlen query name           accession   qlen   E-value  score  bias   #  of  c-Evalue  i-Evalue  score  bias  from    to  from    to  from    to  acc description of target
#                           ------------------- ---------- ----- -------------------- ---------- ----- --------- ------ ----- --- --- --------- --------- ------ ----- ----- ----- ----- ----- ----- ----- ---- ---------------------
NODE_5_length_37041_cov_13.966598:22763-24766|+ -            668 10924                -            456  2.1e-153  507.0  54.1   1   2    1e-153  1.7e-151  500.7  25.5     1   386     6   394     6   400 0.92 NODE_5_length_37041_cov_13.966598_20 # 22763 # 24766 # 1 # ID=5_20;partial=00;start_type=GTG;rbs_motif=AGGAG;rbs_spacer=5-10bp;gc_cont=0.250
NODE_5_length_37041_cov_13.966598:22763-24766|+ -            668 10924                -            456  2.1e-153  507.0  54.1   2   2   6.2e-05     0.011   10.2  23.8   224   445   388   624   384   635 0.55 NODE_5_length_37041_cov_13.966598_20 # 22763 # 24766 # 1 # ID=5_20;partial=00;start_type=GTG;rbs_motif=AGGAG;rbs_spacer=5-10bp;gc_cont=0.250
NODE_4_length_40423_cov_18.794992:32846-34060|- -            405 10924                -            456   6.3e-15   50.5   6.6   1   2     1e-08   1.8e-06   22.7   0.1     9    61     9    60     1    68 0.89 NODE_4_length_40423_cov_18.794992_35 # 32846 # 34060 # -1 # ID=4_35;partial=00;start_type=ATG;rbs_motif=None;rbs_spacer=None;gc_cont=0.278
NODE_4_length_40423_cov_18.794992:32846-34060|- -            405 10924                -            456   6.3e-15   50.5   6.6   2   2   9.3e-11   1.6e-08   29.4   2.9   115   233    84   205    68   213 0.84 NODE_4_length_40423_cov_18.794992_35 # 32846 # 34060 # -1 # ID=4_35;partial=00;start_type=ATG;rbs_motif=None;rbs_spacer=None;gc_cont=0.278
NODE_8_length_30985_cov_8.604803:6912-7865|+    -            318 10924                -            456   2.6e-09   32.0   7.0   1   2   3.6e-11   6.2e-09   30.8   0.1    12    59     8    59     3    64 0.86 NODE_8_length_30985_cov_8.604803_10 # 6912 # 7865 # 1 # ID=8_10;partial=00;start_type=ATG;rbs_motif=GGA/GAG/AGG;rbs_spacer=5-10bp;gc_cont=0.266
NODE_8_length_30985_cov_8.604803:6912-7865|+    -            318 10924                -            456   2.6e-09   32.0   7.0   2   2    0.0084       1.4    3.2   2.4   176   235   169   233   135   291 0.73 NODE_8_length_30985_cov_8.604803_10 # 6912 # 7865 # 1 # ID=8_10;partial=00;start_type=ATG;rbs_motif=GGA/GAG/AGG;rbs_spacer=5-10bp;gc_cont=0.266
NODE_5_length_37041_cov_13.966598:26373-27206|+ -            278 10924                -            456   7.3e-06   20.7   4.0   1   3     0.012       2.1    2.7   0.1    21    42     4    25     3    29 0.87 NODE_5_length_37041_cov_13.966598_24 # 26373 # 27206 # 1 # ID=5_24;partial=00;start_type=ATG;rbs_motif=GGA/GAG/AGG;rbs_spacer=5-10bp;gc_cont=0.203
NODE_5_length_37041_cov_13.966598:26373-27206|+ -            278 10924                -            456   7.3e-06   20.7   4.0   2   3   4.2e-08   7.3e-06   20.7   4.0   111   171    89   149    66   182 0.87 NODE_5_length_37041_cov_13.966598_24 # 26373 # 27206 # 1 # ID=5_24;partial=00;start_type=ATG;rbs_motif=GGA/GAG/AGG;rbs_spacer=5-10bp;gc_cont=0.203
NODE_5_length_37041_cov_13.966598:26373-27206|+ -            278 10924                -            456   7.3e-06   20.7   4.0   3   3       1.3   2.3e+02   -4.0   8.6   301   351   197   247   153   275 0.43 NODE_5_length_37041_cov_13.966598_24 # 26373 # 27206 # 1 # ID=5_24;partial=00;start_type=ATG;rbs_motif=GGA/GAG/AGG;rbs_spacer=5-10bp;gc_cont=0.203
#
# Program:         hmmsearch
# Version:         3.4 (Aug 2023)
# Pipeline mode:   SEARCH
# Query file:      /home/genomika25/studenci/dmyboi/sequence_adnotation_cw3/busco_downloads/lineages/mycoplasmatales_odb12/hmms/10924at2085.hmm
# Target file:     /home/genomika25/studenci/dmyboi/sequence_adnotation_cw3/busco_genome/prodigal_output/predicted_genes/predicted.faa
# Option settings: hmmsearch --domtblout /home/genomika25/studenci/dmyboi/sequence_adnotation_cw3/busco_genome/run_mycoplasmatales_odb12/hmmer_output/10924at2085.out --cpu 1 /home/genomika25/studenci/dmyboi/sequence_adnotation_cw3/busco_downloads/lineages/mycoplasmatales_odb12/hmms/10924at2085.hmm /home/genomika25/studenci/dmyboi/sequence_adnotation_cw3/busco_genome/prodigal_output/predicted_genes/predicted.faa 
# Current dir:     /home/genomika25/studenci/dmyboi/sequence_adnotation_cw3
# Date:            Tue Oct 28 11:31:00 2025
# [ok]
