#                                                                                                        --- full sequence --- -------------- this domain -------------   hmm coord   ali coord   env coord
# target name                                    accession   tlen query name           accession   qlen   E-value  score  bias   #  of  c-Evalue  i-Evalue  score  bias  from    to  from    to  from    to  acc description of target
#                            ------------------- ---------- ----- -------------------- ---------- ----- --------- ------ ----- --- --- --------- --------- ------ ----- ----- ----- ----- ----- ----- ----- ---- ---------------------
NODE_1_length_73696_cov_32.301567:31554-33572|+  -            673 10939                -            647  4.9e-118  390.3 130.5   1   1  1.4e-119  5.8e-118  390.0 130.5     1   646     1   670     1   671 0.91 NODE_1_length_73696_cov_32.301567_27 # 31554 # 33572 # 1 # ID=1_27;partial=00;start_type=ATG;rbs_motif=None;rbs_spacer=None;gc_cont=0.220
NODE_13_length_17613_cov_8.412730:4499-6322|-    -            608 10939                -            647   1.9e-25   84.4  58.5   1   1   1.3e-26   5.5e-25   82.9  58.5   135   641    21   571     7   576 0.77 NODE_13_length_17613_cov_8.412730_5 # 4499 # 6322 # -1 # ID=13_5;partial=00;start_type=ATG;rbs_motif=AGGAG;rbs_spacer=5-10bp;gc_cont=0.263
NODE_6_length_32321_cov_28.623066:5523-7400|+    -            626 10939                -            647   3.4e-23   77.0  51.1   1   1   3.7e-24   1.6e-22   74.7  51.1   132   644    34   589     4   592 0.75 NODE_6_length_32321_cov_28.623066_7 # 5523 # 7400 # 1 # ID=6_7;partial=00;start_type=ATG;rbs_motif=AGxAGG/AGGxGG;rbs_spacer=5-10bp;gc_cont=0.275
NODE_6_length_32321_cov_28.623066:3707-5530|+    -            608 10939                -            647   1.7e-18   61.4  39.3   1   2       5.5   2.4e+02   -5.1   1.1   274   298    14    38     5    41 0.67 NODE_6_length_32321_cov_28.623066_6 # 3707 # 5530 # 1 # ID=6_6;partial=00;start_type=ATG;rbs_motif=GGAG/GAGG;rbs_spacer=5-10bp;gc_cont=0.288
NODE_6_length_32321_cov_28.623066:3707-5530|+    -            608 10939                -            647   1.7e-18   61.4  39.3   2   2     4e-20   1.7e-18   61.4  39.3   179   629    68   557    50   573 0.73 NODE_6_length_32321_cov_28.623066_6 # 3707 # 5530 # 1 # ID=6_6;partial=00;start_type=ATG;rbs_motif=GGAG/GAGG;rbs_spacer=5-10bp;gc_cont=0.288
NODE_13_length_17613_cov_8.412730:6337-8121|-    -            595 10939                -            647   3.6e-18   60.3  57.3   1   1   9.2e-19   3.9e-17   56.9  57.3   172   646    56   563     5   564 0.73 NODE_13_length_17613_cov_8.412730_6 # 6337 # 8121 # -1 # ID=13_6;partial=00;start_type=ATG;rbs_motif=AGGAG;rbs_spacer=5-10bp;gc_cont=0.257
NODE_8_length_30985_cov_8.604803:21069-21866|+   -            266 10939                -            647   1.4e-17   58.4   9.2   1   2   3.3e-19   1.4e-17   58.4   9.2   472   633    17   196     1   205 0.77 NODE_8_length_30985_cov_8.604803_23 # 21069 # 21866 # 1 # ID=8_23;partial=00;start_type=ATG;rbs_motif=None;rbs_spacer=None;gc_cont=0.273
NODE_8_length_30985_cov_8.604803:21069-21866|+   -            266 10939                -            647   1.4e-17   58.4   9.2   2   2      0.86        37   -2.5   0.1   231   261   221   251   218   257 0.79 NODE_8_length_30985_cov_8.604803_23 # 21069 # 21866 # 1 # ID=8_23;partial=00;start_type=ATG;rbs_motif=None;rbs_spacer=None;gc_cont=0.273
NODE_16_length_15078_cov_9.801084:8520-9491|+    -            324 10939                -            647   3.2e-17   57.2  13.9   1   1   7.5e-19   3.2e-17   57.2  13.9   451   646    86   300    53   301 0.75 NODE_16_length_15078_cov_9.801084_2 # 8520 # 9491 # 1 # ID=16_2;partial=00;start_type=ATG;rbs_motif=GGA/GAG/AGG;rbs_spacer=5-10bp;gc_cont=0.277
NODE_17_length_13341_cov_35.051536:3016-4956|-   -            647 10939                -            647   5.5e-14   46.5   1.2   1   3   2.4e-10     1e-08   29.1   0.0   435   568     3   143     1   149 0.84 NODE_17_length_13341_cov_35.051536_5 # 3016 # 4956 # -1 # ID=17_5;partial=00;start_type=ATG;rbs_motif=AGGA;rbs_spacer=5-10bp;gc_cont=0.288
NODE_17_length_13341_cov_35.051536:3016-4956|-   -            647 10939                -            647   5.5e-14   46.5   1.2   2   3       1.3        56   -3.1   3.7   312   364   255   307   251   319 0.62 NODE_17_length_13341_cov_35.051536_5 # 3016 # 4956 # -1 # ID=17_5;partial=00;start_type=ATG;rbs_motif=AGGA;rbs_spacer=5-10bp;gc_cont=0.288
NODE_17_length_13341_cov_35.051536:3016-4956|-   -            647 10939                -            647   5.5e-14   46.5   1.2   3   3   6.3e-09   2.7e-07   24.4   0.7   514   624   362   477   351   492 0.73 NODE_17_length_13341_cov_35.051536_5 # 3016 # 4956 # -1 # ID=17_5;partial=00;start_type=ATG;rbs_motif=AGGA;rbs_spacer=5-10bp;gc_cont=0.288
NODE_12_length_18973_cov_26.749390:13504-14247|+ -            248 10939                -            647   1.4e-13   45.2  25.5   1   1     9e-14   3.8e-12   40.4  25.5   461   646     2   222     1   223 0.73 NODE_12_length_18973_cov_26.749390_10 # 13504 # 14247 # 1 # ID=12_10;partial=00;start_type=ATG;rbs_motif=None;rbs_spacer=None;gc_cont=0.239
NODE_3_length_51449_cov_28.078621:20620-21324|+  -            235 10939                -            647   9.4e-13   42.4   9.2   1   1   2.8e-14   1.2e-12   42.1   9.2   485   631    35   191     4   206 0.83 NODE_3_length_51449_cov_28.078621_16 # 20620 # 21324 # 1 # ID=3_16;partial=00;start_type=ATG;rbs_motif=AGGA;rbs_spacer=5-10bp;gc_cont=0.268
NODE_1_length_73696_cov_32.301567:36676-38085|+  -            470 10939                -            647   2.7e-10   34.3   6.4   1   3     1e-05   0.00044   13.8   0.2   471   525    28    85     4   118 0.79 NODE_1_length_73696_cov_32.301567_31 # 36676 # 38085 # 1 # ID=1_31;partial=00;start_type=ATG;rbs_motif=AGGAG;rbs_spacer=3-4bp;gc_cont=0.285
NODE_1_length_73696_cov_32.301567:36676-38085|+  -            470 10939                -            647   2.7e-10   34.3   6.4   2   3       4.1   1.8e+02   -4.7   8.0   308   367   132   191   122   203 0.70 NODE_1_length_73696_cov_32.301567_31 # 36676 # 38085 # 1 # ID=1_31;partial=00;start_type=ATG;rbs_motif=AGGAG;rbs_spacer=3-4bp;gc_cont=0.285
NODE_1_length_73696_cov_32.301567:36676-38085|+  -            470 10939                -            647   2.7e-10   34.3   6.4   3   3   6.8e-11   2.9e-09   30.9   1.9   549   635   207   296   192   306 0.83 NODE_1_length_73696_cov_32.301567_31 # 36676 # 38085 # 1 # ID=1_31;partial=00;start_type=ATG;rbs_motif=AGGAG;rbs_spacer=3-4bp;gc_cont=0.285
NODE_1_length_73696_cov_32.301567:27123-27968|-  -            282 10939                -            647   1.1e-09   32.3  30.5   1   1   3.4e-11   1.4e-09   31.9  30.5   421   635    10   240     5   251 0.78 NODE_1_length_73696_cov_32.301567_22 # 27123 # 27968 # -1 # ID=1_22;partial=00;start_type=GTG;rbs_motif=AGGAG;rbs_spacer=5-10bp;gc_cont=0.257
NODE_8_length_30985_cov_8.604803:21857-22894|+   -            346 10939                -            647   1.4e-09   31.9   6.9   1   3   4.6e-06    0.0002   14.9   0.4   477   520    26    72    18    75 0.81 NODE_8_length_30985_cov_8.604803_24 # 21857 # 22894 # 1 # ID=8_24;partial=00;start_type=ATG;rbs_motif=4Base/6BMM;rbs_spacer=13-15bp;gc_cont=0.278
NODE_8_length_30985_cov_8.604803:21857-22894|+   -            346 10939                -            647   1.4e-09   31.9   6.9   2   3      0.86        37   -2.5   3.2   317   377    79   137    71   159 0.60 NODE_8_length_30985_cov_8.604803_24 # 21857 # 22894 # 1 # ID=8_24;partial=00;start_type=ATG;rbs_motif=4Base/6BMM;rbs_spacer=13-15bp;gc_cont=0.278
NODE_8_length_30985_cov_8.604803:21857-22894|+   -            346 10939                -            647   1.4e-09   31.9   6.9   3   3   3.1e-07   1.3e-05   18.8   0.0   574   634   199   260   192   274 0.89 NODE_8_length_30985_cov_8.604803_24 # 21857 # 22894 # 1 # ID=8_24;partial=00;start_type=ATG;rbs_motif=4Base/6BMM;rbs_spacer=13-15bp;gc_cont=0.278
NODE_15_length_15603_cov_14.444365:13552-15165|+ -            538 10939                -            647   5.8e-08   26.6  27.2   1   4   1.9e-06   8.1e-05   16.2   1.6   486   516    31    61    14    99 0.79 NODE_15_length_15603_cov_14.444365_10 # 13552 # 15165 # 1 # ID=15_10;partial=00;start_type=ATG;rbs_motif=AGGAG;rbs_spacer=5-10bp;gc_cont=0.289
NODE_15_length_15603_cov_14.444365:13552-15165|+ -            538 10939                -            647   5.8e-08   26.6  27.2   2   4   0.00014    0.0058   10.1   0.1   579   637   159   215   129   223 0.75 NODE_15_length_15603_cov_14.444365_10 # 13552 # 15165 # 1 # ID=15_10;partial=00;start_type=ATG;rbs_motif=AGGAG;rbs_spacer=5-10bp;gc_cont=0.289
NODE_15_length_15603_cov_14.444365:13552-15165|+ -            538 10939                -            647   5.8e-08   26.6  27.2   3   4      0.83        36   -2.4   2.5   325   377   251   287   215   300 0.49 NODE_15_length_15603_cov_14.444365_10 # 13552 # 15165 # 1 # ID=15_10;partial=00;start_type=ATG;rbs_motif=AGGAG;rbs_spacer=5-10bp;gc_cont=0.289
NODE_15_length_15603_cov_14.444365:13552-15165|+ -            538 10939                -            647   5.8e-08   26.6  27.2   4   4   2.9e-06   0.00012   15.6   4.2   447   627   309   498   296   504 0.73 NODE_15_length_15603_cov_14.444365_10 # 13552 # 15165 # 1 # ID=15_10;partial=00;start_type=ATG;rbs_motif=AGGAG;rbs_spacer=5-10bp;gc_cont=0.289
NODE_21_length_10748_cov_24.708596:6884-8050|+   -            389 10939                -            647     1e-06   22.5   3.2   1   2    0.0032      0.14    5.6   4.2   487   531    80   123    75   184 0.76 NODE_21_length_10748_cov_24.708596_6 # 6884 # 8050 # 1 # ID=21_6;partial=00;start_type=ATG;rbs_motif=GGA/GAG/AGG;rbs_spacer=5-10bp;gc_cont=0.303
NODE_21_length_10748_cov_24.708596:6884-8050|+   -            389 10939                -            647     1e-06   22.5   3.2   2   2   9.5e-06   0.00041   13.9   0.0   567   643   190   268   157   272 0.81 NODE_21_length_10748_cov_24.708596_6 # 6884 # 8050 # 1 # ID=21_6;partial=00;start_type=ATG;rbs_motif=GGA/GAG/AGG;rbs_spacer=5-10bp;gc_cont=0.303
NODE_10_length_23813_cov_7.225619:2855-3379|-    -            175 10939                -            647   2.7e-05   17.8  18.3   1   1     8e-07   3.4e-05   17.5  18.3   132   286     5   165     2   172 0.85 NODE_10_length_23813_cov_7.225619_3 # 2855 # 3379 # -1 # ID=10_3;partial=00;start_type=ATG;rbs_motif=None;rbs_spacer=None;gc_cont=0.229
#
# Program:         hmmsearch
# Version:         3.4 (Aug 2023)
# Pipeline mode:   SEARCH
# Query file:      /home/genomika25/studenci/dmyboi/sequence_adnotation_cw3/busco_downloads/lineages/mycoplasmatales_odb12/hmms/10939at2085.hmm
# Target file:     /home/genomika25/studenci/dmyboi/sequence_adnotation_cw3/busco_genome/prodigal_output/predicted_genes/predicted.faa
# Option settings: hmmsearch --domtblout /home/genomika25/studenci/dmyboi/sequence_adnotation_cw3/busco_genome/run_mycoplasmatales_odb12/hmmer_output/10939at2085.out --cpu 1 /home/genomika25/studenci/dmyboi/sequence_adnotation_cw3/busco_downloads/lineages/mycoplasmatales_odb12/hmms/10939at2085.hmm /home/genomika25/studenci/dmyboi/sequence_adnotation_cw3/busco_genome/prodigal_output/predicted_genes/predicted.faa 
# Current dir:     /home/genomika25/studenci/dmyboi/sequence_adnotation_cw3
# Date:            Tue Oct 28 11:31:00 2025
# [ok]
