#                                                                                                       --- full sequence --- -------------- this domain -------------   hmm coord   ali coord   env coord
# target name                                   accession   tlen query name           accession   qlen   E-value  score  bias   #  of  c-Evalue  i-Evalue  score  bias  from    to  from    to  from    to  acc description of target
#                           ------------------- ---------- ----- -------------------- ---------- ----- --------- ------ ----- --- --- --------- --------- ------ ----- ----- ----- ----- ----- ----- ----- ---- ---------------------
NODE_9_length_27958_cov_8.304588:22475-23182|-  -            236 1999                 -            217   8.5e-76  249.2  12.7   1   1   7.2e-78   9.8e-76  249.0  12.7     2   215     8   228     7   230 0.93 NODE_9_length_27958_cov_8.304588_17 # 22475 # 23182 # -1 # ID=9_17;partial=00;start_type=ATG;rbs_motif=GGA/GAG/AGG;rbs_spacer=5-10bp;gc_cont=0.246
NODE_3_length_51449_cov_28.078621:2648-3202|+   -            185 1999                 -            217   2.1e-11   38.8   5.5   1   1   3.3e-13   4.6e-11   37.6   5.5    55   145    33   129    26   177 0.86 NODE_3_length_51449_cov_28.078621_3 # 2648 # 3202 # 1 # ID=3_3;partial=00;start_type=ATG;rbs_motif=None;rbs_spacer=None;gc_cont=0.261
NODE_4_length_40423_cov_18.794992:14606-15388|- -            261 1999                 -            217   2.5e-09   31.9   8.3   1   1     9e-11   1.2e-08   29.7   8.3    55   146    34   141    12   178 0.77 NODE_4_length_40423_cov_18.794992_15 # 14606 # 15388 # -1 # ID=4_15;partial=00;start_type=ATG;rbs_motif=None;rbs_spacer=None;gc_cont=0.272
NODE_30_length_4886_cov_13.452406:3276-4838|+   -            521 1999                 -            217   1.2e-05   19.9  12.0   1   3     0.053       7.2    1.0   0.1   161   180    37    56    33    62 0.90 NODE_30_length_4886_cov_13.452406_7 # 3276 # 4838 # 1 # ID=30_7;partial=00;start_type=ATG;rbs_motif=GGA/GAG/AGG;rbs_spacer=5-10bp;gc_cont=0.301
NODE_30_length_4886_cov_13.452406:3276-4838|+   -            521 1999                 -            217   1.2e-05   19.9  12.0   2   3   2.9e-07     4e-05   18.2   0.0    45   138   203   312   200   326 0.77 NODE_30_length_4886_cov_13.452406_7 # 3276 # 4838 # 1 # ID=30_7;partial=00;start_type=ATG;rbs_motif=GGA/GAG/AGG;rbs_spacer=5-10bp;gc_cont=0.301
NODE_30_length_4886_cov_13.452406:3276-4838|+   -            521 1999                 -            217   1.2e-05   19.9  12.0   3   3    0.0065      0.89    4.0   3.1    75   116   403   444   395   448 0.85 NODE_30_length_4886_cov_13.452406_7 # 3276 # 4838 # 1 # ID=30_7;partial=00;start_type=ATG;rbs_motif=GGA/GAG/AGG;rbs_spacer=5-10bp;gc_cont=0.301
NODE_131_length_381_cov_39.661417:2-379|-       -            126 1999                 -            217    0.0016   13.0   0.1   1   1   1.5e-05     0.002   12.6   0.1   124   139    24    39     7    53 0.82 NODE_131_length_381_cov_39.661417_1 # 2 # 379 # -1 # ID=131_1;partial=11;start_type=Edge;rbs_motif=None;rbs_spacer=None;gc_cont=0.341
#
# Program:         hmmsearch
# Version:         3.4 (Aug 2023)
# Pipeline mode:   SEARCH
# Query file:      /home/genomika25/studenci/dmyboi/sequence_adnotation_cw3/busco_downloads/lineages/mycoplasmatales_odb12/hmms/1999at2085.hmm
# Target file:     /home/genomika25/studenci/dmyboi/sequence_adnotation_cw3/busco_genome/prodigal_output/predicted_genes/predicted.faa
# Option settings: hmmsearch --domtblout /home/genomika25/studenci/dmyboi/sequence_adnotation_cw3/busco_genome/run_mycoplasmatales_odb12/hmmer_output/1999at2085.out --cpu 1 /home/genomika25/studenci/dmyboi/sequence_adnotation_cw3/busco_downloads/lineages/mycoplasmatales_odb12/hmms/1999at2085.hmm /home/genomika25/studenci/dmyboi/sequence_adnotation_cw3/busco_genome/prodigal_output/predicted_genes/predicted.faa 
# Current dir:     /home/genomika25/studenci/dmyboi/sequence_adnotation_cw3
# Date:            Tue Oct 28 11:31:00 2025
# [ok]
