#                                                                                                       --- full sequence --- -------------- this domain -------------   hmm coord   ali coord   env coord
# target name                                   accession   tlen query name           accession   qlen   E-value  score  bias   #  of  c-Evalue  i-Evalue  score  bias  from    to  from    to  from    to  acc description of target
#                           ------------------- ---------- ----- -------------------- ---------- ----- --------- ------ ----- --- --- --------- --------- ------ ----- ----- ----- ----- ----- ----- ----- ---- ---------------------
NODE_4_length_40423_cov_18.794992:2664-4757|-   -            698 6814                 -            685         0 1330.8   7.2   1   1         0         0 1330.6   7.2     1   684     3   688     3   689 0.99 NODE_4_length_40423_cov_18.794992_3 # 2664 # 4757 # -1 # ID=4_3;partial=00;start_type=ATG;rbs_motif=GGA/GAG/AGG;rbs_spacer=5-10bp;gc_cont=0.345
NODE_14_length_15897_cov_20.600380:2962-4761|-  -            600 6814                 -            685   7.6e-49  161.9   0.3   1   3   1.9e-33   3.2e-31  103.7   0.3     6   178     4   174     1   179 0.90 NODE_14_length_15897_cov_20.600380_4 # 2962 # 4761 # -1 # ID=14_4;partial=00;start_type=ATG;rbs_motif=None;rbs_spacer=None;gc_cont=0.309
NODE_14_length_15897_cov_20.600380:2962-4761|-  -            600 6814                 -            685   7.6e-49  161.9   0.3   2   3   3.9e-16   6.7e-14   46.4   0.0   297   483   182   376   171   383 0.81 NODE_14_length_15897_cov_20.600380_4 # 2962 # 4761 # -1 # ID=14_4;partial=00;start_type=ATG;rbs_motif=None;rbs_spacer=None;gc_cont=0.309
NODE_14_length_15897_cov_20.600380:2962-4761|-  -            600 6814                 -            685   7.6e-49  161.9   0.3   3   3   0.00016     0.027    8.1   0.0   593   662   396   467   389   476 0.84 NODE_14_length_15897_cov_20.600380_4 # 2962 # 4761 # -1 # ID=14_4;partial=00;start_type=ATG;rbs_motif=None;rbs_spacer=None;gc_cont=0.309
NODE_22_length_10644_cov_15.898355:2753-4570|-  -            606 6814                 -            685   1.4e-18   61.9   4.1   1   2   3.2e-19   5.5e-17   56.6   3.8    56   144   145   233   113   246 0.84 NODE_22_length_10644_cov_15.898355_4 # 2753 # 4570 # -1 # ID=22_4;partial=00;start_type=ATG;rbs_motif=GGAG/GAGG;rbs_spacer=5-10bp;gc_cont=0.306
NODE_22_length_10644_cov_15.898355:2753-4570|-  -            606 6814                 -            685   1.4e-18   61.9   4.1   2   2      0.26        45   -2.6   0.0   252   272   252   272   249   283 0.87 NODE_22_length_10644_cov_15.898355_4 # 2753 # 4570 # -1 # ID=22_4;partial=00;start_type=ATG;rbs_motif=GGAG/GAGG;rbs_spacer=5-10bp;gc_cont=0.306
NODE_2_length_68051_cov_18.212929:63506-64699|+ -            398 6814                 -            685   3.4e-16   54.0   0.5   1   1   4.5e-18   7.7e-16   52.8   0.6     8   138    12   141     7   155 0.90 NODE_2_length_68051_cov_18.212929_53 # 63506 # 64699 # 1 # ID=2_53;partial=00;start_type=ATG;rbs_motif=AGGA;rbs_spacer=5-10bp;gc_cont=0.379
#
# Program:         hmmsearch
# Version:         3.4 (Aug 2023)
# Pipeline mode:   SEARCH
# Query file:      /home/genomika25/studenci/dmyboi/sequence_adnotation_cw3/busco_downloads/lineages/mycoplasmatales_odb12/hmms/6814at2085.hmm
# Target file:     /home/genomika25/studenci/dmyboi/sequence_adnotation_cw3/busco_genome/prodigal_output/predicted_genes/predicted.faa
# Option settings: hmmsearch --domtblout /home/genomika25/studenci/dmyboi/sequence_adnotation_cw3/busco_genome/run_mycoplasmatales_odb12/hmmer_output/6814at2085.out --cpu 1 /home/genomika25/studenci/dmyboi/sequence_adnotation_cw3/busco_downloads/lineages/mycoplasmatales_odb12/hmms/6814at2085.hmm /home/genomika25/studenci/dmyboi/sequence_adnotation_cw3/busco_genome/prodigal_output/predicted_genes/predicted.faa 
# Current dir:     /home/genomika25/studenci/dmyboi/sequence_adnotation_cw3
# Date:            Tue Oct 28 11:31:02 2025
# [ok]
