#                                                                                                       --- full sequence --- -------------- this domain -------------   hmm coord   ali coord   env coord
# target name                                   accession   tlen query name           accession   qlen   E-value  score  bias   #  of  c-Evalue  i-Evalue  score  bias  from    to  from    to  from    to  acc description of target
#                           ------------------- ---------- ----- -------------------- ---------- ----- --------- ------ ----- --- --- --------- --------- ------ ----- ----- ----- ----- ----- ----- ----- ---- ---------------------
NODE_3_length_51449_cov_28.078621:5646-6497|+   -            284 7055                 -            270  6.2e-108  355.5   3.6   1   1  8.5e-110  7.3e-108  355.3   3.6     2   269     3   278     2   279 0.95 NODE_3_length_51449_cov_28.078621_7 # 5646 # 6497 # 1 # ID=3_7;partial=00;start_type=ATG;rbs_motif=GGA/GAG/AGG;rbs_spacer=5-10bp;gc_cont=0.298
NODE_9_length_27958_cov_8.304588:9399-10721|-   -            441 7055                 -            270   5.4e-07   24.5   5.5   1   3   0.00017     0.015   10.0   0.0   143   169     2    28     1    77 0.85 NODE_9_length_27958_cov_8.304588_10 # 9399 # 10721 # -1 # ID=9_10;partial=00;start_type=ATG;rbs_motif=GGAG/GAGG;rbs_spacer=5-10bp;gc_cont=0.282
NODE_9_length_27958_cov_8.304588:9399-10721|-   -            441 7055                 -            270   5.4e-07   24.5   5.5   2   3   1.2e-05   0.00099   13.8   0.0   148   204   177   231   161   259 0.74 NODE_9_length_27958_cov_8.304588_10 # 9399 # 10721 # -1 # ID=9_10;partial=00;start_type=ATG;rbs_motif=GGAG/GAGG;rbs_spacer=5-10bp;gc_cont=0.282
NODE_9_length_27958_cov_8.304588:9399-10721|-   -            441 7055                 -            270   5.4e-07   24.5   5.5   3   3     0.064       5.5    1.5   0.5    99   127   284   312   267   329 0.76 NODE_9_length_27958_cov_8.304588_10 # 9399 # 10721 # -1 # ID=9_10;partial=00;start_type=ATG;rbs_motif=GGAG/GAGG;rbs_spacer=5-10bp;gc_cont=0.282
NODE_20_length_10828_cov_21.472666:3311-3862|+  -            184 7055                 -            270   1.1e-06   23.5   1.9   1   2   2.4e-08     2e-06   22.6   0.1   144   214    19    84     6   104 0.73 NODE_20_length_10828_cov_21.472666_5 # 3311 # 3862 # 1 # ID=20_5;partial=00;start_type=ATG;rbs_motif=AGGAG;rbs_spacer=5-10bp;gc_cont=0.252
NODE_20_length_10828_cov_21.472666:3311-3862|+  -            184 7055                 -            270   1.1e-06   23.5   1.9   2   2      0.14        12    0.4   0.2    93   117   123   147   104   175 0.75 NODE_20_length_10828_cov_21.472666_5 # 3311 # 3862 # 1 # ID=20_5;partial=00;start_type=ATG;rbs_motif=AGGAG;rbs_spacer=5-10bp;gc_cont=0.252
NODE_28_length_5889_cov_5.042694:2331-3158|-    -            276 7055                 -            270   2.9e-06   22.1   1.0   1   2       0.1         9    0.8   0.4    94   140    35    88    18    93 0.69 NODE_28_length_5889_cov_5.042694_2 # 2331 # 3158 # -1 # ID=28_2;partial=00;start_type=ATG;rbs_motif=None;rbs_spacer=None;gc_cont=0.262
NODE_28_length_5889_cov_5.042694:2331-3158|-    -            276 7055                 -            270   2.9e-06   22.1   1.0   2   2   8.5e-08   7.3e-06   20.8   0.4   101   204    69   164    52   182 0.64 NODE_28_length_5889_cov_5.042694_2 # 2331 # 3158 # -1 # ID=28_2;partial=00;start_type=ATG;rbs_motif=None;rbs_spacer=None;gc_cont=0.262
NODE_1_length_73696_cov_32.301567:34097-34981|+ -            295 7055                 -            270   2.7e-05   18.9   0.1   1   3   3.1e-07   2.7e-05   18.9   0.1   147   224     7    82     1    87 0.82 NODE_1_length_73696_cov_32.301567_29 # 34097 # 34981 # 1 # ID=1_29;partial=00;start_type=ATG;rbs_motif=GGA/GAG/AGG;rbs_spacer=5-10bp;gc_cont=0.267
NODE_1_length_73696_cov_32.301567:34097-34981|+ -            295 7055                 -            270   2.7e-05   18.9   0.1   2   3    0.0072      0.62    4.6   0.9    90   120   102   134    86   170 0.68 NODE_1_length_73696_cov_32.301567_29 # 34097 # 34981 # 1 # ID=1_29;partial=00;start_type=ATG;rbs_motif=GGA/GAG/AGG;rbs_spacer=5-10bp;gc_cont=0.267
NODE_1_length_73696_cov_32.301567:34097-34981|+ -            295 7055                 -            270   2.7e-05   18.9   0.1   3   3      0.86        74   -2.2   0.3    13    38   217   242   210   278 0.60 NODE_1_length_73696_cov_32.301567_29 # 34097 # 34981 # 1 # ID=1_29;partial=00;start_type=ATG;rbs_motif=GGA/GAG/AGG;rbs_spacer=5-10bp;gc_cont=0.267
NODE_18_length_12121_cov_14.008754:4947-7775|-  -            943 7055                 -            270   0.00015   16.4   5.3   1   3   0.00031     0.026    9.1   0.0   132   161    12    42     3    64 0.74 NODE_18_length_12121_cov_14.008754_6 # 4947 # 7775 # -1 # ID=18_6;partial=00;start_type=ATG;rbs_motif=3Base/5BMM;rbs_spacer=13-15bp;gc_cont=0.305
NODE_18_length_12121_cov_14.008754:4947-7775|-  -            943 7055                 -            270   0.00015   16.4   5.3   2   3      0.56        48   -1.6   0.1    82   129   320   367   316   384 0.81 NODE_18_length_12121_cov_14.008754_6 # 4947 # 7775 # -1 # ID=18_6;partial=00;start_type=ATG;rbs_motif=3Base/5BMM;rbs_spacer=13-15bp;gc_cont=0.305
NODE_18_length_12121_cov_14.008754:4947-7775|-  -            943 7055                 -            270   0.00015   16.4   5.3   3   3   0.00056     0.048    8.3   0.4   132   163   623   655   608   663 0.79 NODE_18_length_12121_cov_14.008754_6 # 4947 # 7775 # -1 # ID=18_6;partial=00;start_type=ATG;rbs_motif=3Base/5BMM;rbs_spacer=13-15bp;gc_cont=0.305
NODE_2_length_68051_cov_18.212929:19200-21350|- -            717 7055                 -            270    0.0011   13.6   5.6   1   5   0.00016     0.014   10.1   0.0   129   170    35    79    21    89 0.82 NODE_2_length_68051_cov_18.212929_22 # 19200 # 21350 # -1 # ID=2_22;partial=00;start_type=ATG;rbs_motif=AGGAG;rbs_spacer=5-10bp;gc_cont=0.302
NODE_2_length_68051_cov_18.212929:19200-21350|- -            717 7055                 -            270    0.0011   13.6   5.6   2   5       1.1        97   -2.6   0.0    48    64   374   390   348   402 0.76 NODE_2_length_68051_cov_18.212929_22 # 19200 # 21350 # -1 # ID=2_22;partial=00;start_type=ATG;rbs_motif=AGGAG;rbs_spacer=5-10bp;gc_cont=0.302
NODE_2_length_68051_cov_18.212929:19200-21350|- -            717 7055                 -            270    0.0011   13.6   5.6   3   5    0.0093      0.79    4.3   0.0   148   168   463   483   443   492 0.88 NODE_2_length_68051_cov_18.212929_22 # 19200 # 21350 # -1 # ID=2_22;partial=00;start_type=ATG;rbs_motif=AGGAG;rbs_spacer=5-10bp;gc_cont=0.302
NODE_2_length_68051_cov_18.212929:19200-21350|- -            717 7055                 -            270    0.0011   13.6   5.6   4   5       2.7   2.3e+02   -3.8   0.1   178   201   555   578   538   589 0.64 NODE_2_length_68051_cov_18.212929_22 # 19200 # 21350 # -1 # ID=2_22;partial=00;start_type=ATG;rbs_motif=AGGAG;rbs_spacer=5-10bp;gc_cont=0.302
NODE_2_length_68051_cov_18.212929:19200-21350|- -            717 7055                 -            270    0.0011   13.6   5.6   5   5       3.5     3e+02   -4.2   0.1    38    62   625   649   623   652 0.83 NODE_2_length_68051_cov_18.212929_22 # 19200 # 21350 # -1 # ID=2_22;partial=00;start_type=ATG;rbs_motif=AGGAG;rbs_spacer=5-10bp;gc_cont=0.302
NODE_7_length_31690_cov_28.497069:2957-3172|-   -             72 7055                 -            270    0.0013   13.4   0.0   1   1   1.8e-05    0.0015   13.2   0.0     1    47     8    56     8    61 0.85 NODE_7_length_31690_cov_28.497069_6 # 2957 # 3172 # -1 # ID=7_6;partial=00;start_type=ATG;rbs_motif=AGGAG;rbs_spacer=5-10bp;gc_cont=0.324
#
# Program:         hmmsearch
# Version:         3.4 (Aug 2023)
# Pipeline mode:   SEARCH
# Query file:      /home/genomika25/studenci/dmyboi/sequence_adnotation_cw3/busco_downloads/lineages/mycoplasmatales_odb12/hmms/7055at2085.hmm
# Target file:     /home/genomika25/studenci/dmyboi/sequence_adnotation_cw3/busco_genome/prodigal_output/predicted_genes/predicted.faa
# Option settings: hmmsearch --domtblout /home/genomika25/studenci/dmyboi/sequence_adnotation_cw3/busco_genome/run_mycoplasmatales_odb12/hmmer_output/7055at2085.out --cpu 1 /home/genomika25/studenci/dmyboi/sequence_adnotation_cw3/busco_downloads/lineages/mycoplasmatales_odb12/hmms/7055at2085.hmm /home/genomika25/studenci/dmyboi/sequence_adnotation_cw3/busco_genome/prodigal_output/predicted_genes/predicted.faa 
# Current dir:     /home/genomika25/studenci/dmyboi/sequence_adnotation_cw3
# Date:            Tue Oct 28 11:31:03 2025
# [ok]
