#                                                                                                       --- full sequence --- -------------- this domain -------------   hmm coord   ali coord   env coord
# target name                                   accession   tlen query name           accession   qlen   E-value  score  bias   #  of  c-Evalue  i-Evalue  score  bias  from    to  from    to  from    to  acc description of target
#                           ------------------- ---------- ----- -------------------- ---------- ----- --------- ------ ----- --- --- --------- --------- ------ ----- ----- ----- ----- ----- ----- ----- ---- ---------------------
NODE_14_length_15897_cov_20.600380:2962-4761|-  -            600 7172                 -            594         0 1111.2  11.8   1   1         0         0 1111.0  11.8     1   594     1   594     1   594 1.00 NODE_14_length_15897_cov_20.600380_4 # 2962 # 4761 # -1 # ID=14_4;partial=00;start_type=ATG;rbs_motif=None;rbs_spacer=None;gc_cont=0.309
NODE_4_length_40423_cov_18.794992:2664-4757|-   -            698 7172                 -            594   2.6e-51  170.0   3.9   1   3   1.8e-32     3e-30  100.5   0.2     5   157     9   164     5   182 0.91 NODE_4_length_40423_cov_18.794992_3 # 2664 # 4757 # -1 # ID=4_3;partial=00;start_type=ATG;rbs_motif=GGA/GAG/AGG;rbs_spacer=5-10bp;gc_cont=0.345
NODE_4_length_40423_cov_18.794992:2664-4757|-   -            698 7172                 -            594   2.6e-51  170.0   3.9   2   3   4.9e-16   8.4e-14   46.2   0.2   182   376   299   486   232   498 0.76 NODE_4_length_40423_cov_18.794992_3 # 2664 # 4757 # -1 # ID=4_3;partial=00;start_type=ATG;rbs_motif=GGA/GAG/AGG;rbs_spacer=5-10bp;gc_cont=0.345
NODE_4_length_40423_cov_18.794992:2664-4757|-   -            698 7172                 -            594   2.6e-51  170.0   3.9   3   3   6.5e-09   1.1e-06   22.6   0.0   355   474   544   673   531   685 0.73 NODE_4_length_40423_cov_18.794992_3 # 2664 # 4757 # -1 # ID=4_3;partial=00;start_type=ATG;rbs_motif=GGA/GAG/AGG;rbs_spacer=5-10bp;gc_cont=0.345
NODE_2_length_68051_cov_18.212929:63506-64699|+ -            398 7172                 -            594   4.3e-23   76.9   0.2   1   1   3.3e-25   5.6e-23   76.5   0.2     8   260    14   285     7   312 0.80 NODE_2_length_68051_cov_18.212929_53 # 63506 # 64699 # 1 # ID=2_53;partial=00;start_type=ATG;rbs_motif=AGGA;rbs_spacer=5-10bp;gc_cont=0.379
NODE_22_length_10644_cov_15.898355:2753-4570|-  -            606 7172                 -            594   4.8e-21   70.1   4.8   1   2   2.8e-23   4.8e-21   70.1   4.8    10   219   119   319   116   324 0.85 NODE_22_length_10644_cov_15.898355_4 # 2753 # 4570 # -1 # ID=22_4;partial=00;start_type=ATG;rbs_motif=GGAG/GAGG;rbs_spacer=5-10bp;gc_cont=0.306
NODE_22_length_10644_cov_15.898355:2753-4570|-  -            606 7172                 -            594   4.8e-21   70.1   4.8   2   2      0.21        36   -2.1   0.3   171   270   495   591   463   600 0.56 NODE_22_length_10644_cov_15.898355_4 # 2753 # 4570 # -1 # ID=22_4;partial=00;start_type=ATG;rbs_motif=GGAG/GAGG;rbs_spacer=5-10bp;gc_cont=0.306
#
# Program:         hmmsearch
# Version:         3.4 (Aug 2023)
# Pipeline mode:   SEARCH
# Query file:      /home/genomika25/studenci/dmyboi/sequence_adnotation_cw3/busco_downloads/lineages/mycoplasmatales_odb12/hmms/7172at2085.hmm
# Target file:     /home/genomika25/studenci/dmyboi/sequence_adnotation_cw3/busco_genome/prodigal_output/predicted_genes/predicted.faa
# Option settings: hmmsearch --domtblout /home/genomika25/studenci/dmyboi/sequence_adnotation_cw3/busco_genome/run_mycoplasmatales_odb12/hmmer_output/7172at2085.out --cpu 1 /home/genomika25/studenci/dmyboi/sequence_adnotation_cw3/busco_downloads/lineages/mycoplasmatales_odb12/hmms/7172at2085.hmm /home/genomika25/studenci/dmyboi/sequence_adnotation_cw3/busco_genome/prodigal_output/predicted_genes/predicted.faa 
# Current dir:     /home/genomika25/studenci/dmyboi/sequence_adnotation_cw3
# Date:            Tue Oct 28 11:31:03 2025
# [ok]
