#                                                                                                       --- full sequence --- -------------- this domain -------------   hmm coord   ali coord   env coord
# target name                                   accession   tlen query name           accession   qlen   E-value  score  bias   #  of  c-Evalue  i-Evalue  score  bias  from    to  from    to  from    to  acc description of target
#                           ------------------- ---------- ----- -------------------- ---------- ----- --------- ------ ----- --- --- --------- --------- ------ ----- ----- ----- ----- ----- ----- ----- ---- ---------------------
NODE_1_length_73696_cov_32.301567:34097-34981|+ -            295 7206                 -            289  3.2e-113  372.8  17.8   1   1  4.4e-115  3.7e-113  372.6  17.8     1   289     2   294     2   294 0.97 NODE_1_length_73696_cov_32.301567_29 # 34097 # 34981 # 1 # ID=1_29;partial=00;start_type=ATG;rbs_motif=GGA/GAG/AGG;rbs_spacer=5-10bp;gc_cont=0.267
NODE_9_length_27958_cov_8.304588:9399-10721|-   -            441 7206                 -            289   3.4e-50  166.0  17.8   1   2     2e-28   1.7e-26   88.2   1.0     1   169     1   166     1   175 0.91 NODE_9_length_27958_cov_8.304588_10 # 9399 # 10721 # -1 # ID=9_10;partial=00;start_type=ATG;rbs_motif=GGAG/GAGG;rbs_spacer=5-10bp;gc_cont=0.282
NODE_9_length_27958_cov_8.304588:9399-10721|-   -            441 7206                 -            289   3.4e-50  166.0  17.8   2   2   7.1e-27   6.1e-25   83.1   9.8     4   180   174   359   171   369 0.81 NODE_9_length_27958_cov_8.304588_10 # 9399 # 10721 # -1 # ID=9_10;partial=00;start_type=ATG;rbs_motif=GGAG/GAGG;rbs_spacer=5-10bp;gc_cont=0.282
NODE_1_length_73696_cov_32.301567:51930-53276|+ -            449 7206                 -            289     9e-24   79.3   4.2   1   2      0.64        55   -2.0   2.0   144   167   148   171   117   213 0.51 NODE_1_length_73696_cov_32.301567_43 # 51930 # 53276 # 1 # ID=1_43;partial=00;start_type=ATG;rbs_motif=None;rbs_spacer=None;gc_cont=0.272
NODE_1_length_73696_cov_32.301567:51930-53276|+ -            449 7206                 -            289     9e-24   79.3   4.2   2   2   1.1e-25     9e-24   79.3   4.2     2   128   219   344   218   384 0.89 NODE_1_length_73696_cov_32.301567_43 # 51930 # 53276 # 1 # ID=1_43;partial=00;start_type=ATG;rbs_motif=None;rbs_spacer=None;gc_cont=0.272
NODE_20_length_10828_cov_21.472666:3311-3862|+  -            184 7206                 -            289   1.5e-17   58.9   5.4   1   1   2.1e-19   1.8e-17   58.6   5.4     9   160    25   179    18   182 0.86 NODE_20_length_10828_cov_21.472666_5 # 3311 # 3862 # 1 # ID=20_5;partial=00;start_type=ATG;rbs_motif=AGGAG;rbs_spacer=5-10bp;gc_cont=0.252
NODE_28_length_5889_cov_5.042694:2331-3158|-    -            276 7206                 -            289   1.8e-09   32.3  13.8   1   3     0.063       5.4    1.3   4.3    86   174    18   101     6   110 0.64 NODE_28_length_5889_cov_5.042694_2 # 2331 # 3158 # -1 # ID=28_2;partial=00;start_type=ATG;rbs_motif=None;rbs_spacer=None;gc_cont=0.262
NODE_28_length_5889_cov_5.042694:2331-3158|-    -            276 7206                 -            289   1.8e-09   32.3  13.8   2   3   5.1e-11   4.4e-09   31.1   0.0     6    67   113   170   108   174 0.85 NODE_28_length_5889_cov_5.042694_2 # 2331 # 3158 # -1 # ID=28_2;partial=00;start_type=ATG;rbs_motif=None;rbs_spacer=None;gc_cont=0.262
NODE_28_length_5889_cov_5.042694:2331-3158|-    -            276 7206                 -            289   1.8e-09   32.3  13.8   3   3    0.0038      0.32    5.3   1.0   112   174   176   240   168   254 0.81 NODE_28_length_5889_cov_5.042694_2 # 2331 # 3158 # -1 # ID=28_2;partial=00;start_type=ATG;rbs_motif=None;rbs_spacer=None;gc_cont=0.262
NODE_4_length_40423_cov_18.794992:11723-12997|- -            425 7206                 -            289   1.3e-08   29.6   0.5   1   1   2.8e-10   2.4e-08   28.7   0.4     6   179   159   336   154   359 0.71 NODE_4_length_40423_cov_18.794992_13 # 11723 # 12997 # -1 # ID=4_13;partial=00;start_type=ATG;rbs_motif=None;rbs_spacer=None;gc_cont=0.307
NODE_24_length_9019_cov_11.601552:3213-4316|-   -            368 7206                 -            289     4e-05   18.1   5.1   1   1   4.4e-06   0.00038   14.9   4.9     5   151     4   165     1   208 0.57 NODE_24_length_9019_cov_11.601552_4 # 3213 # 4316 # -1 # ID=24_4;partial=00;start_type=ATG;rbs_motif=AGGAG;rbs_spacer=5-10bp;gc_cont=0.290
NODE_3_length_51449_cov_28.078621:5646-6497|+   -            284 7206                 -            289   8.3e-05   17.1   3.1   1   2     0.092       7.8    0.7   0.2   100   128    92   120    56   137 0.62 NODE_3_length_51449_cov_28.078621_7 # 5646 # 6497 # 1 # ID=3_7;partial=00;start_type=ATG;rbs_motif=GGA/GAG/AGG;rbs_spacer=5-10bp;gc_cont=0.298
NODE_3_length_51449_cov_28.078621:5646-6497|+   -            284 7206                 -            289   8.3e-05   17.1   3.1   2   2   1.5e-06   0.00013   16.4   0.1     8    68   155   217   148   232 0.81 NODE_3_length_51449_cov_28.078621_7 # 5646 # 6497 # 1 # ID=3_7;partial=00;start_type=ATG;rbs_motif=GGA/GAG/AGG;rbs_spacer=5-10bp;gc_cont=0.298
#
# Program:         hmmsearch
# Version:         3.4 (Aug 2023)
# Pipeline mode:   SEARCH
# Query file:      /home/genomika25/studenci/dmyboi/sequence_adnotation_cw3/busco_downloads/lineages/mycoplasmatales_odb12/hmms/7206at2085.hmm
# Target file:     /home/genomika25/studenci/dmyboi/sequence_adnotation_cw3/busco_genome/prodigal_output/predicted_genes/predicted.faa
# Option settings: hmmsearch --domtblout /home/genomika25/studenci/dmyboi/sequence_adnotation_cw3/busco_genome/run_mycoplasmatales_odb12/hmmer_output/7206at2085.out --cpu 1 /home/genomika25/studenci/dmyboi/sequence_adnotation_cw3/busco_downloads/lineages/mycoplasmatales_odb12/hmms/7206at2085.hmm /home/genomika25/studenci/dmyboi/sequence_adnotation_cw3/busco_genome/prodigal_output/predicted_genes/predicted.faa 
# Current dir:     /home/genomika25/studenci/dmyboi/sequence_adnotation_cw3
# Date:            Tue Oct 28 11:31:03 2025
# [ok]
