#                                                                                                       --- full sequence --- -------------- this domain -------------   hmm coord   ali coord   env coord
# target name                                   accession   tlen query name           accession   qlen   E-value  score  bias   #  of  c-Evalue  i-Evalue  score  bias  from    to  from    to  from    to  acc description of target
#                           ------------------- ---------- ----- -------------------- ---------- ----- --------- ------ ----- --- --- --------- --------- ------ ----- ----- ----- ----- ----- ----- ----- ---- ---------------------
NODE_28_length_5889_cov_5.042694:2331-3158|-    -            276 7434                 -            254   1.8e-72  238.9  16.2   1   1   2.4e-74   2.4e-72  238.5  16.2     9   254     1   266     1   266 0.87 NODE_28_length_5889_cov_5.042694_2 # 2331 # 3158 # -1 # ID=28_2;partial=00;start_type=ATG;rbs_motif=None;rbs_spacer=None;gc_cont=0.262
NODE_9_length_27958_cov_8.304588:9399-10721|-   -            441 7434                 -            254   3.6e-20   67.6  18.4   1   3     2e-12     2e-10   35.6   0.3   111   165     6    65     2    80 0.77 NODE_9_length_27958_cov_8.304588_10 # 9399 # 10721 # -1 # ID=9_10;partial=00;start_type=ATG;rbs_motif=GGAG/GAGG;rbs_spacer=5-10bp;gc_cont=0.282
NODE_9_length_27958_cov_8.304588:9399-10721|-   -            441 7434                 -            254   3.6e-20   67.6  18.4   2   3   1.6e-11   1.5e-09   32.7   1.3    19   162    79   232    67   247 0.77 NODE_9_length_27958_cov_8.304588_10 # 9399 # 10721 # -1 # ID=9_10;partial=00;start_type=ATG;rbs_motif=GGAG/GAGG;rbs_spacer=5-10bp;gc_cont=0.282
NODE_9_length_27958_cov_8.304588:9399-10721|-   -            441 7434                 -            254   3.6e-20   67.6  18.4   3   3    0.0032      0.31    5.5   5.1    17    68   250   303   242   367 0.86 NODE_9_length_27958_cov_8.304588_10 # 9399 # 10721 # -1 # ID=9_10;partial=00;start_type=ATG;rbs_motif=GGAG/GAGG;rbs_spacer=5-10bp;gc_cont=0.282
NODE_1_length_73696_cov_32.301567:51930-53276|+ -            449 7434                 -            254   3.6e-13   44.6  11.7   1   2   5.8e-13   5.7e-11   37.4   1.3    86   162   197   279   171   291 0.67 NODE_1_length_73696_cov_32.301567_43 # 51930 # 53276 # 1 # ID=1_43;partial=00;start_type=ATG;rbs_motif=None;rbs_spacer=None;gc_cont=0.272
NODE_1_length_73696_cov_32.301567:51930-53276|+ -            449 7434                 -            254   3.6e-13   44.6  11.7   2   2   2.8e-05    0.0027   12.3   1.8    19    81   296   358   287   375 0.76 NODE_1_length_73696_cov_32.301567_43 # 51930 # 53276 # 1 # ID=1_43;partial=00;start_type=ATG;rbs_motif=None;rbs_spacer=None;gc_cont=0.272
NODE_20_length_10828_cov_21.472666:3311-3862|+  -            184 7434                 -            254   1.9e-08   29.2   5.9   1   1   6.6e-10   6.4e-08   27.4   5.9   105   244    16   165     3   175 0.72 NODE_20_length_10828_cov_21.472666_5 # 3311 # 3862 # 1 # ID=20_5;partial=00;start_type=ATG;rbs_motif=AGGAG;rbs_spacer=5-10bp;gc_cont=0.252
NODE_1_length_73696_cov_32.301567:34097-34981|+ -            295 7434                 -            254     2e-08   29.0   0.6   1   3   2.1e-10     2e-08   29.0   0.6   108   161     4    62     1    77 0.79 NODE_1_length_73696_cov_32.301567_29 # 34097 # 34981 # 1 # ID=1_29;partial=00;start_type=ATG;rbs_motif=GGA/GAG/AGG;rbs_spacer=5-10bp;gc_cont=0.267
NODE_1_length_73696_cov_32.301567:34097-34981|+ -            295 7434                 -            254     2e-08   29.0   0.6   2   3     0.087       8.5    0.8   0.8    47    67   111   131    78   142 0.74 NODE_1_length_73696_cov_32.301567_29 # 34097 # 34981 # 1 # ID=1_29;partial=00;start_type=ATG;rbs_motif=GGA/GAG/AGG;rbs_spacer=5-10bp;gc_cont=0.267
NODE_1_length_73696_cov_32.301567:34097-34981|+ -            295 7434                 -            254     2e-08   29.0   0.6   3   3      0.17        17   -0.2   0.7    39    64   258   285   247   292 0.74 NODE_1_length_73696_cov_32.301567_29 # 34097 # 34981 # 1 # ID=1_29;partial=00;start_type=ATG;rbs_motif=GGA/GAG/AGG;rbs_spacer=5-10bp;gc_cont=0.267
NODE_24_length_9019_cov_11.601552:3213-4316|-   -            368 7434                 -            254   1.2e-05   20.0   0.1   1   3   1.2e-07   1.2e-05   20.0   0.1   108   142     2    36     1    47 0.87 NODE_24_length_9019_cov_11.601552_4 # 3213 # 4316 # -1 # ID=24_4;partial=00;start_type=ATG;rbs_motif=AGGAG;rbs_spacer=5-10bp;gc_cont=0.290
NODE_24_length_9019_cov_11.601552:3213-4316|-   -            368 7434                 -            254   1.2e-05   20.0   0.1   2   3     0.037       3.7    2.0   0.7    46    99   106   157    95   179 0.67 NODE_24_length_9019_cov_11.601552_4 # 3213 # 4316 # -1 # ID=24_4;partial=00;start_type=ATG;rbs_motif=AGGAG;rbs_spacer=5-10bp;gc_cont=0.290
NODE_24_length_9019_cov_11.601552:3213-4316|-   -            368 7434                 -            254   1.2e-05   20.0   0.1   3   3      0.33        33   -1.1   0.6   200   234   219   253   188   266 0.68 NODE_24_length_9019_cov_11.601552_4 # 3213 # 4316 # -1 # ID=24_4;partial=00;start_type=ATG;rbs_motif=AGGAG;rbs_spacer=5-10bp;gc_cont=0.290
NODE_3_length_51449_cov_28.078621:5646-6497|+   -            284 7434                 -            254   4.9e-05   18.0   4.9   1   1   6.1e-06    0.0006   14.4   4.9    23   161    72   210    60   217 0.60 NODE_3_length_51449_cov_28.078621_7 # 5646 # 6497 # 1 # ID=3_7;partial=00;start_type=ATG;rbs_motif=GGA/GAG/AGG;rbs_spacer=5-10bp;gc_cont=0.298
#
# Program:         hmmsearch
# Version:         3.4 (Aug 2023)
# Pipeline mode:   SEARCH
# Query file:      /home/genomika25/studenci/dmyboi/sequence_adnotation_cw3/busco_downloads/lineages/mycoplasmatales_odb12/hmms/7434at2085.hmm
# Target file:     /home/genomika25/studenci/dmyboi/sequence_adnotation_cw3/busco_genome/prodigal_output/predicted_genes/predicted.faa
# Option settings: hmmsearch --domtblout /home/genomika25/studenci/dmyboi/sequence_adnotation_cw3/busco_genome/run_mycoplasmatales_odb12/hmmer_output/7434at2085.out --cpu 1 /home/genomika25/studenci/dmyboi/sequence_adnotation_cw3/busco_downloads/lineages/mycoplasmatales_odb12/hmms/7434at2085.hmm /home/genomika25/studenci/dmyboi/sequence_adnotation_cw3/busco_genome/prodigal_output/predicted_genes/predicted.faa 
# Current dir:     /home/genomika25/studenci/dmyboi/sequence_adnotation_cw3
# Date:            Tue Oct 28 11:31:03 2025
# [ok]
