#                                                                                                       --- full sequence --- -------------- this domain -------------   hmm coord   ali coord   env coord
# target name                                   accession   tlen query name           accession   qlen   E-value  score  bias   #  of  c-Evalue  i-Evalue  score  bias  from    to  from    to  from    to  acc description of target
#                           ------------------- ---------- ----- -------------------- ---------- ----- --------- ------ ----- --- --- --------- --------- ------ ----- ----- ----- ----- ----- ----- ----- ---- ---------------------
NODE_4_length_40423_cov_18.794992:13018-14583|- -            522 7579                 -            520  1.6e-219  725.3  32.1   1   1  1.6e-221  1.8e-219  725.1  32.1     2   519     4   518     3   519 0.98 NODE_4_length_40423_cov_18.794992_14 # 13018 # 14583 # -1 # ID=4_14;partial=00;start_type=ATG;rbs_motif=GGA/GAG/AGG;rbs_spacer=5-10bp;gc_cont=0.250
NODE_2_length_68051_cov_18.212929:55694-60541|+ -           1616 7579                 -            520   4.4e-33  110.1   7.6   1   8     0.046       5.3    0.9   0.9    52   111   162   220   134   241 0.82 NODE_2_length_68051_cov_18.212929_49 # 55694 # 60541 # 1 # ID=2_49;partial=00;start_type=ATG;rbs_motif=AGxAGG/AGGxGG;rbs_spacer=5-10bp;gc_cont=0.250
NODE_2_length_68051_cov_18.212929:55694-60541|+ -           1616 7579                 -            520   4.4e-33  110.1   7.6   2   8         6   6.8e+02   -8.9  10.5   371   465   322   416   265   449 0.60 NODE_2_length_68051_cov_18.212929_49 # 55694 # 60541 # 1 # ID=2_49;partial=00;start_type=ATG;rbs_motif=AGxAGG/AGGxGG;rbs_spacer=5-10bp;gc_cont=0.250
NODE_2_length_68051_cov_18.212929:55694-60541|+ -           1616 7579                 -            520   4.4e-33  110.1   7.6   3   8         6   6.8e+02  -16.3  21.9   392   491   428   523   350   555 0.46 NODE_2_length_68051_cov_18.212929_49 # 55694 # 60541 # 1 # ID=2_49;partial=00;start_type=ATG;rbs_motif=AGxAGG/AGGxGG;rbs_spacer=5-10bp;gc_cont=0.250
NODE_2_length_68051_cov_18.212929:55694-60541|+ -           1616 7579                 -            520   4.4e-33  110.1   7.6   4   8      0.41        47   -2.2   1.6   242   279   675   712   669   754 0.85 NODE_2_length_68051_cov_18.212929_49 # 55694 # 60541 # 1 # ID=2_49;partial=00;start_type=ATG;rbs_motif=AGxAGG/AGGxGG;rbs_spacer=5-10bp;gc_cont=0.250
NODE_2_length_68051_cov_18.212929:55694-60541|+ -           1616 7579                 -            520   4.4e-33  110.1   7.6   5   8   3.6e-19   4.1e-17   57.4   0.4    11   125   815   947   805   988 0.75 NODE_2_length_68051_cov_18.212929_49 # 55694 # 60541 # 1 # ID=2_49;partial=00;start_type=ATG;rbs_motif=AGxAGG/AGGxGG;rbs_spacer=5-10bp;gc_cont=0.250
NODE_2_length_68051_cov_18.212929:55694-60541|+ -           1616 7579                 -            520   4.4e-33  110.1   7.6   6   8    0.0052       0.6    4.1   0.4   149   222  1115  1186  1097  1199 0.76 NODE_2_length_68051_cov_18.212929_49 # 55694 # 60541 # 1 # ID=2_49;partial=00;start_type=ATG;rbs_motif=AGxAGG/AGGxGG;rbs_spacer=5-10bp;gc_cont=0.250
NODE_2_length_68051_cov_18.212929:55694-60541|+ -           1616 7579                 -            520   4.4e-33  110.1   7.6   7   8   9.4e-22   1.1e-19   65.9   1.7   287   497  1267  1461  1216  1485 0.80 NODE_2_length_68051_cov_18.212929_49 # 55694 # 60541 # 1 # ID=2_49;partial=00;start_type=ATG;rbs_motif=AGxAGG/AGGxGG;rbs_spacer=5-10bp;gc_cont=0.250
NODE_2_length_68051_cov_18.212929:55694-60541|+ -           1616 7579                 -            520   4.4e-33  110.1   7.6   8   8       2.8   3.2e+02   -5.0   6.2   163   217  1548  1602  1517  1614 0.81 NODE_2_length_68051_cov_18.212929_49 # 55694 # 60541 # 1 # ID=2_49;partial=00;start_type=ATG;rbs_motif=AGxAGG/AGGxGG;rbs_spacer=5-10bp;gc_cont=0.250
NODE_7_length_31690_cov_28.497069:21513-24179|- -            889 7579                 -            520   2.1e-32  107.9   7.9   1   2   6.5e-14   7.4e-12   40.0   0.2    14   140    62   203    54   237 0.78 NODE_7_length_31690_cov_28.497069_35 # 21513 # 24179 # -1 # ID=7_35;partial=00;start_type=ATG;rbs_motif=GGA/GAG/AGG;rbs_spacer=5-10bp;gc_cont=0.297
NODE_7_length_31690_cov_28.497069:21513-24179|- -            889 7579                 -            520   2.1e-32  107.9   7.9   2   2   5.3e-23     6e-21   70.0   3.0   294   499   577   776   570   798 0.84 NODE_7_length_31690_cov_28.497069_35 # 21513 # 24179 # -1 # ID=7_35;partial=00;start_type=ATG;rbs_motif=GGA/GAG/AGG;rbs_spacer=5-10bp;gc_cont=0.297
NODE_7_length_31690_cov_28.497069:24201-26618|- -            806 7579                 -            520   7.5e-30   99.4   5.1   1   2   8.6e-19   9.9e-17   56.1   0.0     2   141    27   169    26   209 0.79 NODE_7_length_31690_cov_28.497069_36 # 24201 # 26618 # -1 # ID=7_36;partial=00;start_type=ATG;rbs_motif=None;rbs_spacer=None;gc_cont=0.292
NODE_7_length_31690_cov_28.497069:24201-26618|- -            806 7579                 -            520   7.5e-30   99.4   5.1   2   2   5.3e-14   6.1e-12   40.3   2.9   269   431   533   689   516   701 0.86 NODE_7_length_31690_cov_28.497069_36 # 24201 # 26618 # -1 # ID=7_36;partial=00;start_type=ATG;rbs_motif=None;rbs_spacer=None;gc_cont=0.292
NODE_26_length_7419_cov_61.815277:1838-3043|+   -            402 7579                 -            520   6.4e-11   37.0  17.9   1   2     5e-10   5.6e-08   27.2   0.6     4   101     2    98     1   150 0.85 NODE_26_length_7419_cov_61.815277_2 # 1838 # 3043 # 1 # ID=26_2;partial=00;start_type=ATG;rbs_motif=None;rbs_spacer=None;gc_cont=0.275
NODE_26_length_7419_cov_61.815277:1838-3043|+   -            402 7579                 -            520   6.4e-11   37.0  17.9   2   2   7.6e-06   0.00087   13.4  11.0   299   383   235   316   224   399 0.53 NODE_26_length_7419_cov_61.815277_2 # 1838 # 3043 # 1 # ID=26_2;partial=00;start_type=ATG;rbs_motif=None;rbs_spacer=None;gc_cont=0.275
NODE_26_length_7419_cov_61.815277:152-1777|-    -            542 7579                 -            520   1.1e-07   26.3   6.4   1   3     0.018         2    2.3   0.1    15    63   125   173   123   187 0.80 NODE_26_length_7419_cov_61.815277_1 # 152 # 1777 # -1 # ID=26_1;partial=00;start_type=ATG;rbs_motif=None;rbs_spacer=None;gc_cont=0.314
NODE_26_length_7419_cov_61.815277:152-1777|-    -            542 7579                 -            520   1.1e-07   26.3   6.4   2   3       0.1        12   -0.2   0.1   355   421   154   223   145   250 0.61 NODE_26_length_7419_cov_61.815277_1 # 152 # 1777 # -1 # ID=26_1;partial=00;start_type=ATG;rbs_motif=None;rbs_spacer=None;gc_cont=0.314
NODE_26_length_7419_cov_61.815277:152-1777|-    -            542 7579                 -            520   1.1e-07   26.3   6.4   3   3   1.5e-09   1.7e-07   25.7   1.3   303   451   370   518   359   535 0.81 NODE_26_length_7419_cov_61.815277_1 # 152 # 1777 # -1 # ID=26_1;partial=00;start_type=ATG;rbs_motif=None;rbs_spacer=None;gc_cont=0.314
#
# Program:         hmmsearch
# Version:         3.4 (Aug 2023)
# Pipeline mode:   SEARCH
# Query file:      /home/genomika25/studenci/dmyboi/sequence_adnotation_cw3/busco_downloads/lineages/mycoplasmatales_odb12/hmms/7579at2085.hmm
# Target file:     /home/genomika25/studenci/dmyboi/sequence_adnotation_cw3/busco_genome/prodigal_output/predicted_genes/predicted.faa
# Option settings: hmmsearch --domtblout /home/genomika25/studenci/dmyboi/sequence_adnotation_cw3/busco_genome/run_mycoplasmatales_odb12/hmmer_output/7579at2085.out --cpu 1 /home/genomika25/studenci/dmyboi/sequence_adnotation_cw3/busco_downloads/lineages/mycoplasmatales_odb12/hmms/7579at2085.hmm /home/genomika25/studenci/dmyboi/sequence_adnotation_cw3/busco_genome/prodigal_output/predicted_genes/predicted.faa 
# Current dir:     /home/genomika25/studenci/dmyboi/sequence_adnotation_cw3
# Date:            Tue Oct 28 11:31:04 2025
# [ok]
