#                                                                                                       --- full sequence --- -------------- this domain -------------   hmm coord   ali coord   env coord
# target name                                   accession   tlen query name           accession   qlen   E-value  score  bias   #  of  c-Evalue  i-Evalue  score  bias  from    to  from    to  from    to  acc description of target
#                           ------------------- ---------- ----- -------------------- ---------- ----- --------- ------ ----- --- --- --------- --------- ------ ----- ----- ----- ----- ----- ----- ----- ---- ---------------------
NODE_14_length_15897_cov_20.600380:146-1612|-   -            489 7633                 -            492  3.1e-239  790.0  12.8   1   1  2.1e-241  3.5e-239  789.8  12.8     1   490     1   487     1   488 0.99 NODE_14_length_15897_cov_20.600380_1 # 146 # 1612 # -1 # ID=14_1;partial=00;start_type=ATG;rbs_motif=None;rbs_spacer=None;gc_cont=0.279
NODE_8_length_30985_cov_8.604803:11906-13591|+  -            562 7633                 -            492   1.1e-33  112.0   3.0   1   2   1.1e-22   1.9e-20   68.4   1.8    54   295    12   258     5   340 0.78 NODE_8_length_30985_cov_8.604803_13 # 11906 # 13591 # 1 # ID=8_13;partial=00;start_type=ATG;rbs_motif=GGA/GAG/AGG;rbs_spacer=5-10bp;gc_cont=0.284
NODE_8_length_30985_cov_8.604803:11906-13591|+  -            562 7633                 -            492   1.1e-33  112.0   3.0   2   2   7.3e-15   1.2e-12   42.6   0.0   447   486   490   529   442   533 0.86 NODE_8_length_30985_cov_8.604803_13 # 11906 # 13591 # 1 # ID=8_13;partial=00;start_type=ATG;rbs_motif=GGA/GAG/AGG;rbs_spacer=5-10bp;gc_cont=0.284
NODE_1_length_73696_cov_32.301567:41664-43010|+ -            449 7633                 -            492   6.1e-27   89.8   6.3   1   1     1e-28   1.8e-26   88.3   6.3    45   487     7   442     1   446 0.81 NODE_1_length_73696_cov_32.301567_35 # 41664 # 43010 # 1 # ID=1_35;partial=00;start_type=ATG;rbs_motif=AGGA;rbs_spacer=5-10bp;gc_cont=0.316
NODE_4_length_40423_cov_18.794992:31903-32844|- -            314 7633                 -            492    0.0022   12.1   3.1   1   3      0.12        21   -1.0   0.1    36    58    50    72    11   116 0.56 NODE_4_length_40423_cov_18.794992_34 # 31903 # 32844 # -1 # ID=4_34;partial=00;start_type=ATG;rbs_motif=AGGAG;rbs_spacer=5-10bp;gc_cont=0.288
NODE_4_length_40423_cov_18.794992:31903-32844|- -            314 7633                 -            492    0.0022   12.1   3.1   2   3   3.6e-05    0.0061   10.7   0.0   243   290   176   224   173   248 0.75 NODE_4_length_40423_cov_18.794992_34 # 31903 # 32844 # -1 # ID=4_34;partial=00;start_type=ATG;rbs_motif=AGGAG;rbs_spacer=5-10bp;gc_cont=0.288
NODE_4_length_40423_cov_18.794992:31903-32844|- -            314 7633                 -            492    0.0022   12.1   3.1   3   3     0.039       6.6    0.6   0.1   461   480   281   300   273   302 0.87 NODE_4_length_40423_cov_18.794992_34 # 31903 # 32844 # -1 # ID=4_34;partial=00;start_type=ATG;rbs_motif=AGGAG;rbs_spacer=5-10bp;gc_cont=0.288
#
# Program:         hmmsearch
# Version:         3.4 (Aug 2023)
# Pipeline mode:   SEARCH
# Query file:      /home/genomika25/studenci/dmyboi/sequence_adnotation_cw3/busco_downloads/lineages/mycoplasmatales_odb12/hmms/7633at2085.hmm
# Target file:     /home/genomika25/studenci/dmyboi/sequence_adnotation_cw3/busco_genome/prodigal_output/predicted_genes/predicted.faa
# Option settings: hmmsearch --domtblout /home/genomika25/studenci/dmyboi/sequence_adnotation_cw3/busco_genome/run_mycoplasmatales_odb12/hmmer_output/7633at2085.out --cpu 1 /home/genomika25/studenci/dmyboi/sequence_adnotation_cw3/busco_downloads/lineages/mycoplasmatales_odb12/hmms/7633at2085.hmm /home/genomika25/studenci/dmyboi/sequence_adnotation_cw3/busco_genome/prodigal_output/predicted_genes/predicted.faa 
# Current dir:     /home/genomika25/studenci/dmyboi/sequence_adnotation_cw3
# Date:            Tue Oct 28 11:31:04 2025
# [ok]
