#                                                                                                       --- full sequence --- -------------- this domain -------------   hmm coord   ali coord   env coord
# target name                                   accession   tlen query name           accession   qlen   E-value  score  bias   #  of  c-Evalue  i-Evalue  score  bias  from    to  from    to  from    to  acc description of target
#                           ------------------- ---------- ----- -------------------- ---------- ----- --------- ------ ----- --- --- --------- --------- ------ ----- ----- ----- ----- ----- ----- ----- ---- ---------------------
NODE_9_length_27958_cov_8.304588:9399-10721|-   -            441 7755                 -            433  1.8e-201  664.7  18.8   1   1  2.4e-203  2.1e-201  664.5  18.8     2   432     4   436     3   437 0.99 NODE_9_length_27958_cov_8.304588_10 # 9399 # 10721 # -1 # ID=9_10;partial=00;start_type=ATG;rbs_motif=GGAG/GAGG;rbs_spacer=5-10bp;gc_cont=0.282
NODE_1_length_73696_cov_32.301567:51930-53276|+ -            449 7755                 -            433   3.7e-27   90.3   9.2   1   1   4.3e-29   3.7e-27   90.3   9.2   150   298   202   344   100   357 0.81 NODE_1_length_73696_cov_32.301567_43 # 51930 # 53276 # 1 # ID=1_43;partial=00;start_type=ATG;rbs_motif=None;rbs_spacer=None;gc_cont=0.272
NODE_1_length_73696_cov_32.301567:34097-34981|+ -            295 7755                 -            433   2.9e-26   87.3   0.6   1   2   3.4e-28   2.9e-26   87.3   0.6     4   159     7   169     4   179 0.86 NODE_1_length_73696_cov_32.301567_29 # 34097 # 34981 # 1 # ID=1_29;partial=00;start_type=ATG;rbs_motif=GGA/GAG/AGG;rbs_spacer=5-10bp;gc_cont=0.267
NODE_1_length_73696_cov_32.301567:34097-34981|+ -            295 7755                 -            433   2.9e-26   87.3   0.6   2   2      0.74        63   -2.7   0.3   114   114   244   244   212   285 0.56 NODE_1_length_73696_cov_32.301567_29 # 34097 # 34981 # 1 # ID=1_29;partial=00;start_type=ATG;rbs_motif=GGA/GAG/AGG;rbs_spacer=5-10bp;gc_cont=0.267
NODE_28_length_5889_cov_5.042694:2331-3158|-    -            276 7755                 -            433   4.6e-13   43.8   1.6   1   2   3.1e-06   0.00027   15.0   0.2   248   305    11    68     3    83 0.81 NODE_28_length_5889_cov_5.042694_2 # 2331 # 3158 # -1 # ID=28_2;partial=00;start_type=ATG;rbs_motif=None;rbs_spacer=None;gc_cont=0.262
NODE_28_length_5889_cov_5.042694:2331-3158|-    -            276 7755                 -            433   4.6e-13   43.8   1.6   2   2   2.4e-10   2.1e-08   28.5   0.1   156   243    97   181    81   249 0.77 NODE_28_length_5889_cov_5.042694_2 # 2331 # 3158 # -1 # ID=28_2;partial=00;start_type=ATG;rbs_motif=None;rbs_spacer=None;gc_cont=0.262
NODE_20_length_10828_cov_21.472666:3311-3862|+  -            184 7755                 -            433   2.5e-12   41.4   5.2   1   1   4.1e-14   3.5e-12   40.9   5.2   163   334    13   178     3   181 0.74 NODE_20_length_10828_cov_21.472666_5 # 3311 # 3862 # 1 # ID=20_5;partial=00;start_type=ATG;rbs_motif=AGGAG;rbs_spacer=5-10bp;gc_cont=0.252
NODE_14_length_15897_cov_20.600380:2962-4761|-  -            600 7755                 -            433   1.6e-11   38.7   3.7   1   1   2.9e-13   2.5e-11   38.1   3.7   166   350     3   187     1   199 0.78 NODE_14_length_15897_cov_20.600380_4 # 2962 # 4761 # -1 # ID=14_4;partial=00;start_type=ATG;rbs_motif=None;rbs_spacer=None;gc_cont=0.309
NODE_4_length_40423_cov_18.794992:2664-4757|-   -            698 7755                 -            433   0.00019   15.5   0.1   1   1   8.1e-06   0.00069   13.6   0.1   193   297    58   144     5   163 0.60 NODE_4_length_40423_cov_18.794992_3 # 2664 # 4757 # -1 # ID=4_3;partial=00;start_type=ATG;rbs_motif=GGA/GAG/AGG;rbs_spacer=5-10bp;gc_cont=0.345
NODE_24_length_9019_cov_11.601552:3213-4316|-   -            368 7755                 -            433   0.00044   14.2   6.0   1   3     6e-05    0.0051   10.7   0.1     5    21     6    22     2    27 0.79 NODE_24_length_9019_cov_11.601552_4 # 3213 # 4316 # -1 # ID=24_4;partial=00;start_type=ATG;rbs_motif=AGGAG;rbs_spacer=5-10bp;gc_cont=0.290
NODE_24_length_9019_cov_11.601552:3213-4316|-   -            368 7755                 -            433   0.00044   14.2   6.0   2   3    0.0028      0.24    5.2   0.1   267   342    24    99    20   144 0.77 NODE_24_length_9019_cov_11.601552_4 # 3213 # 4316 # -1 # ID=24_4;partial=00;start_type=ATG;rbs_motif=AGGAG;rbs_spacer=5-10bp;gc_cont=0.290
NODE_24_length_9019_cov_11.601552:3213-4316|-   -            368 7755                 -            433   0.00044   14.2   6.0   3   3     0.075       6.4    0.5   0.3   267   374   187   292   168   305 0.64 NODE_24_length_9019_cov_11.601552_4 # 3213 # 4316 # -1 # ID=24_4;partial=00;start_type=ATG;rbs_motif=AGGAG;rbs_spacer=5-10bp;gc_cont=0.290
#
# Program:         hmmsearch
# Version:         3.4 (Aug 2023)
# Pipeline mode:   SEARCH
# Query file:      /home/genomika25/studenci/dmyboi/sequence_adnotation_cw3/busco_downloads/lineages/mycoplasmatales_odb12/hmms/7755at2085.hmm
# Target file:     /home/genomika25/studenci/dmyboi/sequence_adnotation_cw3/busco_genome/prodigal_output/predicted_genes/predicted.faa
# Option settings: hmmsearch --domtblout /home/genomika25/studenci/dmyboi/sequence_adnotation_cw3/busco_genome/run_mycoplasmatales_odb12/hmmer_output/7755at2085.out --cpu 1 /home/genomika25/studenci/dmyboi/sequence_adnotation_cw3/busco_downloads/lineages/mycoplasmatales_odb12/hmms/7755at2085.hmm /home/genomika25/studenci/dmyboi/sequence_adnotation_cw3/busco_genome/prodigal_output/predicted_genes/predicted.faa 
# Current dir:     /home/genomika25/studenci/dmyboi/sequence_adnotation_cw3
# Date:            Tue Oct 28 11:31:04 2025
# [ok]
