#                                                                                                       --- full sequence --- -------------- this domain -------------   hmm coord   ali coord   env coord
# target name                                   accession   tlen query name           accession   qlen   E-value  score  bias   #  of  c-Evalue  i-Evalue  score  bias  from    to  from    to  from    to  acc description of target
#                           ------------------- ---------- ----- -------------------- ---------- ----- --------- ------ ----- --- --- --------- --------- ------ ----- ----- ----- ----- ----- ----- ----- ---- ---------------------
NODE_26_length_7419_cov_61.815277:1838-3043|+   -            402 7784                 -            390  5.7e-155  511.8  16.8   1   1  3.7e-157  6.4e-155  511.6  16.8     2   390     2   401     1   401 0.94 NODE_26_length_7419_cov_61.815277_2 # 1838 # 3043 # 1 # ID=26_2;partial=00;start_type=ATG;rbs_motif=None;rbs_spacer=None;gc_cont=0.275
NODE_4_length_40423_cov_18.794992:13018-14583|- -            522 7784                 -            390   5.3e-13   44.4  14.3   1   2   4.4e-10   7.6e-08   27.4   5.6     3   125     7   133     5   164 0.91 NODE_4_length_40423_cov_18.794992_14 # 13018 # 14583 # -1 # ID=4_14;partial=00;start_type=ATG;rbs_motif=GGA/GAG/AGG;rbs_spacer=5-10bp;gc_cont=0.250
NODE_4_length_40423_cov_18.794992:13018-14583|- -            522 7784                 -            390   5.3e-13   44.4  14.3   2   2   2.3e-08   3.9e-06   21.8   1.4   233   339   307   414   291   450 0.68 NODE_4_length_40423_cov_18.794992_14 # 13018 # 14583 # -1 # ID=4_14;partial=00;start_type=ATG;rbs_motif=GGA/GAG/AGG;rbs_spacer=5-10bp;gc_cont=0.250
NODE_7_length_31690_cov_28.497069:21513-24179|- -            889 7784                 -            390   2.3e-10   35.7   0.3   1   4      0.45        77   -2.2   0.6    14    43    66    95    59   147 0.81 NODE_7_length_31690_cov_28.497069_35 # 21513 # 24179 # -1 # ID=7_35;partial=00;start_type=ATG;rbs_motif=GGA/GAG/AGG;rbs_spacer=5-10bp;gc_cont=0.297
NODE_7_length_31690_cov_28.497069:21513-24179|- -            889 7784                 -            390   2.3e-10   35.7   0.3   2   4      0.21        37   -1.2   0.5   276   343   106   176    97   184 0.66 NODE_7_length_31690_cov_28.497069_35 # 21513 # 24179 # -1 # ID=7_35;partial=00;start_type=ATG;rbs_motif=GGA/GAG/AGG;rbs_spacer=5-10bp;gc_cont=0.297
NODE_7_length_31690_cov_28.497069:21513-24179|- -            889 7784                 -            390   2.3e-10   35.7   0.3   3   4   1.3e-12   2.3e-10   35.7   0.3   223   297   576   651   553   719 0.81 NODE_7_length_31690_cov_28.497069_35 # 21513 # 24179 # -1 # ID=7_35;partial=00;start_type=ATG;rbs_motif=GGA/GAG/AGG;rbs_spacer=5-10bp;gc_cont=0.297
NODE_7_length_31690_cov_28.497069:21513-24179|- -            889 7784                 -            390   2.3e-10   35.7   0.3   4   4       1.3   2.2e+02   -3.7   0.3   297   368   795   866   782   873 0.56 NODE_7_length_31690_cov_28.497069_35 # 21513 # 24179 # -1 # ID=7_35;partial=00;start_type=ATG;rbs_motif=GGA/GAG/AGG;rbs_spacer=5-10bp;gc_cont=0.297
NODE_7_length_31690_cov_28.497069:24201-26618|- -            806 7784                 -            390   1.1e-08   30.2   1.3   1   1   2.2e-10   3.7e-08   28.4   1.3   227   347   568   692   556   708 0.74 NODE_7_length_31690_cov_28.497069_36 # 24201 # 26618 # -1 # ID=7_36;partial=00;start_type=ATG;rbs_motif=None;rbs_spacer=None;gc_cont=0.292
#
# Program:         hmmsearch
# Version:         3.4 (Aug 2023)
# Pipeline mode:   SEARCH
# Query file:      /home/genomika25/studenci/dmyboi/sequence_adnotation_cw3/busco_downloads/lineages/mycoplasmatales_odb12/hmms/7784at2085.hmm
# Target file:     /home/genomika25/studenci/dmyboi/sequence_adnotation_cw3/busco_genome/prodigal_output/predicted_genes/predicted.faa
# Option settings: hmmsearch --domtblout /home/genomika25/studenci/dmyboi/sequence_adnotation_cw3/busco_genome/run_mycoplasmatales_odb12/hmmer_output/7784at2085.out --cpu 1 /home/genomika25/studenci/dmyboi/sequence_adnotation_cw3/busco_downloads/lineages/mycoplasmatales_odb12/hmms/7784at2085.hmm /home/genomika25/studenci/dmyboi/sequence_adnotation_cw3/busco_genome/prodigal_output/predicted_genes/predicted.faa 
# Current dir:     /home/genomika25/studenci/dmyboi/sequence_adnotation_cw3
# Date:            Tue Oct 28 11:31:04 2025
# [ok]
