#                                                                                                        --- full sequence --- -------------- this domain -------------   hmm coord   ali coord   env coord
# target name                                    accession   tlen query name           accession   qlen   E-value  score  bias   #  of  c-Evalue  i-Evalue  score  bias  from    to  from    to  from    to  acc description of target
#                            ------------------- ---------- ----- -------------------- ---------- ----- --------- ------ ----- --- --- --------- --------- ------ ----- ----- ----- ----- ----- ----- ----- ---- ---------------------
NODE_1_length_73696_cov_32.301567:1277-2710|-    -            478 7831                 -            475  6.1e-222  732.8   3.7   1   1    3e-224  6.8e-222  732.6   3.7     1   475     1   477     1   477 0.98 NODE_1_length_73696_cov_32.301567_3 # 1277 # 2710 # -1 # ID=1_3;partial=00;start_type=ATG;rbs_motif=None;rbs_spacer=None;gc_cont=0.310
NODE_11_length_19569_cov_10.168861:16578-17954|- -            459 7831                 -            475   1.1e-13   46.1   4.2   1   3       0.2        46   -2.1   0.0    30    89    29    88    22   108 0.72 NODE_11_length_19569_cov_10.168861_12 # 16578 # 17954 # -1 # ID=11_12;partial=00;start_type=ATG;rbs_motif=GGAG/GAGG;rbs_spacer=5-10bp;gc_cont=0.285
NODE_11_length_19569_cov_10.168861:16578-17954|- -            459 7831                 -            475   1.1e-13   46.1   4.2   2   3   6.6e-05     0.015    9.4   0.1    95   174   153   234   133   258 0.71 NODE_11_length_19569_cov_10.168861_12 # 16578 # 17954 # -1 # ID=11_12;partial=00;start_type=ATG;rbs_motif=GGAG/GAGG;rbs_spacer=5-10bp;gc_cont=0.285
NODE_11_length_19569_cov_10.168861:16578-17954|- -            459 7831                 -            475   1.1e-13   46.1   4.2   3   3   1.9e-13   4.4e-11   37.5   0.1   281   380   358   454   347   457 0.89 NODE_11_length_19569_cov_10.168861_12 # 16578 # 17954 # -1 # ID=11_12;partial=00;start_type=ATG;rbs_motif=GGAG/GAGG;rbs_spacer=5-10bp;gc_cont=0.285
NODE_5_length_37041_cov_13.966598:30461-32200|-  -            580 7831                 -            475   1.3e-10   35.9   1.9   1   3    0.0003     0.068    7.2   0.0    38   145   203   305   186   309 0.76 NODE_5_length_37041_cov_13.966598_30 # 30461 # 32200 # -1 # ID=5_30;partial=00;start_type=ATG;rbs_motif=AGGA;rbs_spacer=5-10bp;gc_cont=0.283
NODE_5_length_37041_cov_13.966598:30461-32200|-  -            580 7831                 -            475   1.3e-10   35.9   1.9   2   3     0.026       5.8    0.8   0.0   104   157   323   377   307   399 0.83 NODE_5_length_37041_cov_13.966598_30 # 30461 # 32200 # -1 # ID=5_30;partial=00;start_type=ATG;rbs_motif=AGGA;rbs_spacer=5-10bp;gc_cont=0.283
NODE_5_length_37041_cov_13.966598:30461-32200|-  -            580 7831                 -            475   1.3e-10   35.9   1.9   3   3   8.8e-10     2e-07   25.4   0.2   264   382   463   574   423   579 0.74 NODE_5_length_37041_cov_13.966598_30 # 30461 # 32200 # -1 # ID=5_30;partial=00;start_type=ATG;rbs_motif=AGGA;rbs_spacer=5-10bp;gc_cont=0.283
#
# Program:         hmmsearch
# Version:         3.4 (Aug 2023)
# Pipeline mode:   SEARCH
# Query file:      /home/genomika25/studenci/dmyboi/sequence_adnotation_cw3/busco_downloads/lineages/mycoplasmatales_odb12/hmms/7831at2085.hmm
# Target file:     /home/genomika25/studenci/dmyboi/sequence_adnotation_cw3/busco_genome/prodigal_output/predicted_genes/predicted.faa
# Option settings: hmmsearch --domtblout /home/genomika25/studenci/dmyboi/sequence_adnotation_cw3/busco_genome/run_mycoplasmatales_odb12/hmmer_output/7831at2085.out --cpu 1 /home/genomika25/studenci/dmyboi/sequence_adnotation_cw3/busco_downloads/lineages/mycoplasmatales_odb12/hmms/7831at2085.hmm /home/genomika25/studenci/dmyboi/sequence_adnotation_cw3/busco_genome/prodigal_output/predicted_genes/predicted.faa 
# Current dir:     /home/genomika25/studenci/dmyboi/sequence_adnotation_cw3
# Date:            Tue Oct 28 11:31:05 2025
# [ok]
