#                                                                                                        --- full sequence --- -------------- this domain -------------   hmm coord   ali coord   env coord
# target name                                    accession   tlen query name           accession   qlen   E-value  score  bias   #  of  c-Evalue  i-Evalue  score  bias  from    to  from    to  from    to  acc description of target
#                            ------------------- ---------- ----- -------------------- ---------- ----- --------- ------ ----- --- --- --------- --------- ------ ----- ----- ----- ----- ----- ----- ----- ---- ---------------------
NODE_16_length_15078_cov_9.801084:8520-9491|+    -            324 7853                 -            496     8e-30   99.1   4.3   1   1   3.1e-31   1.3e-29   98.4   4.3     2   216    88   304    87   317 0.86 NODE_16_length_15078_cov_9.801084_2 # 8520 # 9491 # 1 # ID=16_2;partial=00;start_type=ATG;rbs_motif=GGA/GAG/AGG;rbs_spacer=5-10bp;gc_cont=0.277
NODE_8_length_30985_cov_8.604803:21069-21866|+   -            266 7853                 -            496   2.3e-28   94.3   8.3   1   1   6.5e-30   2.8e-28   94.0   8.3     4   222     2   219     1   236 0.87 NODE_8_length_30985_cov_8.604803_23 # 21069 # 21866 # 1 # ID=8_23;partial=00;start_type=ATG;rbs_motif=None;rbs_spacer=None;gc_cont=0.273
NODE_3_length_51449_cov_28.078621:20620-21324|+  -            235 7853                 -            496   1.2e-26   88.7   6.5   1   1   6.2e-28   2.7e-26   87.5   6.5     3   218     5   214     3   228 0.88 NODE_3_length_51449_cov_28.078621_16 # 20620 # 21324 # 1 # ID=3_16;partial=00;start_type=ATG;rbs_motif=AGGA;rbs_spacer=5-10bp;gc_cont=0.268
NODE_8_length_30985_cov_8.604803:21857-22894|+   -            346 7853                 -            496   6.9e-26   86.1   0.9   1   2   5.5e-11   2.4e-09   31.6   0.2   266   377    21   131    13   136 0.82 NODE_8_length_30985_cov_8.604803_24 # 21857 # 22894 # 1 # ID=8_24;partial=00;start_type=ATG;rbs_motif=4Base/6BMM;rbs_spacer=13-15bp;gc_cont=0.278
NODE_8_length_30985_cov_8.604803:21857-22894|+   -            346 7853                 -            496   6.9e-26   86.1   0.9   2   2   9.3e-18     4e-16   53.9   0.2    69   262   132   326   120   342 0.78 NODE_8_length_30985_cov_8.604803_24 # 21857 # 22894 # 1 # ID=8_24;partial=00;start_type=ATG;rbs_motif=4Base/6BMM;rbs_spacer=13-15bp;gc_cont=0.278
NODE_1_length_73696_cov_32.301567:36676-38085|+  -            470 7853                 -            496   3.7e-23   77.1   5.6   1   2   3.5e-11   1.5e-09   32.3   0.2     4   148    16   158    13   163 0.83 NODE_1_length_73696_cov_32.301567_31 # 36676 # 38085 # 1 # ID=1_31;partial=00;start_type=ATG;rbs_motif=AGGAG;rbs_spacer=3-4bp;gc_cont=0.285
NODE_1_length_73696_cov_32.301567:36676-38085|+  -            470 7853                 -            496   3.7e-23   77.1   5.6   2   2   2.9e-15   1.2e-13   45.7   1.2   352   490   189   329   163   335 0.59 NODE_1_length_73696_cov_32.301567_31 # 36676 # 38085 # 1 # ID=1_31;partial=00;start_type=ATG;rbs_motif=AGGAG;rbs_spacer=3-4bp;gc_cont=0.285
NODE_1_length_73696_cov_32.301567:27123-27968|-  -            282 7853                 -            496   4.2e-23   77.0  12.9   1   1   1.5e-24   6.5e-23   76.3  12.9     4   221    46   261    43   272 0.88 NODE_1_length_73696_cov_32.301567_22 # 27123 # 27968 # -1 # ID=1_22;partial=00;start_type=GTG;rbs_motif=AGGAG;rbs_spacer=5-10bp;gc_cont=0.257
NODE_12_length_18973_cov_26.749390:13504-14247|+ -            248 7853                 -            496   5.8e-22   73.2  10.5   1   1   1.6e-23   6.8e-22   73.0  10.5     3   227     3   237     1   245 0.83 NODE_12_length_18973_cov_26.749390_10 # 13504 # 14247 # 1 # ID=12_10;partial=00;start_type=ATG;rbs_motif=None;rbs_spacer=None;gc_cont=0.239
NODE_15_length_15603_cov_14.444365:13552-15165|+ -            538 7853                 -            496   7.3e-22   72.9  12.9   1   4   1.5e-10   6.6e-09   30.1   2.0     7   139     5   125     1   132 0.86 NODE_15_length_15603_cov_14.444365_10 # 13552 # 15165 # 1 # ID=15_10;partial=00;start_type=ATG;rbs_motif=AGGAG;rbs_spacer=5-10bp;gc_cont=0.289
NODE_15_length_15603_cov_14.444365:13552-15165|+ -            538 7853                 -            496   7.3e-22   72.9  12.9   2   4   2.3e-06   9.8e-05   16.4   0.1   134   198   150   211   130   225 0.80 NODE_15_length_15603_cov_14.444365_10 # 13552 # 15165 # 1 # ID=15_10;partial=00;start_type=ATG;rbs_motif=AGGAG;rbs_spacer=5-10bp;gc_cont=0.289
NODE_15_length_15603_cov_14.444365:13552-15165|+ -            538 7853                 -            496   7.3e-22   72.9  12.9   3   4   4.7e-05     0.002   12.0   0.0   245   309   310   377   301   386 0.83 NODE_15_length_15603_cov_14.444365_10 # 13552 # 15165 # 1 # ID=15_10;partial=00;start_type=ATG;rbs_motif=AGGAG;rbs_spacer=5-10bp;gc_cont=0.289
NODE_15_length_15603_cov_14.444365:13552-15165|+ -            538 7853                 -            496   7.3e-22   72.9  12.9   4   4   8.3e-07   3.5e-05   17.8   0.0   137   206   444   510   417   519 0.79 NODE_15_length_15603_cov_14.444365_10 # 13552 # 15165 # 1 # ID=15_10;partial=00;start_type=ATG;rbs_motif=AGGAG;rbs_spacer=5-10bp;gc_cont=0.289
NODE_17_length_13341_cov_35.051536:3016-4956|-   -            647 7853                 -            496   2.6e-20   67.7   8.1   1   3   9.1e-14   3.9e-12   40.8   0.0     3   129    30   158    28   172 0.81 NODE_17_length_13341_cov_35.051536_5 # 3016 # 4956 # -1 # ID=17_5;partial=00;start_type=ATG;rbs_motif=AGGA;rbs_spacer=5-10bp;gc_cont=0.288
NODE_17_length_13341_cov_35.051536:3016-4956|-   -            647 7853                 -            496   2.6e-20   67.7   8.1   2   3       1.2        51   -2.5   0.1   350   415   194   257   167   270 0.50 NODE_17_length_13341_cov_35.051536_5 # 3016 # 4956 # -1 # ID=17_5;partial=00;start_type=ATG;rbs_motif=AGGA;rbs_spacer=5-10bp;gc_cont=0.288
NODE_17_length_13341_cov_35.051536:3016-4956|-   -            647 7853                 -            496   2.6e-20   67.7   8.1   3   3   2.3e-10     1e-08   29.5   2.6   383   482   415   515   329   527 0.77 NODE_17_length_13341_cov_35.051536_5 # 3016 # 4956 # -1 # ID=17_5;partial=00;start_type=ATG;rbs_motif=AGGA;rbs_spacer=5-10bp;gc_cont=0.288
NODE_6_length_32321_cov_28.623066:5523-7400|+    -            626 7853                 -            496   5.8e-20   66.6   8.5   1   1   2.2e-21   9.3e-20   65.9   8.5     4   225   382   604   379   610 0.81 NODE_6_length_32321_cov_28.623066_7 # 5523 # 7400 # 1 # ID=6_7;partial=00;start_type=ATG;rbs_motif=AGxAGG/AGGxGG;rbs_spacer=5-10bp;gc_cont=0.275
NODE_13_length_17613_cov_8.412730:4499-6322|-    -            608 7853                 -            496   1.6e-19   65.1   9.8   1   1   7.9e-21   3.4e-19   64.1   9.8    21   225   386   589   381   595 0.82 NODE_13_length_17613_cov_8.412730_5 # 4499 # 6322 # -1 # ID=13_5;partial=00;start_type=ATG;rbs_motif=AGGAG;rbs_spacer=5-10bp;gc_cont=0.263
NODE_21_length_10748_cov_24.708596:6884-8050|+   -            389 7853                 -            496   2.7e-19   64.4   4.4   1   1   7.8e-21   3.3e-19   64.1   4.4   223   483    16   286     1   291 0.74 NODE_21_length_10748_cov_24.708596_6 # 6884 # 8050 # 1 # ID=21_6;partial=00;start_type=ATG;rbs_motif=GGA/GAG/AGG;rbs_spacer=5-10bp;gc_cont=0.303
NODE_13_length_17613_cov_8.412730:6337-8121|-    -            595 7853                 -            496   1.6e-18   61.8   4.9   1   2       1.5        65   -2.8   0.2   230   259   215   244   167   259 0.61 NODE_13_length_17613_cov_8.412730_6 # 6337 # 8121 # -1 # ID=13_6;partial=00;start_type=ATG;rbs_motif=AGGAG;rbs_spacer=5-10bp;gc_cont=0.257
NODE_13_length_17613_cov_8.412730:6337-8121|-    -            595 7853                 -            496   1.6e-18   61.8   4.9   2   2   3.8e-20   1.6e-18   61.8   4.9    20   224   374   575   328   581 0.89 NODE_13_length_17613_cov_8.412730_6 # 6337 # 8121 # -1 # ID=13_6;partial=00;start_type=ATG;rbs_motif=AGGAG;rbs_spacer=5-10bp;gc_cont=0.257
NODE_6_length_32321_cov_28.623066:3707-5530|+    -            608 7853                 -            496   1.1e-16   55.8   6.7   1   2       1.7        73   -3.0   0.3     5    31   244   270   217   274 0.80 NODE_6_length_32321_cov_28.623066_6 # 3707 # 5530 # 1 # ID=6_6;partial=00;start_type=ATG;rbs_motif=GGAG/GAGG;rbs_spacer=5-10bp;gc_cont=0.288
NODE_6_length_32321_cov_28.623066:3707-5530|+    -            608 7853                 -            496   1.1e-16   55.8   6.7   2   2   2.5e-18   1.1e-16   55.8   6.7     5   482   363   586   315   598 0.60 NODE_6_length_32321_cov_28.623066_6 # 3707 # 5530 # 1 # ID=6_6;partial=00;start_type=ATG;rbs_motif=GGAG/GAGG;rbs_spacer=5-10bp;gc_cont=0.288
NODE_18_length_12121_cov_14.008754:4947-7775|-   -            943 7853                 -            496   1.3e-16   55.6  12.1   1   3     0.036       1.5    2.5   0.1   266   294    13    41     6    49 0.60 NODE_18_length_12121_cov_14.008754_6 # 4947 # 7775 # -1 # ID=18_6;partial=00;start_type=ATG;rbs_motif=3Base/5BMM;rbs_spacer=13-15bp;gc_cont=0.305
NODE_18_length_12121_cov_14.008754:4947-7775|-   -            943 7853                 -            496   1.3e-16   55.6  12.1   2   3   8.1e-09   3.5e-07   24.4   3.8   106   296   457   654   440   690 0.71 NODE_18_length_12121_cov_14.008754_6 # 4947 # 7775 # -1 # ID=18_6;partial=00;start_type=ATG;rbs_motif=3Base/5BMM;rbs_spacer=13-15bp;gc_cont=0.305
NODE_18_length_12121_cov_14.008754:4947-7775|-   -            943 7853                 -            496   1.3e-16   55.6  12.1   3   3   2.7e-11   1.2e-09   32.6   0.2   103   203   795   898   786   906 0.91 NODE_18_length_12121_cov_14.008754_6 # 4947 # 7775 # -1 # ID=18_6;partial=00;start_type=ATG;rbs_motif=3Base/5BMM;rbs_spacer=13-15bp;gc_cont=0.305
NODE_21_length_10748_cov_24.708596:8043-10571|+  -            843 7853                 -            496   3.5e-16   54.1   3.8   1   5   5.4e-10   2.3e-08   28.3   0.4     6    69    15    82    10   160 0.77 NODE_21_length_10748_cov_24.708596_7 # 8043 # 10571 # 1 # ID=21_7;partial=00;start_type=ATG;rbs_motif=AGxAGG/AGGxGG;rbs_spacer=5-10bp;gc_cont=0.253
NODE_21_length_10748_cov_24.708596:8043-10571|+  -            843 7853                 -            496   3.5e-16   54.1   3.8   2   5       1.5        66   -2.9   0.2   303   340   274   311   263   316 0.75 NODE_21_length_10748_cov_24.708596_7 # 8043 # 10571 # 1 # ID=21_7;partial=00;start_type=ATG;rbs_motif=AGxAGG/AGGxGG;rbs_spacer=5-10bp;gc_cont=0.253
NODE_21_length_10748_cov_24.708596:8043-10571|+  -            843 7853                 -            496   3.5e-16   54.1   3.8   3   5       1.5        65   -2.8   0.7   115   160   384   429   364   475 0.70 NODE_21_length_10748_cov_24.708596_7 # 8043 # 10571 # 1 # ID=21_7;partial=00;start_type=ATG;rbs_motif=AGxAGG/AGGxGG;rbs_spacer=5-10bp;gc_cont=0.253
NODE_21_length_10748_cov_24.708596:8043-10571|+  -            843 7853                 -            496   3.5e-16   54.1   3.8   4   5         3   1.3e+02   -3.8   1.1   358   381   509   532   483   567 0.57 NODE_21_length_10748_cov_24.708596_7 # 8043 # 10571 # 1 # ID=21_7;partial=00;start_type=ATG;rbs_motif=AGxAGG/AGGxGG;rbs_spacer=5-10bp;gc_cont=0.253
NODE_21_length_10748_cov_24.708596:8043-10571|+  -            843 7853                 -            496   3.5e-16   54.1   3.8   5   5   2.9e-12   1.3e-10   35.8   0.2   140   265   676   804   653   816 0.86 NODE_21_length_10748_cov_24.708596_7 # 8043 # 10571 # 1 # ID=21_7;partial=00;start_type=ATG;rbs_motif=AGxAGG/AGGxGG;rbs_spacer=5-10bp;gc_cont=0.253
#
# Program:         hmmsearch
# Version:         3.4 (Aug 2023)
# Pipeline mode:   SEARCH
# Query file:      /home/genomika25/studenci/dmyboi/sequence_adnotation_cw3/busco_downloads/lineages/mycoplasmatales_odb12/hmms/7853at2085.hmm
# Target file:     /home/genomika25/studenci/dmyboi/sequence_adnotation_cw3/busco_genome/prodigal_output/predicted_genes/predicted.faa
# Option settings: hmmsearch --domtblout /home/genomika25/studenci/dmyboi/sequence_adnotation_cw3/busco_genome/run_mycoplasmatales_odb12/hmmer_output/7853at2085.out --cpu 1 /home/genomika25/studenci/dmyboi/sequence_adnotation_cw3/busco_downloads/lineages/mycoplasmatales_odb12/hmms/7853at2085.hmm /home/genomika25/studenci/dmyboi/sequence_adnotation_cw3/busco_genome/prodigal_output/predicted_genes/predicted.faa 
# Current dir:     /home/genomika25/studenci/dmyboi/sequence_adnotation_cw3
# Date:            Tue Oct 28 11:31:05 2025
# [ok]
