#                                                                                                        --- full sequence --- -------------- this domain -------------   hmm coord   ali coord   env coord
# target name                                    accession   tlen query name           accession   qlen   E-value  score  bias   #  of  c-Evalue  i-Evalue  score  bias  from    to  from    to  from    to  acc description of target
#                            ------------------- ---------- ----- -------------------- ---------- ----- --------- ------ ----- --- --- --------- --------- ------ ----- ----- ----- ----- ----- ----- ----- ---- ---------------------
NODE_16_length_15078_cov_9.801084:8520-9491|+    -            324 7933                 -            269    1e-115  380.8   8.2   1   2      0.58        24   -0.8   0.9    17    48    16    45     2    67 0.37 NODE_16_length_15078_cov_9.801084_2 # 8520 # 9491 # 1 # ID=16_2;partial=00;start_type=ATG;rbs_motif=GGA/GAG/AGG;rbs_spacer=5-10bp;gc_cont=0.277
NODE_16_length_15078_cov_9.801084:8520-9491|+    -            324 7933                 -            269    1e-115  380.8   8.2   2   2  2.5e-117    1e-115  380.8   8.2    12   267    58   318    46   320 0.92 NODE_16_length_15078_cov_9.801084_2 # 8520 # 9491 # 1 # ID=16_2;partial=00;start_type=ATG;rbs_motif=GGA/GAG/AGG;rbs_spacer=5-10bp;gc_cont=0.277
NODE_1_length_73696_cov_32.301567:36676-38085|+  -            470 7933                 -            269   5.2e-48  158.7   7.5   1   2   4.6e-27   1.8e-25   84.8   0.2    31   165     7   131     1   146 0.84 NODE_1_length_73696_cov_32.301567_31 # 36676 # 38085 # 1 # ID=1_31;partial=00;start_type=ATG;rbs_motif=AGGAG;rbs_spacer=3-4bp;gc_cont=0.285
NODE_1_length_73696_cov_32.301567:36676-38085|+  -            470 7933                 -            269   5.2e-48  158.7   7.5   2   2   2.3e-24   9.2e-23   76.0   2.5   143   258   201   317   148   325 0.88 NODE_1_length_73696_cov_32.301567_31 # 36676 # 38085 # 1 # ID=1_31;partial=00;start_type=ATG;rbs_motif=AGGAG;rbs_spacer=3-4bp;gc_cont=0.285
NODE_17_length_13341_cov_35.051536:3016-4956|-   -            647 7933                 -            269   1.9e-40  133.9  17.2   1   3   1.1e-20   4.5e-19   63.8   0.0    24   156    15   137     1   159 0.76 NODE_17_length_13341_cov_35.051536_5 # 3016 # 4956 # -1 # ID=17_5;partial=00;start_type=ATG;rbs_motif=AGGA;rbs_spacer=5-10bp;gc_cont=0.288
NODE_17_length_13341_cov_35.051536:3016-4956|-   -            647 7933                 -            269   1.9e-40  133.9  17.2   2   3      0.94        38   -1.5   0.1     5    63   209   266   203   276 0.74 NODE_17_length_13341_cov_35.051536_5 # 3016 # 4956 # -1 # ID=17_5;partial=00;start_type=ATG;rbs_motif=AGGA;rbs_spacer=5-10bp;gc_cont=0.288
NODE_17_length_13341_cov_35.051536:3016-4956|-   -            647 7933                 -            269   1.9e-40  133.9  17.2   3   3   2.8e-22   1.1e-20   69.1  12.5   155   257   407   510   245   516 0.92 NODE_17_length_13341_cov_35.051536_5 # 3016 # 4956 # -1 # ID=17_5;partial=00;start_type=ATG;rbs_motif=AGGA;rbs_spacer=5-10bp;gc_cont=0.288
NODE_8_length_30985_cov_8.604803:21069-21866|+   -            266 7933                 -            269   8.1e-40  131.9   3.6   1   2   3.3e-41   1.3e-39  131.2   3.3    40   255     2   215     1   228 0.90 NODE_8_length_30985_cov_8.604803_23 # 21069 # 21866 # 1 # ID=8_23;partial=00;start_type=ATG;rbs_motif=None;rbs_spacer=None;gc_cont=0.273
NODE_8_length_30985_cov_8.604803:21069-21866|+   -            266 7933                 -            269   8.1e-40  131.9   3.6   2   2      0.15       6.1    1.1   0.0    97   138   211   252   209   257 0.89 NODE_8_length_30985_cov_8.604803_23 # 21069 # 21866 # 1 # ID=8_23;partial=00;start_type=ATG;rbs_motif=None;rbs_spacer=None;gc_cont=0.273
NODE_12_length_18973_cov_26.749390:13504-14247|+ -            248 7933                 -            269   7.8e-39  128.7   6.5   1   1   3.5e-40   1.4e-38  127.8   6.5    39   268     3   241     1   242 0.87 NODE_12_length_18973_cov_26.749390_10 # 13504 # 14247 # 1 # ID=12_10;partial=00;start_type=ATG;rbs_motif=None;rbs_spacer=None;gc_cont=0.239
NODE_21_length_10748_cov_24.708596:6884-8050|+   -            389 7933                 -            269   5.2e-34  112.8   5.5   1   1   2.6e-35     1e-33  111.8   5.5    10   262    14   285     3   291 0.79 NODE_21_length_10748_cov_24.708596_6 # 6884 # 8050 # 1 # ID=21_6;partial=00;start_type=ATG;rbs_motif=GGA/GAG/AGG;rbs_spacer=5-10bp;gc_cont=0.303
NODE_21_length_10748_cov_24.708596:8043-10571|+  -            843 7933                 -            269   1.2e-32  108.4   9.0   1   5   1.6e-16   6.4e-15   50.2   4.3    30   176     3   151     1   154 0.83 NODE_21_length_10748_cov_24.708596_7 # 8043 # 10571 # 1 # ID=21_7;partial=00;start_type=ATG;rbs_motif=AGxAGG/AGGxGG;rbs_spacer=5-10bp;gc_cont=0.253
NODE_21_length_10748_cov_24.708596:8043-10571|+  -            843 7933                 -            269   1.2e-32  108.4   9.0   2   5       6.3   2.6e+02   -4.2   0.2    31    51   262   282   248   293 0.67 NODE_21_length_10748_cov_24.708596_7 # 8043 # 10571 # 1 # ID=21_7;partial=00;start_type=ATG;rbs_motif=AGxAGG/AGGxGG;rbs_spacer=5-10bp;gc_cont=0.253
NODE_21_length_10748_cov_24.708596:8043-10571|+  -            843 7933                 -            269   1.2e-32  108.4   9.0   3   5      0.33        13   -0.0   0.7    10    78   397   465   388   483 0.84 NODE_21_length_10748_cov_24.708596_7 # 8043 # 10571 # 1 # ID=21_7;partial=00;start_type=ATG;rbs_motif=AGxAGG/AGGxGG;rbs_spacer=5-10bp;gc_cont=0.253
NODE_21_length_10748_cov_24.708596:8043-10571|+  -            843 7933                 -            269   1.2e-32  108.4   9.0   4   5       4.1   1.6e+02   -3.6   4.1     7    52   522   570   493   599 0.54 NODE_21_length_10748_cov_24.708596_7 # 8043 # 10571 # 1 # ID=21_7;partial=00;start_type=ATG;rbs_motif=AGxAGG/AGGxGG;rbs_spacer=5-10bp;gc_cont=0.253
NODE_21_length_10748_cov_24.708596:8043-10571|+  -            843 7933                 -            269   1.2e-32  108.4   9.0   5   5   2.1e-22   8.4e-21   69.5   0.1   157   259   655   759   647   767 0.89 NODE_21_length_10748_cov_24.708596_7 # 8043 # 10571 # 1 # ID=21_7;partial=00;start_type=ATG;rbs_motif=AGxAGG/AGGxGG;rbs_spacer=5-10bp;gc_cont=0.253
NODE_8_length_30985_cov_8.604803:21857-22894|+   -            346 7933                 -            269   7.1e-32  105.8   1.8   1   2   1.5e-13   5.9e-12   40.5   0.2    40   104     3    68     1    89 0.91 NODE_8_length_30985_cov_8.604803_24 # 21857 # 22894 # 1 # ID=8_24;partial=00;start_type=ATG;rbs_motif=4Base/6BMM;rbs_spacer=13-15bp;gc_cont=0.278
NODE_8_length_30985_cov_8.604803:21857-22894|+   -            346 7933                 -            269   7.1e-32  105.8   1.8   2   2   6.1e-21   2.4e-19   64.7   0.1   119   255   138   279   120   287 0.81 NODE_8_length_30985_cov_8.604803_24 # 21857 # 22894 # 1 # ID=8_24;partial=00;start_type=ATG;rbs_motif=4Base/6BMM;rbs_spacer=13-15bp;gc_cont=0.278
NODE_1_length_73696_cov_32.301567:27123-27968|-  -            282 7933                 -            269   1.1e-31  105.2  15.0   1   1   3.6e-33   1.4e-31  104.8  15.0    25   258    31   261     4   269 0.87 NODE_1_length_73696_cov_32.301567_22 # 27123 # 27968 # -1 # ID=1_22;partial=00;start_type=GTG;rbs_motif=AGGAG;rbs_spacer=5-10bp;gc_cont=0.257
NODE_15_length_15603_cov_14.444365:13552-15165|+ -            538 7933                 -            269   5.2e-29   96.4   3.9   1   4   5.7e-09   2.3e-07   25.5   0.1    56   114    14    73     5    80 0.85 NODE_15_length_15603_cov_14.444365_10 # 13552 # 15165 # 1 # ID=15_10;partial=00;start_type=ATG;rbs_motif=AGGAG;rbs_spacer=5-10bp;gc_cont=0.289
NODE_15_length_15603_cov_14.444365:13552-15165|+ -            538 7933                 -            269   5.2e-29   96.4   3.9   2   4   4.2e-11   1.7e-09   32.5   0.0   154   251   132   227   125   246 0.82 NODE_15_length_15603_cov_14.444365_10 # 13552 # 15165 # 1 # ID=15_10;partial=00;start_type=ATG;rbs_motif=AGGAG;rbs_spacer=5-10bp;gc_cont=0.289
NODE_15_length_15603_cov_14.444365:13552-15165|+ -            538 7933                 -            269   5.2e-29   96.4   3.9   3   4   5.5e-08   2.2e-06   22.2   0.2    31   100   311   377   275   398 0.76 NODE_15_length_15603_cov_14.444365_10 # 13552 # 15165 # 1 # ID=15_10;partial=00;start_type=ATG;rbs_motif=AGGAG;rbs_spacer=5-10bp;gc_cont=0.289
NODE_15_length_15603_cov_14.444365:13552-15165|+ -            538 7933                 -            269   5.2e-29   96.4   3.9   4   4   1.3e-05   0.00054   14.4   0.0   168   249   438   516   414   520 0.82 NODE_15_length_15603_cov_14.444365_10 # 13552 # 15165 # 1 # ID=15_10;partial=00;start_type=ATG;rbs_motif=AGGAG;rbs_spacer=5-10bp;gc_cont=0.289
NODE_18_length_12121_cov_14.008754:4947-7775|-   -            943 7933                 -            269   1.8e-28   94.7   9.2   1   4   6.7e-08   2.7e-06   21.9   0.1    50    85     7    41     2    47 0.83 NODE_18_length_12121_cov_14.008754_6 # 4947 # 7775 # -1 # ID=18_6;partial=00;start_type=ATG;rbs_motif=3Base/5BMM;rbs_spacer=13-15bp;gc_cont=0.305
NODE_18_length_12121_cov_14.008754:4947-7775|-   -            943 7933                 -            269   1.8e-28   94.7   9.2   2   4   2.1e-08   8.4e-07   23.6   0.1   170   249   484   564   466   578 0.85 NODE_18_length_12121_cov_14.008754_6 # 4947 # 7775 # -1 # ID=18_6;partial=00;start_type=ATG;rbs_motif=3Base/5BMM;rbs_spacer=13-15bp;gc_cont=0.305
NODE_18_length_12121_cov_14.008754:4947-7775|-   -            943 7933                 -            269   1.8e-28   94.7   9.2   3   4   8.2e-08   3.3e-06   21.7   1.0    47    87   614   654   578   667 0.86 NODE_18_length_12121_cov_14.008754_6 # 4947 # 7775 # -1 # ID=18_6;partial=00;start_type=ATG;rbs_motif=3Base/5BMM;rbs_spacer=13-15bp;gc_cont=0.305
NODE_18_length_12121_cov_14.008754:4947-7775|-   -            943 7933                 -            269   1.8e-28   94.7   9.2   4   4   2.7e-10   1.1e-08   29.8   0.0   159   249   813   906   794   911 0.80 NODE_18_length_12121_cov_14.008754_6 # 4947 # 7775 # -1 # ID=18_6;partial=00;start_type=ATG;rbs_motif=3Base/5BMM;rbs_spacer=13-15bp;gc_cont=0.305
NODE_6_length_32321_cov_28.623066:3707-5530|+    -            608 7933                 -            269   2.1e-27   91.1   6.5   1   2       2.4        98   -2.8   0.3    33   225   236   251   207   271 0.52 NODE_6_length_32321_cov_28.623066_6 # 3707 # 5530 # 1 # ID=6_6;partial=00;start_type=ATG;rbs_motif=GGAG/GAGG;rbs_spacer=5-10bp;gc_cont=0.288
NODE_6_length_32321_cov_28.623066:3707-5530|+    -            608 7933                 -            269   2.1e-27   91.1   6.5   2   2   5.3e-29   2.1e-27   91.1   6.5    19   259   337   583   324   591 0.75 NODE_6_length_32321_cov_28.623066_6 # 3707 # 5530 # 1 # ID=6_6;partial=00;start_type=ATG;rbs_motif=GGAG/GAGG;rbs_spacer=5-10bp;gc_cont=0.288
NODE_13_length_17613_cov_8.412730:6337-8121|-    -            595 7933                 -            269   1.2e-26   88.7   6.8   1   1   5.6e-28   2.2e-26   87.8   6.8    28   259   343   573   321   582 0.77 NODE_13_length_17613_cov_8.412730_6 # 6337 # 8121 # -1 # ID=13_6;partial=00;start_type=ATG;rbs_motif=AGGAG;rbs_spacer=5-10bp;gc_cont=0.257
NODE_3_length_51449_cov_28.078621:20620-21324|+  -            235 7933                 -            269   4.9e-25   83.4   1.1   1   1   1.9e-26   7.6e-25   82.8   1.1    36   254     2   213     1   223 0.89 NODE_3_length_51449_cov_28.078621_16 # 20620 # 21324 # 1 # ID=3_16;partial=00;start_type=ATG;rbs_motif=AGGA;rbs_spacer=5-10bp;gc_cont=0.268
NODE_6_length_32321_cov_28.623066:5523-7400|+    -            626 7933                 -            269   1.1e-24   82.2  10.4   1   2       2.3        92   -2.7   0.1    14    51    16    53    10    66 0.71 NODE_6_length_32321_cov_28.623066_7 # 5523 # 7400 # 1 # ID=6_7;partial=00;start_type=ATG;rbs_motif=AGxAGG/AGGxGG;rbs_spacer=5-10bp;gc_cont=0.275
NODE_6_length_32321_cov_28.623066:5523-7400|+    -            626 7933                 -            269   1.1e-24   82.2  10.4   2   2   2.9e-26   1.1e-24   82.2  10.4    32   260   374   602   340   608 0.79 NODE_6_length_32321_cov_28.623066_7 # 5523 # 7400 # 1 # ID=6_7;partial=00;start_type=ATG;rbs_motif=AGxAGG/AGGxGG;rbs_spacer=5-10bp;gc_cont=0.275
NODE_13_length_17613_cov_8.412730:4499-6322|-    -            608 7933                 -            269   5.8e-23   76.6   8.2   1   1   2.9e-24   1.2e-22   75.6   8.2    52   262   377   589   339   596 0.86 NODE_13_length_17613_cov_8.412730_5 # 4499 # 6322 # -1 # ID=13_5;partial=00;start_type=ATG;rbs_motif=AGGAG;rbs_spacer=5-10bp;gc_cont=0.263
NODE_1_length_73696_cov_32.301567:31554-33572|+  -            673 7933                 -            269   6.5e-13   43.7  12.8   1   1   2.5e-14     1e-12   43.0  12.8    18   250   444   671   430   672 0.80 NODE_1_length_73696_cov_32.301567_27 # 31554 # 33572 # 1 # ID=1_27;partial=00;start_type=ATG;rbs_motif=None;rbs_spacer=None;gc_cont=0.220
#
# Program:         hmmsearch
# Version:         3.4 (Aug 2023)
# Pipeline mode:   SEARCH
# Query file:      /home/genomika25/studenci/dmyboi/sequence_adnotation_cw3/busco_downloads/lineages/mycoplasmatales_odb12/hmms/7933at2085.hmm
# Target file:     /home/genomika25/studenci/dmyboi/sequence_adnotation_cw3/busco_genome/prodigal_output/predicted_genes/predicted.faa
# Option settings: hmmsearch --domtblout /home/genomika25/studenci/dmyboi/sequence_adnotation_cw3/busco_genome/run_mycoplasmatales_odb12/hmmer_output/7933at2085.out --cpu 1 /home/genomika25/studenci/dmyboi/sequence_adnotation_cw3/busco_downloads/lineages/mycoplasmatales_odb12/hmms/7933at2085.hmm /home/genomika25/studenci/dmyboi/sequence_adnotation_cw3/busco_genome/prodigal_output/predicted_genes/predicted.faa 
# Current dir:     /home/genomika25/studenci/dmyboi/sequence_adnotation_cw3
# Date:            Tue Oct 28 11:31:05 2025
# [ok]
