#                                                                                                        --- full sequence --- -------------- this domain -------------   hmm coord   ali coord   env coord
# target name                                    accession   tlen query name           accession   qlen   E-value  score  bias   #  of  c-Evalue  i-Evalue  score  bias  from    to  from    to  from    to  acc description of target
#                            ------------------- ---------- ----- -------------------- ---------- ----- --------- ------ ----- --- --- --------- --------- ------ ----- ----- ----- ----- ----- ----- ----- ---- ---------------------
NODE_9_length_27958_cov_8.304588:10711-11394|-   -            228 7945                 -            217   1.7e-84  278.2   2.3   1   1   1.1e-86   1.9e-84  278.0   2.3     1   216     5   222     5   223 0.97 NODE_9_length_27958_cov_8.304588_11 # 10711 # 11394 # -1 # ID=9_11;partial=00;start_type=ATG;rbs_motif=AGxAGG/AGGxGG;rbs_spacer=5-10bp;gc_cont=0.301
NODE_7_length_31690_cov_28.497069:3915-4610|-    -            232 7945                 -            217   0.00014   16.9   0.1   1   1   1.9e-06   0.00033   15.7   0.1     4    39    18    53    15    66 0.92 NODE_7_length_31690_cov_28.497069_8 # 3915 # 4610 # -1 # ID=7_8;partial=00;start_type=ATG;rbs_motif=AGxAG;rbs_spacer=5-10bp;gc_cont=0.283
NODE_12_length_18973_cov_26.749390:13504-14247|+ -            248 7945                 -            217   0.00094   14.2   0.4   1   2   1.3e-05    0.0022   13.0   0.0     5    28    34    57    31   111 0.71 NODE_12_length_18973_cov_26.749390_10 # 13504 # 14247 # 1 # ID=12_10;partial=00;start_type=ATG;rbs_motif=None;rbs_spacer=None;gc_cont=0.239
NODE_12_length_18973_cov_26.749390:13504-14247|+ -            248 7945                 -            217   0.00094   14.2   0.4   2   2      0.54        92   -2.1   0.1    49    78   179   207   163   227 0.61 NODE_12_length_18973_cov_26.749390_10 # 13504 # 14247 # 1 # ID=12_10;partial=00;start_type=ATG;rbs_motif=None;rbs_spacer=None;gc_cont=0.239
NODE_14_length_15897_cov_20.600380:4861-7344|-   -            828 7945                 -            217    0.0052   11.8   0.0   1   3      0.18        31   -0.6   0.4    59   114    90   145    72   156 0.78 NODE_14_length_15897_cov_20.600380_5 # 4861 # 7344 # -1 # ID=14_5;partial=00;start_type=ATG;rbs_motif=AGGAG;rbs_spacer=5-10bp;gc_cont=0.302
NODE_14_length_15897_cov_20.600380:4861-7344|-   -            828 7945                 -            217    0.0052   11.8   0.0   2   3      0.13        23   -0.1   0.7    51   102   220   272   201   288 0.55 NODE_14_length_15897_cov_20.600380_5 # 4861 # 7344 # -1 # ID=14_5;partial=00;start_type=ATG;rbs_motif=AGGAG;rbs_spacer=5-10bp;gc_cont=0.302
NODE_14_length_15897_cov_20.600380:4861-7344|-   -            828 7945                 -            217    0.0052   11.8   0.0   3   3     3e-05    0.0052   11.8   0.0     9    32   404   427   397   431 0.93 NODE_14_length_15897_cov_20.600380_5 # 4861 # 7344 # -1 # ID=14_5;partial=00;start_type=ATG;rbs_motif=AGGAG;rbs_spacer=5-10bp;gc_cont=0.302
#
# Program:         hmmsearch
# Version:         3.4 (Aug 2023)
# Pipeline mode:   SEARCH
# Query file:      /home/genomika25/studenci/dmyboi/sequence_adnotation_cw3/busco_downloads/lineages/mycoplasmatales_odb12/hmms/7945at2085.hmm
# Target file:     /home/genomika25/studenci/dmyboi/sequence_adnotation_cw3/busco_genome/prodigal_output/predicted_genes/predicted.faa
# Option settings: hmmsearch --domtblout /home/genomika25/studenci/dmyboi/sequence_adnotation_cw3/busco_genome/run_mycoplasmatales_odb12/hmmer_output/7945at2085.out --cpu 1 /home/genomika25/studenci/dmyboi/sequence_adnotation_cw3/busco_downloads/lineages/mycoplasmatales_odb12/hmms/7945at2085.hmm /home/genomika25/studenci/dmyboi/sequence_adnotation_cw3/busco_genome/prodigal_output/predicted_genes/predicted.faa 
# Current dir:     /home/genomika25/studenci/dmyboi/sequence_adnotation_cw3
# Date:            Tue Oct 28 11:31:05 2025
# [ok]
