#                                                                                                       --- full sequence --- -------------- this domain -------------   hmm coord   ali coord   env coord
# target name                                   accession   tlen query name           accession   qlen   E-value  score  bias   #  of  c-Evalue  i-Evalue  score  bias  from    to  from    to  from    to  acc description of target
#                           ------------------- ---------- ----- -------------------- ---------- ----- --------- ------ ----- --- --- --------- --------- ------ ----- ----- ----- ----- ----- ----- ----- ---- ---------------------
NODE_1_length_73696_cov_32.301567:51930-53276|+ -            449 8040                 -            428  3.1e-169  558.8  34.5   1   1  2.6e-171  3.5e-169  558.6  34.5     1   428     6   448     6   448 0.94 NODE_1_length_73696_cov_32.301567_43 # 51930 # 53276 # 1 # ID=1_43;partial=00;start_type=ATG;rbs_motif=None;rbs_spacer=None;gc_cont=0.272
NODE_9_length_27958_cov_8.304588:9399-10721|-   -            441 8040                 -            428   8.7e-51  168.5  22.7   1   2   3.8e-23   5.2e-21   70.4   1.7   215   306     6    97     3   134 0.82 NODE_9_length_27958_cov_8.304588_10 # 9399 # 10721 # -1 # ID=9_10;partial=00;start_type=ATG;rbs_motif=GGAG/GAGG;rbs_spacer=5-10bp;gc_cont=0.282
NODE_9_length_27958_cov_8.304588:9399-10721|-   -            441 8040                 -            428   8.7e-51  168.5  22.7   2   2   7.3e-33     1e-30  102.4  13.6   194   389   154   353   146   367 0.75 NODE_9_length_27958_cov_8.304588_10 # 9399 # 10721 # -1 # ID=9_10;partial=00;start_type=ATG;rbs_motif=GGAG/GAGG;rbs_spacer=5-10bp;gc_cont=0.282
NODE_1_length_73696_cov_32.301567:34097-34981|+ -            295 8040                 -            428   6.8e-23   76.6   5.9   1   2     5e-25   6.8e-23   76.6   5.9   212   330     4   130     1   153 0.85 NODE_1_length_73696_cov_32.301567_29 # 34097 # 34981 # 1 # ID=1_29;partial=00;start_type=ATG;rbs_motif=GGA/GAG/AGG;rbs_spacer=5-10bp;gc_cont=0.267
NODE_1_length_73696_cov_32.301567:34097-34981|+ -            295 8040                 -            428   6.8e-23   76.6   5.9   2   2      0.85   1.2e+02   -3.3   2.2   305   364   218   275   209   288 0.57 NODE_1_length_73696_cov_32.301567_29 # 34097 # 34981 # 1 # ID=1_29;partial=00;start_type=ATG;rbs_motif=GGA/GAG/AGG;rbs_spacer=5-10bp;gc_cont=0.267
NODE_28_length_5889_cov_5.042694:2331-3158|-    -            276 8040                 -            428   1.3e-08   29.5   3.0   1   2      0.03       4.1    1.5   0.8   305   339    33    69     4    92 0.54 NODE_28_length_5889_cov_5.042694_2 # 2331 # 3158 # -1 # ID=28_2;partial=00;start_type=ATG;rbs_motif=None;rbs_spacer=None;gc_cont=0.262
NODE_28_length_5889_cov_5.042694:2331-3158|-    -            276 8040                 -            428   1.3e-08   29.5   3.0   2   2   9.6e-11   1.3e-08   29.5   3.0   186   284    80   178    64   271 0.76 NODE_28_length_5889_cov_5.042694_2 # 2331 # 3158 # -1 # ID=28_2;partial=00;start_type=ATG;rbs_motif=None;rbs_spacer=None;gc_cont=0.262
NODE_20_length_10828_cov_21.472666:3311-3862|+  -            184 8040                 -            428     2e-06   22.3   5.7   1   2   6.3e-08   8.6e-06   20.2   0.0   209   250    16    57     4    73 0.82 NODE_20_length_10828_cov_21.472666_5 # 3311 # 3862 # 1 # ID=20_5;partial=00;start_type=ATG;rbs_motif=AGGAG;rbs_spacer=5-10bp;gc_cont=0.252
NODE_20_length_10828_cov_21.472666:3311-3862|+  -            184 8040                 -            428     2e-06   22.3   5.7   2   2     0.041       5.5    1.1   5.0   343   421    87   164    63   168 0.72 NODE_20_length_10828_cov_21.472666_5 # 3311 # 3862 # 1 # ID=20_5;partial=00;start_type=ATG;rbs_motif=AGGAG;rbs_spacer=5-10bp;gc_cont=0.252
#
# Program:         hmmsearch
# Version:         3.4 (Aug 2023)
# Pipeline mode:   SEARCH
# Query file:      /home/genomika25/studenci/dmyboi/sequence_adnotation_cw3/busco_downloads/lineages/mycoplasmatales_odb12/hmms/8040at2085.hmm
# Target file:     /home/genomika25/studenci/dmyboi/sequence_adnotation_cw3/busco_genome/prodigal_output/predicted_genes/predicted.faa
# Option settings: hmmsearch --domtblout /home/genomika25/studenci/dmyboi/sequence_adnotation_cw3/busco_genome/run_mycoplasmatales_odb12/hmmer_output/8040at2085.out --cpu 1 /home/genomika25/studenci/dmyboi/sequence_adnotation_cw3/busco_downloads/lineages/mycoplasmatales_odb12/hmms/8040at2085.hmm /home/genomika25/studenci/dmyboi/sequence_adnotation_cw3/busco_genome/prodigal_output/predicted_genes/predicted.faa 
# Current dir:     /home/genomika25/studenci/dmyboi/sequence_adnotation_cw3
# Date:            Tue Oct 28 11:31:05 2025
# [ok]
