#                                                                                                       --- full sequence --- -------------- this domain -------------   hmm coord   ali coord   env coord
# target name                                   accession   tlen query name           accession   qlen   E-value  score  bias   #  of  c-Evalue  i-Evalue  score  bias  from    to  from    to  from    to  acc description of target
#                           ------------------- ---------- ----- -------------------- ---------- ----- --------- ------ ----- --- --- --------- --------- ------ ----- ----- ----- ----- ----- ----- ----- ---- ---------------------
NODE_7_length_31690_cov_28.497069:3915-4610|-   -            232 8160                 -            206   5.2e-80  263.1   2.1   1   1   5.4e-82   6.1e-80  262.9   2.1     2   205    18   227    17   228 0.94 NODE_7_length_31690_cov_28.497069_8 # 3915 # 4610 # -1 # ID=7_8;partial=00;start_type=ATG;rbs_motif=AGxAG;rbs_spacer=5-10bp;gc_cont=0.283
NODE_3_length_51449_cov_28.078621:3254-3877|+   -            208 8160                 -            206   0.00015   16.7   1.2   1   2   3.8e-05    0.0044   11.9   0.1     3    26     6    29     4    41 0.84 NODE_3_length_51449_cov_28.078621_4 # 3254 # 3877 # 1 # ID=3_4;partial=00;start_type=ATG;rbs_motif=AGGAG;rbs_spacer=5-10bp;gc_cont=0.284
NODE_3_length_51449_cov_28.078621:3254-3877|+   -            208 8160                 -            206   0.00015   16.7   1.2   2   2     0.027       3.1    2.6   0.0   172   189   105   122    98   136 0.86 NODE_3_length_51449_cov_28.078621_4 # 3254 # 3877 # 1 # ID=3_4;partial=00;start_type=ATG;rbs_motif=AGGAG;rbs_spacer=5-10bp;gc_cont=0.284
NODE_9_length_27958_cov_8.304588:10711-11394|-  -            228 8160                 -            206   0.00023   16.0   0.0   1   1   3.9e-06   0.00045   15.1   0.0     3    41     9    47     7    92 0.85 NODE_9_length_27958_cov_8.304588_11 # 10711 # 11394 # -1 # ID=9_11;partial=00;start_type=ATG;rbs_motif=AGxAGG/AGGxGG;rbs_spacer=5-10bp;gc_cont=0.301
NODE_4_length_40423_cov_18.794992:32846-34060|- -            405 8160                 -            206   0.00059   14.7   0.0   1   1   1.2e-05    0.0014   13.5   0.0     3    49    39    81    37    99 0.82 NODE_4_length_40423_cov_18.794992_35 # 32846 # 34060 # -1 # ID=4_35;partial=00;start_type=ATG;rbs_motif=None;rbs_spacer=None;gc_cont=0.278
NODE_8_length_30985_cov_8.604803:6912-7865|+    -            318 8160                 -            206    0.0007   14.5   0.1   1   1   1.4e-05    0.0016   13.3   0.1     2    25    39    62    38   108 0.89 NODE_8_length_30985_cov_8.604803_10 # 6912 # 7865 # 1 # ID=8_10;partial=00;start_type=ATG;rbs_motif=GGA/GAG/AGG;rbs_spacer=5-10bp;gc_cont=0.266
NODE_14_length_15897_cov_20.600380:4861-7344|-  -            828 8160                 -            206    0.0018   13.1   0.0   1   3      0.52        59   -1.6   0.2   165   204   169   212   158   214 0.66 NODE_14_length_15897_cov_20.600380_5 # 4861 # 7344 # -1 # ID=14_5;partial=00;start_type=ATG;rbs_motif=AGGAG;rbs_spacer=5-10bp;gc_cont=0.302
NODE_14_length_15897_cov_20.600380:4861-7344|-  -            828 8160                 -            206    0.0018   13.1   0.0   2   3   1.6e-05    0.0018   13.1   0.0     3    33   400   432   398   441 0.84 NODE_14_length_15897_cov_20.600380_5 # 4861 # 7344 # -1 # ID=14_5;partial=00;start_type=ATG;rbs_motif=AGGAG;rbs_spacer=5-10bp;gc_cont=0.302
NODE_14_length_15897_cov_20.600380:4861-7344|-  -            828 8160                 -            206    0.0018   13.1   0.0   3   3      0.63        72   -1.9   0.1    77   101   591   614   525   626 0.56 NODE_14_length_15897_cov_20.600380_5 # 4861 # 7344 # -1 # ID=14_5;partial=00;start_type=ATG;rbs_motif=AGGAG;rbs_spacer=5-10bp;gc_cont=0.302
#
# Program:         hmmsearch
# Version:         3.4 (Aug 2023)
# Pipeline mode:   SEARCH
# Query file:      /home/genomika25/studenci/dmyboi/sequence_adnotation_cw3/busco_downloads/lineages/mycoplasmatales_odb12/hmms/8160at2085.hmm
# Target file:     /home/genomika25/studenci/dmyboi/sequence_adnotation_cw3/busco_genome/prodigal_output/predicted_genes/predicted.faa
# Option settings: hmmsearch --domtblout /home/genomika25/studenci/dmyboi/sequence_adnotation_cw3/busco_genome/run_mycoplasmatales_odb12/hmmer_output/8160at2085.out --cpu 1 /home/genomika25/studenci/dmyboi/sequence_adnotation_cw3/busco_downloads/lineages/mycoplasmatales_odb12/hmms/8160at2085.hmm /home/genomika25/studenci/dmyboi/sequence_adnotation_cw3/busco_genome/prodigal_output/predicted_genes/predicted.faa 
# Current dir:     /home/genomika25/studenci/dmyboi/sequence_adnotation_cw3
# Date:            Tue Oct 28 11:31:06 2025
# [ok]
