#                                                                                                        --- full sequence --- -------------- this domain -------------   hmm coord   ali coord   env coord
# target name                                    accession   tlen query name           accession   qlen   E-value  score  bias   #  of  c-Evalue  i-Evalue  score  bias  from    to  from    to  from    to  acc description of target
#                            ------------------- ---------- ----- -------------------- ---------- ----- --------- ------ ----- --- --- --------- --------- ------ ----- ----- ----- ----- ----- ----- ----- ---- ---------------------
NODE_1_length_73696_cov_32.301567:60184-64497|+  -           1438 8189                 -           1461         0 1972.3  42.6   1   1         0         0 1972.1  42.6     4  1461     3  1437     1  1437 0.97 NODE_1_length_73696_cov_32.301567_51 # 60184 # 64497 # 1 # ID=1_51;partial=00;start_type=ATG;rbs_motif=GGAG/GAGG;rbs_spacer=5-10bp;gc_cont=0.297
NODE_14_length_15897_cov_20.600380:11872-14862|+ -            997 8189                 -           1461     8e-19   62.1  47.6   1   7   1.3e-08   4.6e-06   19.8   5.2   337   428     3    96     1   191 0.73 NODE_14_length_15897_cov_20.600380_10 # 11872 # 14862 # 1 # ID=14_10;partial=00;start_type=ATG;rbs_motif=None;rbs_spacer=None;gc_cont=0.258
NODE_14_length_15897_cov_20.600380:11872-14862|+ -            997 8189                 -           1461     8e-19   62.1  47.6   2   7   2.2e-07   7.6e-05   15.8   0.7   827   922   228   330   193   334 0.80 NODE_14_length_15897_cov_20.600380_10 # 11872 # 14862 # 1 # ID=14_10;partial=00;start_type=ATG;rbs_motif=None;rbs_spacer=None;gc_cont=0.258
NODE_14_length_15897_cov_20.600380:11872-14862|+ -            997 8189                 -           1461     8e-19   62.1  47.6   3   7     0.026       8.9   -1.0   0.0   966  1024   333   391   330   413 0.85 NODE_14_length_15897_cov_20.600380_10 # 11872 # 14862 # 1 # ID=14_10;partial=00;start_type=ATG;rbs_motif=None;rbs_spacer=None;gc_cont=0.258
NODE_14_length_15897_cov_20.600380:11872-14862|+ -            997 8189                 -           1461     8e-19   62.1  47.6   4   7   1.2e-05    0.0041   10.0   0.0  1043  1146   445   549   429   558 0.82 NODE_14_length_15897_cov_20.600380_10 # 11872 # 14862 # 1 # ID=14_10;partial=00;start_type=ATG;rbs_motif=None;rbs_spacer=None;gc_cont=0.258
NODE_14_length_15897_cov_20.600380:11872-14862|+ -            997 8189                 -           1461     8e-19   62.1  47.6   5   7   2.3e-10   7.9e-08   25.7   1.3  1266  1329   678   743   649   751 0.81 NODE_14_length_15897_cov_20.600380_10 # 11872 # 14862 # 1 # ID=14_10;partial=00;start_type=ATG;rbs_motif=None;rbs_spacer=None;gc_cont=0.258
NODE_14_length_15897_cov_20.600380:11872-14862|+ -            997 8189                 -           1461     8e-19   62.1  47.6   6   7   1.6e-07   5.4e-05   16.3   0.6  1364  1438   740   812   732   838 0.71 NODE_14_length_15897_cov_20.600380_10 # 11872 # 14862 # 1 # ID=14_10;partial=00;start_type=ATG;rbs_motif=None;rbs_spacer=None;gc_cont=0.258
NODE_14_length_15897_cov_20.600380:11872-14862|+ -            997 8189                 -           1461     8e-19   62.1  47.6   7   7      0.29        98   -4.5  10.3   117   301   809   979   796   994 0.54 NODE_14_length_15897_cov_20.600380_10 # 11872 # 14862 # 1 # ID=14_10;partial=00;start_type=ATG;rbs_motif=None;rbs_spacer=None;gc_cont=0.258
#
# Program:         hmmsearch
# Version:         3.4 (Aug 2023)
# Pipeline mode:   SEARCH
# Query file:      /home/genomika25/studenci/dmyboi/sequence_adnotation_cw3/busco_downloads/lineages/mycoplasmatales_odb12/hmms/8189at2085.hmm
# Target file:     /home/genomika25/studenci/dmyboi/sequence_adnotation_cw3/busco_genome/prodigal_output/predicted_genes/predicted.faa
# Option settings: hmmsearch --domtblout /home/genomika25/studenci/dmyboi/sequence_adnotation_cw3/busco_genome/run_mycoplasmatales_odb12/hmmer_output/8189at2085.out --cpu 1 /home/genomika25/studenci/dmyboi/sequence_adnotation_cw3/busco_downloads/lineages/mycoplasmatales_odb12/hmms/8189at2085.hmm /home/genomika25/studenci/dmyboi/sequence_adnotation_cw3/busco_genome/prodigal_output/predicted_genes/predicted.faa 
# Current dir:     /home/genomika25/studenci/dmyboi/sequence_adnotation_cw3
# Date:            Tue Oct 28 11:31:06 2025
# [ok]
