#                                                                                                       --- full sequence --- -------------- this domain -------------   hmm coord   ali coord   env coord
# target name                                   accession   tlen query name           accession   qlen   E-value  score  bias   #  of  c-Evalue  i-Evalue  score  bias  from    to  from    to  from    to  acc description of target
#                           ------------------- ---------- ----- -------------------- ---------- ----- --------- ------ ----- --- --- --------- --------- ------ ----- ----- ----- ----- ----- ----- ----- ---- ---------------------
NODE_8_length_30985_cov_8.604803:2929-3693|+    -            255 8199                 -            240   7.3e-92  302.4   6.4   1   1   3.8e-94   8.8e-92  302.2   6.4     3   239    16   253    14   254 0.97 NODE_8_length_30985_cov_8.604803_4 # 2929 # 3693 # 1 # ID=8_4;partial=00;start_type=ATG;rbs_motif=GGA/GAG/AGG;rbs_spacer=5-10bp;gc_cont=0.267
NODE_4_length_40423_cov_18.794992:20078-21190|- -            371 8199                 -            240   2.5e-05   19.2   8.2   1   3   2.2e-06   0.00051   14.8   0.6    26    58     3    34     1   100 0.83 NODE_4_length_40423_cov_18.794992_21 # 20078 # 21190 # -1 # ID=4_21;partial=00;start_type=ATG;rbs_motif=GGA/GAG/AGG;rbs_spacer=5-10bp;gc_cont=0.289
NODE_4_length_40423_cov_18.794992:20078-21190|- -            371 8199                 -            240   2.5e-05   19.2   8.2   2   3   0.00048      0.11    7.2   0.0   152   175   170   193   168   202 0.87 NODE_4_length_40423_cov_18.794992_21 # 20078 # 21190 # -1 # ID=4_21;partial=00;start_type=ATG;rbs_motif=GGA/GAG/AGG;rbs_spacer=5-10bp;gc_cont=0.289
NODE_4_length_40423_cov_18.794992:20078-21190|- -            371 8199                 -            240   2.5e-05   19.2   8.2   3   3      0.27        62   -1.8   0.5    90   109   292   305   266   326 0.46 NODE_4_length_40423_cov_18.794992_21 # 20078 # 21190 # -1 # ID=4_21;partial=00;start_type=ATG;rbs_motif=GGA/GAG/AGG;rbs_spacer=5-10bp;gc_cont=0.289
NODE_34_length_4384_cov_5.495419:3075-4223|+    -            383 8199                 -            240   0.00025   15.9   0.6   1   4      0.25        58   -1.7   0.1    65   101    19    55    15    65 0.77 NODE_34_length_4384_cov_5.495419_4 # 3075 # 4223 # 1 # ID=34_4;partial=00;start_type=ATG;rbs_motif=GGAG/GAGG;rbs_spacer=5-10bp;gc_cont=0.277
NODE_34_length_4384_cov_5.495419:3075-4223|+    -            383 8199                 -            240   0.00025   15.9   0.6   2   4      0.23        53   -1.6   0.1    54   101    59   105    47   129 0.62 NODE_34_length_4384_cov_5.495419_4 # 3075 # 4223 # 1 # ID=34_4;partial=00;start_type=ATG;rbs_motif=GGAG/GAGG;rbs_spacer=5-10bp;gc_cont=0.277
NODE_34_length_4384_cov_5.495419:3075-4223|+    -            383 8199                 -            240   0.00025   15.9   0.6   3   4   1.1e-06   0.00025   15.9   0.6    28   120   171   262   166   281 0.70 NODE_34_length_4384_cov_5.495419_4 # 3075 # 4223 # 1 # ID=34_4;partial=00;start_type=ATG;rbs_motif=GGAG/GAGG;rbs_spacer=5-10bp;gc_cont=0.277
NODE_34_length_4384_cov_5.495419:3075-4223|+    -            383 8199                 -            240   0.00025   15.9   0.6   4   4      0.59   1.3e+02   -2.9   0.0   154   172   306   324   299   340 0.72 NODE_34_length_4384_cov_5.495419_4 # 3075 # 4223 # 1 # ID=34_4;partial=00;start_type=ATG;rbs_motif=GGAG/GAGG;rbs_spacer=5-10bp;gc_cont=0.277
#
# Program:         hmmsearch
# Version:         3.4 (Aug 2023)
# Pipeline mode:   SEARCH
# Query file:      /home/genomika25/studenci/dmyboi/sequence_adnotation_cw3/busco_downloads/lineages/mycoplasmatales_odb12/hmms/8199at2085.hmm
# Target file:     /home/genomika25/studenci/dmyboi/sequence_adnotation_cw3/busco_genome/prodigal_output/predicted_genes/predicted.faa
# Option settings: hmmsearch --domtblout /home/genomika25/studenci/dmyboi/sequence_adnotation_cw3/busco_genome/run_mycoplasmatales_odb12/hmmer_output/8199at2085.out --cpu 1 /home/genomika25/studenci/dmyboi/sequence_adnotation_cw3/busco_downloads/lineages/mycoplasmatales_odb12/hmms/8199at2085.hmm /home/genomika25/studenci/dmyboi/sequence_adnotation_cw3/busco_genome/prodigal_output/predicted_genes/predicted.faa 
# Current dir:     /home/genomika25/studenci/dmyboi/sequence_adnotation_cw3
# Date:            Tue Oct 28 11:31:06 2025
# [ok]
