#                                                                            --- full sequence --- -------------- this domain -------------   hmm coord   ali coord   env coord
# target name        accession   tlen query name           accession   qlen   E-value  score  bias   #  of  c-Evalue  i-Evalue  score  bias  from    to  from    to  from    to  acc description of target
#------------------- ---------- ----- -------------------- ---------- ----- --------- ------ ----- --- --- --------- --------- ------ ----- ----- ----- ----- ----- ----- ----- ---- ---------------------
MINDJIJG_00197       -            404 9778364              -            366   2.1e-95  314.9   0.0   1   1   3.9e-97   2.5e-95  314.6   0.0     2   346     4   373     3   395 0.85 Replication-associated recombination protein A
MINDJIJG_00228       -            667 9778364              -            366   1.1e-23   79.0   0.2   1   2     2e-10   1.3e-08   29.3   0.0     3    59    10    68     8   100 0.85 hypothetical protein
MINDJIJG_00228       -            667 9778364              -            366   1.1e-23   79.0   0.2   2   2   8.1e-16   5.3e-14   47.1   0.5    68   194   109   239    84   261 0.77 hypothetical protein
MINDJIJG_00314       -            317 9778364              -            366   7.4e-18   59.7   0.8   1   2   5.2e-19   3.4e-17   57.6   0.1    10   109     8   117     1   121 0.79 Holliday junction ATP-dependent DNA helicase RuvB
MINDJIJG_00314       -            317 9778364              -            366   7.4e-18   59.7   0.8   2   2      0.14       9.3    0.2   0.1   107   178   135   205   129   226 0.74 Holliday junction ATP-dependent DNA helicase RuvB
MINDJIJG_00082       -            716 9778364              -            366   6.6e-15   50.0   0.2   1   4     2e-05    0.0013   12.9   0.0    24    57    44    77    20    93 0.77 Chaperone protein ClpB
MINDJIJG_00082       -            716 9778364              -            366   6.6e-15   50.0   0.2   2   4   2.9e-06   0.00019   15.6   0.1    70   157   115   214   109   262 0.73 Chaperone protein ClpB
MINDJIJG_00082       -            716 9778364              -            366   6.6e-15   50.0   0.2   3   4   7.6e-05     0.005   11.0   0.0    34    56   460   482   448   488 0.90 Chaperone protein ClpB
MINDJIJG_00082       -            716 9778364              -            366   6.6e-15   50.0   0.2   4   4    0.0054      0.35    4.9   0.0    71   110   522   561   517   561 0.91 Chaperone protein ClpB
MINDJIJG_00435       -            827 9778364              -            366   7.2e-09   30.2   0.2   1   2   1.2e-08     8e-07   23.4   0.1    36    72   400   436   384   447 0.82 Lon protease 1
MINDJIJG_00435       -            827 9778364              -            366   7.2e-09   30.2   0.2   2   2     0.011      0.72    3.8   0.0   111   151   516   554   497   567 0.81 Lon protease 1
MINDJIJG_00010       -            739 9778364              -            366   3.3e-06   21.4   0.0   1   1   1.3e-07   8.3e-06   20.1   0.0    32    92   247   319   237   324 0.76 ATP-dependent zinc metalloprotease FtsH
MINDJIJG_00272       -            231 9778364              -            366   0.00011   16.4   0.0   1   1   2.7e-06   0.00018   15.7   0.0    34    73    17    56     8    61 0.89 Adenylate kinase
MINDJIJG_00122       -            283 9778364              -            366   0.00078   13.6   0.1   1   1   1.9e-05    0.0013   12.9   0.1    35    60   152   176   143   196 0.69 Small ribosomal subunit biogenesis GTPase RsgA
MINDJIJG_00490       -            132 9778364              -            366    0.0033   11.5   0.0   1   1   6.9e-05    0.0045   11.1   0.0    34    57    28    51    19    63 0.88 tRNA threonylcarbamoyladenosine biosynthesis protein TsaE
#
# Program:         hmmsearch
# Version:         3.4 (Aug 2023)
# Pipeline mode:   SEARCH
# Query file:      /home/genomika25/studenci/dmyboi/sequence_adnotation_cw3/busco_downloads/lineages/bacteria_odb12/hmms/9778364at2.hmm
# Target file:     /home/genomika25/studenci/dmyboi/sequence_adnotation_cw3/prokka_basic_fixed/prokka_basic_fixed.faa
# Option settings: hmmsearch --domtblout /home/genomika25/studenci/dmyboi/sequence_adnotation_cw3/busco_proteins_fxed_bact/run_bacteria_odb12/hmmer_output/9778364at2.out --cpu 1 /home/genomika25/studenci/dmyboi/sequence_adnotation_cw3/busco_downloads/lineages/bacteria_odb12/hmms/9778364at2.hmm /home/genomika25/studenci/dmyboi/sequence_adnotation_cw3/prokka_basic_fixed/prokka_basic_fixed.faa 
# Current dir:     /home/genomika25/studenci/dmyboi/sequence_adnotation_cw3
# Date:            Tue Oct 28 11:33:47 2025
# [ok]
