#                                                                            --- full sequence --- -------------- this domain -------------   hmm coord   ali coord   env coord
# target name        accession   tlen query name           accession   qlen   E-value  score  bias   #  of  c-Evalue  i-Evalue  score  bias  from    to  from    to  from    to  acc description of target
#------------------- ---------- ----- -------------------- ---------- ----- --------- ------ ----- --- --- --------- --------- ------ ----- ----- ----- ----- ----- ----- ----- ---- ---------------------
MINDJIJG_00196       -            313 9800719              -            339   1.7e-95  315.3   0.6   1   1   9.9e-98     2e-95  315.0   0.6    19   338     9   313     2   313 0.95 Phenylalanine--tRNA ligase alpha subunit
MINDJIJG_00430       -            488 9800719              -            339   0.00067   14.1   0.1   1   3       0.9   1.8e+02   -3.7   0.9    23    81    18    38     3    58 0.32 Lysine--tRNA ligase
MINDJIJG_00430       -            488 9800719              -            339   0.00067   14.1   0.1   2   3   3.4e-06   0.00067   14.1   0.1   157   236   211   291   147   336 0.75 Lysine--tRNA ligase
MINDJIJG_00430       -            488 9800719              -            339   0.00067   14.1   0.1   3   3     0.011       2.1    2.6   0.1   307   326   459   478   455   481 0.90 Lysine--tRNA ligase
MINDJIJG_00560       -            449 9800719              -            339       0.5    4.6  25.0   1   3   5.7e-05     0.011   10.1   9.5    10   116    16   121     7   124 0.81 hypothetical protein
MINDJIJG_00560       -            449 9800719              -            339       0.5    4.6  25.0   2   3     0.033       6.4    1.0   6.0    34    85   110   161   103   199 0.67 hypothetical protein
MINDJIJG_00560       -            449 9800719              -            339       0.5    4.6  25.0   3   3      0.13        26   -1.0   3.5    29    93   176   239   149   285 0.55 hypothetical protein
#
# Program:         hmmsearch
# Version:         3.4 (Aug 2023)
# Pipeline mode:   SEARCH
# Query file:      /home/genomika25/studenci/dmyboi/sequence_adnotation_cw3/busco_downloads/lineages/bacteria_odb12/hmms/9800719at2.hmm
# Target file:     /home/genomika25/studenci/dmyboi/sequence_adnotation_cw3/prokka_basic_fixed/prokka_basic_fixed.faa
# Option settings: hmmsearch --domtblout /home/genomika25/studenci/dmyboi/sequence_adnotation_cw3/busco_proteins_fxed_bact/run_bacteria_odb12/hmmer_output/9800719at2.out --cpu 1 /home/genomika25/studenci/dmyboi/sequence_adnotation_cw3/busco_downloads/lineages/bacteria_odb12/hmms/9800719at2.hmm /home/genomika25/studenci/dmyboi/sequence_adnotation_cw3/prokka_basic_fixed/prokka_basic_fixed.faa 
# Current dir:     /home/genomika25/studenci/dmyboi/sequence_adnotation_cw3
# Date:            Tue Oct 28 11:33:47 2025
# [ok]
