#                                                                            --- full sequence --- -------------- this domain -------------   hmm coord   ali coord   env coord
# target name        accession   tlen query name           accession   qlen   E-value  score  bias   #  of  c-Evalue  i-Evalue  score  bias  from    to  from    to  from    to  acc description of target
#------------------- ---------- ----- -------------------- ---------- ----- --------- ------ ----- --- --- --------- --------- ------ ----- ----- ----- ----- ----- ----- ----- ---- ---------------------
MINDJIJG_00238       -            579 9802304              -            476    6e-153  504.8   1.4   1   2   2.2e-07   3.2e-05   17.6   0.0     4    50     8    67     5    76 0.75 Threonine--tRNA ligase
MINDJIJG_00238       -            579 9802304              -            476    6e-153  504.8   1.4   2   2  1.7e-149  2.5e-147  486.2   0.5    51   463   109   556    85   573 0.88 Threonine--tRNA ligase
MINDJIJG_00003       -            477 9802304              -            476   1.1e-12   42.2   0.0   1   2   1.9e-12   2.8e-10   34.3   0.0   133   283    33   192    10   234 0.75 Proline--tRNA ligase
MINDJIJG_00003       -            477 9802304              -            476   1.1e-12   42.2   0.0   2   2   0.00055     0.081    6.4   0.0   351   461   239   363   195   377 0.64 Proline--tRNA ligase
MINDJIJG_00006       -            421 9802304              -            476   2.7e-09   31.1   0.7   1   3      0.54        79   -3.5   0.1   408   435    72    99    50   107 0.62 Serine--tRNA ligase
MINDJIJG_00006       -            421 9802304              -            476   2.7e-09   31.1   0.7   2   3     7e-10     1e-07   25.8   0.0   132   278   160   310   140   324 0.81 Serine--tRNA ligase
MINDJIJG_00006       -            421 9802304              -            476   2.7e-09   31.1   0.7   3   3    0.0047      0.69    3.3   0.0   336   388   347   399   321   412 0.88 Serine--tRNA ligase
MINDJIJG_00396       -            458 9802304              -            476   1.6e-08   28.5   0.2   1   3   2.9e-06   0.00042   13.9   0.0   143   187    42    88    34    99 0.86 Glycine--tRNA ligase
MINDJIJG_00396       -            458 9802304              -            476   1.6e-08   28.5   0.2   2   3   0.00054      0.08    6.4   0.0   193   265   162   234   151   258 0.83 Glycine--tRNA ligase
MINDJIJG_00396       -            458 9802304              -            476   1.6e-08   28.5   0.2   3   3    0.0023      0.34    4.3   0.0   394   469   361   444   354   449 0.71 Glycine--tRNA ligase
#
# Program:         hmmsearch
# Version:         3.4 (Aug 2023)
# Pipeline mode:   SEARCH
# Query file:      /home/genomika25/studenci/dmyboi/sequence_adnotation_cw3/busco_downloads/lineages/bacteria_odb12/hmms/9802304at2.hmm
# Target file:     /home/genomika25/studenci/dmyboi/sequence_adnotation_cw3/prokka_basic_fixed/prokka_basic_fixed.faa
# Option settings: hmmsearch --domtblout /home/genomika25/studenci/dmyboi/sequence_adnotation_cw3/busco_proteins_fxed_bact/run_bacteria_odb12/hmmer_output/9802304at2.out --cpu 1 /home/genomika25/studenci/dmyboi/sequence_adnotation_cw3/busco_downloads/lineages/bacteria_odb12/hmms/9802304at2.hmm /home/genomika25/studenci/dmyboi/sequence_adnotation_cw3/prokka_basic_fixed/prokka_basic_fixed.faa 
# Current dir:     /home/genomika25/studenci/dmyboi/sequence_adnotation_cw3
# Date:            Tue Oct 28 11:33:47 2025
# [ok]
