#                                                                            --- full sequence --- -------------- this domain -------------   hmm coord   ali coord   env coord
# target name        accession   tlen query name           accession   qlen   E-value  score  bias   #  of  c-Evalue  i-Evalue  score  bias  from    to  from    to  from    to  acc description of target
#------------------- ---------- ----- -------------------- ---------- ----- --------- ------ ----- --- --- --------- --------- ------ ----- ----- ----- ----- ----- ----- ----- ---- ---------------------
MINDJIJG_00118       -            184 9803017              -            171   1.1e-49  163.5   0.0   1   1   1.1e-51   1.3e-49  163.3   0.0     1   165     2   177     2   182 0.94 Ribosomal RNA small subunit methyltransferase D
MINDJIJG_00352       -            235 9803017              -            171   9.1e-12   40.1   0.0   1   2   2.1e-13   2.5e-11   38.7   0.0    39   132    74   161    58   179 0.85 Release factor glutamine methyltransferase
MINDJIJG_00352       -            235 9803017              -            171   9.1e-12   40.1   0.0   2   2      0.49        57   -1.5   0.0   122   144   178   200   171   209 0.70 Release factor glutamine methyltransferase
MINDJIJG_00044       -            443 9803017              -            171   1.3e-05   20.1   0.0   1   1   2.8e-07   3.3e-05   18.8   0.0    41   154   299   415   284   426 0.70 putative RNA methyltransferase
MINDJIJG_00177       -            260 9803017              -            171   0.00011   17.1   0.3   1   1     2e-06   0.00023   16.0   0.3    65   146    70   158    45   184 0.61 tRNA1(Val) (adenine(37)-N6)-methyltransferase
MINDJIJG_00077       -            388 9803017              -            171   0.00053   14.9   0.0   1   2      0.69        81   -2.0   0.0   128   158     8    40     2    47 0.70 hypothetical protein
MINDJIJG_00077       -            388 9803017              -            171   0.00053   14.9   0.0   2   2   1.6e-05    0.0019   13.1   0.0    31    61   241   269   231   371 0.67 hypothetical protein
#
# Program:         hmmsearch
# Version:         3.4 (Aug 2023)
# Pipeline mode:   SEARCH
# Query file:      /home/genomika25/studenci/dmyboi/sequence_adnotation_cw3/busco_downloads/lineages/bacteria_odb12/hmms/9803017at2.hmm
# Target file:     /home/genomika25/studenci/dmyboi/sequence_adnotation_cw3/prokka_basic_fixed/prokka_basic_fixed.faa
# Option settings: hmmsearch --domtblout /home/genomika25/studenci/dmyboi/sequence_adnotation_cw3/busco_proteins_fxed_bact/run_bacteria_odb12/hmmer_output/9803017at2.out --cpu 1 /home/genomika25/studenci/dmyboi/sequence_adnotation_cw3/busco_downloads/lineages/bacteria_odb12/hmms/9803017at2.hmm /home/genomika25/studenci/dmyboi/sequence_adnotation_cw3/prokka_basic_fixed/prokka_basic_fixed.faa 
# Current dir:     /home/genomika25/studenci/dmyboi/sequence_adnotation_cw3
# Date:            Tue Oct 28 11:33:47 2025
# [ok]
