#                                                                            --- full sequence --- -------------- this domain -------------   hmm coord   ali coord   env coord
# target name        accession   tlen query name           accession   qlen   E-value  score  bias   #  of  c-Evalue  i-Evalue  score  bias  from    to  from    to  from    to  acc description of target
#------------------- ---------- ----- -------------------- ---------- ----- --------- ------ ----- --- --- --------- --------- ------ ----- ----- ----- ----- ----- ----- ----- ---- ---------------------
MINDJIJG_00064       -            463 9807019              -            427   1.2e-90  299.8   6.1   1   1   1.2e-92   1.4e-90  299.5   6.1    23   426    31   461    13   462 0.86 Chromosomal replication initiator protein DnaA
MINDJIJG_00314       -            317 9807019              -            427     4e-10   34.4   0.2   1   2   6.3e-08   7.4e-06   20.4   0.0   103   166     9    70     3   114 0.77 Holliday junction ATP-dependent DNA helicase RuvB
MINDJIJG_00314       -            317 9807019              -            427     4e-10   34.4   0.2   2   2   2.4e-05    0.0028   11.9   0.0   261   325   168   232   141   248 0.77 Holliday junction ATP-dependent DNA helicase RuvB
MINDJIJG_00082       -            716 9807019              -            427   1.4e-05   19.4   0.8   1   3    0.0032      0.38    4.9   0.0   129   157    52    81    42    90 0.79 Chaperone protein ClpB
MINDJIJG_00082       -            716 9807019              -            427   1.4e-05   19.4   0.8   2   3     0.062       7.3    0.6   0.3   331   362   385   419   313   425 0.84 Chaperone protein ClpB
MINDJIJG_00082       -            716 9807019              -            427   1.4e-05   19.4   0.8   3   3   0.00014     0.016    9.4   0.1   119   171   447   500   376   505 0.78 Chaperone protein ClpB
MINDJIJG_00197       -            404 9807019              -            427   1.7e-05   19.2   2.8   1   1   8.4e-07   9.8e-05   16.7   2.8   123   327    30   208    21   217 0.79 Replication-associated recombination protein A
MINDJIJG_00435       -            827 9807019              -            427   0.00064   14.0   1.8   1   3      0.73        86   -2.9   0.1   264   298   204   232   189   278 0.61 Lon protease 1
MINDJIJG_00435       -            827 9807019              -            427   0.00064   14.0   1.8   2   3   6.1e-05    0.0072   10.5   0.0   123   156   389   423   376   473 0.89 Lon protease 1
MINDJIJG_00435       -            827 9807019              -            427   0.00064   14.0   1.8   3   3     0.024       2.8    2.0   0.1   274   308   566   602   526   626 0.83 Lon protease 1
#
# Program:         hmmsearch
# Version:         3.4 (Aug 2023)
# Pipeline mode:   SEARCH
# Query file:      /home/genomika25/studenci/dmyboi/sequence_adnotation_cw3/busco_downloads/lineages/bacteria_odb12/hmms/9807019at2.hmm
# Target file:     /home/genomika25/studenci/dmyboi/sequence_adnotation_cw3/prokka_basic_fixed/prokka_basic_fixed.faa
# Option settings: hmmsearch --domtblout /home/genomika25/studenci/dmyboi/sequence_adnotation_cw3/busco_proteins_fxed_bact/run_bacteria_odb12/hmmer_output/9807019at2.out --cpu 1 /home/genomika25/studenci/dmyboi/sequence_adnotation_cw3/busco_downloads/lineages/bacteria_odb12/hmms/9807019at2.hmm /home/genomika25/studenci/dmyboi/sequence_adnotation_cw3/prokka_basic_fixed/prokka_basic_fixed.faa 
# Current dir:     /home/genomika25/studenci/dmyboi/sequence_adnotation_cw3
# Date:            Tue Oct 28 11:33:48 2025
# [ok]
