#                                                                            --- full sequence --- -------------- this domain -------------   hmm coord   ali coord   env coord
# target name        accession   tlen query name           accession   qlen   E-value  score  bias   #  of  c-Evalue  i-Evalue  score  bias  from    to  from    to  from    to  acc description of target
#------------------- ---------- ----- -------------------- ---------- ----- --------- ------ ----- --- --- --------- --------- ------ ----- ----- ----- ----- ----- ----- ----- ---- ---------------------
MINDJIJG_00119       -            207 9808150              -            191   4.2e-64  210.7   0.1   1   1   7.7e-66   5.1e-64  210.5   0.1     5   185     2   191     1   196 0.97 Guanylate kinase
MINDJIJG_00272       -            231 9808150              -            191   0.00012   16.7   0.0   1   2   0.00026     0.017    9.8   0.0     9    37    19    47    12    57 0.83 Adenylate kinase
MINDJIJG_00272       -            231 9808150              -            191   0.00012   16.7   0.0   2   2      0.01      0.66    4.6   0.0   129   155   170   196   165   226 0.85 Adenylate kinase
MINDJIJG_00345       -            440 9808150              -            191   0.00015   16.5   0.0   1   2    0.0064      0.42    5.2   0.0     5    43     2    40     1    46 0.84 GTPase Der
MINDJIJG_00345       -            440 9808150              -            191   0.00015   16.5   0.0   2   2   0.00051     0.033    8.8   0.0    12    44   179   211   174   251 0.85 GTPase Der
MINDJIJG_00477       -            942 9808150              -            191   0.00032   15.4   0.3   1   2     0.003       0.2    6.3   0.0     5    27    24    46    22    59 0.81 UvrABC system protein A
MINDJIJG_00477       -            942 9808150              -            191   0.00032   15.4   0.3   2   2    0.0031      0.21    6.2   0.1     6    25   636   655   634   663 0.88 UvrABC system protein A
MINDJIJG_00248       -            625 9808150              -            191   0.00037   15.2   0.0   1   1   1.2e-05   0.00081   14.1   0.0     3    28   407   432   406   438 0.89 putative ABC transporter ATP-binding protein
MINDJIJG_00231       -            213 9808150              -            191   0.00059   14.5   0.1   1   2   2.8e-05    0.0018   12.9   0.0     4    30     2    28     1    54 0.82 Thymidylate kinase
MINDJIJG_00231       -            213 9808150              -            191   0.00059   14.5   0.1   2   2      0.55        36   -1.1   0.0   135   168   149   182   128   206 0.72 Thymidylate kinase
MINDJIJG_00408       -            247 9808150              -            191   0.00079   14.1   0.0   1   1   2.3e-05    0.0015   13.2   0.0     5    29    30    54    27    62 0.89 putative siderophore transport system ATP-binding protein YusV
MINDJIJG_00456       -            323 9808150              -            191    0.0029   12.3   0.2   1   1   9.1e-05    0.0059   11.3   0.2     4    27   117   140   115   150 0.86 Vitamin B12 import ATP-binding protein BtuD
MINDJIJG_00031       -            469 9808150              -            191     0.018    9.7   4.9   1   3   0.00011    0.0073   11.0   0.2     4    24    39    59    37    63 0.89 Vitamin B12 import ATP-binding protein BtuD
MINDJIJG_00031       -            469 9808150              -            191     0.018    9.7   4.9   2   3      0.75        49   -1.5   0.1   165   186   143   164   127   178 0.56 Vitamin B12 import ATP-binding protein BtuD
MINDJIJG_00031       -            469 9808150              -            191     0.018    9.7   4.9   3   3       0.9        59   -1.8   0.1   141   175   267   300   263   312 0.75 Vitamin B12 import ATP-binding protein BtuD
#
# Program:         hmmsearch
# Version:         3.4 (Aug 2023)
# Pipeline mode:   SEARCH
# Query file:      /home/genomika25/studenci/dmyboi/sequence_adnotation_cw3/busco_downloads/lineages/bacteria_odb12/hmms/9808150at2.hmm
# Target file:     /home/genomika25/studenci/dmyboi/sequence_adnotation_cw3/prokka_basic_fixed/prokka_basic_fixed.faa
# Option settings: hmmsearch --domtblout /home/genomika25/studenci/dmyboi/sequence_adnotation_cw3/busco_proteins_fxed_bact/run_bacteria_odb12/hmmer_output/9808150at2.out --cpu 1 /home/genomika25/studenci/dmyboi/sequence_adnotation_cw3/busco_downloads/lineages/bacteria_odb12/hmms/9808150at2.hmm /home/genomika25/studenci/dmyboi/sequence_adnotation_cw3/prokka_basic_fixed/prokka_basic_fixed.faa 
# Current dir:     /home/genomika25/studenci/dmyboi/sequence_adnotation_cw3
# Date:            Tue Oct 28 11:33:48 2025
# [ok]
