#                                                                            --- full sequence --- -------------- this domain -------------   hmm coord   ali coord   env coord
# target name        accession   tlen query name           accession   qlen   E-value  score  bias   #  of  c-Evalue  i-Evalue  score  bias  from    to  from    to  from    to  acc description of target
#------------------- ---------- ----- -------------------- ---------- ----- --------- ------ ----- --- --- --------- --------- ------ ----- ----- ----- ----- ----- ----- ----- ---- ---------------------
MINDJIJG_00003       -            477 9809052              -            295   5.1e-74  244.0   0.1   1   2   1.9e-47   3.6e-45  149.3   0.1     2   170     8   193     7   211 0.88 Proline--tRNA ligase
MINDJIJG_00003       -            477 9809052              -            295   5.1e-74  244.0   0.1   2   2   1.3e-28   2.6e-26   87.4   0.0   164   285   214   352   200   366 0.78 Proline--tRNA ligase
MINDJIJG_00396       -            458 9809052              -            295   4.1e-11   37.5   0.1   1   3    0.0021      0.41    4.7   0.0    31    79    37    86    29    90 0.89 Glycine--tRNA ligase
MINDJIJG_00396       -            458 9809052              -            295   4.1e-11   37.5   0.1   2   3   3.8e-07   7.5e-05   17.0   0.1    38   139   118   222   103   240 0.89 Glycine--tRNA ligase
MINDJIJG_00396       -            458 9809052              -            295   4.1e-11   37.5   0.1   3   3   1.2e-05    0.0024   12.0   0.0   229   294   357   438   300   439 0.64 Glycine--tRNA ligase
MINDJIJG_00238       -            579 9809052              -            295   5.5e-11   37.1   0.0   1   2     1e-08     2e-06   22.1   0.0    27   144   199   328   193   378 0.76 Threonine--tRNA ligase
MINDJIJG_00238       -            579 9809052              -            295   5.5e-11   37.1   0.0   2   2   8.4e-06    0.0017   12.6   0.0   187   256   434   502   421   547 0.76 Threonine--tRNA ligase
#
# Program:         hmmsearch
# Version:         3.4 (Aug 2023)
# Pipeline mode:   SEARCH
# Query file:      /home/genomika25/studenci/dmyboi/sequence_adnotation_cw3/busco_downloads/lineages/bacteria_odb12/hmms/9809052at2.hmm
# Target file:     /home/genomika25/studenci/dmyboi/sequence_adnotation_cw3/prokka_basic_fixed/prokka_basic_fixed.faa
# Option settings: hmmsearch --domtblout /home/genomika25/studenci/dmyboi/sequence_adnotation_cw3/busco_proteins_fxed_bact/run_bacteria_odb12/hmmer_output/9809052at2.out --cpu 1 /home/genomika25/studenci/dmyboi/sequence_adnotation_cw3/busco_downloads/lineages/bacteria_odb12/hmms/9809052at2.hmm /home/genomika25/studenci/dmyboi/sequence_adnotation_cw3/prokka_basic_fixed/prokka_basic_fixed.faa 
# Current dir:     /home/genomika25/studenci/dmyboi/sequence_adnotation_cw3
# Date:            Tue Oct 28 11:33:49 2025
# [ok]
