#                                                                            --- full sequence --- -------------- this domain -------------   hmm coord   ali coord   env coord
# target name        accession   tlen query name           accession   qlen   E-value  score  bias   #  of  c-Evalue  i-Evalue  score  bias  from    to  from    to  from    to  acc description of target
#------------------- ---------- ----- -------------------- ---------- ----- --------- ------ ----- --- --- --------- --------- ------ ----- ----- ----- ----- ----- ----- ----- ---- ---------------------
MINDJIJG_00176       -            521 9810191              -            634  1.5e-136  451.7   7.7   1   1  1.7e-138  1.7e-136  451.5   7.7     2   522     4   520     3   521 0.91 Methionine--tRNA ligase
MINDJIJG_00300       -            805 9810191              -            634   2.8e-36  120.5   0.9   1   4   1.5e-26   1.5e-24   81.7   0.0     2   224    27   228    26   244 0.87 Leucine--tRNA ligase
MINDJIJG_00300       -            805 9810191              -            634   2.8e-36  120.5   0.9   2   4      0.14        13   -0.7   0.0   543   564   350   371   345   372 0.84 Leucine--tRNA ligase
MINDJIJG_00300       -            805 9810191              -            634   2.8e-36  120.5   0.9   3   4     0.099       9.7   -0.2   0.0   219   239   411   430   397   440 0.80 Leucine--tRNA ligase
MINDJIJG_00300       -            805 9810191              -            634   2.8e-36  120.5   0.9   4   4   9.1e-11     9e-09   29.6   0.6   265   494   518   726   508   754 0.72 Leucine--tRNA ligase
MINDJIJG_00299       -            888 9810191              -            634     8e-36  119.0   1.5   1   3   3.6e-15   3.6e-13   44.1   0.0     3    61    51   108    49   207 0.79 Isoleucine--tRNA ligase
MINDJIJG_00299       -            888 9810191              -            634     8e-36  119.0   1.5   2   3   6.2e-06   0.00061   13.6   0.2   179   238   408   466   395   473 0.89 Isoleucine--tRNA ligase
MINDJIJG_00299       -            888 9810191              -            634     8e-36  119.0   1.5   3   3   1.6e-19   1.5e-17   58.6   0.0   303   495   573   766   518   816 0.84 Isoleucine--tRNA ligase
MINDJIJG_00109       -           1615 9810191              -            634   1.9e-32  107.8  12.7   1   4      0.75        73   -3.1   0.3   419   440   455   476   373   536 0.59 hypothetical protein
MINDJIJG_00109       -           1615 9810191              -            634   1.9e-32  107.8  12.7   2   4   2.9e-15   2.9e-13   44.5   0.0     2   140   806   963   805   976 0.77 hypothetical protein
MINDJIJG_00109       -           1615 9810191              -            634   1.9e-32  107.8  12.7   3   4   6.9e-06   0.00067   13.5   0.5   173   240  1119  1187  1106  1192 0.79 hypothetical protein
MINDJIJG_00109       -           1615 9810191              -            634   1.9e-32  107.8  12.7   4   4   1.4e-18   1.3e-16   55.5   0.5   242   502  1209  1461  1204  1514 0.81 hypothetical protein
MINDJIJG_00538       -            401 9810191              -            634   1.6e-16   55.2   0.1   1   2   1.5e-12   1.5e-10   35.5   0.0     4    91     2    86     1   154 0.90 Cysteine--tRNA ligase
MINDJIJG_00538       -            401 9810191              -            634   1.6e-16   55.2   0.1   2   2   2.8e-07   2.7e-05   18.1   0.0   304   354   227   277   183   308 0.74 Cysteine--tRNA ligase
MINDJIJG_00537       -            541 9810191              -            634   0.00014   15.7   2.0   1   3      0.11        11   -0.4   0.0   366   394   154   182   125   231 0.64 Arginine--tRNA ligase
MINDJIJG_00537       -            541 9810191              -            634   0.00014   15.7   2.0   2   3     0.033       3.3    1.3   0.1    78   116   236   274   232   313 0.82 Arginine--tRNA ligase
MINDJIJG_00537       -            541 9810191              -            634   0.00014   15.7   2.0   3   3   1.8e-05    0.0017   12.2   0.1   319   415   374   469   370   519 0.77 Arginine--tRNA ligase
#
# Program:         hmmsearch
# Version:         3.4 (Aug 2023)
# Pipeline mode:   SEARCH
# Query file:      /home/genomika25/studenci/dmyboi/sequence_adnotation_cw3/busco_downloads/lineages/bacteria_odb12/hmms/9810191at2.hmm
# Target file:     /home/genomika25/studenci/dmyboi/sequence_adnotation_cw3/prokka_basic_fixed/prokka_basic_fixed.faa
# Option settings: hmmsearch --domtblout /home/genomika25/studenci/dmyboi/sequence_adnotation_cw3/busco_proteins_fxed_bact/run_bacteria_odb12/hmmer_output/9810191at2.out --cpu 1 /home/genomika25/studenci/dmyboi/sequence_adnotation_cw3/busco_downloads/lineages/bacteria_odb12/hmms/9810191at2.hmm /home/genomika25/studenci/dmyboi/sequence_adnotation_cw3/prokka_basic_fixed/prokka_basic_fixed.faa 
# Current dir:     /home/genomika25/studenci/dmyboi/sequence_adnotation_cw3
# Date:            Tue Oct 28 11:33:49 2025
# [ok]
