Aligning contigs to reference...
	Aligning contigs to the reference
Filtering alignments...
Parsing coords...
Loading reference...
	Loaded [0]
	Loaded [1]
	Total Regions: 2
	Total Region Length: 838112
Analyzing contigs...
CONTIG: NODE_1_length_34829_cov_13.577808 (34829bp)
Best alignment score: 6530.7 (LEN: 6534, IDY: 99.95), Total number of alignments: 9
			Looking for the best set of alignments (out of 9 total alignments)
		This contig has several significant sets of alignments. [An ambiguously mapped contig]
		Using only the very best set (option --ambiguity-usage is set to "one").
			The best set is below. Score: 32708.6, number of alignments: 9, unaligned bases: 1390
		This contig is misassembled.
			Excluding internal overlap of size 208 between Alignment 1 and 2: 114150 114733 | 4378 5061 | 584 684 --> 114358 114733 | 4586 5061 | 376 476
			Real Alignment 1: 109249 113833 | 1 4585 | 4585 4585 | 99.98 | 0 NODE_1_length_34829_cov_13.577808
			  Gap between these two alignments (local misassembly). Inconsistency = 524
			Excluding internal overlap of size 202 between Alignment 2 and 3: 114358 114733 | 4586 5061 | 376 476 --> 114358 114531 | 4586 4859 | 174 274
			Real Alignment 2: 114358 114531 | 4586 4859 | 174 274 | 99.66 | 0 NODE_1_length_34829_cov_13.577808
			  Gap between these two alignments (local misassembly). Inconsistency = 1000
			Excluding internal overlap of size 288 between Alignment 3 and 4: 121798 125653 | 10311 14208 | 3856 3898 --> 122086 125653 | 10599 14208 | 3568 3610
			Real Alignment 3: 115532 121241 | 4860 10598 | 5710 5739 | 98.74 | 0 NODE_1_length_34829_cov_13.577808
			  Gap between these two alignments (local misassembly). Inconsistency = 844
			Excluding internal overlap of size 120 between Alignment 4 and 5: 125706 126660 | 14089 15143 | 955 1055 --> 125826 126660 | 14209 15143 | 835 935
			Real Alignment 4: 122086 125653 | 10599 14208 | 3568 3610 | 99.97 | 0 NODE_1_length_34829_cov_13.577808
			  Indel (> 5bp) between these two alignments: deletion of length 172; 0 mismatches (number of Ns: 0)
			Real Alignment 5: 125826 126660 | 14209 15143 | 835 935 | 100.0 | 0 NODE_1_length_34829_cov_13.577808
			  Scaffold gap between these two alignments, gap lengths difference (reference vs assembly) = 5606 (extensive)
			Real Alignment 6: 132367 137875 | 15244 20752 | 5509 5509 | 100.0 | 0 NODE_1_length_34829_cov_13.577808
			  Scaffold gap between these two alignments, gap lengths difference (reference vs assembly) = 1111 (extensive)
			Excluding internal overlap of size 353 between Alignment 7 and 8: 139278 141078 | 21044 22800 | 1801 1757 --> 139278 140725 | 21044 22447 | 1448 1404
			Real Alignment 7: 139278 140725 | 21044 22447 | 1448 1404 | 95.34 | 0 NODE_1_length_34829_cov_13.577808
			  Extensive misassembly (relocation, inconsistency = 1494) between these two alignments
			Real Alignment 8: 142220 148753 | 22448 28981 | 6534 6534 | 99.95 | 0 NODE_1_length_34829_cov_13.577808
			  Scaffold gap between these two alignments, gap lengths difference (reference vs assembly) = 2660 (extensive)
			Real Alignment 9: 152413 157261 | 29981 34829 | 4849 4849 | 99.98 | 0 NODE_1_length_34829_cov_13.577808

CONTIG: NODE_2_length_17033_cov_15.300012 (17033bp)
Best alignment score: 9591.7 (LEN: 9671, IDY: 99.18), Total number of alignments: 4
			Looking for the best set of alignments (out of 4 total alignments)
			The best set is below. Score: 15955.7, number of alignments: 4, unaligned bases: 475
		This contig is misassembled.
			Excluding internal overlap of size 395 between Alignment 1 and 2: 210829 214763 | 141 4004 | 3935 3864 --> 210829 214297 | 141 3609 | 3469 3469
			Real Alignment 1: 210829 214297 | 141 3609 | 3469 3469 | 98.14 | 1 NODE_2_length_17033_cov_15.300012
			  Extensive misassembly (relocation, inconsistency = 2544) between these two alignments
			Real Alignment 2: 216842 226590 | 3610 13280 | 9749 9671 | 99.18 | 1 NODE_2_length_17033_cov_15.300012
			  Scaffold gap between these two alignments, gap lengths difference (reference vs assembly) = 2283 (extensive)
			Real Alignment 3: 228884 230733 | 13291 15140 | 1850 1850 | 100.0 | 1 NODE_2_length_17033_cov_15.300012
			  Scaffold gap between these two alignments, gap lengths difference (reference vs assembly) = 2637 (extensive)
			Real Alignment 4: 233696 235263 | 15466 17033 | 1568 1568 | 99.94 | 1 NODE_2_length_17033_cov_15.300012

CONTIG: NODE_3_length_16101_cov_22.850599 (16101bp)
Best alignment score: 6104.2 (LEN: 6106, IDY: 99.97), Total number of alignments: 6
			Looking for the best set of alignments (out of 6 total alignments)
			Skipping redundant alignments after choosing the best set of alignments
		Skipping redundant alignment 375427 376901 | 13466 14940 | 1475 1475 | 99.93 | 0 NODE_3_length_16101_cov_22.850599
			The best set is below. Score: 14692.2, number of alignments: 5, unaligned bases: 100
		This contig is misassembled.
			Excluding internal overlap of size 762 between Alignment 1 and 2: 342221 345750 | 3545 6925 | 3530 3381 --> 342983 345750 | 4307 6925 | 2768 2619
			Real Alignment 1: 336490 340805 | 1 4306 | 4316 4306 | 99.54 | 0 NODE_3_length_16101_cov_22.850599
			  Extensive misassembly (relocation, inconsistency = 2177) between these two alignments
			Excluding internal overlap of size 194 between Alignment 2 and 3: 346025 348422 | 6732 9241 | 2398 2510 --> 346219 348422 | 6926 9241 | 2204 2316
			Real Alignment 2: 342983 345750 | 4307 6925 | 2768 2619 | 95.68 | 0 NODE_3_length_16101_cov_22.850599
			  Gap between these two alignments (local misassembly). Inconsistency = 468
			Excluding internal overlap of size 254 between Alignment 3 and 4: 346219 348422 | 6926 9241 | 2204 2316 --> 346219 348180 | 6926 8987 | 1962 2062
			Real Alignment 3: 346219 348180 | 6926 8987 | 1962 2062 | 100.0 | 0 NODE_3_length_16101_cov_22.850599
			  Extensive misassembly (relocation, inconsistency = 8821) between these two alignments
			Real Alignment 4: 357002 363095 | 8988 15093 | 6094 6106 | 99.97 | 0 NODE_3_length_16101_cov_22.850599
			  Extensive misassembly (relocation, inconsistency = 13706, scaffold gap is present) between these two alignments
			Real Alignment 5: 376902 377809 | 15194 16101 | 908 908 | 100.0 | 0 NODE_3_length_16101_cov_22.850599

CONTIG: NODE_4_length_14488_cov_13.682257 (14488bp)
Best alignment score: 13485.2 (LEN: 13752, IDY: 98.06), Total number of alignments: 2
			Looking for the best set of alignments (out of 2 total alignments)
			The best set is below. Score: 14116.2, number of alignments: 2, unaligned bases: 100
		This contig is misassembled.
			Real Alignment 1: 72700 73335 | 1 636 | 636 636 | 100.0 | 0 NODE_4_length_14488_cov_13.682257
			  Scaffold gap between these two alignments, gap lengths difference (reference vs assembly) = 62 (local)
			Real Alignment 2: 73498 87189 | 737 14488 | 13692 13752 | 98.06 | 0 NODE_4_length_14488_cov_13.682257

CONTIG: NODE_5_length_10120_cov_16.941750 (10120bp)
Best alignment score: 4074.0 (LEN: 4074, IDY: 100.00), Total number of alignments: 3
			Looking for the best set of alignments (out of 3 total alignments)
			The best set is below. Score: 9753.0, number of alignments: 3, unaligned bases: 100
		This contig is misassembled.
			Real Alignment 1: 194609 197122 | 1 2514 | 2514 2514 | 99.96 | 1 NODE_5_length_10120_cov_16.941750
			  Scaffold gap between these two alignments, gap lengths difference (reference vs assembly) = 0 (local)
			Real Alignment 2: 197223 201296 | 2615 6688 | 4074 4074 | 100.0 | 1 NODE_5_length_10120_cov_16.941750
			  Extensive misassembly (relocation, inconsistency = 1183) between these two alignments
			Real Alignment 3: 202480 205911 | 6689 10120 | 3432 3432 | 99.68 | 1 NODE_5_length_10120_cov_16.941750

CONTIG: NODE_6_length_9546_cov_16.157356 (9546bp)
Best alignment score: 9369.4 (LEN: 9546, IDY: 98.15), Total number of alignments: 1
		One align captures most of this contig: 39687 49404 | 1 9546 | 9718 9546 | 98.15 | 1 NODE_6_length_9546_cov_16.157356

CONTIG: NODE_7_length_9117_cov_22.293916 (9117bp)
Best alignment score: 5772.7 (LEN: 5775, IDY: 99.96), Total number of alignments: 17
			Looking for the best set of alignments (out of 17 total alignments)
			Skipping redundant alignments after choosing the best set of alignments
		Skipping redundant alignment 195221 196102 | 6012 6893 | 882 882 | 99.89 | 0 NODE_7_length_9117_cov_22.293916
		Skipping redundant alignment 192762 193643 | 6012 6893 | 882 882 | 99.66 | 0 NODE_7_length_9117_cov_22.293916
		Skipping redundant alignment 197569 198450 | 6012 6893 | 882 882 | 99.66 | 0 NODE_7_length_9117_cov_22.293916
		Skipping redundant alignment 176698 177577 | 6012 6893 | 880 882 | 99.32 | 0 NODE_7_length_9117_cov_22.293916
		Skipping redundant alignment 190410 191291 | 6012 6893 | 882 882 | 99.21 | 0 NODE_7_length_9117_cov_22.293916
		Skipping redundant alignment 180798 181694 | 6012 6893 | 897 882 | 97.99 | 0 NODE_7_length_9117_cov_22.293916
		Skipping redundant alignment 193644 193941 | 7073 7370 | 298 298 | 100.0 | 0 NODE_7_length_9117_cov_22.293916
		Skipping redundant alignment 177578 177875 | 7073 7370 | 298 298 | 100.0 | 0 NODE_7_length_9117_cov_22.293916
		Skipping redundant alignment 175214 175511 | 7073 7370 | 298 298 | 99.66 | 0 NODE_7_length_9117_cov_22.293916
		Skipping redundant alignment 196103 196400 | 7073 7370 | 298 298 | 99.66 | 0 NODE_7_length_9117_cov_22.293916
		Skipping redundant alignment 191292 191589 | 7073 7370 | 298 298 | 99.33 | 0 NODE_7_length_9117_cov_22.293916
		Skipping redundant alignment 198451 198741 | 7073 7370 | 291 298 | 97.65 | 0 NODE_7_length_9117_cov_22.293916
		This contig has several significant sets of alignments. [An ambiguously mapped contig]
		Using only the very best set (option --ambiguity-usage is set to "one").
			The best set is below. Score: 8211.4, number of alignments: 5, unaligned bases: 189
		This contig is misassembled.
			Excluding internal overlap of size 502 between Alignment 1 and 2: 216328 217379 | 1 1058 | 1052 1058 --> 216328 216883 | 1 556 | 556 556
			Real Alignment 1: 216328 216883 | 1 556 | 556 556 | 100.0 | 0 NODE_7_length_9117_cov_22.293916
			  Gap between these two alignments (local misassembly). Inconsistency = 992
			Excluding internal overlap of size 320 between Alignment 2 and 3: 174332 175213 | 6012 6893 | 882 882 --> 174652 175213 | 6332 6893 | 562 562
			Real Alignment 2: 217876 223644 | 557 6331 | 5769 5775 | 99.96 | 0 NODE_7_length_9117_cov_22.293916
			  Extensive misassembly (relocation, inconsistency = -48993) between these two alignments
			Real Alignment 3: 174652 175213 | 6332 6893 | 562 562 | 100.0 | 0 NODE_7_length_9117_cov_22.293916
			  Scaffold gap between these two alignments, gap lengths difference (reference vs assembly) = 6302 (extensive)
			Real Alignment 4: 181695 181992 | 7073 7370 | 298 298 | 100.0 | 0 NODE_7_length_9117_cov_22.293916
			  Extensive misassembly (relocation, inconsistency = 41565, scaffold gap is present) between these two alignments
			Real Alignment 5: 223568 225304 | 7381 9117 | 1737 1737 | 99.94 | 0 NODE_7_length_9117_cov_22.293916

CONTIG: NODE_8_length_7675_cov_20.346407 (7675bp)
Best alignment score: 4756.0 (LEN: 4756, IDY: 100.00), Total number of alignments: 4
			Looking for the best set of alignments (out of 4 total alignments)
			The best set is below. Score: 7275.0, number of alignments: 4, unaligned bases: 331
		This contig is misassembled.
			Real Alignment 1: 62292 62525 | 234 1 | 234 234 | 99.57 | 1 NODE_8_length_7675_cov_20.346407
			  Gap between these two alignments (local misassembly). Inconsistency = -231
			Real Alignment 2: 60821 62291 | 1936 466 | 1471 1471 | 99.32 | 1 NODE_8_length_7675_cov_20.346407
			  Gap between these two alignments (local misassembly). Inconsistency = 308
			Real Alignment 3: 55757 60512 | 6692 1937 | 4756 4756 | 100.0 | 1 NODE_8_length_7675_cov_20.346407
			  Scaffold gap between these two alignments, gap lengths difference (reference vs assembly) = 0 (local)
			Real Alignment 4: 54769 55656 | 7675 6793 | 888 883 | 99.44 | 1 NODE_8_length_7675_cov_20.346407

CONTIG: NODE_9_length_6648_cov_29.079592 (6648bp)
Best alignment score: 3874.0 (LEN: 3874, IDY: 100.00), Total number of alignments: 3
			Looking for the best set of alignments (out of 3 total alignments)
			The best set is below. Score: 6437.0, number of alignments: 3, unaligned bases: 200
		This contig is misassembled.
			Real Alignment 1: 37043 38729 | 1 1687 | 1687 1687 | 100.0 | 0 NODE_9_length_6648_cov_29.079592
			  Scaffold gap between these two alignments, gap lengths difference (reference vs assembly) = 371 (local)
			Real Alignment 2: 39201 43074 | 1788 5661 | 3874 3874 | 100.0 | 0 NODE_9_length_6648_cov_29.079592
			  Scaffold gap between these two alignments, gap lengths difference (reference vs assembly) = 2583 (extensive)
			Real Alignment 3: 45758 46644 | 5762 6648 | 887 887 | 99.89 | 0 NODE_9_length_6648_cov_29.079592

CONTIG: NODE_10_length_6561_cov_15.831277 (6561bp)
Best alignment score: 4118.2 (LEN: 4119, IDY: 99.98), Total number of alignments: 3
			Looking for the best set of alignments (out of 3 total alignments)
			The best set is below. Score: 6461.3, number of alignments: 3, unaligned bases: 0
		This contig is misassembled.
			Excluding internal overlap of size 180 between Alignment 1 and 2: 235674 236765 | 3940 5131 | 1092 1192 --> 235854 236765 | 4120 5131 | 912 1012
			Real Alignment 1: 231426 235544 | 1 4119 | 4119 4119 | 99.98 | 0 NODE_10_length_6561_cov_15.831277
			  Gap between these two alignments (local misassembly). Inconsistency = 309
			Excluding internal overlap of size 206 between Alignment 2 and 3: 235854 236765 | 4120 5131 | 912 1012 --> 235854 236559 | 4120 4925 | 706 806
			Real Alignment 2: 235854 236559 | 4120 4925 | 706 806 | 99.91 | 0 NODE_10_length_6561_cov_15.831277
			  Gap between these two alignments (local misassembly). Inconsistency = 333
			Real Alignment 3: 236893 238428 | 4926 6561 | 1536 1636 | 99.87 | 0 NODE_10_length_6561_cov_15.831277

CONTIG: NODE_11_length_4401_cov_9.270120 (4401bp)
Best alignment score: 4401.0 (LEN: 4401, IDY: 100.00), Total number of alignments: 1
		One align captures most of this contig: 356166 360566 | 1 4401 | 4401 4401 | 100.0 | 1 NODE_11_length_4401_cov_9.270120

CONTIG: NODE_12_length_3861_cov_9.170983 (3861bp)
Best alignment score: 3789.2 (LEN: 3861, IDY: 98.14), Total number of alignments: 1
		One align captures most of this contig: 13769 17459 | 1 3861 | 3691 3861 | 98.14 | 1 NODE_12_length_3861_cov_9.170983

CONTIG: NODE_13_length_3448_cov_9.285969 (3448bp)
Best alignment score: 1965.0 (LEN: 1965, IDY: 100.00), Total number of alignments: 2
			Looking for the best set of alignments (out of 2 total alignments)
			The best set is below. Score: 3343.0, number of alignments: 2, unaligned bases: 100
		This contig is misassembled.
			Real Alignment 1: 67646 69028 | 1 1383 | 1383 1383 | 100.0 | 1 NODE_13_length_3448_cov_9.285969
			  Scaffold gap between these two alignments, gap lengths difference (reference vs assembly) = 2451 (extensive)
			Real Alignment 2: 71580 73544 | 1484 3448 | 1965 1965 | 100.0 | 1 NODE_13_length_3448_cov_9.285969

CONTIG: NODE_14_length_3421_cov_9.670455 (3421bp)
Best alignment score: 3421.0 (LEN: 3421, IDY: 100.00), Total number of alignments: 1
		One align captures most of this contig: 100871 104291 | 3421 1 | 3421 3421 | 100.0 | 1 NODE_14_length_3421_cov_9.670455

CONTIG: NODE_15_length_3099_cov_9.316678 (3099bp)
Best alignment score: 3099.0 (LEN: 3099, IDY: 100.00), Total number of alignments: 1
		One align captures most of this contig: 170564 173662 | 3099 1 | 3099 3099 | 100.0 | 0 NODE_15_length_3099_cov_9.316678

CONTIG: NODE_16_length_3092_cov_9.523715 (3092bp)
Best alignment score: 3092.0 (LEN: 3092, IDY: 100.00), Total number of alignments: 1
		One align captures most of this contig: 105945 109036 | 1 3092 | 3092 3092 | 100.0 | 1 NODE_16_length_3092_cov_9.523715

CONTIG: NODE_17_length_3067_cov_8.004682 (3067bp)
Best alignment score: 1511.0 (LEN: 1511, IDY: 100.00), Total number of alignments: 2
			Looking for the best set of alignments (out of 2 total alignments)
			The best set is below. Score: 2962.0, number of alignments: 2, unaligned bases: 100
		This contig is misassembled.
			Real Alignment 1: 434928 436383 | 1456 1 | 1456 1456 | 100.0 | 1 NODE_17_length_3067_cov_8.004682
			  Scaffold gap between these two alignments, gap lengths difference (reference vs assembly) = 1568 (extensive)
			Real Alignment 2: 431749 433259 | 3067 1557 | 1511 1511 | 100.0 | 1 NODE_17_length_3067_cov_8.004682

CONTIG: NODE_18_length_2978_cov_9.183730 (2978bp)
Best alignment score: 2978.0 (LEN: 2978, IDY: 100.00), Total number of alignments: 1
		One align captures most of this contig: 146955 149932 | 1 2978 | 2978 2978 | 100.0 | 1 NODE_18_length_2978_cov_9.183730

CONTIG: NODE_19_length_2860_cov_10.765720 (2860bp)
Best alignment score: 2860.0 (LEN: 2860, IDY: 100.00), Total number of alignments: 1
		One align captures most of this contig: 353312 356171 | 2860 1 | 2860 2860 | 100.0 | 1 NODE_19_length_2860_cov_10.765720

CONTIG: NODE_20_length_2752_cov_9.725981 (2752bp)
Best alignment score: 2752.0 (LEN: 2752, IDY: 100.00), Total number of alignments: 1
		One align captures most of this contig: 81017 83768 | 2752 1 | 2752 2752 | 100.0 | 1 NODE_20_length_2752_cov_9.725981

CONTIG: NODE_21_length_2464_cov_10.423544 (2464bp)
Best alignment score: 2464.0 (LEN: 2464, IDY: 100.00), Total number of alignments: 1
		One align captures most of this contig: 253201 255664 | 1 2464 | 2464 2464 | 100.0 | 1 NODE_21_length_2464_cov_10.423544

CONTIG: NODE_22_length_1767_cov_10.200592 (1767bp)
Best alignment score: 1767.0 (LEN: 1767, IDY: 100.00), Total number of alignments: 1
		One align captures most of this contig: 62324 64090 | 1 1767 | 1767 1767 | 100.0 | 0 NODE_22_length_1767_cov_10.200592

CONTIG: NODE_23_length_1752_cov_10.235821 (1752bp)
Best alignment score: 1752.0 (LEN: 1752, IDY: 100.00), Total number of alignments: 1
		One align captures most of this contig: 140027 141778 | 1752 1 | 1752 1752 | 100.0 | 1 NODE_23_length_1752_cov_10.235821

CONTIG: NODE_24_length_1706_cov_10.314303 (1706bp)
Best alignment score: 1706.0 (LEN: 1706, IDY: 100.00), Total number of alignments: 1
		One align captures most of this contig: 57447 59152 | 1706 1 | 1706 1706 | 100.0 | 0 NODE_24_length_1706_cov_10.314303

CONTIG: NODE_25_length_1666_cov_8.755821 (1666bp)
Best alignment score: 1666.0 (LEN: 1666, IDY: 100.00), Total number of alignments: 1
		One align captures most of this contig: 55042 56707 | 1666 1 | 1666 1666 | 100.0 | 0 NODE_25_length_1666_cov_8.755821

CONTIG: NODE_26_length_1552_cov_76.947119 (1552bp)
Best alignment score: 1550.0 (LEN: 1552, IDY: 99.87), Total number of alignments: 8
		This contig has 8 significant alignments. [An ambiguously mapped contig]
		Using only first of these alignment (option --ambiguity-usage is set to "one"):
			Alignment: 156798 158349 | 1 1552 | 1552 1552 | 99.87 | 1 NODE_26_length_1552_cov_76.947119
			Skipping alignment 152031 153592 | 1 1552 | 1562 1552 | 99.36 | 1 NODE_26_length_1552_cov_76.947119
			Skipping alignment 150442 152003 | 1 1552 | 1562 1552 | 99.3 | 1 NODE_26_length_1552_cov_76.947119
			Skipping alignment 155209 156770 | 1 1552 | 1562 1552 | 99.3 | 1 NODE_26_length_1552_cov_76.947119
			Skipping alignment 153620 155181 | 1 1552 | 1562 1552 | 99.23 | 1 NODE_26_length_1552_cov_76.947119
			Skipping alignment 159966 161527 | 1 1552 | 1562 1552 | 99.23 | 1 NODE_26_length_1552_cov_76.947119
			Skipping alignment 158377 159938 | 1 1552 | 1562 1552 | 99.17 | 1 NODE_26_length_1552_cov_76.947119
			Skipping alignment 161555 163113 | 1 1552 | 1559 1552 | 99.04 | 1 NODE_26_length_1552_cov_76.947119

CONTIG: NODE_27_length_1506_cov_9.731281 (1506bp)
Best alignment score: 1506.0 (LEN: 1506, IDY: 100.00), Total number of alignments: 1
		One align captures most of this contig: 78463 79968 | 1506 1 | 1506 1506 | 100.0 | 1 NODE_27_length_1506_cov_9.731281

CONTIG: NODE_28_length_1458_cov_9.746560 (1458bp)
Best alignment score: 1458.0 (LEN: 1458, IDY: 100.00), Total number of alignments: 1
		One align captures most of this contig: 334165 335622 | 1458 1 | 1458 1458 | 100.0 | 1 NODE_28_length_1458_cov_9.746560

CONTIG: NODE_29_length_1293_cov_10.808388 (1293bp)
Best alignment score: 1293.0 (LEN: 1293, IDY: 100.00), Total number of alignments: 1
		One align captures most of this contig: 165007 166299 | 1 1293 | 1293 1293 | 100.0 | 1 NODE_29_length_1293_cov_10.808388

CONTIG: NODE_30_length_1217_cov_9.214035 (1217bp)
Best alignment score: 1217.0 (LEN: 1217, IDY: 100.00), Total number of alignments: 1
		One align captures most of this contig: 12612 13828 | 1 1217 | 1217 1217 | 100.0 | 1 NODE_30_length_1217_cov_9.214035

CONTIG: NODE_31_length_1212_cov_87.282819 (1212bp)
Best alignment score: 1211.0 (LEN: 1212, IDY: 99.92), Total number of alignments: 11
		Skipping these alignments as insignificant (option --ambiguity-score is set to "0.99"):
			Skipping alignment 343043 344314 | 1212 1 | 1272 1212 | 95.28 | 1 NODE_31_length_1212_cov_87.282819
			Skipping alignment 337293 338564 | 1212 1 | 1272 1212 | 95.2 | 1 NODE_31_length_1212_cov_87.282819
			Skipping alignment 351696 352967 | 1212 1 | 1272 1212 | 95.2 | 1 NODE_31_length_1212_cov_87.282819
			Skipping alignment 344796 346067 | 1212 1 | 1272 1212 | 95.13 | 1 NODE_31_length_1212_cov_87.282819
			Skipping alignment 349943 351214 | 1212 1 | 1272 1212 | 95.13 | 1 NODE_31_length_1212_cov_87.282819
			Skipping alignment 335606 336877 | 1212 1 | 1272 1212 | 95.13 | 1 NODE_31_length_1212_cov_87.282819
			Skipping alignment 339425 340325 | 901 1 | 901 901 | 99.78 | 1 NODE_31_length_1212_cov_87.282819
			Skipping alignment 348613 349513 | 901 1 | 901 901 | 99.67 | 1 NODE_31_length_1212_cov_87.282819
			Skipping alignment 348242 348552 | 1212 902 | 311 311 | 99.68 | 1 NODE_31_length_1212_cov_87.282819
			Skipping alignment 339046 339364 | 1212 902 | 319 311 | 97.49 | 1 NODE_31_length_1212_cov_87.282819
		One align captures most of this contig: 346549 347760 | 1212 1 | 1212 1212 | 99.92 | 1 NODE_31_length_1212_cov_87.282819

CONTIG: NODE_32_length_1116_cov_7.833494 (1116bp)
Best alignment score: 1116.0 (LEN: 1116, IDY: 100.00), Total number of alignments: 1
		One align captures most of this contig: 226514 227629 | 1 1116 | 1116 1116 | 100.0 | 1 NODE_32_length_1116_cov_7.833494

CONTIG: NODE_33_length_1109_cov_59.142442 (1109bp)
Best alignment score: 746.0 (LEN: 747, IDY: 99.87), Total number of alignments: 6
			Looking for the best set of alignments (out of 6 total alignments)
			Skipping redundant alignments after choosing the best set of alignments
		Skipping redundant alignment 434171 434283 | 115 3 | 113 113 | 100.0 | 1 NODE_33_length_1109_cov_59.142442
		Skipping redundant alignment 433731 434085 | 470 116 | 355 355 | 100.0 | 1 NODE_33_length_1109_cov_59.142442
		Skipping redundant alignment 433184 433730 | 1109 563 | 547 547 | 100.0 | 1 NODE_33_length_1109_cov_59.142442
		This contig has several significant sets of alignments. [An ambiguously mapped contig]
		Using only the very best set (option --ambiguity-usage is set to "one").
			The best set is below. Score: 1106.0, number of alignments: 3, unaligned bases: 2
		This contig is misassembled.
			Real Alignment 1: 434818 434930 | 115 3 | 113 113 | 100.0 | 1 NODE_33_length_1109_cov_59.142442
			  Indel (> 5bp) between these two alignments: deletion of length 85; 0 mismatches (number of Ns: 0)
			Real Alignment 2: 433986 434732 | 862 116 | 747 747 | 99.87 | 1 NODE_33_length_1109_cov_59.142442
			  Indel (> 5bp) between these two alignments: deletion of length 85; 0 mismatches (number of Ns: 0)
			Real Alignment 3: 433654 433900 | 1109 863 | 247 247 | 100.0 | 1 NODE_33_length_1109_cov_59.142442

CONTIG: NODE_34_length_1082_cov_90.243781 (1082bp)
Best alignment score: 1071.1 (LEN: 1082, IDY: 98.99), Total number of alignments: 7
		Skipping these alignments as insignificant (option --ambiguity-score is set to "0.99"):
			Skipping alignment 175674 176613 | 1082 143 | 940 940 | 99.89 | 0 NODE_34_length_1082_cov_90.243781
			Skipping alignment 186389 187328 | 1082 143 | 940 940 | 99.79 | 0 NODE_34_length_1082_cov_90.243781
			Skipping alignment 189386 190325 | 1082 143 | 940 940 | 99.79 | 0 NODE_34_length_1082_cov_90.243781
			Skipping alignment 191738 192677 | 1082 143 | 940 940 | 99.68 | 0 NODE_34_length_1082_cov_90.243781
			Skipping alignment 196545 197484 | 1082 143 | 940 940 | 99.57 | 0 NODE_34_length_1082_cov_90.243781
			Skipping alignment 179605 180454 | 1082 265 | 850 818 | 95.76 | 0 NODE_34_length_1082_cov_90.243781
		One align captures most of this contig: 194104 195193 | 1082 1 | 1090 1082 | 98.99 | 0 NODE_34_length_1082_cov_90.243781

CONTIG: NODE_35_length_1066_cov_7.644085 (1066bp)
Best alignment score: 1066.0 (LEN: 1066, IDY: 100.00), Total number of alignments: 1
		One align captures most of this contig: 225567 226632 | 1 1066 | 1066 1066 | 100.0 | 0 NODE_35_length_1066_cov_7.644085

CONTIG: NODE_36_length_1043_cov_111.956522 (1043bp)
Best alignment score: 1021.4 (LEN: 1043, IDY: 97.93), Total number of alignments: 10
		Skipping these alignments as insignificant (option --ambiguity-score is set to "0.99"):
			Skipping alignment 94441 95512 | 1043 1 | 1072 1043 | 96.92 | 1 NODE_36_length_1043_cov_111.956522
			Skipping alignment 91024 91777 | 756 3 | 754 754 | 99.87 | 1 NODE_36_length_1043_cov_111.956522
			Skipping alignment 90340 90490 | 1043 893 | 151 151 | 100.0 | 1 NODE_36_length_1043_cov_111.956522
			Skipping alignment 90512 90647 | 892 757 | 136 136 | 99.26 | 1 NODE_36_length_1043_cov_111.956522
		This contig has 6 significant alignments. [An ambiguously mapped contig]
		Using only first of these alignment (option --ambiguity-usage is set to "one"):
			Alignment: 83692 84755 | 1043 1 | 1064 1043 | 97.93 | 1 NODE_36_length_1043_cov_111.956522
			Skipping alignment 89104 90167 | 1043 1 | 1064 1043 | 97.65 | 1 NODE_36_length_1043_cov_111.956522
			Skipping alignment 84928 85991 | 1043 1 | 1064 1043 | 97.65 | 1 NODE_36_length_1043_cov_111.956522
			Skipping alignment 86164 87227 | 1043 1 | 1064 1043 | 97.65 | 1 NODE_36_length_1043_cov_111.956522
			Skipping alignment 91952 93018 | 1043 1 | 1067 1043 | 97.47 | 1 NODE_36_length_1043_cov_111.956522
			Skipping alignment 93205 94262 | 1043 7 | 1058 1037 | 97.54 | 1 NODE_36_length_1043_cov_111.956522

CONTIG: NODE_37_length_967_cov_387.270787 (967bp)
Best alignment score: 966.0 (LEN: 967, IDY: 99.90), Total number of alignments: 39
		Skipping these alignments as insignificant (option --ambiguity-score is set to "0.99"):
			Skipping alignment 20062 20498 | 437 1 | 437 437 | 100.0 | 1 NODE_37_length_967_cov_387.270787
			Skipping alignment 22644 23080 | 437 1 | 437 437 | 100.0 | 1 NODE_37_length_967_cov_387.270787
			Skipping alignment 31228 31664 | 437 1 | 437 437 | 100.0 | 1 NODE_37_length_967_cov_387.270787
			Skipping alignment 35520 35956 | 437 1 | 437 437 | 100.0 | 1 NODE_37_length_967_cov_387.270787
			Skipping alignment 18298 18734 | 437 1 | 437 437 | 100.0 | 1 NODE_37_length_967_cov_387.270787
			Skipping alignment 17862 18298 | 437 1 | 437 437 | 100.0 | 1 NODE_37_length_967_cov_387.270787
			Skipping alignment 19626 20062 | 437 1 | 437 437 | 100.0 | 1 NODE_37_length_967_cov_387.270787
			Skipping alignment 26936 27372 | 437 1 | 437 437 | 100.0 | 1 NODE_37_length_967_cov_387.270787
			Skipping alignment 19626 20061 | 967 532 | 436 436 | 100.0 | 1 NODE_37_length_967_cov_387.270787
			Skipping alignment 22208 22643 | 967 532 | 436 436 | 100.0 | 1 NODE_37_length_967_cov_387.270787
			Skipping alignment 30792 31227 | 967 532 | 436 436 | 100.0 | 1 NODE_37_length_967_cov_387.270787
			Skipping alignment 35084 35519 | 967 532 | 436 436 | 100.0 | 1 NODE_37_length_967_cov_387.270787
			Skipping alignment 17862 18297 | 967 532 | 436 436 | 100.0 | 1 NODE_37_length_967_cov_387.270787
			Skipping alignment 32938 33373 | 967 532 | 436 436 | 100.0 | 1 NODE_37_length_967_cov_387.270787
			Skipping alignment 37230 37665 | 967 532 | 436 436 | 100.0 | 1 NODE_37_length_967_cov_387.270787
			Skipping alignment 20062 20497 | 967 532 | 436 436 | 100.0 | 1 NODE_37_length_967_cov_387.270787
			Skipping alignment 18298 18733 | 967 532 | 436 436 | 100.0 | 1 NODE_37_length_967_cov_387.270787
			Skipping alignment 33374 33810 | 437 1 | 437 437 | 99.77 | 1 NODE_37_length_967_cov_387.270787
			Skipping alignment 37666 38102 | 437 1 | 437 437 | 99.77 | 1 NODE_37_length_967_cov_387.270787
			Skipping alignment 20498 20934 | 437 1 | 437 437 | 99.77 | 1 NODE_37_length_967_cov_387.270787
			Skipping alignment 29082 29518 | 437 1 | 437 437 | 99.77 | 1 NODE_37_length_967_cov_387.270787
			Skipping alignment 19190 19626 | 437 1 | 437 437 | 99.77 | 1 NODE_37_length_967_cov_387.270787
			Skipping alignment 17426 17861 | 967 532 | 436 436 | 99.77 | 1 NODE_37_length_967_cov_387.270787
			Skipping alignment 19190 19625 | 967 532 | 436 436 | 99.77 | 1 NODE_37_length_967_cov_387.270787
			Skipping alignment 26500 26935 | 967 532 | 436 436 | 99.77 | 1 NODE_37_length_967_cov_387.270787
			Skipping alignment 28646 29081 | 967 532 | 436 436 | 99.77 | 1 NODE_37_length_967_cov_387.270787
			Skipping alignment 24790 25226 | 437 1 | 437 437 | 99.54 | 1 NODE_37_length_967_cov_387.270787
			Skipping alignment 24354 24789 | 967 532 | 436 436 | 99.31 | 1 NODE_37_length_967_cov_387.270787
			Skipping alignment 18734 19190 | 437 1 | 457 437 | 95.62 | 1 NODE_37_length_967_cov_387.270787
			Skipping alignment 18734 19189 | 967 532 | 456 436 | 95.61 | 1 NODE_37_length_967_cov_387.270787
		This contig has 9 significant alignments. [An ambiguously mapped contig]
		Using only first of these alignment (option --ambiguity-usage is set to "one"):
			Alignment: 35520 36486 | 967 1 | 967 967 | 99.9 | 1 NODE_37_length_967_cov_387.270787
			Skipping alignment 20498 21464 | 967 1 | 967 967 | 99.9 | 1 NODE_37_length_967_cov_387.270787
			Skipping alignment 37666 38632 | 967 1 | 967 967 | 99.9 | 1 NODE_37_length_967_cov_387.270787
			Skipping alignment 26936 27902 | 967 1 | 967 967 | 99.9 | 1 NODE_37_length_967_cov_387.270787
			Skipping alignment 33374 34340 | 967 1 | 967 967 | 99.9 | 1 NODE_37_length_967_cov_387.270787
			Skipping alignment 31228 32194 | 967 1 | 967 967 | 99.9 | 1 NODE_37_length_967_cov_387.270787
			Skipping alignment 29082 30048 | 967 1 | 967 967 | 99.9 | 1 NODE_37_length_967_cov_387.270787
			Skipping alignment 22644 23610 | 967 1 | 967 967 | 99.79 | 1 NODE_37_length_967_cov_387.270787
			Skipping alignment 24790 25756 | 967 1 | 967 967 | 99.69 | 1 NODE_37_length_967_cov_387.270787

CONTIG: NODE_38_length_953_cov_193.494292 (953bp)
Best alignment score: 930.5 (LEN: 953, IDY: 97.64), Total number of alignments: 16
		Skipping these alignments as insignificant (option --ambiguity-score is set to "0.99"):
			Skipping alignment 169380 170327 | 1 953 | 948 953 | 96.28 | 1 NODE_38_length_953_cov_193.494292
			Skipping alignment 170102 171074 | 1 953 | 973 953 | 96.09 | 1 NODE_38_length_953_cov_193.494292
			Skipping alignment 170356 171328 | 1 953 | 973 953 | 95.99 | 1 NODE_38_length_953_cov_193.494292
			Skipping alignment 167234 168201 | 1 953 | 968 953 | 95.97 | 1 NODE_38_length_953_cov_193.494292
			Skipping alignment 170595 171582 | 1 953 | 988 953 | 95.95 | 1 NODE_38_length_953_cov_193.494292
			Skipping alignment 166980 167967 | 1 953 | 988 953 | 95.95 | 1 NODE_38_length_953_cov_193.494292
			Skipping alignment 168912 169839 | 1 953 | 928 953 | 95.8 | 1 NODE_38_length_953_cov_193.494292
			Skipping alignment 169146 170073 | 1 953 | 928 953 | 95.8 | 1 NODE_38_length_953_cov_193.494292
			Skipping alignment 168678 169605 | 1 953 | 928 953 | 95.7 | 1 NODE_38_length_953_cov_193.494292
			Skipping alignment 168444 169371 | 1 953 | 928 953 | 95.59 | 1 NODE_38_length_953_cov_193.494292
			Skipping alignment 167976 168903 | 1 953 | 928 953 | 95.59 | 1 NODE_38_length_953_cov_193.494292
			Skipping alignment 167742 168669 | 1 953 | 928 953 | 95.59 | 1 NODE_38_length_953_cov_193.494292
			Skipping alignment 168210 169137 | 1 953 | 928 953 | 95.59 | 1 NODE_38_length_953_cov_193.494292
			Skipping alignment 167488 168435 | 1 953 | 948 953 | 95.38 | 1 NODE_38_length_953_cov_193.494292
		This contig has 2 significant alignments. [An ambiguously mapped contig]
		Using only first of these alignment (option --ambiguity-usage is set to "one"):
			Alignment: 169848 170820 | 1 953 | 973 953 | 97.64 | 1 NODE_38_length_953_cov_193.494292
			Skipping alignment 169614 170566 | 1 953 | 953 953 | 96.8 | 1 NODE_38_length_953_cov_193.494292

CONTIG: NODE_39_length_875_cov_9.502506 (875bp)
Best alignment score: 875.0 (LEN: 875, IDY: 100.00), Total number of alignments: 1
		One align captures most of this contig: 10294 11168 | 875 1 | 875 875 | 100.0 | 1 NODE_39_length_875_cov_9.502506

CONTIG: NODE_40_length_838_cov_9.697766 (838bp)
Best alignment score: 838.0 (LEN: 838, IDY: 100.00), Total number of alignments: 1
		One align captures most of this contig: 7793 8630 | 1 838 | 838 838 | 100.0 | 1 NODE_40_length_838_cov_9.697766

CONTIG: NODE_41_length_833_cov_7.425926 (833bp)
Best alignment score: 832.0 (LEN: 833, IDY: 99.88), Total number of alignments: 1
		One align captures most of this contig: 20 852 | 1 833 | 833 833 | 99.88 | 1 NODE_41_length_833_cov_7.425926

CONTIG: NODE_42_length_827_cov_143.920000 (827bp)
Best alignment score: 825.0 (LEN: 827, IDY: 99.76), Total number of alignments: 33
		Skipping these alignments as insignificant (option --ambiguity-score is set to "0.99"):
			Skipping alignment 124759 125182 | 404 827 | 424 424 | 100.0 | 1 NODE_42_length_827_cov_143.920000
			Skipping alignment 122984 123407 | 404 827 | 424 424 | 100.0 | 1 NODE_42_length_827_cov_143.920000
			Skipping alignment 117514 117937 | 404 827 | 424 424 | 100.0 | 1 NODE_42_length_827_cov_143.920000
			Skipping alignment 126534 126957 | 404 827 | 424 424 | 100.0 | 1 NODE_42_length_827_cov_143.920000
			Skipping alignment 136972 137395 | 404 827 | 424 424 | 100.0 | 1 NODE_42_length_827_cov_143.920000
			Skipping alignment 384757 385180 | 404 827 | 424 424 | 100.0 | 1 NODE_42_length_827_cov_143.920000
			Skipping alignment 138804 139227 | 404 827 | 424 424 | 99.76 | 1 NODE_42_length_827_cov_143.920000
			Skipping alignment 112195 112618 | 404 827 | 424 424 | 99.76 | 1 NODE_42_length_827_cov_143.920000
			Skipping alignment 113970 114393 | 404 827 | 424 424 | 99.76 | 1 NODE_42_length_827_cov_143.920000
			Skipping alignment 115739 116162 | 404 827 | 424 424 | 99.76 | 1 NODE_42_length_827_cov_143.920000
			Skipping alignment 119434 119857 | 404 827 | 424 424 | 99.76 | 1 NODE_42_length_827_cov_143.920000
			Skipping alignment 139680 140103 | 404 827 | 424 424 | 99.53 | 1 NODE_42_length_827_cov_143.920000
			Skipping alignment 128287 128710 | 404 827 | 424 424 | 99.53 | 1 NODE_42_length_827_cov_143.920000
			Skipping alignment 127408 127831 | 404 827 | 424 424 | 99.53 | 1 NODE_42_length_827_cov_143.920000
			Skipping alignment 121209 121632 | 404 827 | 424 424 | 99.53 | 1 NODE_42_length_827_cov_143.920000
			Skipping alignment 130865 131284 | 404 823 | 420 420 | 99.52 | 1 NODE_42_length_827_cov_143.920000
			Skipping alignment 139357 139679 | 1 323 | 323 323 | 99.69 | 1 NODE_42_length_827_cov_143.920000
			Skipping alignment 127964 128286 | 1 323 | 323 323 | 99.69 | 1 NODE_42_length_827_cov_143.920000
			Skipping alignment 124436 124758 | 1 323 | 323 323 | 99.38 | 1 NODE_42_length_827_cov_143.920000
			Skipping alignment 122661 122983 | 1 323 | 323 323 | 99.38 | 1 NODE_42_length_827_cov_143.920000
			Skipping alignment 117191 117513 | 1 323 | 323 323 | 99.38 | 1 NODE_42_length_827_cov_143.920000
			Skipping alignment 126211 126533 | 1 323 | 323 323 | 99.38 | 1 NODE_42_length_827_cov_143.920000
			Skipping alignment 138481 138803 | 1 323 | 323 323 | 99.38 | 1 NODE_42_length_827_cov_143.920000
			Skipping alignment 111872 112194 | 1 323 | 323 323 | 99.38 | 1 NODE_42_length_827_cov_143.920000
			Skipping alignment 113647 113969 | 1 323 | 323 323 | 99.38 | 1 NODE_42_length_827_cov_143.920000
			Skipping alignment 127087 127407 | 1 323 | 321 323 | 99.38 | 1 NODE_42_length_827_cov_143.920000
			Skipping alignment 120886 121208 | 1 323 | 323 323 | 99.38 | 1 NODE_42_length_827_cov_143.920000
			Skipping alignment 130542 130864 | 1 323 | 323 323 | 99.07 | 1 NODE_42_length_827_cov_143.920000
			Skipping alignment 136643 136971 | 1 323 | 329 323 | 97.57 | 1 NODE_42_length_827_cov_143.920000
			Skipping alignment 115424 115738 | 1 323 | 315 323 | 96.59 | 1 NODE_42_length_827_cov_143.920000
			Skipping alignment 384440 384756 | 13 323 | 317 311 | 97.48 | 1 NODE_42_length_827_cov_143.920000
			Skipping alignment 119177 119433 | 67 323 | 257 257 | 99.22 | 1 NODE_42_length_827_cov_143.920000
		One align captures most of this contig: 137525 138351 | 1 827 | 827 827 | 99.76 | 1 NODE_42_length_827_cov_143.920000

CONTIG: NODE_43_length_826_cov_10.295060 (826bp)
Best alignment score: 826.0 (LEN: 826, IDY: 100.00), Total number of alignments: 1
		One align captures most of this contig: 207248 208073 | 826 1 | 826 826 | 100.0 | 0 NODE_43_length_826_cov_10.295060

CONTIG: NODE_44_length_824_cov_8.421687 (824bp)
Best alignment score: 824.0 (LEN: 824, IDY: 100.00), Total number of alignments: 1
		One align captures most of this contig: 8937 9760 | 824 1 | 824 824 | 100.0 | 1 NODE_44_length_824_cov_8.421687

CONTIG: NODE_45_length_823_cov_84.462466 (823bp)
Best alignment score: 823.0 (LEN: 823, IDY: 100.00), Total number of alignments: 9
		This contig has 9 significant alignments. [An ambiguously mapped contig]
		Using only first of these alignment (option --ambiguity-usage is set to "one"):
			Alignment: 116316 117138 | 823 1 | 823 823 | 100.0 | 1 NODE_45_length_823_cov_84.462466
			Skipping alignment 112772 113594 | 823 1 | 823 823 | 100.0 | 1 NODE_45_length_823_cov_84.462466
			Skipping alignment 125336 126158 | 823 1 | 823 823 | 100.0 | 1 NODE_45_length_823_cov_84.462466
			Skipping alignment 120011 120833 | 823 1 | 823 823 | 100.0 | 1 NODE_45_length_823_cov_84.462466
			Skipping alignment 118091 118913 | 823 1 | 823 823 | 99.88 | 1 NODE_45_length_823_cov_84.462466
			Skipping alignment 110997 111819 | 823 1 | 823 823 | 99.88 | 1 NODE_45_length_823_cov_84.462466
			Skipping alignment 123561 124383 | 823 1 | 823 823 | 99.88 | 1 NODE_45_length_823_cov_84.462466
			Skipping alignment 121786 122608 | 823 1 | 823 823 | 99.88 | 1 NODE_45_length_823_cov_84.462466
			Skipping alignment 114547 115371 | 823 1 | 825 823 | 99.64 | 1 NODE_45_length_823_cov_84.462466

CONTIG: NODE_46_length_815_cov_9.791328 (815bp)
Best alignment score: 815.0 (LEN: 815, IDY: 100.00), Total number of alignments: 1
		One align captures most of this contig: 163116 163930 | 1 815 | 815 815 | 100.0 | 0 NODE_46_length_815_cov_9.791328

CONTIG: NODE_47_length_800_cov_93.699862 (800bp)
Best alignment score: 800.0 (LEN: 800, IDY: 100.00), Total number of alignments: 10
		This contig has 10 significant alignments. [An ambiguously mapped contig]
		Using only first of these alignment (option --ambiguity-usage is set to "one"):
			Alignment: 67175 67974 | 1 800 | 800 800 | 100.0 | 0 NODE_47_length_800_cov_93.699862
			Skipping alignment 64805 65604 | 1 800 | 800 800 | 100.0 | 0 NODE_47_length_800_cov_93.699862
			Skipping alignment 68757 69556 | 1 800 | 800 800 | 100.0 | 0 NODE_47_length_800_cov_93.699862
			Skipping alignment 65596 66395 | 1 800 | 800 800 | 100.0 | 0 NODE_47_length_800_cov_93.699862
			Skipping alignment 71130 71929 | 1 800 | 800 800 | 100.0 | 0 NODE_47_length_800_cov_93.699862
			Skipping alignment 69548 70347 | 1 800 | 800 800 | 99.75 | 0 NODE_47_length_800_cov_93.699862
			Skipping alignment 67966 68765 | 1 800 | 800 800 | 99.75 | 0 NODE_47_length_800_cov_93.699862
			Skipping alignment 66387 67183 | 1 800 | 797 800 | 99.62 | 0 NODE_47_length_800_cov_93.699862
			Skipping alignment 70339 71138 | 1 800 | 800 800 | 99.62 | 0 NODE_47_length_800_cov_93.699862
			Skipping alignment 64014 64813 | 1 800 | 800 800 | 99.5 | 0 NODE_47_length_800_cov_93.699862

CONTIG: NODE_48_length_774_cov_9.936872 (774bp)
Best alignment score: 774.0 (LEN: 774, IDY: 100.00), Total number of alignments: 1
		One align captures most of this contig: 11521 12294 | 1 774 | 774 774 | 100.0 | 1 NODE_48_length_774_cov_9.936872

CONTIG: NODE_49_length_741_cov_9.072289 (741bp)
Best alignment score: 741.0 (LEN: 741, IDY: 100.00), Total number of alignments: 1
		One align captures most of this contig: 169503 170243 | 1 741 | 741 741 | 100.0 | 0 NODE_49_length_741_cov_9.072289

CONTIG: NODE_50_length_736_cov_12.857360 (736bp)
Best alignment score: 736.0 (LEN: 736, IDY: 100.00), Total number of alignments: 1
		One align captures most of this contig: 105252 105987 | 1 736 | 736 736 | 100.0 | 1 NODE_50_length_736_cov_12.857360

CONTIG: NODE_51_length_723_cov_303.256966 (723bp)
Best alignment score: 722.0 (LEN: 723, IDY: 99.86), Total number of alignments: 39
		Skipping these alignments as insignificant (option --ambiguity-score is set to "0.99"):
			Skipping alignment 353902 354495 | 1 594 | 594 594 | 100.0 | 0 NODE_51_length_723_cov_303.256966
			Skipping alignment 354775 355368 | 1 594 | 594 594 | 100.0 | 0 NODE_51_length_723_cov_303.256966
			Skipping alignment 353029 353622 | 1 594 | 594 594 | 100.0 | 0 NODE_51_length_723_cov_303.256966
			Skipping alignment 348664 349257 | 1 594 | 594 594 | 100.0 | 0 NODE_51_length_723_cov_303.256966
			Skipping alignment 350410 351003 | 1 594 | 594 594 | 100.0 | 0 NODE_51_length_723_cov_303.256966
			Skipping alignment 351283 351876 | 1 594 | 594 594 | 100.0 | 0 NODE_51_length_723_cov_303.256966
			Skipping alignment 349537 350130 | 1 594 | 594 594 | 100.0 | 0 NODE_51_length_723_cov_303.256966
			Skipping alignment 355648 356241 | 1 594 | 594 594 | 99.83 | 0 NODE_51_length_723_cov_303.256966
			Skipping alignment 352156 352749 | 1 594 | 594 594 | 99.83 | 0 NODE_51_length_723_cov_303.256966
			Skipping alignment 351004 351523 | 204 723 | 520 520 | 99.81 | 0 NODE_51_length_723_cov_303.256966
			Skipping alignment 350131 350650 | 204 723 | 520 520 | 99.81 | 0 NODE_51_length_723_cov_303.256966
			Skipping alignment 355369 355888 | 204 723 | 520 520 | 99.81 | 0 NODE_51_length_723_cov_303.256966
			Skipping alignment 353623 354142 | 204 723 | 520 520 | 99.81 | 0 NODE_51_length_723_cov_303.256966
			Skipping alignment 349258 349777 | 204 723 | 520 520 | 99.81 | 0 NODE_51_length_723_cov_303.256966
			Skipping alignment 352750 353269 | 204 723 | 520 520 | 99.81 | 0 NODE_51_length_723_cov_303.256966
			Skipping alignment 356242 356761 | 204 723 | 520 520 | 99.81 | 0 NODE_51_length_723_cov_303.256966
			Skipping alignment 354496 355015 | 204 723 | 520 520 | 99.62 | 0 NODE_51_length_723_cov_303.256966
			Skipping alignment 351877 352396 | 204 723 | 520 520 | 99.62 | 0 NODE_51_length_723_cov_303.256966
			Skipping alignment 350651 350853 | 1 203 | 203 203 | 100.0 | 0 NODE_51_length_723_cov_303.256966
			Skipping alignment 349778 349980 | 1 203 | 203 203 | 100.0 | 0 NODE_51_length_723_cov_303.256966
			Skipping alignment 355016 355218 | 1 203 | 203 203 | 100.0 | 0 NODE_51_length_723_cov_303.256966
			Skipping alignment 353270 353472 | 1 203 | 203 203 | 100.0 | 0 NODE_51_length_723_cov_303.256966
			Skipping alignment 348905 349107 | 1 203 | 203 203 | 100.0 | 0 NODE_51_length_723_cov_303.256966
			Skipping alignment 352397 352599 | 1 203 | 203 203 | 100.0 | 0 NODE_51_length_723_cov_303.256966
			Skipping alignment 354143 354345 | 1 203 | 203 203 | 100.0 | 0 NODE_51_length_723_cov_303.256966
			Skipping alignment 351524 351726 | 1 203 | 203 203 | 100.0 | 0 NODE_51_length_723_cov_303.256966
			Skipping alignment 355899 356091 | 11 203 | 193 193 | 100.0 | 0 NODE_51_length_723_cov_303.256966
		This contig has 12 significant alignments. [An ambiguously mapped contig]
		Using only first of these alignment (option --ambiguity-usage is set to "one"):
			Alignment: 348182 348904 | 1 723 | 723 723 | 99.86 | 0 NODE_51_length_723_cov_303.256966
			Skipping alignment 350169 350890 | 1 722 | 722 722 | 99.86 | 0 NODE_51_length_723_cov_303.256966
			Skipping alignment 348423 349144 | 1 722 | 722 722 | 99.86 | 0 NODE_51_length_723_cov_303.256966
			Skipping alignment 353661 354382 | 1 722 | 722 722 | 99.86 | 0 NODE_51_length_723_cov_303.256966
			Skipping alignment 349296 350017 | 1 722 | 722 722 | 99.86 | 0 NODE_51_length_723_cov_303.256966
			Skipping alignment 351042 351763 | 1 722 | 722 722 | 99.86 | 0 NODE_51_length_723_cov_303.256966
			Skipping alignment 352788 353509 | 1 722 | 722 722 | 99.86 | 0 NODE_51_length_723_cov_303.256966
			Skipping alignment 356521 357243 | 1 723 | 723 723 | 99.72 | 0 NODE_51_length_723_cov_303.256966
			Skipping alignment 355407 356128 | 1 722 | 722 722 | 99.72 | 0 NODE_51_length_723_cov_303.256966
			Skipping alignment 351915 352636 | 1 722 | 722 722 | 99.72 | 0 NODE_51_length_723_cov_303.256966
			Skipping alignment 354534 355255 | 1 722 | 722 722 | 99.72 | 0 NODE_51_length_723_cov_303.256966
			Skipping alignment 356280 357001 | 1 722 | 722 722 | 99.72 | 0 NODE_51_length_723_cov_303.256966

CONTIG: NODE_52_length_703_cov_43.105431 (703bp)
Best alignment score: 703.0 (LEN: 703, IDY: 100.00), Total number of alignments: 1
		One align captures most of this contig: 74566 75268 | 1 703 | 703 703 | 100.0 | 1 NODE_52_length_703_cov_43.105431

CONTIG: NODE_53_length_647_cov_145.668421 (647bp)
Best alignment score: 643.0 (LEN: 647, IDY: 99.38), Total number of alignments: 15
		Skipping these alignments as insignificant (option --ambiguity-score is set to "0.99"):
			Skipping alignment 294799 295462 | 647 1 | 664 647 | 97.14 | 0 NODE_53_length_647_cov_145.668421
			Skipping alignment 316071 316734 | 647 1 | 664 647 | 97.14 | 0 NODE_53_length_647_cov_145.668421
			Skipping alignment 281898 282561 | 647 1 | 664 647 | 96.99 | 0 NODE_53_length_647_cov_145.668421
			Skipping alignment 297049 297712 | 647 1 | 664 647 | 96.99 | 0 NODE_53_length_647_cov_145.668421
			Skipping alignment 249763 250426 | 647 1 | 664 647 | 96.99 | 0 NODE_53_length_647_cov_145.668421
			Skipping alignment 288253 288916 | 647 1 | 664 647 | 96.99 | 0 NODE_53_length_647_cov_145.668421
			Skipping alignment 285992 286655 | 647 1 | 664 647 | 96.99 | 0 NODE_53_length_647_cov_145.668421
			Skipping alignment 277958 278621 | 647 1 | 664 647 | 96.84 | 0 NODE_53_length_647_cov_145.668421
			Skipping alignment 310902 311565 | 647 1 | 664 647 | 96.69 | 0 NODE_53_length_647_cov_145.668421
			Skipping alignment 254121 254780 | 643 1 | 660 643 | 96.82 | 0 NODE_53_length_647_cov_145.668421
			Skipping alignment 243875 244499 | 647 40 | 625 608 | 96.64 | 0 NODE_53_length_647_cov_145.668421
			Skipping alignment 600 1216 | 600 1 | 617 600 | 96.27 | 0 NODE_53_length_647_cov_145.668421
			Skipping alignment 259516 259926 | 394 1 | 411 394 | 95.62 | 0 NODE_53_length_647_cov_145.668421
			Skipping alignment 259316 259515 | 647 454 | 200 194 | 96.5 | 0 NODE_53_length_647_cov_145.668421
		One align captures most of this contig: 301042 301691 | 647 1 | 650 647 | 99.38 | 0 NODE_53_length_647_cov_145.668421

CONTIG: NODE_54_length_635_cov_103.833333 (635bp)
Best alignment score: 635.0 (LEN: 635, IDY: 100.00), Total number of alignments: 10
		Skipping these alignments as insignificant (option --ambiguity-score is set to "0.99"):
			Skipping alignment 167635 168285 | 1 635 | 651 635 | 97.39 | 0 NODE_54_length_635_cov_103.833333
			Skipping alignment 168607 169257 | 1 635 | 651 635 | 97.39 | 0 NODE_54_length_635_cov_103.833333
			Skipping alignment 168121 168771 | 1 635 | 651 635 | 97.24 | 0 NODE_54_length_635_cov_103.833333
			Skipping alignment 166220 166870 | 1 635 | 651 635 | 97.24 | 0 NODE_54_length_635_cov_103.833333
			Skipping alignment 163854 164504 | 1 635 | 651 635 | 96.93 | 0 NODE_54_length_635_cov_103.833333
			Skipping alignment 167151 167799 | 1 635 | 649 635 | 96.77 | 0 NODE_54_length_635_cov_103.833333
		This contig has 4 significant alignments. [An ambiguously mapped contig]
		Using only first of these alignment (option --ambiguity-usage is set to "one"):
			Alignment: 164810 165444 | 1 635 | 635 635 | 100.0 | 0 NODE_54_length_635_cov_103.833333
			Skipping alignment 165280 165914 | 1 635 | 635 635 | 99.84 | 0 NODE_54_length_635_cov_103.833333
			Skipping alignment 164340 164974 | 1 635 | 635 635 | 99.69 | 0 NODE_54_length_635_cov_103.833333
			Skipping alignment 165750 166384 | 1 635 | 635 635 | 99.69 | 0 NODE_54_length_635_cov_103.833333

CONTIG: NODE_55_length_586_cov_66.813360 (586bp)
Best alignment score: 561.7 (LEN: 586, IDY: 95.85), Total number of alignments: 1
		One align captures most of this contig: 4925 5530 | 586 1 | 606 586 | 95.85 | 1 NODE_55_length_586_cov_66.813360

CONTIG: NODE_56_length_580_cov_9.055666 (580bp)
Best alignment score: 580.0 (LEN: 580, IDY: 100.00), Total number of alignments: 1
		One align captures most of this contig: 208004 208583 | 1 580 | 580 580 | 100.0 | 0 NODE_56_length_580_cov_9.055666

CONTIG: NODE_57_length_576_cov_66.751503 (576bp)
Best alignment score: 576.0 (LEN: 576, IDY: 100.00), Total number of alignments: 7
		Skipping these alignments as insignificant (option --ambiguity-score is set to "0.99"):
			Skipping alignment 439168 439738 | 1 576 | 571 576 | 98.96 | 1 NODE_57_length_576_cov_66.751503
			Skipping alignment 447773 448340 | 1 568 | 568 568 | 99.82 | 1 NODE_57_length_576_cov_66.751503
		This contig has 5 significant alignments. [An ambiguously mapped contig]
		Using only first of these alignment (option --ambiguity-usage is set to "one"):
			Alignment: 453552 454127 | 1 576 | 576 576 | 100.0 | 1 NODE_57_length_576_cov_66.751503
			Skipping alignment 450284 450859 | 1 576 | 576 576 | 99.83 | 1 NODE_57_length_576_cov_66.751503
			Skipping alignment 442967 443542 | 1 576 | 576 576 | 99.65 | 1 NODE_57_length_576_cov_66.751503
			Skipping alignment 445365 445940 | 1 576 | 576 576 | 99.48 | 1 NODE_57_length_576_cov_66.751503
			Skipping alignment 436746 437321 | 1 576 | 576 576 | 99.13 | 1 NODE_57_length_576_cov_66.751503

CONTIG: NODE_58_length_552_cov_9.347368 (552bp)
Best alignment score: 552.0 (LEN: 552, IDY: 100.00), Total number of alignments: 1
		One align captures most of this contig: 110522 111073 | 1 552 | 552 552 | 100.0 | 1 NODE_58_length_552_cov_9.347368

CONTIG: NODE_59_length_542_cov_9.963441 (542bp)
Best alignment score: 542.0 (LEN: 542, IDY: 100.00), Total number of alignments: 1
		One align captures most of this contig: 164039 164580 | 1 542 | 542 542 | 100.0 | 1 NODE_59_length_542_cov_9.963441

CONTIG: NODE_60_length_532_cov_11.351648 (532bp)
Best alignment score: 532.0 (LEN: 532, IDY: 100.00), Total number of alignments: 1
		One align captures most of this contig: 201912 202443 | 532 1 | 532 532 | 100.0 | 1 NODE_60_length_532_cov_11.351648

CONTIG: NODE_61_length_511_cov_74.536866 (511bp)
Best alignment score: 510.0 (LEN: 511, IDY: 99.80), Total number of alignments: 6
		Skipping these alignments as insignificant (option --ambiguity-score is set to "0.99"):
			Skipping alignment 181672 181959 | 224 511 | 288 288 | 100.0 | 1 NODE_61_length_511_cov_74.536866
			Skipping alignment 173991 174186 | 1 196 | 196 196 | 100.0 | 1 NODE_61_length_511_cov_74.536866
			Skipping alignment 181476 181671 | 1 196 | 196 196 | 99.49 | 1 NODE_61_length_511_cov_74.536866
			Skipping alignment 174349 174501 | 359 511 | 153 153 | 100.0 | 1 NODE_61_length_511_cov_74.536866
			Skipping alignment 174187 174321 | 224 358 | 135 135 | 100.0 | 1 NODE_61_length_511_cov_74.536866
		One align captures most of this contig: 174126 174636 | 1 511 | 511 511 | 99.8 | 1 NODE_61_length_511_cov_74.536866

CONTIG: NODE_62_length_502_cov_795.710588 (502bp)
Best alignment score: 502.0 (LEN: 502, IDY: 100.00), Total number of alignments: 9
		Skipping these alignments as insignificant (option --ambiguity-score is set to "0.99"):
			Skipping alignment 400310 400662 | 502 150 | 353 353 | 100.0 | 1 NODE_62_length_502_cov_795.710588
			Skipping alignment 371649 372001 | 502 150 | 353 353 | 100.0 | 1 NODE_62_length_502_cov_795.710588
			Skipping alignment 361442 361794 | 502 150 | 353 353 | 100.0 | 1 NODE_62_length_502_cov_795.710588
			Skipping alignment 420897 421249 | 502 150 | 353 353 | 100.0 | 1 NODE_62_length_502_cov_795.710588
			Skipping alignment 416452 416804 | 502 150 | 353 353 | 100.0 | 1 NODE_62_length_502_cov_795.710588
			Skipping alignment 368070 368422 | 502 150 | 353 353 | 100.0 | 1 NODE_62_length_502_cov_795.710588
			Skipping alignment 375228 375580 | 502 150 | 353 353 | 100.0 | 1 NODE_62_length_502_cov_795.710588
			Skipping alignment 407483 407835 | 502 150 | 353 353 | 100.0 | 1 NODE_62_length_502_cov_795.710588
		One align captures most of this contig: 410492 410993 | 502 1 | 502 502 | 100.0 | 1 NODE_62_length_502_cov_795.710588

Analyzing coverage...
Writing SNPs into /home/genomika25/studenci/dmyboi/genome_assembling_cw2/quast_results/results_2025_10_20_18_22_14/contigs_reports/minimap_output/spades-mp.used_snps

Analysis is finished!
Founded SNPs were written into /home/genomika25/studenci/dmyboi/genome_assembling_cw2/quast_results/results_2025_10_20_18_22_14/contigs_reports/minimap_output/spades-mp.used_snps

Results:
	Local Misassemblies: 9
	Misassemblies: 8
		Relocations: 8
		Translocations: 0
		Inversions: 0
	Scaffold gap extensive misassemblies: 9
	Scaffold gap local misassemblies: 4
	Misassembled Contigs: 5
	Misassembled Contig Bases: 87200
	Misassemblies Inter-Contig Overlap ("Extra" Aligned Bases): 0
Unaligned Contigs: 0 + 0 part
Half Unaligned Contigs with Misassemblies: 0
Unaligned Bases in Fully and Partially Unaligned Contigs: 0

Ambiguously Mapped Contigs: 12
Total Bases in Ambiguously Mapped Contigs: 53127
"Extra" Aligned Bases in Ambiguously Mapped Contigs: 0
Note that --allow-ambiguity option was set to "one" and only first alignment per each of these contigs was used (there is no "extra" aligned bases).

	Covered Bases in Reference: 203038
	Raw Aligned Bases in Assembly: 202725
	Total Aligned Bases in Assembly (with "Extras"): 202725

	SNPs: 60
	Insertions: 1113
	Deletions: 1166

