Aligning contigs to reference...
	Aligning contigs to the reference
Filtering alignments...
Parsing coords...
Loading reference...
	Loaded [0]
	Loaded [1]
	Total Regions: 2
	Total Region Length: 838112
Analyzing contigs...
CONTIG: NODE_1_length_20266_cov_21.010005 (20266bp)
Best alignment score: 5207.0 (LEN: 5207, IDY: 100.00), Total number of alignments: 7
			Looking for the best set of alignments (out of 7 total alignments)
		This contig has several significant sets of alignments. [An ambiguously mapped contig]
		Using only the very best set (option --ambiguity-usage is set to "one").
			The best set is below. Score: 19908.8, number of alignments: 7, unaligned bases: 200
		This contig is misassembled.
			Real Alignment 1: 132669 137875 | 5207 1 | 5207 5207 | 100.0 | 0 NODE_1_length_20266_cov_21.010005
			  Scaffold gap between these two alignments, gap lengths difference (reference vs assembly) = 5908 (extensive)
			Excluding internal overlap of size 120 between Alignment 2 and 3: 125706 126660 | 6362 5308 | 955 1055 --> 125826 126660 | 6242 5308 | 835 935
			Real Alignment 2: 125826 126660 | 6242 5308 | 835 935 | 100.0 | 0 NODE_1_length_20266_cov_21.010005
			  Indel (> 5bp) between these two alignments: deletion of length 172; 0 mismatches (number of Ns: 0)
			Excluding internal overlap of size 288 between Alignment 3 and 4: 121798 125653 | 10140 6243 | 3856 3898 --> 122086 125653 | 9852 6243 | 3568 3610
			Real Alignment 3: 122086 125653 | 9852 6243 | 3568 3610 | 99.97 | 0 NODE_1_length_20266_cov_21.010005
			  Gap between these two alignments (local misassembly). Inconsistency = 844
			Real Alignment 4: 117270 121241 | 13824 9853 | 3972 3972 | 99.97 | 0 NODE_1_length_20266_cov_21.010005
			  Scaffold gap between these two alignments, gap lengths difference (reference vs assembly) = 26 (local)
			Excluding internal overlap of size 202 between Alignment 5 and 6: 114150 114733 | 16118 15435 | 584 684 --> 114150 114531 | 16118 15637 | 382 482
			Real Alignment 5: 115532 117143 | 15636 13925 | 1612 1712 | 100.0 | 0 NODE_1_length_20266_cov_21.010005
			  Gap between these two alignments (local misassembly). Inconsistency = 1000
			Excluding internal overlap of size 208 between Alignment 6 and 7: 114150 114531 | 16118 15637 | 382 482 --> 114358 114531 | 15910 15637 | 174 274
			Real Alignment 6: 114358 114531 | 15910 15637 | 174 274 | 99.66 | 0 NODE_1_length_20266_cov_21.010005
			  Gap between these two alignments (local misassembly). Inconsistency = 524
			Real Alignment 7: 109478 113833 | 20266 15911 | 4356 4356 | 100.0 | 0 NODE_1_length_20266_cov_21.010005

CONTIG: NODE_2_length_13563_cov_20.543972 (13563bp)
Best alignment score: 9390.1 (LEN: 9392, IDY: 99.98), Total number of alignments: 3
			Looking for the best set of alignments (out of 3 total alignments)
			The best set is below. Score: 12777.6, number of alignments: 3, unaligned bases: 300
		This contig is misassembled.
			Real Alignment 1: 209950 210351 | 1 402 | 402 402 | 99.75 | 1 NODE_2_length_13563_cov_20.543972
			  Scaffold gap between these two alignments, gap lengths difference (reference vs assembly) = 177 (local)
			Excluding internal overlap of size 448 between Alignment 2 and 3: 210829 214669 | 703 4619 | 3841 3917 --> 210829 214297 | 703 4171 | 3469 3469
			Real Alignment 2: 210829 214297 | 703 4171 | 3469 3469 | 99.9 | 1 NODE_2_length_13563_cov_20.543972
			  Extensive misassembly (relocation, inconsistency = 2734) between these two alignments
			Real Alignment 3: 217032 226348 | 4172 13563 | 9317 9392 | 99.98 | 1 NODE_2_length_13563_cov_20.543972

CONTIG: NODE_3_length_11843_cov_45.662502 (11843bp)
Best alignment score: 5928.2 (LEN: 5930, IDY: 99.97), Total number of alignments: 5
			Looking for the best set of alignments (out of 5 total alignments)
			Skipping redundant alignments after choosing the best set of alignments
		Skipping redundant alignment 375427 376901 | 9207 10681 | 1475 1475 | 99.93 | 0 NODE_3_length_11843_cov_45.662502
			The best set is below. Score: 11338.2, number of alignments: 4, unaligned bases: 200
		This contig is misassembled.
			Excluding internal overlap of size 194 between Alignment 1 and 2: 346025 348293 | 2436 4804 | 2269 2369 --> 346219 348293 | 2630 4804 | 2075 2175
			Real Alignment 1: 343122 345750 | 1 2629 | 2629 2629 | 100.0 | 0 NODE_3_length_11843_cov_45.662502
			  Gap between these two alignments (local misassembly). Inconsistency = 468
			Real Alignment 2: 346219 348293 | 2630 4804 | 2075 2175 | 100.0 | 0 NODE_3_length_11843_cov_45.662502
			  Scaffold gap between these two alignments, gap lengths difference (reference vs assembly) = 8772 (extensive)
			Real Alignment 3: 357166 363095 | 4905 10834 | 5930 5930 | 99.97 | 0 NODE_3_length_11843_cov_45.662502
			  Extensive misassembly (relocation, inconsistency = 13706, scaffold gap is present) between these two alignments
			Real Alignment 4: 376902 377810 | 10935 11843 | 909 909 | 100.0 | 0 NODE_3_length_11843_cov_45.662502

CONTIG: NODE_4_length_7532_cov_26.075922 (7532bp)
Best alignment score: 6394.7 (LEN: 6396, IDY: 99.98), Total number of alignments: 2
			Looking for the best set of alignments (out of 2 total alignments)
			The best set is below. Score: 6975.6, number of alignments: 2, unaligned bases: 0
		This contig is misassembled.
			Excluding internal overlap of size 530 between Alignment 1 and 2: 139369 141078 | 7532 5867 | 1710 1666 --> 139369 140578 | 7532 6397 | 1210 1136
			Real Alignment 1: 142073 148438 | 6396 1 | 6366 6396 | 99.98 | 0 NODE_4_length_7532_cov_26.075922
			  Extensive misassembly (relocation, inconsistency = 1494) between these two alignments
			Real Alignment 2: 139369 140578 | 7532 6397 | 1210 1136 | 95.06 | 0 NODE_4_length_7532_cov_26.075922

CONTIG: NODE_5_length_7501_cov_22.412311 (7501bp)
Best alignment score: 4234.5 (LEN: 4246, IDY: 99.73), Total number of alignments: 2
			Looking for the best set of alignments (out of 2 total alignments)
			The best set is below. Score: 7441.5, number of alignments: 2, unaligned bases: 0
		This contig is misassembled.
			Excluding internal overlap of size 212 between Alignment 1 and 2: 197755 201221 | 1 3467 | 3467 3467 --> 197755 201009 | 1 3255 | 3255 3255
			Real Alignment 1: 197755 201009 | 1 3255 | 3255 3255 | 100.0 | 1 NODE_5_length_7501_cov_22.412311
			  Gap between these two alignments (local misassembly). Inconsistency = 630
			Real Alignment 2: 201640 205775 | 3256 7501 | 4136 4246 | 99.73 | 1 NODE_5_length_7501_cov_22.412311

CONTIG: NODE_6_length_7367_cov_21.503292 (7367bp)
Best alignment score: 6001.0 (LEN: 6001, IDY: 100.00), Total number of alignments: 2
			Looking for the best set of alignments (out of 2 total alignments)
			The best set is below. Score: 7262.0, number of alignments: 2, unaligned bases: 100
		This contig is misassembled.
			Real Alignment 1: 46508 47773 | 1266 1 | 1266 1266 | 100.0 | 1 NODE_6_length_7367_cov_21.503292
			  Scaffold gap between these two alignments, gap lengths difference (reference vs assembly) = 61 (local)
			Real Alignment 2: 40346 46346 | 7367 1367 | 6001 6001 | 100.0 | 1 NODE_6_length_7367_cov_21.503292

CONTIG: NODE_7_length_6678_cov_21.279958 (6678bp)
Best alignment score: 6154.0 (LEN: 6154, IDY: 100.00), Total number of alignments: 2
			Looking for the best set of alignments (out of 2 total alignments)
			The best set is below. Score: 6573.0, number of alignments: 2, unaligned bases: 100
		This contig is misassembled.
			Real Alignment 1: 72912 73335 | 1 424 | 424 424 | 100.0 | 0 NODE_7_length_6678_cov_21.279958
			  Scaffold gap between these two alignments, gap lengths difference (reference vs assembly) = 62 (local)
			Real Alignment 2: 73498 79575 | 525 6678 | 6078 6154 | 100.0 | 0 NODE_7_length_6678_cov_21.279958

CONTIG: NODE_8_length_6289_cov_29.726980 (6289bp)
Best alignment score: 4113.9 (LEN: 4118, IDY: 99.90), Total number of alignments: 3
			Looking for the best set of alignments (out of 3 total alignments)
			The best set is below. Score: 6186.0, number of alignments: 3, unaligned bases: 0
		This contig is misassembled.
			Excluding internal overlap of size 206 between Alignment 1 and 2: 235674 236765 | 2351 1160 | 1092 1192 --> 235674 236559 | 2351 1366 | 886 986
			Real Alignment 1: 236893 238157 | 1365 1 | 1265 1365 | 99.84 | 0 NODE_8_length_6289_cov_29.726980
			  Gap between these two alignments (local misassembly). Inconsistency = 333
			Excluding internal overlap of size 180 between Alignment 2 and 3: 235674 236559 | 2351 1366 | 886 986 --> 235854 236559 | 2171 1366 | 706 806
			Real Alignment 2: 235854 236559 | 2171 1366 | 706 806 | 99.91 | 0 NODE_8_length_6289_cov_29.726980
			  Gap between these two alignments (local misassembly). Inconsistency = 309
			Real Alignment 3: 231530 235544 | 6289 2172 | 4015 4118 | 99.9 | 0 NODE_8_length_6289_cov_29.726980

CONTIG: NODE_9_length_5811_cov_22.558772 (5811bp)
Best alignment score: 5547.9 (LEN: 5549, IDY: 99.98), Total number of alignments: 2
			Looking for the best set of alignments (out of 2 total alignments)
			The best set is below. Score: 5761.9, number of alignments: 2, unaligned bases: 0
		This contig is misassembled.
			Excluding internal overlap of size 502 between Alignment 1 and 2: 216622 217379 | 5811 5048 | 758 764 --> 216622 216883 | 5811 5550 | 262 262
			Real Alignment 1: 217876 223418 | 5549 1 | 5543 5549 | 99.98 | 0 NODE_9_length_5811_cov_22.558772
			  Gap between these two alignments (local misassembly). Inconsistency = 992
			Real Alignment 2: 216622 216883 | 5811 5550 | 262 262 | 100.0 | 0 NODE_9_length_5811_cov_22.558772

CONTIG: NODE_10_length_5726_cov_31.006196 (5726bp)
Best alignment score: 3874.0 (LEN: 3874, IDY: 100.00), Total number of alignments: 3
			Looking for the best set of alignments (out of 3 total alignments)
			The best set is below. Score: 5516.0, number of alignments: 3, unaligned bases: 200
		This contig is misassembled.
			Real Alignment 1: 37684 38729 | 1 1046 | 1046 1046 | 100.0 | 0 NODE_10_length_5726_cov_31.006196
			  Scaffold gap between these two alignments, gap lengths difference (reference vs assembly) = 371 (local)
			Real Alignment 2: 39201 43074 | 1147 5020 | 3874 3874 | 100.0 | 0 NODE_10_length_5726_cov_31.006196
			  Scaffold gap between these two alignments, gap lengths difference (reference vs assembly) = 2583 (extensive)
			Real Alignment 3: 45758 46363 | 5121 5726 | 606 606 | 100.0 | 0 NODE_10_length_5726_cov_31.006196

CONTIG: NODE_11_length_5647_cov_29.865530 (5647bp)
Best alignment score: 5641.9 (LEN: 5647, IDY: 99.91), Total number of alignments: 1
		One align captures most of this contig: 54769 60420 | 5647 1 | 5652 5647 | 99.91 | 1 NODE_11_length_5647_cov_29.865530

CONTIG: NODE_12_length_4996_cov_43.134174 (4996bp)
Best alignment score: 4995.0 (LEN: 4996, IDY: 99.98), Total number of alignments: 1
		One align captures most of this contig: 12612 17607 | 4996 1 | 4996 4996 | 99.98 | 1 NODE_12_length_4996_cov_43.134174

CONTIG: NODE_13_length_4754_cov_18.590336 (4754bp)
Best alignment score: 4754.0 (LEN: 4754, IDY: 100.00), Total number of alignments: 1
		One align captures most of this contig: 80566 85251 | 1 4754 | 4686 4754 | 100.0 | 0 NODE_13_length_4754_cov_18.590336

CONTIG: NODE_14_length_4603_cov_21.233098 (4603bp)
Best alignment score: 4603.0 (LEN: 4603, IDY: 100.00), Total number of alignments: 1
		One align captures most of this contig: 152373 156896 | 1 4603 | 4524 4603 | 100.0 | 0 NODE_14_length_4603_cov_21.233098

CONTIG: NODE_15_length_4602_cov_35.405967 (4602bp)
Best alignment score: 1663.0 (LEN: 1664, IDY: 99.94), Total number of alignments: 3
			Looking for the best set of alignments (out of 3 total alignments)
			The best set is below. Score: 4390.0, number of alignments: 3, unaligned bases: 200
		This contig is misassembled.
			Real Alignment 1: 233541 235195 | 1655 1 | 1655 1655 | 99.94 | 1 NODE_15_length_4602_cov_35.405967
			  Scaffold gap between these two alignments, gap lengths difference (reference vs assembly) = 3036 (extensive)
			Real Alignment 2: 228741 230404 | 3419 1756 | 1664 1664 | 99.94 | 1 NODE_15_length_4602_cov_35.405967
			  Scaffold gap between these two alignments, gap lengths difference (reference vs assembly) = 1044 (extensive)
			Real Alignment 3: 226514 227596 | 4602 3520 | 1083 1083 | 100.0 | 1 NODE_15_length_4602_cov_35.405967

CONTIG: NODE_16_length_4509_cov_22.405009 (4509bp)
Best alignment score: 4509.0 (LEN: 4509, IDY: 100.00), Total number of alignments: 1
		One align captures most of this contig: 356166 360674 | 4509 1 | 4509 4509 | 100.0 | 1 NODE_16_length_4509_cov_22.405009

CONTIG: NODE_17_length_4121_cov_24.181256 (4121bp)
Best alignment score: 2008.0 (LEN: 2008, IDY: 100.00), Total number of alignments: 3
			Looking for the best set of alignments (out of 3 total alignments)
			The best set is below. Score: 3908.9, number of alignments: 3, unaligned bases: 201
		This contig is misassembled.
			Real Alignment 1: 65873 66246 | 1 374 | 374 374 | 100.0 | 1 NODE_17_length_4121_cov_24.181256
			  Scaffold gap between these two alignments, gap lengths difference (reference vs assembly) = 1143 (extensive)
			Real Alignment 2: 67491 69028 | 476 2013 | 1538 1538 | 99.93 | 1 NODE_17_length_4121_cov_24.181256
			  Scaffold gap between these two alignments, gap lengths difference (reference vs assembly) = 2451 (extensive)
			Real Alignment 3: 71580 73587 | 2114 4121 | 2008 2008 | 100.0 | 1 NODE_17_length_4121_cov_24.181256

CONTIG: NODE_18_length_3883_cov_19.038360 (3883bp)
Best alignment score: 3883.0 (LEN: 3883, IDY: 100.00), Total number of alignments: 1
		One align captures most of this contig: 105251 109055 | 1 3883 | 3805 3883 | 100.0 | 1 NODE_18_length_3883_cov_19.038360

CONTIG: NODE_19_length_3527_cov_27.209275 (3527bp)
Best alignment score: 3427.9 (LEN: 3527, IDY: 97.19), Total number of alignments: 1
		One align captures most of this contig: 146308 149932 | 3527 1 | 3625 3527 | 97.19 | 1 NODE_19_length_3527_cov_27.209275

CONTIG: NODE_20_length_3422_cov_18.358744 (3422bp)
Best alignment score: 3422.0 (LEN: 3422, IDY: 100.00), Total number of alignments: 1
		One align captures most of this contig: 100871 104292 | 3422 1 | 3422 3422 | 100.0 | 1 NODE_20_length_3422_cov_18.358744

CONTIG: NODE_21_length_3231_cov_25.853202 (3231bp)
Best alignment score: 1342.6 (LEN: 1363, IDY: 98.50), Total number of alignments: 3
			Looking for the best set of alignments (out of 3 total alignments)
			The best set is below. Score: 3057.6, number of alignments: 3, unaligned bases: 100
		This contig is misassembled.
			Excluding internal overlap of size 223 between Alignment 1 and 2: 10218 11236 | 2159 1141 | 1019 1019 --> 10218 11013 | 2159 1364 | 796 796
			Real Alignment 1: 11370 12616 | 1363 1 | 1247 1363 | 98.5 | 1 NODE_21_length_3231_cov_25.853202
			  Gap between these two alignments (local misassembly). Inconsistency = 356
			Real Alignment 2: 10218 11013 | 2159 1364 | 796 796 | 100.0 | 1 NODE_21_length_3231_cov_25.853202
			  Scaffold gap between these two alignments, gap lengths difference (reference vs assembly) = 432 (local)
			Real Alignment 3: 8714 9685 | 3231 2260 | 972 972 | 100.0 | 1 NODE_21_length_3231_cov_25.853202

CONTIG: NODE_22_length_3194_cov_16.491498 (3194bp)
Best alignment score: 1582.0 (LEN: 1582, IDY: 100.00), Total number of alignments: 2
			Looking for the best set of alignments (out of 2 total alignments)
			The best set is below. Score: 3089.0, number of alignments: 2, unaligned bases: 100
		This contig is misassembled.
			Real Alignment 1: 434928 436509 | 1582 1 | 1582 1582 | 100.0 | 1 NODE_22_length_3194_cov_16.491498
			  Scaffold gap between these two alignments, gap lengths difference (reference vs assembly) = 1567 (extensive)
			Real Alignment 2: 431749 433260 | 3194 1683 | 1512 1512 | 100.0 | 1 NODE_22_length_3194_cov_16.491498

CONTIG: NODE_23_length_3164_cov_64.766764 (3164bp)
Best alignment score: 2619.1 (LEN: 2623, IDY: 99.85), Total number of alignments: 3
			Looking for the best set of alignments (out of 3 total alignments)
			Skipping redundant alignments after choosing the best set of alignments
		Skipping redundant alignment 71130 71852 | 1756 2478 | 723 723 | 100.0 | 0 NODE_23_length_3164_cov_64.766764
			The best set is below. Score: 3055.1, number of alignments: 2, unaligned bases: 100
		This contig is misassembled.
			Real Alignment 1: 62259 64881 | 1 2623 | 2623 2623 | 99.85 | 0 NODE_23_length_3164_cov_64.766764
			  Scaffold gap between these two alignments, gap lengths difference (reference vs assembly) = 6871 (extensive)
			Real Alignment 2: 71853 72293 | 2724 3164 | 441 441 | 100.0 | 0 NODE_23_length_3164_cov_64.766764

CONTIG: NODE_24_length_3099_cov_19.202515 (3099bp)
Best alignment score: 3099.0 (LEN: 3099, IDY: 100.00), Total number of alignments: 1
		One align captures most of this contig: 170564 173662 | 3099 1 | 3099 3099 | 100.0 | 0 NODE_24_length_3099_cov_19.202515

CONTIG: NODE_25_length_2981_cov_20.634986 (2981bp)
Best alignment score: 2981.0 (LEN: 2981, IDY: 100.00), Total number of alignments: 1
		One align captures most of this contig: 336793 339773 | 1 2981 | 2981 2981 | 100.0 | 0 NODE_25_length_2981_cov_20.634986

CONTIG: NODE_26_length_2933_cov_24.082633 (2933bp)
Best alignment score: 2933.0 (LEN: 2933, IDY: 100.00), Total number of alignments: 1
		One align captures most of this contig: 353239 356171 | 2933 1 | 2933 2933 | 100.0 | 1 NODE_26_length_2933_cov_24.082633

CONTIG: NODE_27_length_2797_cov_21.351471 (2797bp)
Best alignment score: 2797.0 (LEN: 2797, IDY: 100.00), Total number of alignments: 1
		One align captures most of this contig: 80972 83768 | 2797 1 | 2797 2797 | 100.0 | 1 NODE_27_length_2797_cov_21.351471

CONTIG: NODE_28_length_2711_cov_42.522399 (2711bp)
Best alignment score: 2709.9 (LEN: 2711, IDY: 99.96), Total number of alignments: 1
		One align captures most of this contig: 194738 197448 | 1 2711 | 2711 2711 | 99.96 | 1 NODE_28_length_2711_cov_42.522399

CONTIG: NODE_29_length_2583_cov_35.462490 (2583bp)
Best alignment score: 2582.0 (LEN: 2583, IDY: 99.96), Total number of alignments: 1
		One align captures most of this contig: 253089 255671 | 1 2583 | 2583 2583 | 99.96 | 1 NODE_29_length_2583_cov_35.462490

CONTIG: NODE_30_length_2139_cov_67.574685 (2139bp)
Best alignment score: 2024.0 (LEN: 2026, IDY: 99.90), Total number of alignments: 7
			Looking for the best set of alignments (out of 7 total alignments)
			Skipping redundant alignments after choosing the best set of alignments
		Skipping redundant alignment 134796 135009 | 220 7 | 214 214 | 100.0 | 1 NODE_30_length_2139_cov_67.574685
		Skipping redundant alignment 134475 134688 | 220 7 | 214 214 | 100.0 | 1 NODE_30_length_2139_cov_67.574685
		Skipping redundant alignment 134689 134902 | 220 7 | 214 214 | 100.0 | 1 NODE_30_length_2139_cov_67.574685
		Skipping redundant alignment 134582 134795 | 220 7 | 214 214 | 100.0 | 1 NODE_30_length_2139_cov_67.574685
		Skipping redundant alignment 134903 135122 | 220 1 | 220 220 | 100.0 | 1 NODE_30_length_2139_cov_67.574685
		Skipping redundant alignment 134124 134367 | 250 7 | 244 244 | 100.0 | 1 NODE_30_length_2139_cov_67.574685
			The best set is below. Score: 2024.0, number of alignments: 1, unaligned bases: 113
		Alignment: 139852 141877 | 2139 114 | 2026 2026 | 99.9 | 1 NODE_30_length_2139_cov_67.574685

CONTIG: NODE_31_length_1734_cov_21.702474 (1734bp)
Best alignment score: 1734.0 (LEN: 1734, IDY: 100.00), Total number of alignments: 1
		One align captures most of this contig: 57447 59180 | 1734 1 | 1734 1734 | 100.0 | 0 NODE_31_length_1734_cov_21.702474

CONTIG: NODE_32_length_1666_cov_18.641284 (1666bp)
Best alignment score: 1666.0 (LEN: 1666, IDY: 100.00), Total number of alignments: 1
		One align captures most of this contig: 55042 56707 | 1 1666 | 1666 1666 | 100.0 | 0 NODE_32_length_1666_cov_18.641284

CONTIG: NODE_33_length_1630_cov_25.277527 (1630bp)
Best alignment score: 1630.0 (LEN: 1630, IDY: 100.00), Total number of alignments: 1
		One align captures most of this contig: 164670 166299 | 1 1630 | 1630 1630 | 100.0 | 1 NODE_33_length_1630_cov_25.277527

CONTIG: NODE_34_length_1604_cov_28.587426 (1604bp)
Best alignment score: 1604.0 (LEN: 1604, IDY: 100.00), Total number of alignments: 1
		One align captures most of this contig: 60830 62433 | 1604 1 | 1604 1604 | 100.0 | 1 NODE_34_length_1604_cov_28.587426

CONTIG: NODE_35_length_1546_cov_19.298843 (1546bp)
Best alignment score: 1546.0 (LEN: 1546, IDY: 100.00), Total number of alignments: 1
		One align captures most of this contig: 85525 87042 | 1 1546 | 1518 1546 | 100.0 | 0 NODE_35_length_1546_cov_19.298843

CONTIG: NODE_36_length_1518_cov_24.874393 (1518bp)
Best alignment score: 1518.0 (LEN: 1518, IDY: 100.00), Total number of alignments: 1
		One align captures most of this contig: 334165 335682 | 1518 1 | 1518 1518 | 100.0 | 1 NODE_36_length_1518_cov_24.874393

CONTIG: NODE_37_length_1508_cov_26.023061 (1508bp)
Best alignment score: 1508.0 (LEN: 1508, IDY: 100.00), Total number of alignments: 1
		One align captures most of this contig: 223492 224999 | 1508 1 | 1508 1508 | 100.0 | 0 NODE_37_length_1508_cov_26.023061

CONTIG: NODE_38_length_1506_cov_20.117565 (1506bp)
Best alignment score: 1506.0 (LEN: 1506, IDY: 100.00), Total number of alignments: 1
		One align captures most of this contig: 78463 79968 | 1 1506 | 1506 1506 | 100.0 | 1 NODE_38_length_1506_cov_20.117565

CONTIG: NODE_39_length_1361_cov_25.232087 (1361bp)
Best alignment score: 1361.0 (LEN: 1361, IDY: 100.00), Total number of alignments: 1
		One align captures most of this contig: 207246 208606 | 1361 1 | 1361 1361 | 100.0 | 0 NODE_39_length_1361_cov_25.232087

CONTIG: NODE_40_length_1311_cov_113.549433 (1311bp)
Best alignment score: 1310.0 (LEN: 1311, IDY: 99.92), Total number of alignments: 1
		One align captures most of this contig: 110509 111819 | 1 1311 | 1311 1311 | 99.92 | 1 NODE_40_length_1311_cov_113.549433

CONTIG: NODE_41_length_1271_cov_17.149916 (1271bp)
Best alignment score: 1271.0 (LEN: 1271, IDY: 100.00), Total number of alignments: 1
		One align captures most of this contig: 47806 49076 | 1271 1 | 1271 1271 | 100.0 | 1 NODE_41_length_1271_cov_17.149916

CONTIG: NODE_42_length_1066_cov_18.601618 (1066bp)
Best alignment score: 1066.0 (LEN: 1066, IDY: 100.00), Total number of alignments: 1
		One align captures most of this contig: 225567 226632 | 1 1066 | 1066 1066 | 100.0 | 0 NODE_42_length_1066_cov_18.601618

CONTIG: NODE_43_length_981_cov_14.745575 (981bp)
Best alignment score: 981.0 (LEN: 981, IDY: 100.00), Total number of alignments: 1
		One align captures most of this contig: 18 998 | 1 981 | 981 981 | 100.0 | 1 NODE_43_length_981_cov_14.745575

CONTIG: NODE_44_length_979_cov_55.199557 (979bp)
Best alignment score: 978.0 (LEN: 979, IDY: 99.90), Total number of alignments: 1
		One align captures most of this contig: 7652 8630 | 1 979 | 979 979 | 99.9 | 1 NODE_44_length_979_cov_55.199557

CONTIG: NODE_45_length_914_cov_179.592593 (914bp)
Best alignment score: 914.0 (LEN: 914, IDY: 100.00), Total number of alignments: 9
		This contig has 9 significant alignments. [An ambiguously mapped contig]
		Using only first of these alignment (option --ambiguity-usage is set to "one"):
			Alignment: 155209 156122 | 914 1 | 914 914 | 100.0 | 1 NODE_45_length_914_cov_179.592593
			Skipping alignment 152031 152944 | 914 1 | 914 914 | 100.0 | 1 NODE_45_length_914_cov_179.592593
			Skipping alignment 153620 154533 | 914 1 | 914 914 | 99.89 | 1 NODE_45_length_914_cov_179.592593
			Skipping alignment 161555 162468 | 914 1 | 914 914 | 99.89 | 1 NODE_45_length_914_cov_179.592593
			Skipping alignment 150442 151355 | 914 1 | 914 914 | 99.89 | 1 NODE_45_length_914_cov_179.592593
			Skipping alignment 163141 164054 | 914 1 | 914 914 | 99.78 | 1 NODE_45_length_914_cov_179.592593
			Skipping alignment 156798 157711 | 914 1 | 914 914 | 99.78 | 1 NODE_45_length_914_cov_179.592593
			Skipping alignment 159966 160879 | 914 1 | 914 914 | 99.78 | 1 NODE_45_length_914_cov_179.592593
			Skipping alignment 158377 159290 | 914 1 | 914 914 | 99.67 | 1 NODE_45_length_914_cov_179.592593

CONTIG: NODE_46_length_871_cov_121.993703 (871bp)
Best alignment score: 869.0 (LEN: 871, IDY: 99.77), Total number of alignments: 6
		Skipping these alignments as insignificant (option --ambiguity-score is set to "0.99"):
			Skipping alignment 175140 176028 | 1 871 | 889 871 | 97.19 | 0 NODE_46_length_871_cov_121.993703
			Skipping alignment 181621 182509 | 1 871 | 889 871 | 97.19 | 0 NODE_46_length_871_cov_121.993703
			Skipping alignment 193570 194458 | 1 871 | 889 871 | 97.19 | 0 NODE_46_length_871_cov_121.993703
			Skipping alignment 188852 189740 | 1 871 | 889 871 | 96.96 | 0 NODE_46_length_871_cov_121.993703
			Skipping alignment 191218 192092 | 1 871 | 875 871 | 95.39 | 0 NODE_46_length_871_cov_121.993703
		One align captures most of this contig: 196029 196899 | 1 871 | 871 871 | 99.77 | 0 NODE_46_length_871_cov_121.993703

CONTIG: NODE_47_length_815_cov_18.479675 (815bp)
Best alignment score: 815.0 (LEN: 815, IDY: 100.00), Total number of alignments: 1
		One align captures most of this contig: 163116 163930 | 815 1 | 815 815 | 100.0 | 0 NODE_47_length_815_cov_18.479675

CONTIG: NODE_48_length_769_cov_78.458092 (769bp)
Best alignment score: 761.0 (LEN: 762, IDY: 99.87), Total number of alignments: 1
		One align captures most of this contig: 304882 305643 | 765 4 | 762 762 | 99.87 | 0 NODE_48_length_769_cov_78.458092

CONTIG: NODE_49_length_741_cov_16.923193 (741bp)
Best alignment score: 741.0 (LEN: 741, IDY: 100.00), Total number of alignments: 1
		One align captures most of this contig: 169503 170243 | 1 741 | 741 741 | 100.0 | 0 NODE_49_length_741_cov_16.923193

CONTIG: NODE_50_length_733_cov_181.689024 (733bp)
Best alignment score: 733.0 (LEN: 733, IDY: 100.00), Total number of alignments: 10
		This contig has 10 significant alignments. [An ambiguously mapped contig]
		Using only first of these alignment (option --ambiguity-usage is set to "one"):
			Alignment: 350482 351214 | 1 733 | 733 733 | 100.0 | 1 NODE_50_length_733_cov_181.689024
			Skipping alignment 345335 346067 | 1 733 | 733 733 | 100.0 | 1 NODE_50_length_733_cov_181.689024
			Skipping alignment 343582 344314 | 1 733 | 733 733 | 100.0 | 1 NODE_50_length_733_cov_181.689024
			Skipping alignment 341829 342561 | 1 733 | 733 733 | 99.86 | 1 NODE_50_length_733_cov_181.689024
			Skipping alignment 347028 347760 | 1 733 | 733 733 | 99.86 | 1 NODE_50_length_733_cov_181.689024
			Skipping alignment 337832 338564 | 1 733 | 733 733 | 99.86 | 1 NODE_50_length_733_cov_181.689024
			Skipping alignment 336145 336877 | 1 733 | 733 733 | 99.86 | 1 NODE_50_length_733_cov_181.689024
			Skipping alignment 352235 352967 | 1 733 | 733 733 | 99.86 | 1 NODE_50_length_733_cov_181.689024
			Skipping alignment 339593 340325 | 1 733 | 733 733 | 99.73 | 1 NODE_50_length_733_cov_181.689024
			Skipping alignment 348781 349513 | 1 733 | 733 733 | 99.59 | 1 NODE_50_length_733_cov_181.689024

CONTIG: NODE_51_length_718_cov_94.987520 (718bp)
Best alignment score: 718.0 (LEN: 718, IDY: 100.00), Total number of alignments: 5
		This contig has 5 significant alignments. [An ambiguously mapped contig]
		Using only first of these alignment (option --ambiguity-usage is set to "one"):
			Alignment: 37043 37760 | 1 718 | 718 718 | 100.0 | 0 NODE_51_length_718_cov_94.987520
			Skipping alignment 30203 30920 | 1 718 | 718 718 | 99.72 | 0 NODE_51_length_718_cov_94.987520
			Skipping alignment 28313 29030 | 1 718 | 718 718 | 99.72 | 0 NODE_51_length_718_cov_94.987520
			Skipping alignment 35072 35789 | 1 718 | 718 718 | 99.72 | 0 NODE_51_length_718_cov_94.987520
			Skipping alignment 33182 33896 | 1 715 | 715 715 | 99.86 | 0 NODE_51_length_718_cov_94.987520

CONTIG: NODE_52_length_673_cov_246.018456 (673bp)
Best alignment score: 673.0 (LEN: 673, IDY: 100.00), Total number of alignments: 10
		This contig has 10 significant alignments. [An ambiguously mapped contig]
		Using only first of these alignment (option --ambiguity-usage is set to "one"):
			Alignment: 326485 327157 | 1 673 | 673 673 | 100.0 | 0 NODE_52_length_673_cov_246.018456
			Skipping alignment 330267 330939 | 1 673 | 673 673 | 100.0 | 0 NODE_52_length_673_cov_246.018456
			Skipping alignment 324594 325266 | 1 673 | 673 673 | 100.0 | 0 NODE_52_length_673_cov_246.018456
			Skipping alignment 317030 317702 | 1 673 | 673 673 | 100.0 | 0 NODE_52_length_673_cov_246.018456
			Skipping alignment 320812 321484 | 1 673 | 673 673 | 100.0 | 0 NODE_52_length_673_cov_246.018456
			Skipping alignment 334049 334721 | 1 673 | 673 673 | 99.85 | 0 NODE_52_length_673_cov_246.018456
			Skipping alignment 328376 329048 | 1 673 | 673 673 | 99.85 | 0 NODE_52_length_673_cov_246.018456
			Skipping alignment 318921 319593 | 1 673 | 673 673 | 99.85 | 0 NODE_52_length_673_cov_246.018456
			Skipping alignment 322703 323375 | 1 673 | 673 673 | 99.85 | 0 NODE_52_length_673_cov_246.018456
			Skipping alignment 332158 332830 | 1 673 | 673 673 | 99.7 | 0 NODE_52_length_673_cov_246.018456

CONTIG: NODE_53_length_635_cov_135.607527 (635bp)
Best alignment score: 635.0 (LEN: 635, IDY: 100.00), Total number of alignments: 8
		Skipping these alignments as insignificant (option --ambiguity-score is set to "0.99"):
			Skipping alignment 174656 175213 | 558 1 | 558 558 | 100.0 | 0 NODE_53_length_635_cov_135.607527
			Skipping alignment 197893 198450 | 558 1 | 558 558 | 100.0 | 0 NODE_53_length_635_cov_135.607527
			Skipping alignment 195545 196102 | 558 1 | 558 558 | 100.0 | 0 NODE_53_length_635_cov_135.607527
			Skipping alignment 193086 193643 | 558 1 | 558 558 | 99.64 | 0 NODE_53_length_635_cov_135.607527
			Skipping alignment 190734 191291 | 558 1 | 558 558 | 99.46 | 0 NODE_53_length_635_cov_135.607527
			Skipping alignment 177022 177577 | 558 1 | 556 558 | 99.1 | 0 NODE_53_length_635_cov_135.607527
			Skipping alignment 181122 181694 | 558 1 | 573 558 | 97.21 | 0 NODE_53_length_635_cov_135.607527
		One align captures most of this contig: 187580 188214 | 635 1 | 635 635 | 100.0 | 0 NODE_53_length_635_cov_135.607527

CONTIG: NODE_54_length_627_cov_214.960000 (627bp)
Best alignment score: 446.0 (LEN: 446, IDY: 100.00), Total number of alignments: 2
			Looking for the best set of alignments (out of 2 total alignments)
			The best set is below. Score: 611.0, number of alignments: 2, unaligned bases: 6
		This contig is misassembled.
			Excluding internal overlap of size 140 between Alignment 1 and 2: 332683 332997 | 621 307 | 315 315 --> 332683 332857 | 621 447 | 175 175
			Real Alignment 1: 333236 333581 | 446 1 | 346 446 | 100.0 | 1 NODE_54_length_627_cov_214.960000
			  Gap between these two alignments (local misassembly). Inconsistency = 378
			Real Alignment 2: 332683 332857 | 621 447 | 175 175 | 100.0 | 1 NODE_54_length_627_cov_214.960000

CONTIG: NODE_55_length_603_cov_95.606464 (603bp)
Best alignment score: 431.0 (LEN: 431, IDY: 100.00), Total number of alignments: 1
			Looking for the best set of alignments (out of 1 total alignments)
			The best set is below. Score: 431.0, number of alignments: 1, unaligned bases: 172
		Alignment: 95888 96318 | 1 431 | 431 431 | 100.0 | 0 NODE_55_length_603_cov_95.606464

CONTIG: NODE_56_length_591_cov_148.354086 (591bp)
Best alignment score: 251.0 (LEN: 251, IDY: 100.00), Total number of alignments: 3
			Looking for the best set of alignments (out of 3 total alignments)
			Skipping redundant alignments after choosing the best set of alignments
		Skipping redundant alignment 384163 384334 | 420 591 | 172 172 | 99.42 | 1 NODE_56_length_591_cov_148.354086
			The best set is below. Score: 484.0, number of alignments: 2, unaligned bases: 100
		This contig is misassembled.
			Real Alignment 1: 131935 132185 | 1 251 | 251 251 | 100.0 | 1 NODE_56_length_591_cov_148.354086
			  Scaffold gap between these two alignments, gap lengths difference (reference vs assembly) = 974 (local)
			Real Alignment 2: 133260 133499 | 352 591 | 240 240 | 99.17 | 1 NODE_56_length_591_cov_148.354086

CONTIG: NODE_57_length_587_cov_166.694118 (587bp)
Best alignment score: 587.0 (LEN: 587, IDY: 100.00), Total number of alignments: 9
		This contig has 9 significant alignments. [An ambiguously mapped contig]
		Using only first of these alignment (option --ambiguity-usage is set to "one"):
			Alignment: 153006 153592 | 587 1 | 587 587 | 100.0 | 1 NODE_57_length_587_cov_166.694118
			Skipping alignment 157763 158349 | 587 1 | 587 587 | 100.0 | 1 NODE_57_length_587_cov_166.694118
			Skipping alignment 160941 161527 | 587 1 | 587 587 | 100.0 | 1 NODE_57_length_587_cov_166.694118
			Skipping alignment 149856 150442 | 587 1 | 587 587 | 100.0 | 1 NODE_57_length_587_cov_166.694118
			Skipping alignment 151417 152003 | 587 1 | 587 587 | 100.0 | 1 NODE_57_length_587_cov_166.694118
			Skipping alignment 159352 159938 | 587 1 | 587 587 | 100.0 | 1 NODE_57_length_587_cov_166.694118
			Skipping alignment 156184 156770 | 587 1 | 587 587 | 99.83 | 1 NODE_57_length_587_cov_166.694118
			Skipping alignment 154595 155181 | 587 1 | 587 587 | 99.83 | 1 NODE_57_length_587_cov_166.694118
			Skipping alignment 162530 163113 | 587 1 | 584 587 | 99.32 | 1 NODE_57_length_587_cov_166.694118

CONTIG: NODE_58_length_579_cov_55.741036 (579bp)
Best alignment score: 564.9 (LEN: 579, IDY: 97.56), Total number of alignments: 1
		One align captures most of this contig: 208039 208629 | 579 1 | 591 579 | 97.56 | 1 NODE_58_length_579_cov_55.741036

CONTIG: NODE_59_length_576_cov_132.304609 (576bp)
Best alignment score: 576.0 (LEN: 576, IDY: 100.00), Total number of alignments: 7
		Skipping these alignments as insignificant (option --ambiguity-score is set to "0.99"):
			Skipping alignment 439168 439738 | 1 576 | 571 576 | 98.96 | 1 NODE_59_length_576_cov_132.304609
			Skipping alignment 447773 448340 | 1 568 | 568 568 | 99.82 | 1 NODE_59_length_576_cov_132.304609
		This contig has 5 significant alignments. [An ambiguously mapped contig]
		Using only first of these alignment (option --ambiguity-usage is set to "one"):
			Alignment: 453552 454127 | 1 576 | 576 576 | 100.0 | 1 NODE_59_length_576_cov_132.304609
			Skipping alignment 450284 450859 | 1 576 | 576 576 | 99.83 | 1 NODE_59_length_576_cov_132.304609
			Skipping alignment 442967 443542 | 1 576 | 576 576 | 99.65 | 1 NODE_59_length_576_cov_132.304609
			Skipping alignment 445365 445940 | 1 576 | 576 576 | 99.48 | 1 NODE_59_length_576_cov_132.304609
			Skipping alignment 436746 437321 | 1 576 | 576 576 | 99.13 | 1 NODE_59_length_576_cov_132.304609

CONTIG: NODE_60_length_576_cov_45.154309 (576bp)
Best alignment score: 576.0 (LEN: 576, IDY: 100.00), Total number of alignments: 1
		One align captures most of this contig: 450891 451466 | 576 1 | 576 576 | 100.0 | 1 NODE_60_length_576_cov_45.154309

CONTIG: NODE_61_length_560_cov_23.863354 (560bp)
Best alignment score: 560.0 (LEN: 560, IDY: 100.00), Total number of alignments: 1
		One align captures most of this contig: 214477 215036 | 560 1 | 560 560 | 100.0 | 0 NODE_61_length_560_cov_23.863354

CONTIG: NODE_62_length_557_cov_141.445833 (557bp)
Best alignment score: 556.0 (LEN: 557, IDY: 99.82), Total number of alignments: 8
		Skipping these alignments as insignificant (option --ambiguity-score is set to "0.99"):
			Skipping alignment 86966 87446 | 77 557 | 481 481 | 99.79 | 0 NODE_62_length_557_cov_141.445833
		This contig has 7 significant alignments. [An ambiguously mapped contig]
		Using only first of these alignment (option --ambiguity-usage is set to "one"):
			Alignment: 107458 108014 | 1 557 | 557 557 | 99.82 | 0 NODE_62_length_557_cov_141.445833
			Skipping alignment 105698 106254 | 1 557 | 557 557 | 99.82 | 0 NODE_62_length_557_cov_141.445833
			Skipping alignment 103938 104494 | 1 557 | 557 557 | 99.82 | 0 NODE_62_length_557_cov_141.445833
			Skipping alignment 88742 89298 | 1 557 | 557 557 | 99.82 | 0 NODE_62_length_557_cov_141.445833
			Skipping alignment 94693 95249 | 1 557 | 557 557 | 99.64 | 0 NODE_62_length_557_cov_141.445833
			Skipping alignment 96615 97171 | 1 557 | 557 557 | 99.64 | 0 NODE_62_length_557_cov_141.445833
			Skipping alignment 92936 93489 | 1 557 | 554 557 | 99.28 | 0 NODE_62_length_557_cov_141.445833

CONTIG: NODE_63_length_553_cov_83.964286 (553bp)
Best alignment score: 553.0 (LEN: 553, IDY: 100.00), Total number of alignments: 1
		One align captures most of this contig: 38879 39431 | 553 1 | 553 553 | 100.0 | 1 NODE_63_length_553_cov_83.964286

CONTIG: NODE_64_length_542_cov_19.539785 (542bp)
Best alignment score: 542.0 (LEN: 542, IDY: 100.00), Total number of alignments: 1
		One align captures most of this contig: 164039 164580 | 542 1 | 542 542 | 100.0 | 1 NODE_64_length_542_cov_19.539785

CONTIG: NODE_65_length_538_cov_36.086768 (538bp)
Best alignment score: 538.0 (LEN: 538, IDY: 100.00), Total number of alignments: 1
		One align captures most of this contig: 2175 2712 | 538 1 | 538 538 | 100.0 | 0 NODE_65_length_538_cov_36.086768

CONTIG: NODE_66_length_527_cov_78.155556 (527bp)
Best alignment score: 272.0 (LEN: 274, IDY: 99.28), Total number of alignments: 1
			Looking for the best set of alignments (out of 1 total alignments)
			The best set is below. Score: 272.0, number of alignments: 1, unaligned bases: 253
		Alignment: 172797 173072 | 274 1 | 276 274 | 99.28 | 1 NODE_66_length_527_cov_78.155556

CONTIG: NODE_67_length_526_cov_176.271715 (526bp)
Best alignment score: 350.0 (LEN: 351, IDY: 99.72), Total number of alignments: 1
			Looking for the best set of alignments (out of 1 total alignments)
			The best set is below. Score: 350.0, number of alignments: 1, unaligned bases: 175
		Alignment: 252007 252357 | 176 526 | 351 351 | 99.72 | 1 NODE_67_length_526_cov_176.271715

CONTIG: NODE_68_length_523_cov_44.605381 (523bp)
Best alignment score: 489.1 (LEN: 514, IDY: 95.16), Total number of alignments: 1
		One align captures most of this contig: 206897 207430 | 1 514 | 534 514 | 95.16 | 1 NODE_68_length_523_cov_44.605381

CONTIG: NODE_69_length_509_cov_201.747685 (509bp)
Best alignment score: 508.0 (LEN: 509, IDY: 99.80), Total number of alignments: 1
		One align captures most of this contig: 257653 258161 | 1 509 | 509 509 | 99.8 | 1 NODE_69_length_509_cov_201.747685

CONTIG: NODE_70_length_507_cov_55.602326 (507bp)
Best alignment score: 299.0 (LEN: 299, IDY: 100.00), Total number of alignments: 1
			Looking for the best set of alignments (out of 1 total alignments)
			The best set is below. Score: 299.0, number of alignments: 1, unaligned bases: 208
		Alignment: 185791 186089 | 1 299 | 299 299 | 100.0 | 1 NODE_70_length_507_cov_55.602326

CONTIG: NODE_71_length_506_cov_17.340326 (506bp)
Best alignment score: 506.0 (LEN: 506, IDY: 100.00), Total number of alignments: 1
		One align captures most of this contig: 182504 182964 | 1 506 | 461 506 | 100.0 | 0 NODE_71_length_506_cov_17.340326

Analyzing coverage...
Writing SNPs into /home/genomika25/studenci/dmyboi/genome_assembling_cw2/quast_results/results_2025_10_20_18_22_14/contigs_reports/minimap_output/spades-se.used_snps

Analysis is finished!
Founded SNPs were written into /home/genomika25/studenci/dmyboi/genome_assembling_cw2/quast_results/results_2025_10_20_18_22_14/contigs_reports/minimap_output/spades-se.used_snps

Results:
	Local Misassemblies: 10
	Misassemblies: 3
		Relocations: 3
		Translocations: 0
		Inversions: 0
	Scaffold gap extensive misassemblies: 9
	Scaffold gap local misassemblies: 7
	Misassembled Contigs: 3
	Misassembled Contig Bases: 32938
	Misassemblies Inter-Contig Overlap ("Extra" Aligned Bases): 0
Unaligned Contigs: 0 + 0 part
Half Unaligned Contigs with Misassemblies: 0
Unaligned Bases in Fully and Partially Unaligned Contigs: 0

Ambiguously Mapped Contigs: 8
Total Bases in Ambiguously Mapped Contigs: 25024
"Extra" Aligned Bases in Ambiguously Mapped Contigs: 0
Note that --allow-ambiguity option was set to "one" and only first alignment per each of these contigs was used (there is no "extra" aligned bases).

	Covered Bases in Reference: 197732
	Raw Aligned Bases in Assembly: 197921
	Total Aligned Bases in Assembly (with "Extras"): 197921

	SNPs: 38
	Insertions: 1558
	Deletions: 385

