Aligning contigs to reference...
	Aligning contigs to the reference
Filtering alignments...
Parsing coords...
Loading reference...
	Loaded [0]
	Loaded [1]
	Total Regions: 2
	Total Region Length: 325724
Analyzing contigs...
CONTIG: NODE_1_length_36522_cov_19.465057 (36522bp)
Best alignment score: 21778.4 (LEN: 22072, IDY: 98.67), Total number of alignments: 3
			Looking for the best set of alignments (out of 3 total alignments)
			The best set is below. Score: 36075.4, number of alignments: 3, unaligned bases: 100
		This contig is misassembled.
			Excluding internal overlap of size 171 between Alignment 1 and 2: 24365 37554 | 13290 1 | 13190 13290 --> 24536 37554 | 13119 1 | 13019 13119
			Real Alignment 1: 24536 37554 | 13119 1 | 13019 13119 | 100.0 | 1 NODE_1_length_36522_cov_19.465057
			  Gap between these two alignments (local misassembly). Inconsistency = 550
			Real Alignment 2: 1668 23985 | 35191 13120 | 22318 22072 | 98.67 | 1 NODE_1_length_36522_cov_19.465057
			  Scaffold gap between these two alignments, gap lengths difference (reference vs assembly) = 326 (local)
			Real Alignment 3: 11 1241 | 36522 35292 | 1231 1231 | 100.0 | 1 NODE_1_length_36522_cov_19.465057

CONTIG: NODE_2_length_28368_cov_25.524937 (28368bp)
Best alignment score: 11510.0 (LEN: 11510, IDY: 100.00), Total number of alignments: 7
			Looking for the best set of alignments (out of 7 total alignments)
			Skipping redundant alignments after choosing the best set of alignments
		Skipping redundant alignment 80646 80782 | 15847 15711 | 137 137 | 100.0 | 1 NODE_2_length_28368_cov_25.524937
			The best set is below. Score: 27843.0, number of alignments: 6, unaligned bases: 500
		This contig is misassembled.
			Real Alignment 1: 86923 98386 | 11510 1 | 11464 11510 | 100.0 | 1 NODE_2_length_28368_cov_25.524937
			  Scaffold gap between these two alignments, gap lengths difference (reference vs assembly) = 1098 (extensive)
			Real Alignment 2: 84552 85724 | 12783 11611 | 1173 1173 | 100.0 | 1 NODE_2_length_28368_cov_25.524937
			  Scaffold gap between these two alignments, gap lengths difference (reference vs assembly) = 942 (local)
			Real Alignment 3: 80783 83509 | 15610 12884 | 2727 2727 | 100.0 | 1 NODE_2_length_28368_cov_25.524937
			  Scaffold gap between these two alignments, gap lengths difference (reference vs assembly) = 140 (local)
			Real Alignment 4: 75563 80542 | 20690 15711 | 4980 4980 | 100.0 | 1 NODE_2_length_28368_cov_25.524937
			  Scaffold gap between these two alignments, gap lengths difference (reference vs assembly) = 3002 (extensive)
			Real Alignment 5: 65718 72460 | 27533 20791 | 6743 6743 | 100.0 | 1 NODE_2_length_28368_cov_25.524937
			  Scaffold gap between these two alignments, gap lengths difference (reference vs assembly) = 4708 (extensive)
			Real Alignment 6: 60175 60909 | 28368 27634 | 735 735 | 100.0 | 1 NODE_2_length_28368_cov_25.524937

CONTIG: NODE_3_length_28036_cov_20.418971 (28036bp)
Best alignment score: 13900.2 (LEN: 13903, IDY: 99.98), Total number of alignments: 3
			Looking for the best set of alignments (out of 3 total alignments)
			The best set is below. Score: 27852.4, number of alignments: 3, unaligned bases: 100
		This contig is misassembled.
			Real Alignment 1: 4 13904 | 1 13903 | 13901 13903 | 99.98 | 0 NODE_3_length_28036_cov_20.418971
			  Scaffold gap between these two alignments, gap lengths difference (reference vs assembly) = 1836 (extensive)
			Excluding internal overlap of size 181 between Alignment 2 and 3: 24762 30161 | 22509 28036 | 5400 5528 --> 24915 30161 | 22690 28036 | 5247 5347
			Real Alignment 2: 15841 24526 | 14004 22689 | 8686 8686 | 100.0 | 0 NODE_3_length_28036_cov_20.418971
			  Gap between these two alignments (local misassembly). Inconsistency = 388
			Real Alignment 3: 24915 30161 | 22690 28036 | 5247 5347 | 99.48 | 0 NODE_3_length_28036_cov_20.418971

CONTIG: NODE_4_length_24323_cov_22.011301 (24323bp)
Best alignment score: 10606.0 (LEN: 10606, IDY: 100.00), Total number of alignments: 4
			Looking for the best set of alignments (out of 4 total alignments)
			The best set is below. Score: 23478.6, number of alignments: 4, unaligned bases: 200
		This contig is misassembled.
			Real Alignment 1: 59400 70005 | 10606 1 | 10606 10606 | 100.0 | 0 NODE_4_length_24323_cov_22.011301
			  Scaffold gap between these two alignments, gap lengths difference (reference vs assembly) = 40 (local)
			Excluding internal overlap of size 633 between Alignment 2 and 3: 44893 48970 | 21991 17660 | 4078 4332 --> 44893 48414 | 21991 18293 | 3522 3699
			Real Alignment 2: 51674 59259 | 18292 10707 | 7586 7586 | 100.0 | 0 NODE_4_length_24323_cov_22.011301
			  Extensive misassembly (relocation, inconsistency = 3259) between these two alignments
			Real Alignment 3: 44893 48414 | 21991 18293 | 3522 3699 | 96.34 | 0 NODE_4_length_24323_cov_22.011301
			  Scaffold gap between these two alignments, gap lengths difference (reference vs assembly) = 1313 (extensive)
			Real Alignment 4: 41248 43479 | 24323 22092 | 2232 2232 | 100.0 | 0 NODE_4_length_24323_cov_22.011301

CONTIG: NODE_5_length_20692_cov_21.939413 (20692bp)
Best alignment score: 8679.0 (LEN: 8679, IDY: 100.00), Total number of alignments: 5
			Looking for the best set of alignments (out of 5 total alignments)
			The best set is below. Score: 20226.0, number of alignments: 5, unaligned bases: 446
		This contig is misassembled.
			Real Alignment 1: 163935 165923 | 2012 24 | 1989 1989 | 100.0 | 0 NODE_5_length_20692_cov_21.939413
			  Scaffold gap between these two alignments, gap lengths difference (reference vs assembly) = 2003 (extensive)
			Real Alignment 2: 153235 161831 | 10791 2113 | 8597 8679 | 100.0 | 0 NODE_5_length_20692_cov_21.939413
			  Scaffold gap between these two alignments, gap lengths difference (reference vs assembly) = 30 (local)
			Real Alignment 3: 145777 153104 | 18219 10892 | 7328 7328 | 100.0 | 0 NODE_5_length_20692_cov_21.939413
			  Scaffold gap between these two alignments, gap lengths difference (reference vs assembly) = 200 (local)
			Real Alignment 4: 144478 145453 | 19318 18343 | 976 976 | 100.0 | 0 NODE_5_length_20692_cov_21.939413
			  Scaffold gap between these two alignments, gap lengths difference (reference vs assembly) = 502 (local)
			Real Alignment 5: 142602 143875 | 20692 19419 | 1274 1274 | 100.0 | 0 NODE_5_length_20692_cov_21.939413

CONTIG: NODE_6_length_19382_cov_22.750531 (19382bp)
Best alignment score: 17932.0 (LEN: 17932, IDY: 100.00), Total number of alignments: 3
			Looking for the best set of alignments (out of 3 total alignments)
			Skipping redundant alignments after choosing the best set of alignments
		Skipping redundant alignment 153586 154098 | 1971 1459 | 513 513 | 100.0 | 1 NODE_6_length_19382_cov_22.750531
			The best set is below. Score: 19277.0, number of alignments: 2, unaligned bases: 100
		This contig is misassembled.
			Real Alignment 1: 154399 155748 | 1350 1 | 1350 1350 | 100.0 | 1 NODE_6_length_19382_cov_22.750531
			  Scaffold gap between these two alignments, gap lengths difference (reference vs assembly) = 3300 (extensive)
			Real Alignment 2: 133067 150998 | 19382 1451 | 17932 17932 | 100.0 | 1 NODE_6_length_19382_cov_22.750531

CONTIG: NODE_7_length_17326_cov_42.322453 (17326bp)
Best alignment score: 7918.4 (LEN: 7951, IDY: 99.59), Total number of alignments: 4
			Looking for the best set of alignments (out of 4 total alignments)
			The best set is below. Score: 16204.4, number of alignments: 4, unaligned bases: 100
		This contig is misassembled.
			Excluding internal overlap of size 188 between Alignment 1 and 2: 140728 142078 | 1351 1 | 1351 1351 --> 140916 142078 | 1163 1 | 1163 1163
			Real Alignment 1: 140916 142078 | 1163 1 | 1163 1163 | 100.0 | 0 NODE_7_length_17326_cov_42.322453
			  Extensive misassembly (relocation, inconsistency = 1638) between these two alignments
			Real Alignment 2: 131371 139277 | 9114 1164 | 7907 7951 | 99.59 | 0 NODE_7_length_17326_cov_42.322453
			  Extensive misassembly (relocation, inconsistency = 12946, scaffold gap is present) between these two alignments
			Excluding internal overlap of size 288 between Alignment 3 and 4: 114218 118324 | 13321 9215 | 4107 4107 --> 114506 118324 | 13033 9215 | 3819 3819
			Real Alignment 3: 114506 118324 | 13033 9215 | 3819 3819 | 100.0 | 0 NODE_7_length_17326_cov_42.322453
			  Extensive misassembly (relocation, inconsistency = 1477) between these two alignments
			Real Alignment 4: 108774 113028 | 17326 13034 | 4255 4293 | 99.98 | 0 NODE_7_length_17326_cov_42.322453

CONTIG: NODE_8_length_7976_cov_19.476389 (7976bp)
Best alignment score: 7976.0 (LEN: 7976, IDY: 100.00), Total number of alignments: 1
		One align captures most of this contig: 83499 91474 | 1 7976 | 7976 7976 | 100.0 | 0 NODE_8_length_7976_cov_19.476389

CONTIG: NODE_9_length_7061_cov_19.087629 (7061bp)
Best alignment score: 7061.0 (LEN: 7061, IDY: 100.00), Total number of alignments: 1
		One align captures most of this contig: 40249 47309 | 7061 1 | 7061 7061 | 100.0 | 1 NODE_9_length_7061_cov_19.087629

CONTIG: NODE_10_length_4386_cov_21.337433 (4386bp)
Best alignment score: 3683.0 (LEN: 3683, IDY: 100.00), Total number of alignments: 2
			Looking for the best set of alignments (out of 2 total alignments)
			The best set is below. Score: 4281.0, number of alignments: 2, unaligned bases: 100
		This contig is misassembled.
			Real Alignment 1: 128905 132587 | 3683 1 | 3683 3683 | 100.0 | 1 NODE_10_length_4386_cov_21.337433
			  Scaffold gap between these two alignments, gap lengths difference (reference vs assembly) = 450 (local)
			Real Alignment 2: 127752 128354 | 4386 3784 | 603 603 | 100.0 | 1 NODE_10_length_4386_cov_21.337433

CONTIG: NODE_11_length_3781_cov_17.930346 (3781bp)
Best alignment score: 3779.9 (LEN: 3781, IDY: 99.97), Total number of alignments: 1
		One align captures most of this contig: 155983 159763 | 1 3781 | 3781 3781 | 99.97 | 1 NODE_11_length_3781_cov_17.930346

CONTIG: NODE_12_length_3068_cov_26.649281 (3068bp)
Best alignment score: 1924.0 (LEN: 1924, IDY: 100.00), Total number of alignments: 2
			Looking for the best set of alignments (out of 2 total alignments)
			The best set is below. Score: 2963.0, number of alignments: 2, unaligned bases: 100
		This contig is misassembled.
			Real Alignment 1: 93442 95365 | 1924 1 | 1924 1924 | 100.0 | 0 NODE_12_length_3068_cov_26.649281
			  Scaffold gap between these two alignments, gap lengths difference (reference vs assembly) = 300 (local)
			Real Alignment 2: 91998 93041 | 3068 2025 | 1044 1044 | 100.0 | 0 NODE_12_length_3068_cov_26.649281

CONTIG: NODE_13_length_1027_cov_248.381053 (1027bp)
Best alignment score: 997.0 (LEN: 998, IDY: 99.90), Total number of alignments: 4
			Looking for the best set of alignments (out of 4 total alignments)
			Skipping redundant alignments after choosing the best set of alignments
		Skipping redundant alignment 81547 82346 | 199 998 | 800 800 | 100.0 | 0 NODE_13_length_1027_cov_248.381053
		Skipping redundant alignment 81147 81946 | 199 998 | 800 800 | 99.88 | 0 NODE_13_length_1027_cov_248.381053
		Skipping redundant alignment 82747 83575 | 199 1027 | 829 829 | 100.0 | 0 NODE_13_length_1027_cov_248.381053
			The best set is below. Score: 997.0, number of alignments: 1, unaligned bases: 29
		Alignment: 80549 81546 | 1 998 | 998 998 | 99.9 | 0 NODE_13_length_1027_cov_248.381053

CONTIG: NODE_14_length_981_cov_138.555310 (981bp)
Best alignment score: 981.0 (LEN: 981, IDY: 100.00), Total number of alignments: 7
		This contig has 7 significant alignments. [An ambiguously mapped contig]
		Using only first of these alignment (option --ambiguity-usage is set to "one"):
			Alignment: 50133 51113 | 1 981 | 981 981 | 100.0 | 1 NODE_14_length_981_cov_138.555310
			Skipping alignment 51955 52935 | 1 981 | 981 981 | 100.0 | 1 NODE_14_length_981_cov_138.555310
			Skipping alignment 55613 56593 | 1 981 | 981 981 | 99.9 | 1 NODE_14_length_981_cov_138.555310
			Skipping alignment 48306 49286 | 1 981 | 981 981 | 99.9 | 1 NODE_14_length_981_cov_138.555310
			Skipping alignment 59271 60251 | 1 981 | 981 981 | 99.8 | 1 NODE_14_length_981_cov_138.555310
			Skipping alignment 53784 54764 | 1 981 | 981 981 | 99.8 | 1 NODE_14_length_981_cov_138.555310
			Skipping alignment 57442 58422 | 1 981 | 981 981 | 99.69 | 1 NODE_14_length_981_cov_138.555310

CONTIG: NODE_15_length_795_cov_128.603064 (795bp)
Best alignment score: 795.0 (LEN: 795, IDY: 100.00), Total number of alignments: 7
		This contig has 7 significant alignments. [An ambiguously mapped contig]
		Using only first of these alignment (option --ambiguity-usage is set to "one"):
			Alignment: 58419 59213 | 795 1 | 795 795 | 100.0 | 1 NODE_15_length_795_cov_128.603064
			Skipping alignment 47233 48027 | 795 1 | 795 795 | 99.87 | 1 NODE_15_length_795_cov_128.603064
			Skipping alignment 56590 57384 | 795 1 | 795 795 | 99.87 | 1 NODE_15_length_795_cov_128.603064
			Skipping alignment 52932 53726 | 795 1 | 795 795 | 99.87 | 1 NODE_15_length_795_cov_128.603064
			Skipping alignment 49283 50075 | 795 1 | 793 795 | 99.75 | 1 NODE_15_length_795_cov_128.603064
			Skipping alignment 54761 55555 | 795 1 | 795 795 | 99.75 | 1 NODE_15_length_795_cov_128.603064
			Skipping alignment 51110 51903 | 795 2 | 794 794 | 99.62 | 1 NODE_15_length_795_cov_128.603064

CONTIG: NODE_16_length_770_cov_186.168831 (770bp)
Best alignment score: 769.0 (LEN: 770, IDY: 99.87), Total number of alignments: 8
		Skipping these alignments as insignificant (option --ambiguity-score is set to "0.99"):
			Skipping alignment 30671 31461 | 770 1 | 791 770 | 97.09 | 0 NODE_16_length_770_cov_186.168831
		This contig has 7 significant alignments. [An ambiguously mapped contig]
		Using only first of these alignment (option --ambiguity-usage is set to "one"):
			Alignment: 39957 40726 | 770 1 | 770 770 | 99.87 | 0 NODE_16_length_770_cov_186.168831
			Skipping alignment 32714 33483 | 770 1 | 770 770 | 99.87 | 0 NODE_16_length_770_cov_186.168831
			Skipping alignment 31703 32472 | 770 1 | 770 770 | 99.87 | 0 NODE_16_length_770_cov_186.168831
			Skipping alignment 37931 38700 | 770 1 | 770 770 | 99.61 | 0 NODE_16_length_770_cov_186.168831
			Skipping alignment 35909 36678 | 770 1 | 770 770 | 99.61 | 0 NODE_16_length_770_cov_186.168831
			Skipping alignment 38942 39715 | 770 1 | 774 770 | 99.35 | 0 NODE_16_length_770_cov_186.168831
			Skipping alignment 36926 37689 | 764 1 | 764 764 | 99.87 | 0 NODE_16_length_770_cov_186.168831

CONTIG: NODE_17_length_677_cov_37.803333 (677bp)
Best alignment score: 677.0 (LEN: 677, IDY: 100.00), Total number of alignments: 2
		This contig has 2 significant alignments. [An ambiguously mapped contig]
		Using only first of these alignment (option --ambiguity-usage is set to "one"):
			Alignment: 142002 142678 | 677 1 | 677 677 | 100.0 | 0 NODE_17_length_677_cov_37.803333
			Skipping alignment 91398 92074 | 677 1 | 677 677 | 100.0 | 0 NODE_17_length_677_cov_37.803333

CONTIG: NODE_18_length_544_cov_542.081370 (544bp)
Best alignment score: 544.0 (LEN: 544, IDY: 100.00), Total number of alignments: 23
		This contig has 23 significant alignments. [An ambiguously mapped contig]
		Using only first of these alignment (option --ambiguity-usage is set to "one"):
			Alignment: 122724 123267 | 544 1 | 544 544 | 100.0 | 1 NODE_18_length_544_cov_542.081370
			Skipping alignment 126374 126917 | 544 1 | 544 544 | 100.0 | 1 NODE_18_length_544_cov_542.081370
			Skipping alignment 119879 120422 | 544 1 | 544 544 | 100.0 | 1 NODE_18_length_544_cov_542.081370
			Skipping alignment 125455 125998 | 544 1 | 544 544 | 100.0 | 1 NODE_18_length_544_cov_542.081370
			Skipping alignment 99969 100512 | 544 1 | 544 544 | 100.0 | 1 NODE_18_length_544_cov_542.081370
			Skipping alignment 107599 108142 | 544 1 | 544 544 | 100.0 | 1 NODE_18_length_544_cov_542.081370
			Skipping alignment 101905 102448 | 544 1 | 544 544 | 100.0 | 1 NODE_18_length_544_cov_542.081370
			Skipping alignment 117032 117575 | 544 1 | 544 544 | 100.0 | 1 NODE_18_length_544_cov_542.081370
			Skipping alignment 108493 109036 | 544 1 | 544 544 | 100.0 | 1 NODE_18_length_544_cov_542.081370
			Skipping alignment 104752 105295 | 544 1 | 544 544 | 100.0 | 1 NODE_18_length_544_cov_542.081370
			Skipping alignment 105663 106206 | 544 1 | 544 544 | 100.0 | 1 NODE_18_length_544_cov_542.081370
			Skipping alignment 121813 122356 | 544 1 | 544 544 | 100.0 | 1 NODE_18_length_544_cov_542.081370
			Skipping alignment 124544 125087 | 544 1 | 544 544 | 100.0 | 1 NODE_18_length_544_cov_542.081370
			Skipping alignment 118968 119511 | 544 1 | 544 544 | 100.0 | 1 NODE_18_length_544_cov_542.081370
			Skipping alignment 99058 99601 | 544 1 | 544 544 | 100.0 | 1 NODE_18_length_544_cov_542.081370
			Skipping alignment 116121 116664 | 544 1 | 544 544 | 99.82 | 1 NODE_18_length_544_cov_542.081370
			Skipping alignment 127285 127828 | 544 1 | 544 544 | 99.82 | 1 NODE_18_length_544_cov_542.081370
			Skipping alignment 114185 114728 | 544 1 | 544 544 | 99.82 | 1 NODE_18_length_544_cov_542.081370
			Skipping alignment 113276 113819 | 544 1 | 544 544 | 99.82 | 1 NODE_18_length_544_cov_542.081370
			Skipping alignment 123633 124176 | 544 1 | 544 544 | 99.82 | 1 NODE_18_length_544_cov_542.081370
			Skipping alignment 110429 110972 | 544 1 | 544 544 | 99.82 | 1 NODE_18_length_544_cov_542.081370
			Skipping alignment 111340 111883 | 544 1 | 544 544 | 99.82 | 1 NODE_18_length_544_cov_542.081370
			Skipping alignment 102816 103359 | 544 1 | 544 544 | 99.63 | 1 NODE_18_length_544_cov_542.081370

Analyzing coverage...
Writing SNPs into /home/genomika25/studenci/dmyboi/genome_assembling_cw2/quast_results/results_2025_10_21_16_43_01/contigs_reports/minimap_output/spades-pe.used_snps

Analysis is finished!
Founded SNPs were written into /home/genomika25/studenci/dmyboi/genome_assembling_cw2/quast_results/results_2025_10_21_16_43_01/contigs_reports/minimap_output/spades-pe.used_snps

Results:
	Local Misassemblies: 2
	Misassemblies: 4
		Relocations: 4
		Translocations: 0
		Inversions: 0
	Scaffold gap extensive misassemblies: 7
	Scaffold gap local misassemblies: 9
	Misassembled Contigs: 2
	Misassembled Contig Bases: 41649
	Misassemblies Inter-Contig Overlap ("Extra" Aligned Bases): 0
Unaligned Contigs: 0 + 0 part
Half Unaligned Contigs with Misassemblies: 0
Unaligned Bases in Fully and Partially Unaligned Contigs: 0

Ambiguously Mapped Contigs: 5
Total Bases in Ambiguously Mapped Contigs: 3767
"Extra" Aligned Bases in Ambiguously Mapped Contigs: 0
Note that --allow-ambiguity option was set to "one" and only first alignment per each of these contigs was used (there is no "extra" aligned bases).

	Covered Bases in Reference: 203443
	Raw Aligned Bases in Assembly: 203652
	Total Aligned Bases in Assembly (with "Extras"): 203652

	SNPs: 8
	Insertions: 494
	Deletions: 325

