diamond v2.1.14.168 (C) Max Planck Society for the Advancement of Science, Benjamin Buchfink, University of Tuebingen
Documentation, support and updates available at http://www.diamondsearch.org
Please cite: http://dx.doi.org/10.1038/s41592-021-01101-x Nature Methods (2021)

#CPU threads: 1
Scoring parameters: (Matrix=BLOSUM62 Lambda=0.267 K=0.041 Penalties=11/1)
Database input file: /home/genomika25/studenci/dmyboi/sequence_adnotation_home_work_cw3/BRAKER/example/braker/traingenes.good.fa.nonreddb
Opening the database file...  [0s]
Loading sequences...  [0s]
Masking sequences...  [0.008s]
Writing sequences...  [0s]
Hashing sequences...  [0s]
Loading sequences...  [0s]
Writing trailer...  [0s]
Closing the input file...  [0s]
Closing the database file...  [0s]

Database sequences  187
  Database letters  95651
     Database hash  bc6d3fc85a8155800229db0dc4b62f58
        Total time  0.009000s
diamond v2.1.14.168 (C) Max Planck Society for the Advancement of Science, Benjamin Buchfink, University of Tuebingen
Documentation, support and updates available at http://www.diamondsearch.org
Please cite: http://dx.doi.org/10.1038/s41592-021-01101-x Nature Methods (2021)

#CPU threads: 64
Scoring parameters: (Matrix=BLOSUM62 Lambda=0.267 K=0.041 Penalties=11/1)
Temporary directory: /home/genomika25/studenci/dmyboi/sequence_adnotation_home_work_cw3/BRAKER/example/braker
#Target sequences to report alignments for: 25
Opening the database...  [0s]
Database: /home/genomika25/studenci/dmyboi/sequence_adnotation_home_work_cw3/BRAKER/example/braker/traingenes.good.fa.nonreddb (type: Diamond database, sequences: 187, letters: 95651)
Block size = 2000000000
Opening the input file...  [0s]
Opening the output file...  [0s]
Loading query sequences...  [0s]
Masking queries...  [0.008s]
Algorithm: Double-indexed
Building query histograms...  [0.005s]
Seeking in database...  [0s]
Loading reference sequences...  [0s]
Masking reference...  [0.003s]
Initializing temporary storage...  [0s]
Building reference histograms...  [0.005s]
Allocating buffers...  [0s]
Processing query block 1, reference block 1/1, shape 1/2, index chunk 1/4.
Building reference seed array...  [0.004s]
Building query seed array...  [0.002s]
Computing hash join...  [0.002s]
Masking low complexity seeds...  [0.002s]
Searching alignments...  [0.006s]
Deallocating memory...  [0s]
Processing query block 1, reference block 1/1, shape 1/2, index chunk 2/4.
Building reference seed array...  [0.002s]
Building query seed array...  [0.002s]
Computing hash join...  [0.002s]
Masking low complexity seeds...  [0.002s]
Searching alignments...  [0.002s]
Deallocating memory...  [0s]
Processing query block 1, reference block 1/1, shape 1/2, index chunk 3/4.
Building reference seed array...  [0.003s]
Building query seed array...  [0.002s]
Computing hash join...  [0.002s]
Masking low complexity seeds...  [0.002s]
Searching alignments...  [0.002s]
Deallocating memory...  [0s]
Processing query block 1, reference block 1/1, shape 1/2, index chunk 4/4.
Building reference seed array...  [0.002s]
Building query seed array...  [0.002s]
Computing hash join...  [0.002s]
Masking low complexity seeds...  [0.002s]
Searching alignments...  [0.002s]
Deallocating memory...  [0s]
Processing query block 1, reference block 1/1, shape 2/2, index chunk 1/4.
Building reference seed array...  [0.002s]
Building query seed array...  [0.002s]
Computing hash join...  [0.002s]
Masking low complexity seeds...  [0.002s]
Searching alignments...  [0.002s]
Deallocating memory...  [0s]
Processing query block 1, reference block 1/1, shape 2/2, index chunk 2/4.
Building reference seed array...  [0.002s]
Building query seed array...  [0.002s]
Computing hash join...  [0.002s]
Masking low complexity seeds...  [0.002s]
Searching alignments...  [0.002s]
Deallocating memory...  [0s]
Processing query block 1, reference block 1/1, shape 2/2, index chunk 3/4.
Building reference seed array...  [0.002s]
Building query seed array...  [0.002s]
Computing hash join...  [0.002s]
Masking low complexity seeds...  [0.002s]
Searching alignments...  [0.002s]
Deallocating memory...  [0s]
Processing query block 1, reference block 1/1, shape 2/2, index chunk 4/4.
Building reference seed array...  [0.003s]
Building query seed array...  [0.002s]
Computing hash join...  [0.002s]
Masking low complexity seeds...  [0.002s]
Searching alignments...  [0.002s]
Deallocating memory...  [0s]
Deallocating buffers...  [0s]
Clearing query masking...  [0s]
Computing alignments...  [0.179s]
Deallocating reference...  [0s]
Loading reference sequences...  [0s]
Deallocating buffers...  [0s]
Deallocating queries...  [0s]
Loading query sequences...  [0s]
Closing the input file...  [0s]
Closing the output file...  [0s]
Closing the database...  [0s]
Cleaning up...  [0s]
Total time = 0.315s
Reported 273 pairwise alignments, 273 HSPs.
187 queries aligned.
