# Read in 125 genbank sequences.
Quantiles of the GC contents in the training set:
0%	0.299
5%	0.331	10%	0.347
15%	0.352	20%	0.36
25%	0.364	30%	0.366
35%	0.368	40%	0.37
45%	0.374	50%	0.377
55%	0.38	60%	0.384
65%	0.388	70%	0.394
75%	0.398	80%	0.403
85%	0.412	90%	0.415
95%	0.422	100%	0.495
HMM-training the parameters...
i= 0 bc= (0.237, 0.263, 0.263, 0.237)
 ** building model for exons *EXON*
start codon frequencies: ATG(125)
# admissible start codons and their probabilities: ATG(1), CTG(0), TTG(0)
 number of bases in the reading frames: 60966 61090 61090
--- frame = 0 ---    minPatSum = 233
--- frame = 1 ---    minPatSum = 233
--- frame = 2 ---    minPatSum = 233
--- initial frame = 0 ---    minPatSum = 233
--- initial frame = 1 ---    minPatSum = 233
--- initial frame = 2 ---    minPatSum = 233
--- internal exon terminal frame = 0 ---    minPatSum = 233
--- internal exon terminal frame = 1 ---    minPatSum = 233
--- internal exon terminal frame = 2 ---    minPatSum = 233
single, initial, internal, terminal mean exon lengths :
1150	254	158	323
single exon : 14
initial exon 0 : 51
initial exon 1 : 33
initial exon 2 : 27
internal exon 0 : 398
internal exon 1 : 134
internal exon 2 : 141
terminal exon : 111
Frequency of stop codons:
tag:   19 (0.152)
taa:   45 (0.36)
tga:   61 (0.488)
end *EXON*
Storing parameters to file...
Writing exon model parameters [1] to file /home/genomika25/miniconda3/envs/braker/config/species/arabidopsis_v2/arabidopsis_v2_exon_probs.pbl.
