Splitting training file into 8 buckets...
Reading in the meta parameters used for optimization from /home/genomika25/miniconda3/envs/braker/config/species/generic/generic_metapars.cfg...
Reading in the starting meta parameters from /home/genomika25/miniconda3/envs/braker/config/species/arabidopsis_v2/arabidopsis_v2_parameters.cfg...
bucket 1 2 3 4 5 6 7 8 
starting accuracy: 0.9345, 0.9667, 0.6531, 0.7192, 0.2925, 0.2610, -1.00, -1.00, starting target: 0.7176
improving parameter /Constant/dss_end curently set to 4
1-4
/Constant/dss_end: checking values 1	2	3	4
bucket 1 2 3 4 5 6 7 8 
bucket 1 2 3 4 5 6 7 8 
found improvement: 0.9384, 0.9641, 0.6845, 0.7245, 0.2590, 0.2425, -1.00, -1.00, optimal target: 0.7199
changing /Constant/dss_end to 2
/Constant/dss_end	2
/Constant/dss_start	3
/Constant/ass_start	3
/Constant/ass_end	2
/Constant/ass_upwindow_size	30
/IntronModel/d	100
/IntronModel/ass_motif_memory	3
/IntronModel/ass_motif_radius	3
/ExonModel/tis_motif_memory	3
/ExonModel/tis_motif_radius	2
/Constant/trans_init_window	20
/Constant/init_coding_len	15
/ExonModel/patpseudocount	5.0
/ExonModel/etpseudocount	3
/ExonModel/etorder	2
/Constant/intterm_coding_len	5
/ExonModel/slope_of_bandwidth	0.3
/ExonModel/minwindowcount	10
/IGenicModel/patpseudocount	5.0
/IntronModel/patpseudocount	5.0
/IntronModel/slope_of_bandwidth	0.4
/IntronModel/minwindowcount	4
/IntronModel/asspseudocount	0.00266
/IntronModel/dsspseudocount	0.0005
/IntronModel/dssneighborfactor	0.00173
/ExonModel/minPatSum	233.3
/Constant/probNinCoding	0.23
/Constant/decomp_num_steps	1
Writing new parameters to /home/genomika25/miniconda3/envs/braker/config/species/arabidopsis_v2/arabidopsis_v2_parameters.cfg...
bucket 1 2 3 4 5 6 7 8 
found improvement: 0.9401, 0.9699, 0.6987, 0.7534, 0.3081, 0.2854, -1.00, -1.00, optimal target: 0.7388
changing /Constant/dss_end to 3
/Constant/dss_end	3
/Constant/dss_start	3
/Constant/ass_start	3
/Constant/ass_end	2
/Constant/ass_upwindow_size	30
/IntronModel/d	100
/IntronModel/ass_motif_memory	3
/IntronModel/ass_motif_radius	3
/ExonModel/tis_motif_memory	3
/ExonModel/tis_motif_radius	2
/Constant/trans_init_window	20
/Constant/init_coding_len	15
/ExonModel/patpseudocount	5.0
/ExonModel/etpseudocount	3
/ExonModel/etorder	2
/Constant/intterm_coding_len	5
/ExonModel/slope_of_bandwidth	0.3
/ExonModel/minwindowcount	10
/IGenicModel/patpseudocount	5.0
/IntronModel/patpseudocount	5.0
/IntronModel/slope_of_bandwidth	0.4
/IntronModel/minwindowcount	4
/IntronModel/asspseudocount	0.00266
/IntronModel/dsspseudocount	0.0005
/IntronModel/dssneighborfactor	0.00173
/ExonModel/minPatSum	233.3
/Constant/probNinCoding	0.23
/Constant/decomp_num_steps	1
Writing new parameters to /home/genomika25/miniconda3/envs/braker/config/species/arabidopsis_v2/arabidopsis_v2_parameters.cfg...
retrieve accuracy from previous computation
values  1	2	3	4
targets 0.7143	0.7199	0.7388	0.7176
/Constant/dss_end: checking values 3
retrieve accuracy from previous computation
values  3
targets 0.7388
improving parameter /Constant/dss_start curently set to 3
1-3
/Constant/dss_start: checking values 1	2	3
bucket 1 2 3 4 5 6 7 8 
bucket 1 2 3 4 5 6 7 8 
retrieve accuracy from previous computation
values  1	2	3
targets 0.7065	0.7278	0.7388
improving parameter /Constant/ass_start curently set to 3
1-3
/Constant/ass_start: checking values 1	2	3
bucket 1 2 3 4 5 6 7 8 
found improvement: 0.9574, 0.9694, 0.7490, 0.7859, 0.3549, 0.3397, -1.00, -1.00, optimal target: 0.7680
changing /Constant/ass_start to 1
/Constant/dss_end	3
/Constant/dss_start	3
/Constant/ass_start	1
/Constant/ass_end	2
/Constant/ass_upwindow_size	30
/IntronModel/d	100
/IntronModel/ass_motif_memory	3
/IntronModel/ass_motif_radius	3
/ExonModel/tis_motif_memory	3
/ExonModel/tis_motif_radius	2
/Constant/trans_init_window	20
/Constant/init_coding_len	15
/ExonModel/patpseudocount	5.0
/ExonModel/etpseudocount	3
/ExonModel/etorder	2
/Constant/intterm_coding_len	5
/ExonModel/slope_of_bandwidth	0.3
/ExonModel/minwindowcount	10
/IGenicModel/patpseudocount	5.0
/IntronModel/patpseudocount	5.0
/IntronModel/slope_of_bandwidth	0.4
/IntronModel/minwindowcount	4
/IntronModel/asspseudocount	0.00266
/IntronModel/dsspseudocount	0.0005
/IntronModel/dssneighborfactor	0.00173
/ExonModel/minPatSum	233.3
/Constant/probNinCoding	0.23
/Constant/decomp_num_steps	1
Writing new parameters to /home/genomika25/miniconda3/envs/braker/config/species/arabidopsis_v2/arabidopsis_v2_parameters.cfg...
bucket 1 2 3 4 5 6 7 8 
retrieve accuracy from previous computation
values  1	2	3
targets 0.7680	0.7536	0.7388
improving parameter /Constant/ass_end curently set to 2
0-4
/Constant/ass_end: checking values 0	1	2	3	4
bucket 1 2 3 4 5 6 7 8 
bucket 1 2 3 4 5 6 7 8 
retrieve accuracy from previous computation
bucket 1 2 3 4 5 6 7 8 
bucket 1 2 3 4 5 6 7 8 
values  0	1	2	3	4
targets 0.7550	0.7532	0.7680	0.7558	0.7224
improving parameter /Constant/ass_upwindow_size curently set to 30
1-50
/Constant/ass_upwindow_size: checking values 1	13	25	37	50
bucket 1 2 3 4 5 6 7 8 
bucket 1 2 3 4 5 6 7 8 
bucket 1 2 3 4 5 6 7 8 
bucket 1 2 3 4 5 6 7 8 
bucket 1 2 3 4 5 6 7 8 
values  1	13	25	37	50
targets 0.7444	0.7664	0.7547	0.7523	0.7365
improving parameter /IntronModel/d curently set to 100
100-950
/IntronModel/d: checking values 100	312	525	737	950
retrieve accuracy from previous computation
bucket 1 2 3 4 5 6 7 8 
found improvement: 0.9620, 0.9724, 0.7515, 0.7821, 0.3728, 0.3519, -1.00, -1.00, optimal target: 0.7719
changing /IntronModel/d to 312
/Constant/dss_end	3
/Constant/dss_start	3
/Constant/ass_start	1
/Constant/ass_end	2
/Constant/ass_upwindow_size	30
/IntronModel/d	312
/IntronModel/ass_motif_memory	3
/IntronModel/ass_motif_radius	3
/ExonModel/tis_motif_memory	3
/ExonModel/tis_motif_radius	2
/Constant/trans_init_window	20
/Constant/init_coding_len	15
/ExonModel/patpseudocount	5.0
/ExonModel/etpseudocount	3
/ExonModel/etorder	2
/Constant/intterm_coding_len	5
/ExonModel/slope_of_bandwidth	0.3
/ExonModel/minwindowcount	10
/IGenicModel/patpseudocount	5.0
/IntronModel/patpseudocount	5.0
/IntronModel/slope_of_bandwidth	0.4
/IntronModel/minwindowcount	4
/IntronModel/asspseudocount	0.00266
/IntronModel/dsspseudocount	0.0005
/IntronModel/dssneighborfactor	0.00173
/ExonModel/minPatSum	233.3
/Constant/probNinCoding	0.23
/Constant/decomp_num_steps	1
Writing new parameters to /home/genomika25/miniconda3/envs/braker/config/species/arabidopsis_v2/arabidopsis_v2_parameters.cfg...
bucket 1 2 3 4 5 6 7 8 
bucket 1 2 3 4 5 6 7 8 
bucket 1 2 3 4 5 6 7 8 
values  100	312	525	737	950
targets 0.7680	0.7719	0.7659	0.7651	0.7690
/IntronModel/d: checking values 101	206	312	418	524
bucket 1 2 3 4 5 6 7 8 
bucket 1 2 3 4 5 6 7 8 
retrieve accuracy from previous computation
bucket 1 2 3 4 5 6 7 8 
bucket 1 2 3 4 5 6 7 8 
values  101	206	312	418	524
targets 0.7667	0.7713	0.7719	0.7685	0.7659
improving parameter /IntronModel/ass_motif_memory curently set to 3
0-3
/IntronModel/ass_motif_memory: checking values 0	1	2	3
bucket 1 2 3 4 5 6 7 8 
bucket 1 2 3 4 5 6 7 8 
found improvement: 0.9650, 0.9750, 0.7724, 0.7999, 0.4219, 0.3883, -1.00, -1.00, optimal target: 0.7890
changing /IntronModel/ass_motif_memory to 1
/Constant/dss_end	3
/Constant/dss_start	3
/Constant/ass_start	1
/Constant/ass_end	2
/Constant/ass_upwindow_size	30
/IntronModel/d	312
/IntronModel/ass_motif_memory	1
/IntronModel/ass_motif_radius	3
/ExonModel/tis_motif_memory	3
/ExonModel/tis_motif_radius	2
/Constant/trans_init_window	20
/Constant/init_coding_len	15
/ExonModel/patpseudocount	5.0
/ExonModel/etpseudocount	3
/ExonModel/etorder	2
/Constant/intterm_coding_len	5
/ExonModel/slope_of_bandwidth	0.3
/ExonModel/minwindowcount	10
/IGenicModel/patpseudocount	5.0
/IntronModel/patpseudocount	5.0
/IntronModel/slope_of_bandwidth	0.4
/IntronModel/minwindowcount	4
/IntronModel/asspseudocount	0.00266
/IntronModel/dsspseudocount	0.0005
/IntronModel/dssneighborfactor	0.00173
/ExonModel/minPatSum	233.3
/Constant/probNinCoding	0.23
/Constant/decomp_num_steps	1
Writing new parameters to /home/genomika25/miniconda3/envs/braker/config/species/arabidopsis_v2/arabidopsis_v2_parameters.cfg...
bucket 1 2 3 4 5 6 7 8 
retrieve accuracy from previous computation
values  0	1	2	3
targets 0.7616	0.7890	0.7797	0.7719
/IntronModel/ass_motif_memory: checking values 1
retrieve accuracy from previous computation
values  1
targets 0.7890
improving parameter /IntronModel/ass_motif_radius curently set to 3
0-4
/IntronModel/ass_motif_radius: checking values 0	1	2	3	4
bucket 1 2 3 4 5 6 7 8 
bucket 1 2 3 4 5 6 7 8 
bucket 1 2 3 4 5 6 7 8 
retrieve accuracy from previous computation
bucket 1 2 3 4 5 6 7 8 
values  0	1	2	3	4
targets 0.7766	0.7696	0.7837	0.7890	0.7857
improving parameter /ExonModel/tis_motif_memory curently set to 3
0-3
/ExonModel/tis_motif_memory: checking values 0	1	2	3
bucket 1 2 3 4 5 6 7 8 
bucket 1 2 3 4 5 6 7 8 
found improvement: 0.9637, 0.9659, 0.7767, 0.8009, 0.4353, 0.4041, -0.88, -0.88, optimal target: 0.7911
changing /ExonModel/tis_motif_memory to 1
/Constant/dss_end	3
/Constant/dss_start	3
/Constant/ass_start	1
/Constant/ass_end	2
/Constant/ass_upwindow_size	30
/IntronModel/d	312
/IntronModel/ass_motif_memory	1
/IntronModel/ass_motif_radius	3
/ExonModel/tis_motif_memory	1
/ExonModel/tis_motif_radius	2
/Constant/trans_init_window	20
/Constant/init_coding_len	15
/ExonModel/patpseudocount	5.0
/ExonModel/etpseudocount	3
/ExonModel/etorder	2
/Constant/intterm_coding_len	5
/ExonModel/slope_of_bandwidth	0.3
/ExonModel/minwindowcount	10
/IGenicModel/patpseudocount	5.0
/IntronModel/patpseudocount	5.0
/IntronModel/slope_of_bandwidth	0.4
/IntronModel/minwindowcount	4
/IntronModel/asspseudocount	0.00266
/IntronModel/dsspseudocount	0.0005
/IntronModel/dssneighborfactor	0.00173
/ExonModel/minPatSum	233.3
/Constant/probNinCoding	0.23
/Constant/decomp_num_steps	1
Writing new parameters to /home/genomika25/miniconda3/envs/braker/config/species/arabidopsis_v2/arabidopsis_v2_parameters.cfg...
bucket 1 2 3 4 5 6 7 8 
retrieve accuracy from previous computation
values  0	1	2	3
targets 0.7855	0.7911	0.7841	0.7890
/ExonModel/tis_motif_memory: checking values 1
retrieve accuracy from previous computation
values  1
targets 0.7911
improving parameter /ExonModel/tis_motif_radius curently set to 2
0-3
/ExonModel/tis_motif_radius: checking values 0	1	2	3
bucket 1 2 3 4 5 6 7 8 
bucket 1 2 3 4 5 6 7 8 
found improvement: 0.9636, 0.9698, 0.7767, 0.8055, 0.4375, 0.4058, -0.88, -0.88, optimal target: 0.7930
changing /ExonModel/tis_motif_radius to 1
/Constant/dss_end	3
/Constant/dss_start	3
/Constant/ass_start	1
/Constant/ass_end	2
/Constant/ass_upwindow_size	30
/IntronModel/d	312
/IntronModel/ass_motif_memory	1
/IntronModel/ass_motif_radius	3
/ExonModel/tis_motif_memory	1
/ExonModel/tis_motif_radius	1
/Constant/trans_init_window	20
/Constant/init_coding_len	15
/ExonModel/patpseudocount	5.0
/ExonModel/etpseudocount	3
/ExonModel/etorder	2
/Constant/intterm_coding_len	5
/ExonModel/slope_of_bandwidth	0.3
/ExonModel/minwindowcount	10
/IGenicModel/patpseudocount	5.0
/IntronModel/patpseudocount	5.0
/IntronModel/slope_of_bandwidth	0.4
/IntronModel/minwindowcount	4
/IntronModel/asspseudocount	0.00266
/IntronModel/dsspseudocount	0.0005
/IntronModel/dssneighborfactor	0.00173
/ExonModel/minPatSum	233.3
/Constant/probNinCoding	0.23
/Constant/decomp_num_steps	1
Writing new parameters to /home/genomika25/miniconda3/envs/braker/config/species/arabidopsis_v2/arabidopsis_v2_parameters.cfg...
retrieve accuracy from previous computation
bucket 1 2 3 4 5 6 7 8 
found improvement: 0.9653, 0.9676, 0.7792, 0.7999, 0.4510, 0.4159, -0.88, -0.88, optimal target: 0.7947
changing /ExonModel/tis_motif_radius to 3
/Constant/dss_end	3
/Constant/dss_start	3
/Constant/ass_start	1
/Constant/ass_end	2
/Constant/ass_upwindow_size	30
/IntronModel/d	312
/IntronModel/ass_motif_memory	1
/IntronModel/ass_motif_radius	3
/ExonModel/tis_motif_memory	1
/ExonModel/tis_motif_radius	3
/Constant/trans_init_window	20
/Constant/init_coding_len	15
/ExonModel/patpseudocount	5.0
/ExonModel/etpseudocount	3
/ExonModel/etorder	2
/Constant/intterm_coding_len	5
/ExonModel/slope_of_bandwidth	0.3
/ExonModel/minwindowcount	10
/IGenicModel/patpseudocount	5.0
/IntronModel/patpseudocount	5.0
/IntronModel/slope_of_bandwidth	0.4
/IntronModel/minwindowcount	4
/IntronModel/asspseudocount	0.00266
/IntronModel/dsspseudocount	0.0005
/IntronModel/dssneighborfactor	0.00173
/ExonModel/minPatSum	233.3
/Constant/probNinCoding	0.23
/Constant/decomp_num_steps	1
Writing new parameters to /home/genomika25/miniconda3/envs/braker/config/species/arabidopsis_v2/arabidopsis_v2_parameters.cfg...
values  0	1	2	3
targets 0.7888	0.7930	0.7911	0.7947
/ExonModel/tis_motif_radius: checking values 3
retrieve accuracy from previous computation
values  3
targets 0.7947
improving parameter /Constant/trans_init_window curently set to 20
0-25
/Constant/trans_init_window: checking values 0	6	12	18	25
bucket 1 2 3 4 5 6 7 8 
found improvement: 0.9655, 0.9759, 0.7826, 0.8139, 0.4509, 0.4366, -0.88, -0.88, optimal target: 0.8015
changing /Constant/trans_init_window to 0
/Constant/dss_end	3
/Constant/dss_start	3
/Constant/ass_start	1
/Constant/ass_end	2
/Constant/ass_upwindow_size	30
/IntronModel/d	312
/IntronModel/ass_motif_memory	1
/IntronModel/ass_motif_radius	3
/ExonModel/tis_motif_memory	1
/ExonModel/tis_motif_radius	3
/Constant/trans_init_window	0
/Constant/init_coding_len	15
/ExonModel/patpseudocount	5.0
/ExonModel/etpseudocount	3
/ExonModel/etorder	2
/Constant/intterm_coding_len	5
/ExonModel/slope_of_bandwidth	0.3
/ExonModel/minwindowcount	10
/IGenicModel/patpseudocount	5.0
/IntronModel/patpseudocount	5.0
/IntronModel/slope_of_bandwidth	0.4
/IntronModel/minwindowcount	4
/IntronModel/asspseudocount	0.00266
/IntronModel/dsspseudocount	0.0005
/IntronModel/dssneighborfactor	0.00173
/ExonModel/minPatSum	233.3
/Constant/probNinCoding	0.23
/Constant/decomp_num_steps	1
Writing new parameters to /home/genomika25/miniconda3/envs/braker/config/species/arabidopsis_v2/arabidopsis_v2_parameters.cfg...
bucket 1 2 3 4 5 6 7 8 
bucket 1 2 3 4 5 6 7 8 
bucket 1 2 3 4 5 6 7 8 
bucket 1 2 3 4 5 6 7 8 
values  0	6	12	18	25
targets 0.8015	0.7936	0.7984	0.7943	0.7928
/Constant/trans_init_window: checking values 1	2	3	4	6
bucket 1 2 3 4 5 6 7 8 
found improvement: 0.9679, 0.9759, 0.7928, 0.8203, 0.4821, 0.4593, -0.88, -0.88, optimal target: 0.8106
changing /Constant/trans_init_window to 1
/Constant/dss_end	3
/Constant/dss_start	3
/Constant/ass_start	1
/Constant/ass_end	2
/Constant/ass_upwindow_size	30
/IntronModel/d	312
/IntronModel/ass_motif_memory	1
/IntronModel/ass_motif_radius	3
/ExonModel/tis_motif_memory	1
/ExonModel/tis_motif_radius	3
/Constant/trans_init_window	1
/Constant/init_coding_len	15
/ExonModel/patpseudocount	5.0
/ExonModel/etpseudocount	3
/ExonModel/etorder	2
/Constant/intterm_coding_len	5
/ExonModel/slope_of_bandwidth	0.3
/ExonModel/minwindowcount	10
/IGenicModel/patpseudocount	5.0
/IntronModel/patpseudocount	5.0
/IntronModel/slope_of_bandwidth	0.4
/IntronModel/minwindowcount	4
/IntronModel/asspseudocount	0.00266
/IntronModel/dsspseudocount	0.0005
/IntronModel/dssneighborfactor	0.00173
/ExonModel/minPatSum	233.3
/Constant/probNinCoding	0.23
/Constant/decomp_num_steps	1
Writing new parameters to /home/genomika25/miniconda3/envs/braker/config/species/arabidopsis_v2/arabidopsis_v2_parameters.cfg...
bucket 1 2 3 4 5 6 7 8 
bucket 1 2 3 4 5 6 7 8 
bucket 1 2 3 4 5 6 7 8 
retrieve accuracy from previous computation
values  1	2	3	4	6
targets 0.8106	0.7886	0.7958	0.8028	0.7936
/Constant/trans_init_window: checking values 2
retrieve accuracy from previous computation
values  2
targets 0.7886
improving parameter /Constant/init_coding_len curently set to 15
0-18
/Constant/init_coding_len: checking values 0	4	9	13	18
bucket 1 2 3 4 5 6 7 8 
bucket 1 2 3 4 5 6 7 8 
found improvement: 0.9679, 0.9721, 0.7929, 0.8170, 0.5000, 0.4546, -0.88, -0.88, optimal target: 0.8107
changing /Constant/init_coding_len to 4
/Constant/dss_end	3
/Constant/dss_start	3
/Constant/ass_start	1
/Constant/ass_end	2
/Constant/ass_upwindow_size	30
/IntronModel/d	312
/IntronModel/ass_motif_memory	1
/IntronModel/ass_motif_radius	3
/ExonModel/tis_motif_memory	1
/ExonModel/tis_motif_radius	3
/Constant/trans_init_window	1
/Constant/init_coding_len	4
/ExonModel/patpseudocount	5.0
/ExonModel/etpseudocount	3
/ExonModel/etorder	2
/Constant/intterm_coding_len	5
/ExonModel/slope_of_bandwidth	0.3
/ExonModel/minwindowcount	10
/IGenicModel/patpseudocount	5.0
/IntronModel/patpseudocount	5.0
/IntronModel/slope_of_bandwidth	0.4
/IntronModel/minwindowcount	4
/IntronModel/asspseudocount	0.00266
/IntronModel/dsspseudocount	0.0005
/IntronModel/dssneighborfactor	0.00173
/ExonModel/minPatSum	233.3
/Constant/probNinCoding	0.23
/Constant/decomp_num_steps	1
Writing new parameters to /home/genomika25/miniconda3/envs/braker/config/species/arabidopsis_v2/arabidopsis_v2_parameters.cfg...
bucket 1 2 3 4 5 6 7 8 
bucket 1 2 3 4 5 6 7 8 
bucket 1 2 3 4 5 6 7 8 
values  0	4	9	13	18
targets 0.8094	0.8107	0.8030	0.8087	0.8012
/Constant/init_coding_len: checking values 1	2	4	6	8
bucket 1 2 3 4 5 6 7 8 
found improvement: 0.9699, 0.9709, 0.7934, 0.8189, 0.5000, 0.4504, -0.88, -0.88, optimal target: 0.8109
changing /Constant/init_coding_len to 1
/Constant/dss_end	3
/Constant/dss_start	3
/Constant/ass_start	1
/Constant/ass_end	2
/Constant/ass_upwindow_size	30
/IntronModel/d	312
/IntronModel/ass_motif_memory	1
/IntronModel/ass_motif_radius	3
/ExonModel/tis_motif_memory	1
/ExonModel/tis_motif_radius	3
/Constant/trans_init_window	1
/Constant/init_coding_len	1
/ExonModel/patpseudocount	5.0
/ExonModel/etpseudocount	3
/ExonModel/etorder	2
/Constant/intterm_coding_len	5
/ExonModel/slope_of_bandwidth	0.3
/ExonModel/minwindowcount	10
/IGenicModel/patpseudocount	5.0
/IntronModel/patpseudocount	5.0
/IntronModel/slope_of_bandwidth	0.4
/IntronModel/minwindowcount	4
/IntronModel/asspseudocount	0.00266
/IntronModel/dsspseudocount	0.0005
/IntronModel/dssneighborfactor	0.00173
/ExonModel/minPatSum	233.3
/Constant/probNinCoding	0.23
/Constant/decomp_num_steps	1
Writing new parameters to /home/genomika25/miniconda3/envs/braker/config/species/arabidopsis_v2/arabidopsis_v2_parameters.cfg...
bucket 1 2 3 4 5 6 7 8 
retrieve accuracy from previous computation
bucket 1 2 3 4 5 6 7 8 
bucket 1 2 3 4 5 6 7 8 
values  1	2	4	6	8
targets 0.8109	0.8063	0.8107	0.8063	0.8030
/Constant/init_coding_len: checking values 2
retrieve accuracy from previous computation
values  2
targets 0.8063
improving parameter /ExonModel/patpseudocount curently set to 5.0
0.5-5
/ExonModel/patpseudocount: checking values 0.5	1.625	2.75	3.875	5
bucket 1 2 3 4 5 6 7 8 
bucket 1 2 3 4 5 6 7 8 
bucket 1 2 3 4 5 6 7 8 
bucket 1 2 3 4 5 6 7 8 
bucket 1 2 3 4 5 6 7 8 
values  0.5	1.625	2.75	3.875	5
targets 0.7988	0.8069	0.8109	0.8109	0.8109
improving parameter /ExonModel/etpseudocount curently set to 3
0-10
/ExonModel/etpseudocount: checking values 0	2	5	7	10
bucket 1 2 3 4 5 6 7 8 
bucket 1 2 3 4 5 6 7 8 
bucket 1 2 3 4 5 6 7 8 
bucket 1 2 3 4 5 6 7 8 
bucket 1 2 3 4 5 6 7 8 
values  0	2	5	7	10
targets 0.8109	0.8109	0.8109	0.8109	0.8109
improving parameter /ExonModel/etorder curently set to 2
0-3
/ExonModel/etorder: checking values 0	1	2	3
bucket 1 2 3 4 5 6 7 8 
bucket 1 2 3 4 5 6 7 8 
retrieve accuracy from previous computation
bucket 1 2 3 4 5 6 7 8 
values  0	1	2	3
targets 0.8109	0.8109	0.8109	0.8109
improving parameter /Constant/intterm_coding_len curently set to 5
0-13
/Constant/intterm_coding_len: checking values 0	3	6	9	13
bucket 1 2 3 4 5 6 7 8 
bucket 1 2 3 4 5 6 7 8 
bucket 1 2 3 4 5 6 7 8 
found improvement: 0.9716, 0.9701, 0.7980, 0.8212, 0.5000, 0.4504, -0.88, -0.88, optimal target: 0.8124
changing /Constant/intterm_coding_len to 6
/Constant/dss_end	3
/Constant/dss_start	3
/Constant/ass_start	1
/Constant/ass_end	2
/Constant/ass_upwindow_size	30
/IntronModel/d	312
/IntronModel/ass_motif_memory	1
/IntronModel/ass_motif_radius	3
/ExonModel/tis_motif_memory	1
/ExonModel/tis_motif_radius	3
/Constant/trans_init_window	1
/Constant/init_coding_len	1
/ExonModel/patpseudocount	5.0
/ExonModel/etpseudocount	3
/ExonModel/etorder	2
/Constant/intterm_coding_len	6
/ExonModel/slope_of_bandwidth	0.3
/ExonModel/minwindowcount	10
/IGenicModel/patpseudocount	5.0
/IntronModel/patpseudocount	5.0
/IntronModel/slope_of_bandwidth	0.4
/IntronModel/minwindowcount	4
/IntronModel/asspseudocount	0.00266
/IntronModel/dsspseudocount	0.0005
/IntronModel/dssneighborfactor	0.00173
/ExonModel/minPatSum	233.3
/Constant/probNinCoding	0.23
/Constant/decomp_num_steps	1
Writing new parameters to /home/genomika25/miniconda3/envs/braker/config/species/arabidopsis_v2/arabidopsis_v2_parameters.cfg...
bucket 1 2 3 4 5 6 7 8 
bucket 1 2 3 4 5 6 7 8 
values  0	3	6	9	13
targets 0.7995	0.8036	0.8124	0.8064	0.7982
/Constant/intterm_coding_len: checking values 3	4	6	7	9
retrieve accuracy from previous computation
bucket 1 2 3 4 5 6 7 8 
retrieve accuracy from previous computation
bucket 1 2 3 4 5 6 7 8 
retrieve accuracy from previous computation
values  3	4	6	7	9
targets 0.8036	0.8067	0.8124	0.8064	0.8064
improving parameter /ExonModel/slope_of_bandwidth curently set to 0.3
0.05-0.6
/ExonModel/slope_of_bandwidth: checking values 0.05	0.1875	0.325	0.4625	0.6
bucket 1 2 3 4 5 6 7 8 
bucket 1 2 3 4 5 6 7 8 
bucket 1 2 3 4 5 6 7 8 
bucket 1 2 3 4 5 6 7 8 
bucket 1 2 3 4 5 6 7 8 
values  0.05	0.1875	0.325	0.4625	0.6
targets 0.8124	0.8124	0.8124	0.8124	0.8073
improving parameter /ExonModel/minwindowcount curently set to 10
1-15
/ExonModel/minwindowcount: checking values 1	4	8	11	15
bucket 1 2 3 4 5 6 7 8 
bucket 1 2 3 4 5 6 7 8 
bucket 1 2 3 4 5 6 7 8 
bucket 1 2 3 4 5 6 7 8 
bucket 1 2 3 4 5 6 7 8 
values  1	4	8	11	15
targets 0.8053	0.8107	0.8124	0.8124	0.8066
improving parameter /IGenicModel/patpseudocount curently set to 5.0
0.5-7
/IGenicModel/patpseudocount: checking values 0.5	2.125	3.75	5.375	7
bucket 1 2 3 4 5 6 7 8 
bucket 1 2 3 4 5 6 7 8 
bucket 1 2 3 4 5 6 7 8 
bucket 1 2 3 4 5 6 7 8 
bucket 1 2 3 4 5 6 7 8 
values  0.5	2.125	3.75	5.375	7
targets 0.8124	0.8124	0.8124	0.8124	0.8124
improving parameter /IntronModel/patpseudocount curently set to 5.0
0.5-7
/IntronModel/patpseudocount: checking values 0.5	2.125	3.75	5.375	7
bucket 1 2 3 4 5 6 7 8 
bucket 1 2 3 4 5 6 7 8 
bucket 1 2 3 4 5 6 7 8 
bucket 1 2 3 4 5 6 7 8 
bucket 1 2 3 4 5 6 7 8 
values  0.5	2.125	3.75	5.375	7
targets 0.8124	0.8124	0.8124	0.8124	0.8124
improving parameter /IntronModel/slope_of_bandwidth curently set to 0.4
0.05-0.6
/IntronModel/slope_of_bandwidth: checking values 0.05	0.1875	0.325	0.4625	0.6
bucket 1 2 3 4 5 6 7 8 
bucket 1 2 3 4 5 6 7 8 
found improvement: 0.9716, 0.9703, 0.8001, 0.8236, 0.5000, 0.4504, -0.88, -0.88, optimal target: 0.8133
changing /IntronModel/slope_of_bandwidth to 0.1875
/Constant/dss_end	3
/Constant/dss_start	3
/Constant/ass_start	1
/Constant/ass_end	2
/Constant/ass_upwindow_size	30
/IntronModel/d	312
/IntronModel/ass_motif_memory	1
/IntronModel/ass_motif_radius	3
/ExonModel/tis_motif_memory	1
/ExonModel/tis_motif_radius	3
/Constant/trans_init_window	1
/Constant/init_coding_len	1
/ExonModel/patpseudocount	5.0
/ExonModel/etpseudocount	3
/ExonModel/etorder	2
/Constant/intterm_coding_len	6
/ExonModel/slope_of_bandwidth	0.3
/ExonModel/minwindowcount	10
/IGenicModel/patpseudocount	5.0
/IntronModel/patpseudocount	5.0
/IntronModel/slope_of_bandwidth	0.1875
/IntronModel/minwindowcount	4
/IntronModel/asspseudocount	0.00266
/IntronModel/dsspseudocount	0.0005
/IntronModel/dssneighborfactor	0.00173
/ExonModel/minPatSum	233.3
/Constant/probNinCoding	0.23
/Constant/decomp_num_steps	1
Writing new parameters to /home/genomika25/miniconda3/envs/braker/config/species/arabidopsis_v2/arabidopsis_v2_parameters.cfg...
bucket 1 2 3 4 5 6 7 8 
bucket 1 2 3 4 5 6 7 8 
bucket 1 2 3 4 5 6 7 8 
values  0.05	0.1875	0.325	0.4625	0.6
targets 0.8060	0.8133	0.8133	0.8118	0.8118
/IntronModel/slope_of_bandwidth: checking values 0.05	0.11875	0.1875	0.25625	0.325
retrieve accuracy from previous computation
bucket 1 2 3 4 5 6 7 8 
retrieve accuracy from previous computation
bucket 1 2 3 4 5 6 7 8 
retrieve accuracy from previous computation
values  0.05	0.11875	0.1875	0.25625	0.325
targets 0.8060	0.8067	0.8133	0.8133	0.8133
improving parameter /IntronModel/minwindowcount curently set to 4
1-8
/IntronModel/minwindowcount: checking values 1	2	4	6	8
bucket 1 2 3 4 5 6 7 8 
bucket 1 2 3 4 5 6 7 8 
retrieve accuracy from previous computation
bucket 1 2 3 4 5 6 7 8 
bucket 1 2 3 4 5 6 7 8 
values  1	2	4	6	8
targets 0.8133	0.8133	0.8133	0.8133	0.8133
improving parameter /IntronModel/asspseudocount curently set to 0.00266
0.0005-0.03
/IntronModel/asspseudocount: checking values 0.0005	0.007875	0.01525	0.022625	0.03
bucket 1 2 3 4 5 6 7 8 
bucket 1 2 3 4 5 6 7 8 
bucket 1 2 3 4 5 6 7 8 
bucket 1 2 3 4 5 6 7 8 
bucket 1 2 3 4 5 6 7 8 
values  0.0005	0.007875	0.01525	0.022625	0.03
targets 0.8133	0.8133	0.8133	0.8133	0.8133
improving parameter /IntronModel/dsspseudocount curently set to 0.0005
0.0002-0.04
/IntronModel/dsspseudocount: checking values 0.0002	0.01015	0.0201	0.03005	0.04
bucket 1 2 3 4 5 6 7 8 
bucket 1 2 3 4 5 6 7 8 
bucket 1 2 3 4 5 6 7 8 
bucket 1 2 3 4 5 6 7 8 
found improvement: 0.9734, 0.9664, 0.8033, 0.8256, 0.4979, 0.4516, -0.88, -0.88, optimal target: 0.8139
changing /IntronModel/dsspseudocount to 0.03005
/Constant/dss_end	3
/Constant/dss_start	3
/Constant/ass_start	1
/Constant/ass_end	2
/Constant/ass_upwindow_size	30
/IntronModel/d	312
/IntronModel/ass_motif_memory	1
/IntronModel/ass_motif_radius	3
/ExonModel/tis_motif_memory	1
/ExonModel/tis_motif_radius	3
/Constant/trans_init_window	1
/Constant/init_coding_len	1
/ExonModel/patpseudocount	5.0
/ExonModel/etpseudocount	3
/ExonModel/etorder	2
/Constant/intterm_coding_len	6
/ExonModel/slope_of_bandwidth	0.3
/ExonModel/minwindowcount	10
/IGenicModel/patpseudocount	5.0
/IntronModel/patpseudocount	5.0
/IntronModel/slope_of_bandwidth	0.1875
/IntronModel/minwindowcount	4
/IntronModel/asspseudocount	0.00266
/IntronModel/dsspseudocount	0.03005
/IntronModel/dssneighborfactor	0.00173
/ExonModel/minPatSum	233.3
/Constant/probNinCoding	0.23
/Constant/decomp_num_steps	1
Writing new parameters to /home/genomika25/miniconda3/envs/braker/config/species/arabidopsis_v2/arabidopsis_v2_parameters.cfg...
bucket 1 2 3 4 5 6 7 8 
values  0.0002	0.01015	0.0201	0.03005	0.04
targets 0.8133	0.8124	0.8126	0.8139	0.8070
/IntronModel/dsspseudocount: checking values 0.0201	0.025075	0.03005	0.035025	0.04
retrieve accuracy from previous computation
bucket 1 2 3 4 5 6 7 8 
retrieve accuracy from previous computation
bucket 1 2 3 4 5 6 7 8 
retrieve accuracy from previous computation
values  0.0201	0.025075	0.03005	0.035025	0.04
targets 0.8126	0.8138	0.8139	0.8057	0.8070
improving parameter /IntronModel/dssneighborfactor curently set to 0.00173
0.0001-0.01
/IntronModel/dssneighborfactor: checking values 0.0001	0.002575	0.00505	0.007525	0.01
bucket 1 2 3 4 5 6 7 8 
bucket 1 2 3 4 5 6 7 8 
bucket 1 2 3 4 5 6 7 8 
found improvement: 0.9769, 0.9686, 0.8104, 0.8266, 0.4822, 0.4446, -1.00, -1.00, optimal target: 0.8145
changing /IntronModel/dssneighborfactor to 0.00505
/Constant/dss_end	3
/Constant/dss_start	3
/Constant/ass_start	1
/Constant/ass_end	2
/Constant/ass_upwindow_size	30
/IntronModel/d	312
/IntronModel/ass_motif_memory	1
/IntronModel/ass_motif_radius	3
/ExonModel/tis_motif_memory	1
/ExonModel/tis_motif_radius	3
/Constant/trans_init_window	1
/Constant/init_coding_len	1
/ExonModel/patpseudocount	5.0
/ExonModel/etpseudocount	3
/ExonModel/etorder	2
/Constant/intterm_coding_len	6
/ExonModel/slope_of_bandwidth	0.3
/ExonModel/minwindowcount	10
/IGenicModel/patpseudocount	5.0
/IntronModel/patpseudocount	5.0
/IntronModel/slope_of_bandwidth	0.1875
/IntronModel/minwindowcount	4
/IntronModel/asspseudocount	0.00266
/IntronModel/dsspseudocount	0.03005
/IntronModel/dssneighborfactor	0.00505
/ExonModel/minPatSum	233.3
/Constant/probNinCoding	0.23
/Constant/decomp_num_steps	1
Writing new parameters to /home/genomika25/miniconda3/envs/braker/config/species/arabidopsis_v2/arabidopsis_v2_parameters.cfg...
bucket 1 2 3 4 5 6 7 8 
found improvement: 0.9782, 0.9690, 0.8157, 0.8320, 0.4822, 0.4379, -1.00, -1.00, optimal target: 0.8162
changing /IntronModel/dssneighborfactor to 0.007525
/Constant/dss_end	3
/Constant/dss_start	3
/Constant/ass_start	1
/Constant/ass_end	2
/Constant/ass_upwindow_size	30
/IntronModel/d	312
/IntronModel/ass_motif_memory	1
/IntronModel/ass_motif_radius	3
/ExonModel/tis_motif_memory	1
/ExonModel/tis_motif_radius	3
/Constant/trans_init_window	1
/Constant/init_coding_len	1
/ExonModel/patpseudocount	5.0
/ExonModel/etpseudocount	3
/ExonModel/etorder	2
/Constant/intterm_coding_len	6
/ExonModel/slope_of_bandwidth	0.3
/ExonModel/minwindowcount	10
/IGenicModel/patpseudocount	5.0
/IntronModel/patpseudocount	5.0
/IntronModel/slope_of_bandwidth	0.1875
/IntronModel/minwindowcount	4
/IntronModel/asspseudocount	0.00266
/IntronModel/dsspseudocount	0.03005
/IntronModel/dssneighborfactor	0.007525
/ExonModel/minPatSum	233.3
/Constant/probNinCoding	0.23
/Constant/decomp_num_steps	1
Writing new parameters to /home/genomika25/miniconda3/envs/braker/config/species/arabidopsis_v2/arabidopsis_v2_parameters.cfg...
bucket 1 2 3 4 5 6 7 8 
found improvement: 0.9782, 0.9679, 0.8175, 0.8320, 0.4822, 0.4379, -1.00, -1.00, optimal target: 0.8164
changing /IntronModel/dssneighborfactor to 0.01
/Constant/dss_end	3
/Constant/dss_start	3
/Constant/ass_start	1
/Constant/ass_end	2
/Constant/ass_upwindow_size	30
/IntronModel/d	312
/IntronModel/ass_motif_memory	1
/IntronModel/ass_motif_radius	3
/ExonModel/tis_motif_memory	1
/ExonModel/tis_motif_radius	3
/Constant/trans_init_window	1
/Constant/init_coding_len	1
/ExonModel/patpseudocount	5.0
/ExonModel/etpseudocount	3
/ExonModel/etorder	2
/Constant/intterm_coding_len	6
/ExonModel/slope_of_bandwidth	0.3
/ExonModel/minwindowcount	10
/IGenicModel/patpseudocount	5.0
/IntronModel/patpseudocount	5.0
/IntronModel/slope_of_bandwidth	0.1875
/IntronModel/minwindowcount	4
/IntronModel/asspseudocount	0.00266
/IntronModel/dsspseudocount	0.03005
/IntronModel/dssneighborfactor	0.01
/ExonModel/minPatSum	233.3
/Constant/probNinCoding	0.23
/Constant/decomp_num_steps	1
Writing new parameters to /home/genomika25/miniconda3/envs/braker/config/species/arabidopsis_v2/arabidopsis_v2_parameters.cfg...
values  0.0001	0.002575	0.00505	0.007525	0.01
targets 0.8081	0.8102	0.8145	0.8162	0.8164
/IntronModel/dssneighborfactor: checking values 0.007525	0.00814375	0.0087625	0.00938125	0.01
retrieve accuracy from previous computation
bucket 1 2 