/home/genomika24/miniconda3/envs/quast_env/bin/quast.py -o quast_results_coverage spades_output_25x/contigs.fasta spades_output_50x/contigs.fasta spades_output_100x/contigs.fasta

Version: 5.2.0

System information:
  OS: Linux-5.15.0-124-generic-x86_64-with-glibc2.35 (linux_64)
  Python version: 3.9.19
  CPUs number: 64

Started: 2024-10-28 23:23:04

Logging to /home/genomika24/dmytro_boi/genome_assembling_home_work2/quast_results_coverage/quast.log
NOTICE: Maximum number of threads is set to 16 (use --threads option to set it manually)

CWD: /home/genomika24/dmytro_boi/genome_assembling_home_work2
Main parameters: 
  MODE: default, threads: 16, min contig length: 500, min alignment length: 65, min alignment IDY: 95.0, \
  ambiguity: one, min local misassembly length: 200, min extensive misassembly length: 1000

Contigs:
  Pre-processing...
  1  spades_output_25x/contigs.fasta ==> spades_output_25x_contigs
  2  spades_output_50x/contigs.fasta ==> spades_output_50x_contigs
  3  spades_output_100x/contigs.fasta ==> spades_output_100x_contigs

2024-10-28 23:23:05
Running Basic statistics processor...
  Contig files: 
    1  spades_output_25x_contigs
    2  spades_output_50x_contigs
    3  spades_output_100x_contigs
  Calculating N50 and L50...
    1  spades_output_25x_contigs, N50 = 99996, L50 = 1, auN = 99991.0, Total length = 199982, GC % = 36.17, # N's per 100 kbp =  0.00
    2  spades_output_50x_contigs, N50 = 99995, L50 = 1, auN = 99989.0, Total length = 199978, GC % = 36.16, # N's per 100 kbp =  0.00
    3  spades_output_100x_contigs, N50 = 99994, L50 = 1, auN = 99992.5, Total length = 199985, GC % = 36.17, # N's per 100 kbp =  0.00
  Drawing Nx plot...
    saved to /home/genomika24/dmytro_boi/genome_assembling_home_work2/quast_results_coverage/basic_stats/Nx_plot.pdf
  Drawing cumulative plot...
    saved to /home/genomika24/dmytro_boi/genome_assembling_home_work2/quast_results_coverage/basic_stats/cumulative_plot.pdf
  Drawing GC content plot...
    saved to /home/genomika24/dmytro_boi/genome_assembling_home_work2/quast_results_coverage/basic_stats/GC_content_plot.pdf
  Drawing spades_output_25x_contigs GC content plot...
    saved to /home/genomika24/dmytro_boi/genome_assembling_home_work2/quast_results_coverage/basic_stats/spades_output_25x_contigs_GC_content_plot.pdf
  Drawing spades_output_50x_contigs GC content plot...
    saved to /home/genomika24/dmytro_boi/genome_assembling_home_work2/quast_results_coverage/basic_stats/spades_output_50x_contigs_GC_content_plot.pdf
  Drawing spades_output_100x_contigs GC content plot...
    saved to /home/genomika24/dmytro_boi/genome_assembling_home_work2/quast_results_coverage/basic_stats/spades_output_100x_contigs_GC_content_plot.pdf
  Drawing Coverage histogram (bin size: 1x)...
    saved to /home/genomika24/dmytro_boi/genome_assembling_home_work2/quast_results_coverage/basic_stats/coverage_histogram.pdf
  Drawing spades_output_25x_contigs coverage histogram (bin size: 1x)...
    saved to /home/genomika24/dmytro_boi/genome_assembling_home_work2/quast_results_coverage/basic_stats/spades_output_25x_contigs_coverage_histogram.pdf
  Drawing spades_output_50x_contigs coverage histogram (bin size: 1x)...
    saved to /home/genomika24/dmytro_boi/genome_assembling_home_work2/quast_results_coverage/basic_stats/spades_output_50x_contigs_coverage_histogram.pdf
  Drawing spades_output_100x_contigs coverage histogram (bin size: 1x)...
    saved to /home/genomika24/dmytro_boi/genome_assembling_home_work2/quast_results_coverage/basic_stats/spades_output_100x_contigs_coverage_histogram.pdf
Done.

NOTICE: Genes are not predicted by default. Use --gene-finding or --glimmer option to enable it.

2024-10-28 23:23:06
Creating large visual summaries...
This may take a while: press Ctrl-C to skip this step..
  1 of 2: Creating PDF with all tables and plots...
  2 of 2: Creating Icarus viewers...
Done

2024-10-28 23:23:07
RESULTS:
  Text versions of total report are saved to /home/genomika24/dmytro_boi/genome_assembling_home_work2/quast_results_coverage/report.txt, report.tsv, and report.tex
  Text versions of transposed total report are saved to /home/genomika24/dmytro_boi/genome_assembling_home_work2/quast_results_coverage/transposed_report.txt, transposed_report.tsv, and transposed_report.tex
  HTML version (interactive tables and plots) is saved to /home/genomika24/dmytro_boi/genome_assembling_home_work2/quast_results_coverage/report.html
  PDF version (tables and plots) is saved to /home/genomika24/dmytro_boi/genome_assembling_home_work2/quast_results_coverage/report.pdf
  Icarus (contig browser) is saved to /home/genomika24/dmytro_boi/genome_assembling_home_work2/quast_results_coverage/icarus.html
  Log is saved to /home/genomika24/dmytro_boi/genome_assembling_home_work2/quast_results_coverage/quast.log

Finished: 2024-10-28 23:23:07
Elapsed time: 0:00:02.744024
NOTICEs: 2; WARNINGs: 0; non-fatal ERRORs: 0

Thank you for using QUAST!
