000251 87.2 000186 000039 gi|4 004994 005126 gi|27 
000840 79.3 002348 002526 gi|8 029639 029817 gi|9 
000289 80.2 032708 032598 gi|8 024539 024671 gi|9 
000266 78.5 008599 008775 gi|9 017552 017720 gi|28 
000312 84.2 012430 012349 gi|9 038917 038997 gi|23 
000272 82.9 012366 012470 gi|9 010005 010114 gi|30 
000402 73.5 022299 023102 gi|9 035822 036634 gi|23 
000255 71.7 023147 023266 gi|9 034024 034151 gi|20 
000429 83.8 024062 023952 gi|9 013994 014104 gi|25 
000277 80.2 024057 023972 gi|9 018230 018321 gi|18 
001593 89.7 024002 024449 gi|9 020245 020672 gi|20 
000777 84.0 024458 024121 gi|9 007926 008274 gi|25 
001207 89.2 024754 025030 gi|9 020958 021272 gi|20 
000984 96.8 024890 024768 gi|9 007363 007483 gi|25 
000919 85.2 025324 024967 gi|9 016135 016514 gi|18 
000387 85.3 025362 024969 gi|9 012448 012891 gi|25 
000751 88.4 025348 025014 gi|9 016256 016529 gi|18 
000711 84.7 025316 025023 gi|9 015982 016312 gi|18 
001313 88.9 025352 025028 gi|9 016912 017266 gi|18 
001288 89.7 025323 025034 gi|9 016654 016961 gi|18 
000974 88.1 025352 025034 gi|9 016469 016819 gi|18 
000706 85.1 025288 025034 gi|9 016392 016670 gi|18 
001101 87.4 025383 025035 gi|9 013378 013757 gi|28 
001260 87.9 025352 025038 gi|9 013558 013908 gi|28 
001113 84.6 025350 025040 gi|9 016761 017097 gi|18 
000557 86.3 025310 025040 gi|9 013308 013599 gi|28 
000284 84.4 025401 025042 gi|9 024045 024493 gi|30 
000564 85.9 025302 025097 gi|9 017115 017337 gi|18 
000912 87.8 025352 025106 gi|9 013708 013970 gi|28 
000281 83.9 025352 025235 gi|9 013851 013970 gi|28 
000256 75.5 033646 033423 gi|9 024611 024843 gi|32 
000347 88.0 035345 035238 gi|9 013994 014081 gi|25 
000265 81.2 035380 035243 gi|9 018188 018316 gi|18 
001974 93.4 035268 035738 gi|9 020245 020739 gi|20 
002005 92.6 035897 035440 gi|9 007687 008221 gi|25 
003113 94.3 036495 035972 gi|9 007042 007682 gi|25 
000303 97.1 036012 036045 gi|9 020788 020821 gi|20 
003396 95.5 036015 036504 gi|9 020824 021311 gi|20 
000285 87.5 038609 038538 gi|9 010013 010093 gi|30 
000705 94.5 038541 038631 gi|9 038905 038995 gi|23 
003039 90.5 008154 008701 gi|5 025722 026241 gi|30 
000528 89.0 009192 009876 gi|5 023420 024172 gi|30 
000267 86.3 009417 009649 gi|5 024543 024794 gi|30 
000250 90.8 010228 010347 gi|5 024045 024170 gi|30 
006100 95.4 010230 011430 gi|5 024541 025711 gi|30 
000487 87.2 010941 011151 gi|5 016006 016204 gi|28 
000277 89.3 010969 011099 gi|5 007723 007842 gi|25 
000298 74.6 015189 015056 gi|5 036229 036371 gi|20 
000303 87.0 015580 015656 gi|5 019204 019276 gi|32 
000339 72.2 017429 017250 gi|5 008610 008795 gi|9 
000259 66.9 017440 017296 gi|5 017550 017694 gi|28 
001305 86.2 022349 021878 gi|5 020719 021204 gi|23 
002310 91.1 022557 022200 gi|5 020313 020672 gi|23 
001495 90.4 023191 022860 gi|5 020062 020372 gi|23 
000769 83.8 023068 022896 gi|5 019993 020161 gi|23 
001307 88.8 023952 023684 gi|5 019553 019826 gi|27 
001221 90.2 023926 023703 gi|5 026454 026687 gi|20 
000276 75.7 028055 027546 gi|5 033504 033985 gi|9 
000308 78.8 009126 009023 gi|2 000001 000103 gi|22 
000256 77.1 009201 009023 gi|2 000838 001015 gi|22 
000732 76.6 014835 015419 gi|3 010262 010801 gi|28 
000258 69.7 034694 034464 gi|3 027015 027242 gi|5 
000250 78.8 040690 041005 gi|3 000341 000646 gi|21 
002636 74.6 034240 033209 gi|10 034361 035382 gi|30 
001909 74.7 037736 036589 gi|10 034239 035379 gi|30 
000510 86.5 031550 031638 gi|12 034117 034204 gi|22 
000359 95.0 031741 031800 gi|12 034200 034260 gi|22 
000330 77.2 014964 014820 gi|13 014592 014738 gi|31 
000397 73.2 021599 021900 gi|13 007319 007620 gi|19 
000551 74.6 022318 023233 gi|13 007996 008935 gi|19 
000250 81.5 032169 032292 gi|13 013929 014064 gi|23 
000298 76.0 034203 034025 gi|13 022139 022317 gi|22 
000266 76.1 034031 034164 gi|13 006507 006640 gi|30 
000519 76.5 035386 035547 gi|13 007689 007855 gi|30 
000335 69.3 035543 035420 gi|13 021044 021171 gi|22 
002990 90.9 040432 041080 gi|13 000244 000912 gi|22 
000253 77.2 011531 011440 gi|11 010104 010205 gi|17 
002954 91.2 020347 019777 gi|19 039806 040379 gi|29 
000958 84.8 020229 019790 gi|19 000738 001178 gi|22 
000679 89.6 020022 019859 gi|19 000055 000247 gi|22 
000346 75.8 030822 030695 gi|19 020350 020487 gi|22 
000392 69.7 003133 002979 gi|18 033696 033850 gi|25 
001152 88.2 016008 016413 gi|18 013474 013883 gi|28 
001009 83.8 016054 016361 gi|18 013660 013970 gi|28 
000494 86.4 016054 016222 gi|18 013803 013970 gi|28 
000329 85.2 016075 016718 gi|18 012236 012903 gi|25 
001536 89.1 016080 016574 gi|18 013383 013969 gi|28 
001409 86.6 016107 016890 gi|18 013165 013970 gi|28 
001302 86.3 016148 016739 gi|18 013305 013970 gi|28 
002039 87.2 016170 017031 gi|18 013054 013970 gi|28 
000308 83.8 016234 016869 gi|18 012251 012903 gi|25 
000543 83.5 016459 017010 gi|18 012251 012903 gi|25 
001188 86.9 016601 017302 gi|18 013147 013787 gi|28 
000451 80.3 016651 017182 gi|18 012289 012925 gi|25 
000352 82.2 016686 017337 gi|18 013053 013695 gi|28 
001892 87.6 016749 017330 gi|18 013396 013970 gi|28 
000580 83.3 016797 017304 gi|18 012288 012884 gi|25 
000264 83.5 016892 017304 gi|18 012232 012703 gi|25 
000359 88.3 018499 018601 gi|18 016503 016588 gi|28 
002361 94.3 020739 020371 gi|20 007847 008255 gi|25 
003364 72.6 021563 020824 gi|20 006785 007630 gi|25 
000275 89.3 021564 021490 gi|20 006025 006095 gi|25 
001274 89.9 026454 026691 gi|20 019576 019814 gi|27 
000407 80.1 028371 028136 gi|20 000930 001166 gi|27 
002032 80.8 000290 001253 gi|15 031652 032712 gi|30 
002390 81.6 000293 001254 gi|15 027368 028471 gi|30 
000722 81.7 000367 000952 gi|15 035425 036027 gi|30 
000916 79.3 001009 001254 gi|15 036149 036393 gi|30 
000677 91.6 000055 000245 gi|22 040133 040299 gi|29 
000864 91.6 000965 001190 gi|22 040131 040378 gi|29 
000576 77.3 021243 021041 gi|22 007662 007850 gi|30 
000277 72.8 022316 022096 gi|22 006511 006722 gi|30 
000479 83.8 013237 013960 gi|28 023932 024697 gi|30 
000544 87.6 015970 016195 gi|28 025197 025426 gi|30 
000279 70.4 025912 025992 gi|27 021048 021128 gi|31 
000863 78.0 000001 000322 gi|25 032718 033056 gi|30 
000882 80.3 000008 000337 gi|25 028495 028824 gi|30 
000669 79.0 000036 000326 gi|25 036459 036741 gi|30 
001888 81.0 000315 000852 gi|25 036817 037355 gi|30 
001864 81.0 000315 000852 gi|25 033127 033671 gi|30 
001748 80.5 000315 000837 gi|25 028894 029377 gi|30 
000313 91.7 007723 007842 gi|25 025274 025404 gi|30 
000503 85.9 012220 012743 gi|25 013522 013970 gi|28 
000523 86.7 012235 012925 gi|25 013378 013968 gi|28 
000423 85.4 012460 012925 gi|25 013414 013827 gi|28 
