
Tandem Repeats Finder, Version 4.10.0-rc.2
Copyright (C) Dr. Gary Benson 1999-2012. All rights reserved.

Loading sequence...
Allocating Memory...
Initializing data structures...
Computing TR Model Statistics...
Scanning...
Freeing Memory...
Resolving output...
Done.
Tandem Repeats Finder, Version 4.10.0-rc.2
Copyright (C) Dr. Gary Benson 1999-2012. All rights reserved.

Loading sequence...
Allocating Memory...
Initializing data structures...
Computing TR Model Statistics...
Scanning...
Freeing Memory...
Resolving output...
Done.
Tandem Repeats Finder, Version 4.10.0-rc.2
Copyright (C) Dr. Gary Benson 1999-2012. All rights reserved.

Loading sequence...
Allocating Memory...
Initializing data structures...
Computing TR Model Statistics...
Scanning...
Freeing Memory...
Resolving output...
Done.
Tandem Repeats Finder, Version 4.10.0-rc.2
Copyright (C) Dr. Gary Benson 1999-2012. All rights reserved.

Loading sequence...
Allocating Memory...
Initializing data structures...
Computing TR Model Statistics...
Scanning...
Freeing Memory...
Resolving output...
Done.0 deleted.  5 saved. 1 skipped for length.
