/home/genomika25/RM/GeneMark-ETP/bin/gmes/gmes_petap.pl : [Mon Nov  3 22:09:50 2025] /home/genomika25/RM/GeneMark-ETP/bin/gmes/probuild --reformat_fasta --uppercase --allow_x --letters_per_line 60 --out data/dna.fna --label _dna --trace info/dna.trace --in /home/genomika25/studenci/dmyboi/sequence_adnotation_home_work_cw3/BRAKER/example/braker/genome.fa  --mask_soft 1000 --mask_margin 0 --low2gff data/in_mask.gff 
/home/genomika25/RM/GeneMark-ETP/bin/gmes/gmes_petap.pl : [Mon Nov  3 22:09:50 2025] /home/genomika25/RM/GeneMark-ETP/bin/gmes/reformat_gff.pl --out data/et.gff  --trace info/dna.trace  --in /home/genomika25/studenci/dmyboi/sequence_adnotation_home_work_cw3/BRAKER/example/braker/genemark_hintsfile.gff  --quiet
/home/genomika25/RM/GeneMark-ETP/bin/gmes/gmes_petap.pl : [Mon Nov  3 22:09:50 2025] cat  in_mask.gff   >> plus.gff
/home/genomika25/RM/GeneMark-ETP/bin/gmes/gmes_petap.pl : [Mon Nov  3 22:09:50 2025] /home/genomika25/RM/GeneMark-ETP/bin/gmes/probuild  --seq data/dna.fna  --allow_x  --stat info/dna.general  --details
/home/genomika25/RM/GeneMark-ETP/bin/gmes/gmes_petap.pl : [Mon Nov  3 22:09:51 2025] /home/genomika25/RM/GeneMark-ETP/bin/gmes/probuild  --seq data/dna.fna  --allow_x  --stat_fasta info/dna.multi_fasta
/home/genomika25/RM/GeneMark-ETP/bin/gmes/gmes_petap.pl : [Mon Nov  3 22:09:51 2025] /home/genomika25/RM/GeneMark-ETP/bin/gmes/probuild  --seq data/dna.fna  --allow_x  --substring_n_distr info/dna.gap_distr
/home/genomika25/RM/GeneMark-ETP/bin/gmes/gmes_petap.pl : [Mon Nov  3 22:09:51 2025] /home/genomika25/RM/GeneMark-ETP/bin/gmes/gc_distr.pl --in data/dna.fna  --out info/dna.gc.csv  --w 1000,8000
/home/genomika25/RM/GeneMark-ETP/bin/gmes/gmes_petap.pl : [Mon Nov  3 22:09:51 2025] /home/genomika25/RM/GeneMark-ETP/bin/gmes/probuild  --seq /home/genomika25/studenci/dmyboi/sequence_adnotation_home_work_cw3/BRAKER/example/braker/GeneMark-ET/data/dna.fna  --split dna.fa  --max_contig 5000000 --min_contig 50000 --letters_per_line 100 --split_at_n 5000 --split_at_x 5000 --allow_x --x_to_n  --trace ../../info/training.trace 
/home/genomika25/RM/GeneMark-ETP/bin/gmes/gmes_petap.pl : [Mon Nov  3 22:09:51 2025] /home/genomika25/RM/GeneMark-ETP/bin/gmes/rescale_gff.pl  --in data/plus.gff  --trace info/training.trace  --out data/plus_training.gff
/home/genomika25/RM/GeneMark-ETP/bin/gmes/gmes_petap.pl : [Mon Nov  3 22:09:51 2025] /home/genomika25/RM/GeneMark-ETP/bin/gmes/rescale_gff.pl  --in data/et.gff  --trace info/training.trace  --out data/et_training.gff
/home/genomika25/RM/GeneMark-ETP/bin/gmes/gmes_petap.pl : [Mon Nov  3 22:09:51 2025] /home/genomika25/RM/GeneMark-ETP/bin/gmes/probuild --seq data/training.fna --stat info/training.general --allow_x  --GC_PRECISION 0  --details
/home/genomika25/RM/GeneMark-ETP/bin/gmes/gmes_petap.pl : [Mon Nov  3 22:09:51 2025] /home/genomika25/RM/GeneMark-ETP/bin/gmes/parse_by_introns.pl  --section ET_ini  --cfg  /home/genomika25/studenci/dmyboi/sequence_adnotation_home_work_cw3/BRAKER/example/braker/GeneMark-ET/run.cfg  --parse_dir /home/genomika25/studenci/dmyboi/sequence_adnotation_home_work_cw3/BRAKER/example/braker/GeneMark-ET/run/ET_ini
/home/genomika25/RM/GeneMark-ETP/bin/gmes/gmes_petap.pl : [Mon Nov  3 22:09:51 2025] /home/genomika25/RM/GeneMark-ETP/bin/gmes/make_nt_freq_mat.pl --cfg /home/genomika25/studenci/dmyboi/sequence_adnotation_home_work_cw3/BRAKER/example/braker/GeneMark-ET/run.cfg --section donor_GT    --format DONOR 
/home/genomika25/RM/GeneMark-ETP/bin/gmes/gmes_petap.pl : [Mon Nov  3 22:09:51 2025] /home/genomika25/RM/GeneMark-ETP/bin/gmes/make_nt_freq_mat.pl --cfg /home/genomika25/studenci/dmyboi/sequence_adnotation_home_work_cw3/BRAKER/example/braker/GeneMark-ET/run.cfg --section acceptor_AG --format ACCEPTOR 
/home/genomika25/RM/GeneMark-ETP/bin/gmes/gmes_petap.pl : [Mon Nov  3 22:09:57 2025] /home/genomika25/RM/GeneMark-ETP/bin/gmes/histogram.pl --cfg /home/genomika25/studenci/dmyboi/sequence_adnotation_home_work_cw3/BRAKER/example/braker/GeneMark-ET/run.cfg --section intron_DUR
/home/genomika25/RM/GeneMark-ETP/bin/gmes/gmes_petap.pl : [Mon Nov  3 22:09:57 2025] /home/genomika25/RM/GeneMark-ETP/bin/gmes/build_mod.pl --cfg /home/genomika25/studenci/dmyboi/sequence_adnotation_home_work_cw3/BRAKER/example/braker/GeneMark-ET/run.cfg  --section ET_ini --def /home/genomika25/RM/GeneMark-ETP/bin/gmes/heu_dir/heu_05_gcode_1_gc_37.mod 
/home/genomika25/RM/GeneMark-ETP/bin/gmes/gmes_petap.pl : [Mon Nov  3 22:09:57 2025] ln -sf  /home/genomika25/studenci/dmyboi/sequence_adnotation_home_work_cw3/BRAKER/example/braker/GeneMark-ET/run/ET_ini/et_ini.mod  run/ini.mod
/home/genomika25/RM/GeneMark-ETP/bin/gmes/gmes_petap.pl : [Mon Nov  3 22:09:57 2025] /home/genomika25/RM/GeneMark-ETP/bin/gmes/verify_evidence_gmhmm.pl --in /home/genomika25/studenci/dmyboi/sequence_adnotation_home_work_cw3/BRAKER/example/braker/GeneMark-ET/data/plus_training.gff  --out /home/genomika25/studenci/dmyboi/sequence_adnotation_home_work_cw3/BRAKER/example/braker/GeneMark-ET/run/ET_A_1/plus_hmm.gff  --mod /home/genomika25/studenci/dmyboi/sequence_adnotation_home_work_cw3/BRAKER/example/braker/GeneMark-ET/run/ET_ini/et_ini.mod 
/home/genomika25/RM/GeneMark-ETP/bin/gmes/gmes_petap.pl : [Mon Nov  3 22:09:57 2025] 8 contigs in list
/home/genomika25/RM/GeneMark-ETP/bin/gmes/gmes_petap.pl : [Mon Nov  3 22:10:14 2025] ln -sf /home/genomika25/studenci/dmyboi/sequence_adnotation_home_work_cw3/BRAKER/example/braker/GeneMark-ET/run/ET_ini/et_ini.mod  /home/genomika25/studenci/dmyboi/sequence_adnotation_home_work_cw3/BRAKER/example/braker/GeneMark-ET/run/ET_A_1/prev.mod
/home/genomika25/RM/GeneMark-ETP/bin/gmes/gmes_petap.pl : [Mon Nov  3 22:10:14 2025] /home/genomika25/RM/GeneMark-ETP/bin/gmes/parse_ET.pl --section ET_A --cfg  /home/genomika25/studenci/dmyboi/sequence_adnotation_home_work_cw3/BRAKER/example/braker/GeneMark-ET/run.cfg  --v
/home/genomika25/RM/GeneMark-ETP/bin/gmes/gmes_petap.pl : [Mon Nov  3 22:10:14 2025] /home/genomika25/RM/GeneMark-ETP/bin/gmes/make_nt_freq_mat.pl --cfg /home/genomika25/studenci/dmyboi/sequence_adnotation_home_work_cw3/BRAKER/example/braker/GeneMark-ET/run.cfg --section start_ATG  --format INI
/home/genomika25/RM/GeneMark-ETP/bin/gmes/gmes_petap.pl : [Mon Nov  3 22:10:14 2025] /home/genomika25/RM/GeneMark-ETP/bin/gmes/make_nt_freq_mat.pl --cfg /home/genomika25/studenci/dmyboi/sequence_adnotation_home_work_cw3/BRAKER/example/braker/GeneMark-ET/run.cfg --section stop_TAA   --format TERM_TAA
/home/genomika25/RM/GeneMark-ETP/bin/gmes/gmes_petap.pl : [Mon Nov  3 22:10:14 2025] /home/genomika25/RM/GeneMark-ETP/bin/gmes/make_nt_freq_mat.pl --cfg /home/genomika25/studenci/dmyboi/sequence_adnotation_home_work_cw3/BRAKER/example/braker/GeneMark-ET/run.cfg --section stop_TAG   --format TERM_TAG
/home/genomika25/RM/GeneMark-ETP/bin/gmes/gmes_petap.pl : [Mon Nov  3 22:10:14 2025] /home/genomika25/RM/GeneMark-ETP/bin/gmes/make_nt_freq_mat.pl --cfg /home/genomika25/studenci/dmyboi/sequence_adnotation_home_work_cw3/BRAKER/example/braker/GeneMark-ET/run.cfg --section stop_TGA   --format TERM_TGA
/home/genomika25/RM/GeneMark-ETP/bin/gmes/gmes_petap.pl : [Mon Nov  3 22:10:15 2025] /home/genomika25/RM/GeneMark-ETP/bin/gmes/probuild --cod cod.seq --non non.seq --mkmod_euk mkch    --MKCHAIN_L_MARGING 0  --MKCHAIN_R_MARGING 0  --MKCHAIN_PSEUDOCOUNTS 1  --MKCHAIN_PRECISION 8 --revcomp_non  --ORDM 5 
/home/genomika25/RM/GeneMark-ETP/bin/gmes/gmes_petap.pl : [Mon Nov  3 22:10:15 2025] /home/genomika25/RM/GeneMark-ETP/bin/gmes/build_mod.pl --cfg /home/genomika25/studenci/dmyboi/sequence_adnotation_home_work_cw3/BRAKER/example/braker/GeneMark-ET/run.cfg --section ET_A --def prev.mod  --out ET_A_1.mod 
/home/genomika25/RM/GeneMark-ETP/bin/gmes/gmes_petap.pl : [Mon Nov  3 22:10:15 2025] /home/genomika25/RM/GeneMark-ETP/bin/gmes/verify_evidence_gmhmm.pl --in /home/genomika25/studenci/dmyboi/sequence_adnotation_home_work_cw3/BRAKER/example/braker/GeneMark-ET/data/plus_training.gff  --out /home/genomika25/studenci/dmyboi/sequence_adnotation_home_work_cw3/BRAKER/example/braker/GeneMark-ET/run/ET_B_1/plus_hmm.gff  --mod /home/genomika25/studenci/dmyboi/sequence_adnotation_home_work_cw3/BRAKER/example/braker/GeneMark-ET/run/ET_A_1/ET_A_1.mod 
/home/genomika25/RM/GeneMark-ETP/bin/gmes/gmes_petap.pl : [Mon Nov  3 22:10:15 2025] 8 contigs in list
/home/genomika25/RM/GeneMark-ETP/bin/gmes/gmes_petap.pl : [Mon Nov  3 22:10:32 2025] ln -sf /home/genomika25/studenci/dmyboi/sequence_adnotation_home_work_cw3/BRAKER/example/braker/GeneMark-ET/run/ET_A_1/ET_A_1.mod  /home/genomika25/studenci/dmyboi/sequence_adnotation_home_work_cw3/BRAKER/example/braker/GeneMark-ET/run/ET_B_1/prev.mod
/home/genomika25/RM/GeneMark-ETP/bin/gmes/gmes_petap.pl : [Mon Nov  3 22:10:32 2025] /home/genomika25/RM/GeneMark-ETP/bin/gmes/parse_ET.pl --section ET_B --cfg  /home/genomika25/studenci/dmyboi/sequence_adnotation_home_work_cw3/BRAKER/example/braker/GeneMark-ET/run.cfg  --v
/home/genomika25/RM/GeneMark-ETP/bin/gmes/gmes_petap.pl : [Mon Nov  3 22:10:32 2025] /home/genomika25/RM/GeneMark-ETP/bin/gmes/make_nt_freq_mat.pl --cfg /home/genomika25/studenci/dmyboi/sequence_adnotation_home_work_cw3/BRAKER/example/braker/GeneMark-ET/run.cfg --section start_ATG  --format INI
/home/genomika25/RM/GeneMark-ETP/bin/gmes/gmes_petap.pl : [Mon Nov  3 22:10:32 2025] /home/genomika25/RM/GeneMark-ETP/bin/gmes/make_nt_freq_mat.pl --cfg /home/genomika25/studenci/dmyboi/sequence_adnotation_home_work_cw3/BRAKER/example/braker/GeneMark-ET/run.cfg --section stop_TAA   --format TERM_TAA
/home/genomika25/RM/GeneMark-ETP/bin/gmes/gmes_petap.pl : [Mon Nov  3 22:10:32 2025] /home/genomika25/RM/GeneMark-ETP/bin/gmes/make_nt_freq_mat.pl --cfg /home/genomika25/studenci/dmyboi/sequence_adnotation_home_work_cw3/BRAKER/example/braker/GeneMark-ET/run.cfg --section stop_TAG   --format TERM_TAG
/home/genomika25/RM/GeneMark-ETP/bin/gmes/gmes_petap.pl : [Mon Nov  3 22:10:32 2025] /home/genomika25/RM/GeneMark-ETP/bin/gmes/make_nt_freq_mat.pl --cfg /home/genomika25/studenci/dmyboi/sequence_adnotation_home_work_cw3/BRAKER/example/braker/GeneMark-ET/run.cfg --section stop_TGA   --format TERM_TGA
/home/genomika25/RM/GeneMark-ETP/bin/gmes/gmes_petap.pl : [Mon Nov  3 22:10:32 2025] /home/genomika25/RM/GeneMark-ETP/bin/gmes/probuild --cod cod.seq --non non.seq --mkmod_euk mkch    --MKCHAIN_L_MARGING 0  --MKCHAIN_R_MARGING 0  --MKCHAIN_PSEUDOCOUNTS 1  --MKCHAIN_PRECISION 8 --revcomp_non  --ORDM 5 
/home/genomika25/RM/GeneMark-ETP/bin/gmes/gmes_petap.pl : [Mon Nov  3 22:10:33 2025] /home/genomika25/RM/GeneMark-ETP/bin/gmes/histogram.pl --cfg /home/genomika25/studenci/dmyboi/sequence_adnotation_home_work_cw3/BRAKER/example/braker/GeneMark-ET/run.cfg --section initial_DUR
/home/genomika25/RM/GeneMark-ETP/bin/gmes/gmes_petap.pl : [Mon Nov  3 22:10:34 2025] /home/genomika25/RM/GeneMark-ETP/bin/gmes/histogram.pl --cfg /home/genomika25/studenci/dmyboi/sequence_adnotation_home_work_cw3/BRAKER/example/braker/GeneMark-ET/run.cfg --section internal_DUR
/home/genomika25/RM/GeneMark-ETP/bin/gmes/gmes_petap.pl : [Mon Nov  3 22:10:34 2025] /home/genomika25/RM/GeneMark-ETP/bin/gmes/histogram.pl --cfg /home/genomika25/studenci/dmyboi/sequence_adnotation_home_work_cw3/BRAKER/example/braker/GeneMark-ET/run.cfg --section terminal_DUR
/home/genomika25/RM/GeneMark-ETP/bin/gmes/gmes_petap.pl : [Mon Nov  3 22:10:35 2025] /home/genomika25/RM/GeneMark-ETP/bin/gmes/histogram.pl --cfg /home/genomika25/studenci/dmyboi/sequence_adnotation_home_work_cw3/BRAKER/example/braker/GeneMark-ET/run.cfg --section single_DUR
/home/genomika25/RM/GeneMark-ETP/bin/gmes/gmes_petap.pl : [Mon Nov  3 22:10:35 2025] /home/genomika25/RM/GeneMark-ETP/bin/gmes/build_mod.pl --cfg /home/genomika25/studenci/dmyboi/sequence_adnotation_home_work_cw3/BRAKER/example/braker/GeneMark-ET/run.cfg --section ET_B --def prev.mod  --out ET_B_1.mod 
/home/genomika25/RM/GeneMark-ETP/bin/gmes/gmes_petap.pl : [Mon Nov  3 22:10:35 2025] /home/genomika25/RM/GeneMark-ETP/bin/gmes/verify_evidence_gmhmm.pl --in /home/genomika25/studenci/dmyboi/sequence_adnotation_home_work_cw3/BRAKER/example/braker/GeneMark-ET/data/plus_training.gff  --out /home/genomika25/studenci/dmyboi/sequence_adnotation_home_work_cw3/BRAKER/example/braker/GeneMark-ET/run/ET_C_1/plus_hmm.gff  --mod /home/genomika25/studenci/dmyboi/sequence_adnotation_home_work_cw3/BRAKER/example/braker/GeneMark-ET/run/ET_B_1/ET_B_1.mod 
/home/genomika25/RM/GeneMark-ETP/bin/gmes/gmes_petap.pl : [Mon Nov  3 22:10:35 2025] 8 contigs in list
/home/genomika25/RM/GeneMark-ETP/bin/gmes/gmes_petap.pl : [Mon Nov  3 22:10:52 2025] ln -sf /home/genomika25/studenci/dmyboi/sequence_adnotation_home_work_cw3/BRAKER/example/braker/GeneMark-ET/run/ET_B_1/ET_B_1.mod  /home/genomika25/studenci/dmyboi/sequence_adnotation_home_work_cw3/BRAKER/example/braker/GeneMark-ET/run/ET_C_1/prev.mod
/home/genomika25/RM/GeneMark-ETP/bin/gmes/gmes_petap.pl : [Mon Nov  3 22:10:52 2025] /home/genomika25/RM/GeneMark-ETP/bin/gmes/parse_ET.pl --section ET_C --cfg  /home/genomika25/studenci/dmyboi/sequence_adnotation_home_work_cw3/BRAKER/example/braker/GeneMark-ET/run.cfg  --v
/home/genomika25/RM/GeneMark-ETP/bin/gmes/gmes_petap.pl : [Mon Nov  3 22:10:52 2025] /home/genomika25/RM/GeneMark-ETP/bin/gmes/make_nt_freq_mat.pl --cfg /home/genomika25/studenci/dmyboi/sequence_adnotation_home_work_cw3/BRAKER/example/braker/GeneMark-ET/run.cfg --section start_ATG  --format INI
/home/genomika25/RM/GeneMark-ETP/bin/gmes/gmes_petap.pl : [Mon Nov  3 22:10:52 2025] /home/genomika25/RM/GeneMark-ETP/bin/gmes/make_nt_freq_mat.pl --cfg /home/genomika25/studenci/dmyboi/sequence_adnotation_home_work_cw3/BRAKER/example/braker/GeneMark-ET/run.cfg --section stop_TAA   --format TERM_TAA
/home/genomika25/RM/GeneMark-ETP/bin/gmes/gmes_petap.pl : [Mon Nov  3 22:10:52 2025] /home/genomika25/RM/GeneMark-ETP/bin/gmes/make_nt_freq_mat.pl --cfg /home/genomika25/studenci/dmyboi/sequence_adnotation_home_work_cw3/BRAKER/example/braker/GeneMark-ET/run.cfg --section stop_TAG   --format TERM_TAG
/home/genomika25/RM/GeneMark-ETP/bin/gmes/gmes_petap.pl : [Mon Nov  3 22:10:52 2025] /home/genomika25/RM/GeneMark-ETP/bin/gmes/make_nt_freq_mat.pl --cfg /home/genomika25/studenci/dmyboi/sequence_adnotation_home_work_cw3/BRAKER/example/braker/GeneMark-ET/run.cfg --section stop_TGA   --format TERM_TGA
/home/genomika25/RM/GeneMark-ETP/bin/gmes/gmes_petap.pl : [Mon Nov  3 22:10:52 2025] /home/genomika25/RM/GeneMark-ETP/bin/gmes/probuild --cod cod.seq --non non.seq --mkmod_euk mkch    --MKCHAIN_L_MARGING 0  --MKCHAIN_R_MARGING 0  --MKCHAIN_PSEUDOCOUNTS 1  --MKCHAIN_PRECISION 8 --revcomp_non  --ORDM 5 
/home/genomika25/RM/GeneMark-ETP/bin/gmes/gmes_petap.pl : [Mon Nov  3 22:10:53 2025] /home/genomika25/RM/GeneMark-ETP/bin/gmes/histogram.pl --cfg /home/genomika25/studenci/dmyboi/sequence_adnotation_home_work_cw3/BRAKER/example/braker/GeneMark-ET/run.cfg --section initial_DUR
/home/genomika25/RM/GeneMark-ETP/bin/gmes/gmes_petap.pl : [Mon Nov  3 22:10:54 2025] /home/genomika25/RM/GeneMark-ETP/bin/gmes/histogram.pl --cfg /home/genomika25/studenci/dmyboi/sequence_adnotation_home_work_cw3/BRAKER/example/braker/GeneMark-ET/run.cfg --section internal_DUR
/home/genomika25/RM/GeneMark-ETP/bin/gmes/gmes_petap.pl : [Mon Nov  3 22:10:54 2025] /home/genomika25/RM/GeneMark-ETP/bin/gmes/histogram.pl --cfg /home/genomika25/studenci/dmyboi/sequence_adnotation_home_work_cw3/BRAKER/example/braker/GeneMark-ET/run.cfg --section terminal_DUR
/home/genomika25/RM/GeneMark-ETP/bin/gmes/gmes_petap.pl : [Mon Nov  3 22:10:55 2025] /home/genomika25/RM/GeneMark-ETP/bin/gmes/histogram.pl --cfg /home/genomika25/studenci/dmyboi/sequence_adnotation_home_work_cw3/BRAKER/example/braker/GeneMark-ET/run.cfg --section single_DUR
/home/genomika25/RM/GeneMark-ETP/bin/gmes/gmes_petap.pl : [Mon Nov  3 22:12:13 2025] /home/genomika25/RM/GeneMark-ETP/bin/gmes/histogram.pl --cfg /home/genomika25/studenci/dmyboi/sequence_adnotation_home_work_cw3/BRAKER/example/braker/GeneMark-ET/run.cfg --section intergenic_DUR
/home/genomika25/RM/GeneMark-ETP/bin/gmes/gmes_petap.pl : [Mon Nov  3 22:12:13 2025] /home/genomika25/RM/GeneMark-ETP/bin/gmes/make_nt_freq_mat.pl --cfg /home/genomika25/studenci/dmyboi/sequence_adnotation_home_work_cw3/BRAKER/example/braker/GeneMark-ET/run.cfg --section donor_GT    --format DONOR_0    --phase 0  --quiet
/home/genomika25/RM/GeneMark-ETP/bin/gmes/gmes_petap.pl : [Mon Nov  3 22:12:14 2025] /home/genomika25/RM/GeneMark-ETP/bin/gmes/make_nt_freq_mat.pl --cfg /home/genomika25/studenci/dmyboi/sequence_adnotation_home_work_cw3/BRAKER/example/braker/GeneMark-ET/run.cfg --section acceptor_AG --format ACCEPTOR_0 --phase 0 
/home/genomika25/RM/GeneMark-ETP/bin/gmes/gmes_petap.pl : [Mon Nov  3 22:12:14 2025]  cat  GT.mat > donor.mat 
/home/genomika25/RM/GeneMark-ETP/bin/gmes/gmes_petap.pl : [Mon Nov  3 22:12:14 2025]  cat  AG.mat > acceptor.mat 
/home/genomika25/RM/GeneMark-ETP/bin/gmes/gmes_petap.pl : [Mon Nov  3 22:12:14 2025] /home/genomika25/RM/GeneMark-ETP/bin/gmes/make_nt_freq_mat.pl --cfg /home/genomika25/studenci/dmyboi/sequence_adnotation_home_work_cw3/BRAKER/example/braker/GeneMark-ET/run.cfg --section donor_GT    --format DONOR_1    --phase 1  --quiet
/home/genomika25/RM/GeneMark-ETP/bin/gmes/gmes_petap.pl : [Mon Nov  3 22:12:14 2025] /home/genomika25/RM/GeneMark-ETP/bin/gmes/make_nt_freq_mat.pl --cfg /home/genomika25/studenci/dmyboi/sequence_adnotation_home_work_cw3/BRAKER/example/braker/GeneMark-ET/run.cfg --section acceptor_AG --format ACCEPTOR_1 --phase 1 
/home/genomika25/RM/GeneMark-ETP/bin/gmes/gmes_petap.pl : [Mon Nov  3 22:12:14 2025]  cat  GT.mat >> donor.mat 
/home/genomika25/RM/GeneMark-ETP/bin/gmes/gmes_petap.pl : [Mon Nov  3 22:12:14 2025]  cat  AG.mat >> acceptor.mat 
/home/genomika25/RM/GeneMark-ETP/bin/gmes/gmes_petap.pl : [Mon Nov  3 22:12:14 2025] /home/genomika25/RM/GeneMark-ETP/bin/gmes/make_nt_freq_mat.pl --cfg /home/genomika25/studenci/dmyboi/sequence_adnotation_home_work_cw3/BRAKER/example/braker/GeneMark-ET/run.cfg --section donor_GT    --format DONOR_2    --phase 2  --quiet
/home/genomika25/RM/GeneMark-ETP/bin/gmes/gmes_petap.pl : [Mon Nov  3 22:12:14 2025] /home/genomika25/RM/GeneMark-ETP/bin/gmes/make_nt_freq_mat.pl --cfg /home/genomika25/studenci/dmyboi/sequence_adnotation_home_work_cw3/BRAKER/example/braker/GeneMark-ET/run.cfg --section acceptor_AG --format ACCEPTOR_2 --phase 2 
/home/genomika25/RM/GeneMark-ETP/bin/gmes/gmes_petap.pl : [Mon Nov  3 22:12:14 2025]  cat  GT.mat >> donor.mat 
/home/genomika25/RM/GeneMark-ETP/bin/gmes/gmes_petap.pl : [Mon Nov  3 22:12:14 2025]  cat  AG.mat >> acceptor.mat 
/home/genomika25/RM/GeneMark-ETP/bin/gmes/gmes_petap.pl : [Mon Nov  3 22:12:14 2025]  mv donor.mat     GT.mat 
/home/genomika25/RM/GeneMark-ETP/bin/gmes/gmes_petap.pl : [Mon Nov  3 22:12:14 2025]  mv acceptor.mat  AG.mat 
/home/genomika25/RM/GeneMark-ETP/bin/gmes/gmes_petap.pl : [Mon Nov  3 22:12:14 2025] /home/genomika25/RM/GeneMark-ETP/bin/gmes/make_nt_freq_mat.pl  --cfg /home/genomika25/studenci/dmyboi/sequence_adnotation_home_work_cw3/BRAKER/example/braker/GeneMark-ET/run.cfg  --section donor_GC  --format DONOR_GC_0  --phase 0  --force
/home/genomika25/RM/GeneMark-ETP/bin/gmes/gmes_petap.pl : [Mon Nov  3 22:12:14 2025]  cat  GC.mat > donor_GC.mat 
/home/genomika25/RM/GeneMark-ETP/bin/gmes/gmes_petap.pl : [Mon Nov  3 22:12:14 2025] /home/genomika25/RM/GeneMark-ETP/bin/gmes/make_nt_freq_mat.pl  --cfg /home/genomika25/studenci/dmyboi/sequence_adnotation_home_work_cw3/BRAKER/example/braker/GeneMark-ET/run.cfg  --section donor_GC  --format DONOR_GC_1  --phase 1  --force
/home/genomika25/RM/GeneMark-ETP/bin/gmes/gmes_petap.pl : [Mon Nov  3 22:12:14 2025]  cat  GC.mat >> donor_GC.mat 
/home/genomika25/RM/GeneMark-ETP/bin/gmes/gmes_petap.pl : [Mon Nov  3 22:12:14 2025] /home/genomika25/RM/GeneMark-ETP/bin/gmes/make_nt_freq_mat.pl  --cfg /home/genomika25/studenci/dmyboi/sequence_adnotation_home_work_cw3/BRAKER/example/braker/GeneMark-ET/run.cfg  --section donor_GC  --format DONOR_GC_2  --phase 2  --force
/home/genomika25/RM/GeneMark-ETP/bin/gmes/gmes_petap.pl : [Mon Nov  3 22:12:14 2025]  cat  GC.mat >> donor_GC.mat 
/home/genomika25/RM/GeneMark-ETP/bin/gmes/gmes_petap.pl : [Mon Nov  3 22:12:14 2025]  mv donor_GC.mat GC.mat 
/home/genomika25/RM/GeneMark-ETP/bin/gmes/gmes_petap.pl : [Mon Nov  3 22:12:14 2025] /home/genomika25/RM/GeneMark-ETP/bin/gmes/build_mod.pl --cfg /home/genomika25/studenci/dmyboi/sequence_adnotation_home_work_cw3/BRAKER/example/braker/GeneMark-ET/run.cfg --section ET_C --def prev.mod  --out ET_C_1.mod 
/home/genomika25/RM/GeneMark-ETP/bin/gmes/gmes_petap.pl : [Mon Nov  3 22:12:14 2025] /home/genomika25/RM/GeneMark-ETP/bin/gmes/verify_evidence_gmhmm.pl --in /home/genomika25/studenci/dmyboi/sequence_adnotation_home_work_cw3/BRAKER/example/braker/GeneMark-ET/data/plus_training.gff  --out /home/genomika25/studenci/dmyboi/sequence_adnotation_home_work_cw3/BRAKER/example/braker/GeneMark-ET/run/ET_C_2/plus_hmm.gff  --mod /home/genomika25/studenci/dmyboi/sequence_adnotation_home_work_cw3/BRAKER/example/braker/GeneMark-ET/run/ET_C_1/ET_C_1.mod 
/home/genomika25/RM/GeneMark-ETP/bin/gmes/gmes_petap.pl : [Mon Nov  3 22:12:14 2025] 8 contigs in list
/home/genomika25/RM/GeneMark-ETP/bin/gmes/gmes_petap.pl : [Mon Nov  3 22:12:37 2025] ln -sf /home/genomika25/studenci/dmyboi/sequence_adnotation_home_work_cw3/BRAKER/example/braker/GeneMark-ET/run/ET_C_1/ET_C_1.mod  /home/genomika25/studenci/dmyboi/sequence_adnotation_home_work_cw3/BRAKER/example/braker/GeneMark-ET/run/ET_C_2/prev.mod
/home/genomika25/RM/GeneMark-ETP/bin/gmes/gmes_petap.pl : [Mon Nov  3 22:12:38 2025] /home/genomika25/RM/GeneMark-ETP/bin/gmes/parse_ET.pl --section ET_C --cfg  /home/genomika25/studenci/dmyboi/sequence_adnotation_home_work_cw3/BRAKER/example/braker/GeneMark-ET/run.cfg  --v
/home/genomika25/RM/GeneMark-ETP/bin/gmes/gmes_petap.pl : [Mon Nov  3 22:12:38 2025] /home/genomika25/RM/GeneMark-ETP/bin/gmes/make_nt_freq_mat.pl --cfg /home/genomika25/studenci/dmyboi/sequence_adnotation_home_work_cw3/BRAKER/example/braker/GeneMark-ET/run.cfg --section start_ATG  --format INI
/home/genomika25/RM/GeneMark-ETP/bin/gmes/gmes_petap.pl : [Mon Nov  3 22:12:38 2025] /home/genomika25/RM/GeneMark-ETP/bin/gmes/make_nt_freq_mat.pl --cfg /home/genomika25/studenci/dmyboi/sequence_adnotation_home_work_cw3/BRAKER/example/braker/GeneMark-ET/run.cfg --section stop_TAA   --format TERM_TAA
/home/genomika25/RM/GeneMark-ETP/bin/gmes/gmes_petap.pl : [Mon Nov  3 22:12:38 2025] /home/genomika25/RM/GeneMark-ETP/bin/gmes/make_nt_freq_mat.pl --cfg /home/genomika25/studenci/dmyboi/sequence_adnotation_home_work_cw3/BRAKER/example/braker/GeneMark-ET/run.cfg --section stop_TAG   --format TERM_TAG
/home/genomika25/RM/GeneMark-ETP/bin/gmes/gmes_petap.pl : [Mon Nov  3 22:12:38 2025] /home/genomika25/RM/GeneMark-ETP/bin/gmes/make_nt_freq_mat.pl --cfg /home/genomika25/studenci/dmyboi/sequence_adnotation_home_work_cw3/BRAKER/example/braker/GeneMark-ET/run.cfg --section stop_TGA   --format TERM_TGA
/home/genomika25/RM/GeneMark-ETP/bin/gmes/gmes_petap.pl : [Mon Nov  3 22:12:38 2025] /home/genomika25/RM/GeneMark-ETP/bin/gmes/probuild --cod cod.seq --non non.seq --mkmod_euk mkch    --MKCHAIN_L_MARGING 0  --MKCHAIN_R_MARGING 0  --MKCHAIN_PSEUDOCOUNTS 1  --MKCHAIN_PRECISION 8 --revcomp_non  --ORDM 5 
/home/genomika25/RM/GeneMark-ETP/bin/gmes/gmes_petap.pl : [Mon Nov  3 22:12:39 2025] /home/genomika25/RM/GeneMark-ETP/bin/gmes/histogram.pl --cfg /home/genomika25/studenci/dmyboi/sequence_adnotation_home_work_cw3/BRAKER/example/braker/GeneMark-ET/run.cfg --section initial_DUR
/home/genomika25/RM/GeneMark-ETP/bin/gmes/gmes_petap.pl : [Mon Nov  3 22:12:39 2025] /home/genomika25/RM/GeneMark-ETP/bin/gmes/histogram.pl --cfg /home/genomika25/studenci/dmyboi/sequence_adnotation_home_work_cw3/BRAKER/example/braker/GeneMark-ET/run.cfg --section internal_DUR
/home/genomika25/RM/GeneMark-ETP/bin/gmes/gmes_petap.pl : [Mon Nov  3 22:12:40 2025] /home/genomika25/RM/GeneMark-ETP/bin/gmes/histogram.pl --cfg /home/genomika25/studenci/dmyboi/sequence_adnotation_home_work_cw3/BRAKER/example/braker/GeneMark-ET/run.cfg --section terminal_DUR
/home/genomika25/RM/GeneMark-ETP/bin/gmes/gmes_petap.pl : [Mon Nov  3 22:12:40 2025] /home/genomika25/RM/GeneMark-ETP/bin/gmes/histogram.pl --cfg /home/genomika25/studenci/dmyboi/sequence_adnotation_home_work_cw3/BRAKER/example/braker/GeneMark-ET/run.cfg --section single_DUR
/home/genomika25/RM/GeneMark-ETP/bin/gmes/gmes_petap.pl : [Mon Nov  3 22:13:50 2025] /home/genomika25/RM/GeneMark-ETP/bin/gmes/histogram.pl --cfg /home/genomika25/studenci/dmyboi/sequence_adnotation_home_work_cw3/BRAKER/example/braker/GeneMark-ET/run.cfg --section intergenic_DUR
/home/genomika25/RM/GeneMark-ETP/bin/gmes/gmes_petap.pl : [Mon Nov  3 22:13:50 2025] /home/genomika25/RM/GeneMark-ETP/bin/gmes/make_nt_freq_mat.pl --cfg /home/genomika25/studenci/dmyboi/sequence_adnotation_home_work_cw3/BRAKER/example/braker/GeneMark-ET/run.cfg --section donor_GT    --format DONOR_0    --phase 0  --quiet
/home/genomika25/RM/GeneMark-ETP/bin/gmes/gmes_petap.pl : [Mon Nov  3 22:13:50 2025] /home/genomika25/RM/GeneMark-ETP/bin/gmes/make_nt_freq_mat.pl --cfg /home/genomika25/studenci/dmyboi/sequence_adnotation_home_work_cw3/BRAKER/example/braker/GeneMark-ET/run.cfg --section acceptor_AG --format ACCEPTOR_0 --phase 0 
/home/genomika25/RM/GeneMark-ETP/bin/gmes/gmes_petap.pl : [Mon Nov  3 22:13:50 2025]  cat  GT.mat > donor.mat 
/home/genomika25/RM/GeneMark-ETP/bin/gmes/gmes_petap.pl : [Mon Nov  3 22:13:50 2025]  cat  AG.mat > acceptor.mat 
/home/genomika25/RM/GeneMark-ETP/bin/gmes/gmes_petap.pl : [Mon Nov  3 22:13:50 2025] /home/genomika25/RM/GeneMark-ETP/bin/gmes/make_nt_freq_mat.pl --cfg /home/genomika25/studenci/dmyboi/sequence_adnotation_home_work_cw3/BRAKER/example/braker/GeneMark-ET/run.cfg --section donor_GT    --format DONOR_1    --phase 1  --quiet
/home/genomika25/RM/GeneMark-ETP/bin/gmes/gmes_petap.pl : [Mon Nov  3 22:13:50 2025] /home/genomika25/RM/GeneMark-ETP/bin/gmes/make_nt_freq_mat.pl --cfg /home/genomika25/studenci/dmyboi/sequence_adnotation_home_work_cw3/BRAKER/example/braker/GeneMark-ET/run.cfg --section acceptor_AG --format ACCEPTOR_1 --phase 1 
/home/genomika25/RM/GeneMark-ETP/bin/gmes/gmes_petap.pl : [Mon Nov  3 22:13:50 2025]  cat  GT.mat >> donor.mat 
/home/genomika25/RM/GeneMark-ETP/bin/gmes/gmes_petap.pl : [Mon Nov  3 22:13:50 2025]  cat  AG.mat >> acceptor.mat 
/home/genomika25/RM/GeneMark-ETP/bin/gmes/gmes_petap.pl : [Mon Nov  3 22:13:51 2025] /home/genomika25/RM/GeneMark-ETP/bin/gmes/make_nt_freq_mat.pl --cfg /home/genomika25/studenci/dmyboi/sequence_adnotation_home_work_cw3/BRAKER/example/braker/GeneMark-ET/run.cfg --section donor_GT    --format DONOR_2    --phase 2  --quiet
/home/genomika25/RM/GeneMark-ETP/bin/gmes/gmes_petap.pl : [Mon Nov  3 22:13:51 2025] /home/genomika25/RM/GeneMark-ETP/bin/gmes/make_nt_freq_mat.pl --cfg /home/genomika25/studenci/dmyboi/sequence_adnotation_home_work_cw3/BRAKER/example/braker/GeneMark-ET/run.cfg --section acceptor_AG --format ACCEPTOR_2 --phase 2 
/home/genomika25/RM/GeneMark-ETP/bin/gmes/gmes_petap.pl : [Mon Nov  3 22:13:51 2025]  cat  GT.mat >> donor.mat 
/home/genomika25/RM/GeneMark-ETP/bin/gmes/gmes_petap.pl : [Mon Nov  3 22:13:51 2025]  cat  AG.mat >> acceptor.mat 
/home/genomika25/RM/GeneMark-ETP/bin/gmes/gmes_petap.pl : [Mon Nov  3 22:13:51 2025]  mv donor.mat     GT.mat 
/home/genomika25/RM/GeneMark-ETP/bin/gmes/gmes_petap.pl : [Mon Nov  3 22:13:51 2025]  mv acceptor.mat  AG.mat 
/home/genomika25/RM/GeneMark-ETP/bin/gmes/gmes_petap.pl : [Mon Nov  3 22:13:51 2025] /home/genomika25/RM/GeneMark-ETP/bin/gmes/make_nt_freq_mat.pl  --cfg /home/genomika25/studenci/dmyboi/sequence_adnotation_home_work_cw3/BRAKER/example/braker/GeneMark-ET/run.cfg  --section donor_GC  --format DONOR_GC_0  --phase 0  --force
/home/genomika25/RM/GeneMark-ETP/bin/gmes/gmes_petap.pl : [Mon Nov  3 22:13:51 2025]  cat  GC.mat > donor_GC.mat 
/home/genomika25/RM/GeneMark-ETP/bin/gmes/gmes_petap.pl : [Mon Nov  3 22:13:51 2025] /home/genomika25/RM/GeneMark-ETP/bin/gmes/make_nt_freq_mat.pl  --cfg /home/genomika25/studenci/dmyboi/sequence_adnotation_home_work_cw3/BRAKER/example/braker/GeneMark-ET/run.cfg  --section donor_GC  --format DONOR_GC_1  --phase 1  --force
/home/genomika25/RM/GeneMark-ETP/bin/gmes/gmes_petap.pl : [Mon Nov  3 22:13:51 2025]  cat  GC.mat >> donor_GC.mat 
/home/genomika25/RM/GeneMark-ETP/bin/gmes/gmes_petap.pl : [Mon Nov  3 22:13:51 2025] /home/genomika25/RM/GeneMark-ETP/bin/gmes/make_nt_freq_mat.pl  --cfg /home/genomika25/studenci/dmyboi/sequence_adnotation_home_work_cw3/BRAKER/example/braker/GeneMark-ET/run.cfg  --section donor_GC  --format DONOR_GC_2  --phase 2  --force
/home/genomika25/RM/GeneMark-ETP/bin/gmes/gmes_petap.pl : [Mon Nov  3 22:13:51 2025]  cat  GC.mat >> donor_GC.mat 
/home/genomika25/RM/GeneMark-ETP/bin/gmes/gmes_petap.pl : [Mon Nov  3 22:13:51 2025]  mv donor_GC.mat GC.mat 
/home/genomika25/RM/GeneMark-ETP/bin/gmes/gmes_petap.pl : [Mon Nov  3 22:13:51 2025] /home/genomika25/RM/GeneMark-ETP/bin/gmes/build_mod.pl --cfg /home/genomika25/studenci/dmyboi/sequence_adnotation_home_work_cw3/BRAKER/example/braker/GeneMark-ET/run.cfg --section ET_C --def prev.mod  --out ET_C_2.mod 
/home/genomika25/RM/GeneMark-ETP/bin/gmes/gmes_petap.pl : [Mon Nov  3 22:13:51 2025] /home/genomika25/RM/GeneMark-ETP/bin/gmes/verify_evidence_gmhmm.pl --in /home/genomika25/studenci/dmyboi/sequence_adnotation_home_work_cw3/BRAKER/example/braker/GeneMark-ET/data/plus_training.gff  --out /home/genomika25/studenci/dmyboi/sequence_adnotation_home_work_cw3/BRAKER/example/braker/GeneMark-ET/run/ET_C_3/plus_hmm.gff  --mod /home/genomika25/studenci/dmyboi/sequence_adnotation_home_work_cw3/BRAKER/example/braker/GeneMark-ET/run/ET_C_2/ET_C_2.mod 
/home/genomika25/RM/GeneMark-ETP/bin/gmes/gmes_petap.pl : [Mon Nov  3 22:13:51 2025] 8 contigs in list
/home/genomika25/RM/GeneMark-ETP/bin/gmes/gmes_petap.pl : [Mon Nov  3 22:14:14 2025] ln -sf /home/genomika25/studenci/dmyboi/sequence_adnotation_home_work_cw3/BRAKER/example/braker/GeneMark-ET/run/ET_C_2/ET_C_2.mod  /home/genomika25/studenci/dmyboi/sequence_adnotation_home_work_cw3/BRAKER/example/braker/GeneMark-ET/run/ET_C_3/prev.mod
/home/genomika25/RM/GeneMark-ETP/bin/gmes/gmes_petap.pl : [Mon Nov  3 22:14:14 2025] /home/genomika25/RM/GeneMark-ETP/bin/gmes/parse_ET.pl --section ET_C --cfg  /home/genomika25/studenci/dmyboi/sequence_adnotation_home_work_cw3/BRAKER/example/braker/GeneMark-ET/run.cfg  --v
/home/genomika25/RM/GeneMark-ETP/bin/gmes/gmes_petap.pl : [Mon Nov  3 22:14:14 2025] /home/genomika25/RM/GeneMark-ETP/bin/gmes/make_nt_freq_mat.pl --cfg /home/genomika25/studenci/dmyboi/sequence_adnotation_home_work_cw3/BRAKER/example/braker/GeneMark-ET/run.cfg --section start_ATG  --format INI
/home/genomika25/RM/GeneMark-ETP/bin/gmes/gmes_petap.pl : [Mon Nov  3 22:14:14 2025] /home/genomika25/RM/GeneMark-ETP/bin/gmes/make_nt_freq_mat.pl --cfg /home/genomika25/studenci/dmyboi/sequence_adnotation_home_work_cw3/BRAKER/example/braker/GeneMark-ET/run.cfg --section stop_TAA   --format TERM_TAA
/home/genomika25/RM/GeneMark-ETP/bin/gmes/gmes_petap.pl : [Mon Nov  3 22:14:14 2025] /home/genomika25/RM/GeneMark-ETP/bin/gmes/make_nt_freq_mat.pl --cfg /home/genomika25/studenci/dmyboi/sequence_adnotation_home_work_cw3/BRAKER/example/braker/GeneMark-ET/run.cfg --section stop_TAG   --format TERM_TAG
/home/genomika25/RM/GeneMark-ETP/bin/gmes/gmes_petap.pl : [Mon Nov  3 22:14:15 2025] /home/genomika25/RM/GeneMark-ETP/bin/gmes/make_nt_freq_mat.pl --cfg /home/genomika25/studenci/dmyboi/sequence_adnotation_home_work_cw3/BRAKER/example/braker/GeneMark-ET/run.cfg --section stop_TGA   --format TERM_TGA
/home/genomika25/RM/GeneMark-ETP/bin/gmes/gmes_petap.pl : [Mon Nov  3 22:14:15 2025] /home/genomika25/RM/GeneMark-ETP/bin/gmes/probuild --cod cod.seq --non non.seq --mkmod_euk mkch    --MKCHAIN_L_MARGING 0  --MKCHAIN_R_MARGING 0  --MKCHAIN_PSEUDOCOUNTS 1  --MKCHAIN_PRECISION 8 --revcomp_non  --ORDM 5 
/home/genomika25/RM/GeneMark-ETP/bin/gmes/gmes_petap.pl : [Mon Nov  3 22:14:15 2025] /home/genomika25/RM/GeneMark-ETP/bin/gmes/histogram.pl --cfg /home/genomika25/studenci/dmyboi/sequence_adnotation_home_work_cw3/BRAKER/example/braker/GeneMark-ET/run.cfg --section initial_DUR
/home/genomika25/RM/GeneMark-ETP/bin/gmes/gmes_petap.pl : [Mon Nov  3 22:14:16 2025] /home/genomika25/RM/GeneMark-ETP/bin/gmes/histogram.pl --cfg /home/genomika25/studenci/dmyboi/sequence_adnotation_home_work_cw3/BRAKER/example/braker/GeneMark-ET/run.cfg --section internal_DUR
/home/genomika25/RM/GeneMark-ETP/bin/gmes/gmes_petap.pl : [Mon Nov  3 22:14:17 2025] /home/genomika25/RM/GeneMark-ETP/bin/gmes/histogram.pl --cfg /home/genomika25/studenci/dmyboi/sequence_adnotation_home_work_cw3/BRAKER/example/braker/GeneMark-ET/run.cfg --section terminal_DUR
/home/genomika25/RM/GeneMark-ETP/bin/gmes/gmes_petap.pl : [Mon Nov  3 22:14:17 2025] /home/genomika25/RM/GeneMark-ETP/bin/gmes/histogram.pl --cfg /home/genomika25/studenci/dmyboi/sequence_adnotation_home_work_cw3/BRAKER/example/braker/GeneMark-ET/run.cfg --section single_DUR
/home/genomika25/RM/GeneMark-ETP/bin/gmes/gmes_petap.pl : [Mon Nov  3 22:15:34 2025] /home/genomika25/RM/GeneMark-ETP/bin/gmes/histogram.pl --cfg /home/genomika25/studenci/dmyboi/sequence_adnotation_home_work_cw3/BRAKER/example/braker/GeneMark-ET/run.cfg --section intergenic_DUR
/home/genomika25/RM/GeneMark-ETP/bin/gmes/gmes_petap.pl : [Mon Nov  3 22:15:34 2025] /home/genomika25/RM/GeneMark-ETP/bin/gmes/make_nt_freq_mat.pl --cfg /home/genomika25/studenci/dmyboi/sequence_adnotation_home_work_cw3/BRAKER/example/braker/GeneMark-ET/run.cfg --section donor_GT    --format DONOR_0    --phase 0  --quiet
/home/genomika25/RM/GeneMark-ETP/bin/gmes/gmes_petap.pl : [Mon Nov  3 22:15:34 2025] /home/genomika25/RM/GeneMark-ETP/bin/gmes/make_nt_freq_mat.pl --cfg /home/genomika25/studenci/dmyboi/sequence_adnotation_home_work_cw3/BRAKER/example/braker/GeneMark-ET/run.cfg --section acceptor_AG --format ACCEPTOR_0 --phase 0 
/home/genomika25/RM/GeneMark-ETP/bin/gmes/gmes_petap.pl : [Mon Nov  3 22:15:34 2025]  cat  GT.mat > donor.mat 
/home/genomika25/RM/GeneMark-ETP/bin/gmes/gmes_petap.pl : [Mon Nov  3 22:15:34 2025]  cat  AG.mat > acceptor.mat 
/home/genomika25/RM/GeneMark-ETP/bin/gmes/gmes_petap.pl : [Mon Nov  3 22:15:34 2025] /home/genomika25/RM/GeneMark-ETP/bin/gmes/make_nt_freq_mat.pl --cfg /home/genomika25/studenci/dmyboi/sequence_adnotation_home_work_cw3/BRAKER/example/braker/GeneMark-ET/run.cfg --section donor_GT    --format DONOR_1    --phase 1  --quiet
/home/genomika25/RM/GeneMark-ETP/bin/gmes/gmes_petap.pl : [Mon Nov  3 22:15:34 2025] /home/genomika25/RM/GeneMark-ETP/bin/gmes/make_nt_freq_mat.pl --cfg /home/genomika25/studenci/dmyboi/sequence_adnotation_home_work_cw3/BRAKER/example/braker/GeneMark-ET/run.cfg --section acceptor_AG --format ACCEPTOR_1 --phase 1 
/home/genomika25/RM/GeneMark-ETP/bin/gmes/gmes_petap.pl : [Mon Nov  3 22:15:34 2025]  cat  GT.mat >> donor.mat 
/home/genomika25/RM/GeneMark-ETP/bin/gmes/gmes_petap.pl : [Mon Nov  3 22:15:34 2025]  cat  AG.mat >> acceptor.mat 
/home/genomika25/RM/GeneMark-ETP/bin/gmes/gmes_petap.pl : [Mon Nov  3 22:15:34 2025] /home/genomika25/RM/GeneMark-ETP/bin/gmes/make_nt_freq_mat.pl --cfg /home/genomika25/studenci/dmyboi/sequence_adnotation_home_work_cw3/BRAKER/example/braker/GeneMark-ET/run.cfg --section donor_GT    --format DONOR_2    --phase 2  --quiet
/home/genomika25/RM/GeneMark-ETP/bin/gmes/gmes_petap.pl : [Mon Nov  3 22:15:34 2025] /home/genomika25/RM/GeneMark-ETP/bin/gmes/make_nt_freq_mat.pl --cfg /home/genomika25/studenci/dmyboi/sequence_adnotation_home_work_cw3/BRAKER/example/braker/GeneMark-ET/run.cfg --section acceptor_AG --format ACCEPTOR_2 --phase 2 
/home/genomika25/RM/GeneMark-ETP/bin/gmes/gmes_petap.pl : [Mon Nov  3 22:15:34 2025]  cat  GT.mat >> donor.mat 
/home/genomika25/RM/GeneMark-ETP/bin/gmes/gmes_petap.pl : [Mon Nov  3 22:15:34 2025]  cat  AG.mat >> acceptor.mat 
/home/genomika25/RM/GeneMark-ETP/bin/gmes/gmes_petap.pl : [Mon Nov  3 22:15:34 2025]  mv donor.mat     GT.mat 
/home/genomika25/RM/GeneMark-ETP/bin/gmes/gmes_petap.pl : [Mon Nov  3 22:15:34 2025]  mv acceptor.mat  AG.mat 
/home/genomika25/RM/GeneMark-ETP/bin/gmes/gmes_petap.pl : [Mon Nov  3 22:15:34 2025] /home/genomika25/RM/GeneMark-ETP/bin/gmes/make_nt_freq_mat.pl  --cfg /home/genomika25/studenci/dmyboi/sequence_adnotation_home_work_cw3/BRAKER/example/braker/GeneMark-ET/run.cfg  --section donor_GC  --format DONOR_GC_0  --phase 0  --force
/home/genomika25/RM/GeneMark-ETP/bin/gmes/gmes_petap.pl : [Mon Nov  3 22:15:34 2025]  cat  GC.mat > donor_GC.mat 
/home/genomika25/RM/GeneMark-ETP/bin/gmes/gmes_petap.pl : [Mon Nov  3 22:15:34 2025] /home/genomika25/RM/GeneMark-ETP/bin/gmes/make_nt_freq_mat.pl  --cfg /home/genomika25/studenci/dmyboi/sequence_adnotation_home_work_cw3/BRAKER/example/braker/GeneMark-ET/run.cfg  --section donor_GC  --format DONOR_GC_1  --phase 1  --force
/home/genomika25/RM/GeneMark-ETP/bin/gmes/gmes_petap.pl : [Mon Nov  3 22:15:34 2025]  cat  GC.mat >> donor_GC.mat 
/home/genomika25/RM/GeneMark-ETP/bin/gmes/gmes_petap.pl : [Mon Nov  3 22:15:34 2025] /home/genomika25/RM/GeneMark-ETP/bin/gmes/make_nt_freq_mat.pl  --cfg /home/genomika25/studenci/dmyboi/sequence_adnotation_home_work_cw3/BRAKER/example/braker/GeneMark-ET/run.cfg  --section donor_GC  --format DONOR_GC_2  --phase 2  --force
/home/genomika25/RM/GeneMark-ETP/bin/gmes/gmes_petap.pl : [Mon Nov  3 22:15:34 2025]  cat  GC.mat >> donor_GC.mat 
/home/genomika25/RM/GeneMark-ETP/bin/gmes/gmes_petap.pl : [Mon Nov  3 22:15:34 2025]  mv donor_GC.mat GC.mat 
/home/genomika25/RM/GeneMark-ETP/bin/gmes/gmes_petap.pl : [Mon Nov  3 22:15:35 2025] /home/genomika25/RM/GeneMark-ETP/bin/gmes/build_mod.pl --cfg /home/genomika25/studenci/dmyboi/sequence_adnotation_home_work_cw3/BRAKER/example/braker/GeneMark-ET/run.cfg --section ET_C --def prev.mod  --out ET_C_3.mod 
/home/genomika25/RM/GeneMark-ETP/bin/gmes/gmes_petap.pl : [Mon Nov  3 22:15:35 2025] /home/genomika25/RM/GeneMark-ETP/bin/gmes/verify_evidence_gmhmm.pl --in /home/genomika25/studenci/dmyboi/sequence_adnotation_home_work_cw3/BRAKER/example/braker/GeneMark-ET/data/plus_training.gff  --out /home/genomika25/studenci/dmyboi/sequence_adnotation_home_work_cw3/BRAKER/example/braker/GeneMark-ET/run/ET_C_4/plus_hmm.gff  --mod /home/genomika25/studenci/dmyboi/sequence_adnotation_home_work_cw3/BRAKER/example/braker/GeneMark-ET/run/ET_C_3/ET_C_3.mod 
/home/genomika25/RM/GeneMark-ETP/bin/gmes/gmes_petap.pl : [Mon Nov  3 22:15:35 2025] 8 contigs in list
/home/genomika25/RM/GeneMark-ETP/bin/gmes/gmes_petap.pl : [Mon Nov  3 22:15:58 2025] ln -sf /home/genomika25/studenci/dmyboi/sequence_adnotation_home_work_cw3/BRAKER/example/braker/GeneMark-ET/run/ET_C_3/ET_C_3.mod  /home/genomika25/studenci/dmyboi/sequence_adnotation_home_work_cw3/BRAKER/example/braker/GeneMark-ET/run/ET_C_4/prev.mod
/home/genomika25/RM/GeneMark-ETP/bin/gmes/gmes_petap.pl : [Mon Nov  3 22:15:58 2025] /home/genomika25/RM/GeneMark-ETP/bin/gmes/parse_ET.pl --section ET_C --cfg  /home/genomika25/studenci/dmyboi/sequence_adnotation_home_work_cw3/BRAKER/example/braker/GeneMark-ET/run.cfg  --v
/home/genomika25/RM/GeneMark-ETP/bin/gmes/gmes_petap.pl : [Mon Nov  3 22:15:58 2025] /home/genomika25/RM/GeneMark-ETP/bin/gmes/make_nt_freq_mat.pl --cfg /home/genomika25/studenci/dmyboi/sequence_adnotation_home_work_cw3/BRAKER/example/braker/GeneMark-ET/run.cfg --section start_ATG  --format INI
/home/genomika25/RM/GeneMark-ETP/bin/gmes/gmes_petap.pl : [Mon Nov  3 22:15:58 2025] /home/genomika25/RM/GeneMark-ETP/bin/gmes/make_nt_freq_mat.pl --cfg /home/genomika25/studenci/dmyboi/sequence_adnotation_home_work_cw3/BRAKER/example/braker/GeneMark-ET/run.cfg --section stop_TAA   --format TERM_TAA
/home/genomika25/RM/GeneMark-ETP/bin/gmes/gmes_petap.pl : [Mon Nov  3 22:15:58 2025] /home/genomika25/RM/GeneMark-ETP/bin/gmes/make_nt_freq_mat.pl --cfg /home/genomika25/studenci/dmyboi/sequence_adnotation_home_work_cw3/BRAKER/example/braker/GeneMark-ET/run.cfg --section stop_TAG   --format TERM_TAG
/home/genomika25/RM/GeneMark-ETP/bin/gmes/gmes_petap.pl : [Mon Nov  3 22:15:58 2025] /home/genomika25/RM/GeneMark-ETP/bin/gmes/make_nt_freq_mat.pl --cfg /home/genomika25/studenci/dmyboi/sequence_adnotation_home_work_cw3/BRAKER/example/braker/GeneMark-ET/run.cfg --section stop_TGA   --format TERM_TGA
/home/genomika25/RM/GeneMark-ETP/bin/gmes/gmes_petap.pl : [Mon Nov  3 22:15:58 2025] /home/genomika25/RM/GeneMark-ETP/bin/gmes/probuild --cod cod.seq --non non.seq --mkmod_euk mkch    --MKCHAIN_L_MARGING 0  --MKCHAIN_R_MARGING 0  --MKCHAIN_PSEUDOCOUNTS 1  --MKCHAIN_PRECISION 8 --revcomp_non  --ORDM 5 
/home/genomika25/RM/GeneMark-ETP/bin/gmes/gmes_petap.pl : [Mon Nov  3 22:15:59 2025] /home/genomika25/RM/GeneMark-ETP/bin/gmes/histogram.pl --cfg /home/genomika25/studenci/dmyboi/sequence_adnotation_home_work_cw3/BRAKER/example/braker/GeneMark-ET/run.cfg --section initial_DUR
/home/genomika25/RM/GeneMark-ETP/bin/gmes/gmes_petap.pl : [Mon Nov  3 22:16:00 2025] /home/genomika25/RM/GeneMark-ETP/bin/gmes/histogram.pl --cfg /home/genomika25/studenci/dmyboi/sequence_adnotation_home_work_cw3/BRAKER/example/braker/GeneMark-ET/run.cfg --section internal_DUR
/home/genomika25/RM/GeneMark-ETP/bin/gmes/gmes_petap.pl : [Mon Nov  3 22:16:00 2025] /home/genomika25/RM/GeneMark-ETP/bin/gmes/histogram.pl --cfg /home/genomika25/studenci/dmyboi/sequence_adnotation_home_work_cw3/BRAKER/example/braker/GeneMark-ET/run.cfg --section terminal_DUR
/home/genomika25/RM/GeneMark-ETP/bin/gmes/gmes_petap.pl : [Mon Nov  3 22:16:01 2025] /home/genomika25/RM/GeneMark-ETP/bin/gmes/histogram.pl --cfg /home/genomika25/studenci/dmyboi/sequence_adnotation_home_work_cw3/BRAKER/example/braker/GeneMark-ET/run.cfg --section single_DUR
/home/genomika25/RM/GeneMark-ETP/bin/gmes/gmes_petap.pl : [Mon Nov  3 22:17:17 2025] /home/genomika25/RM/GeneMark-ETP/bin/gmes/histogram.pl --cfg /home/genomika25/studenci/dmyboi/sequence_adnotation_home_work_cw3/BRAKER/example/braker/GeneMark-ET/run.cfg --section intergenic_DUR
/home/genomika25/RM/GeneMark-ETP/bin/gmes/gmes_petap.pl : [Mon Nov  3 22:17:17 2025] /home/genomika25/RM/GeneMark-ETP/bin/gmes/make_nt_freq_mat.pl --cfg /home/genomika25/studenci/dmyboi/sequence_adnotation_home_work_cw3/BRAKER/example/braker/GeneMark-ET/run.cfg --section donor_GT    --format DONOR_0    --phase 0  --quiet
/home/genomika25/RM/GeneMark-ETP/bin/gmes/gmes_petap.pl : [Mon Nov  3 22:17:17 2025] /home/genomika25/RM/GeneMark-ETP/bin/gmes/make_nt_freq_mat.pl --cfg /home/genomika25/studenci/dmyboi/sequence_adnotation_home_work_cw3/BRAKER/example/braker/GeneMark-ET/run.cfg --section acceptor_AG --format ACCEPTOR_0 --phase 0 
/home/genomika25/RM/GeneMark-ETP/bin/gmes/gmes_petap.pl : [Mon Nov  3 22:17:17 2025]  cat  GT.mat > donor.mat 
/home/genomika25/RM/GeneMark-ETP/bin/gmes/gmes_petap.pl : [Mon Nov  3 22:17:17 2025]  cat  AG.mat > acceptor.mat 
/home/genomika25/RM/GeneMark-ETP/bin/gmes/gmes_petap.pl : [Mon Nov  3 22:17:17 2025] /home/genomika25/RM/GeneMark-ETP/bin/gmes/make_nt_freq_mat.pl --cfg /home/genomika25/studenci/dmyboi/sequence_adnotation_home_work_cw3/BRAKER/example/braker/GeneMark-ET/run.cfg --section donor_GT    --format DONOR_1    --phase 1  --quiet
/home/genomika25/RM/GeneMark-ETP/bin/gmes/gmes_petap.pl : [Mon Nov  3 22:17:17 2025] /home/genomika25/RM/GeneMark-ETP/bin/gmes/make_nt_freq_mat.pl --cfg /home/genomika25/studenci/dmyboi/sequence_adnotation_home_work_cw3/BRAKER/example/braker/GeneMark-ET/run.cfg --section acceptor_AG --format ACCEPTOR_1 --phase 1 
/home/genomika25/RM/GeneMark-ETP/bin/gmes/gmes_petap.pl : [Mon Nov  3 22:17:17 2025]  cat  GT.mat >> donor.mat 
/home/genomika25/RM/GeneMark-ETP/bin/gmes/gmes_petap.pl : [Mon Nov  3 22:17:17 2025]  cat  AG.mat >> acceptor.mat 
/home/genomika25/RM/GeneMark-ETP/bin/gmes/gmes_petap.pl : [Mon Nov  3 22:17:17 2025] /home/genomika25/RM/GeneMark-ETP/bin/gmes/make_nt_freq_mat.pl --cfg /home/genomika25/studenci/dmyboi/sequence_adnotation_home_work_cw3/BRAKER/example/braker/GeneMark-ET/run.cfg --section donor_GT    --format DONOR_2    --phase 2  --quiet
/home/genomika25/RM/GeneMark-ETP/bin/gmes/gmes_petap.pl : [Mon Nov  3 22:17:18 2025] /home/genomika25/RM/GeneMark-ETP/bin/gmes/make_nt_freq_mat.pl --cfg /home/genomika25/studenci/dmyboi/sequence_adnotation_home_work_cw3/BRAKER/example/braker/GeneMark-ET/run.cfg --section acceptor_AG --format ACCEPTOR_2 --phase 2 
/home/genomika25/RM/GeneMark-ETP/bin/gmes/gmes_petap.pl : [Mon Nov  3 22:17:18 2025]  cat  GT.mat >> donor.mat 
/home/genomika25/RM/GeneMark-ETP/bin/gmes/gmes_petap.pl : [Mon Nov  3 22:17:18 2025]  cat  AG.mat >> acceptor.mat 
/home/genomika25/RM/GeneMark-ETP/bin/gmes/gmes_petap.pl : [Mon Nov  3 22:17:18 2025]  mv donor.mat     GT.mat 
/home/genomika25/RM/GeneMark-ETP/bin/gmes/gmes_petap.pl : [Mon Nov  3 22:17:18 2025]  mv acceptor.mat  AG.mat 
/home/genomika25/RM/GeneMark-ETP/bin/gmes/gmes_petap.pl : [Mon Nov  3 22:17:18 2025] /home/genomika25/RM/GeneMark-ETP/bin/gmes/make_nt_freq_mat.pl  --cfg /home/genomika25/studenci/dmyboi/sequence_adnotation_home_work_cw3/BRAKER/example/braker/GeneMark-ET/run.cfg  --section donor_GC  --format DONOR_GC_0  --phase 0  --force
/home/genomika25/RM/GeneMark-ETP/bin/gmes/gmes_petap.pl : [Mon Nov  3 22:17:18 2025]  cat  GC.mat > donor_GC.mat 
/home/genomika25/RM/GeneMark-ETP/bin/gmes/gmes_petap.pl : [Mon Nov  3 22:17:18 2025] /home/genomika25/RM/GeneMark-ETP/bin/gmes/make_nt_freq_mat.pl  --cfg /home/genomika25/studenci/dmyboi/sequence_adnotation_home_work_cw3/BRAKER/example/braker/GeneMark-ET/run.cfg  --section donor_GC  --format DONOR_GC_1  --phase 1  --force
/home/genomika25/RM/GeneMark-ETP/bin/gmes/gmes_petap.pl : [Mon Nov  3 22:17:18 2025]  cat  GC.mat >> donor_GC.mat 
/home/genomika25/RM/GeneMark-ETP/bin/gmes/gmes_petap.pl : [Mon Nov  3 22:17:18 2025] /home/genomika25/RM/GeneMark-ETP/bin/gmes/make_nt_freq_mat.pl  --cfg /home/genomika25/studenci/dmyboi/sequence_adnotation_home_work_cw3/BRAKER/example/braker/GeneMark-ET/run.cfg  --section donor_GC  --format DONOR_GC_2  --phase 2  --force
/home/genomika25/RM/GeneMark-ETP/bin/gmes/gmes_petap.pl : [Mon Nov  3 22:17:18 2025]  cat  GC.mat >> donor_GC.mat 
/home/genomika25/RM/GeneMark-ETP/bin/gmes/gmes_petap.pl : [Mon Nov  3 22:17:18 2025]  mv donor_GC.mat GC.mat 
/home/genomika25/RM/GeneMark-ETP/bin/gmes/gmes_petap.pl : [Mon Nov  3 22:17:18 2025] /home/genomika25/RM/GeneMark-ETP/bin/gmes/build_mod.pl --cfg /home/genomika25/studenci/dmyboi/sequence_adnotation_home_work_cw3/BRAKER/example/braker/GeneMark-ET/run.cfg --section ET_C --def prev.mod  --out ET_C_4.mod 
/home/genomika25/RM/GeneMark-ETP/bin/gmes/gmes_petap.pl : [Mon Nov  3 22:17:18 2025] cp /home/genomika25/studenci/dmyboi/sequence_adnotation_home_work_cw3/BRAKER/example/braker/GeneMark-ET/run/ET_C_4/ET_C_4.mod /home/genomika25/studenci/dmyboi/sequence_adnotation_home_work_cw3/BRAKER/example/braker/GeneMark-ET/gmhmm.mod
/home/genomika25/RM/GeneMark-ETP/bin/gmes/gmes_petap.pl : [Mon Nov  3 22:17:18 2025] cp /home/genomika25/studenci/dmyboi/sequence_adnotation_home_work_cw3/BRAKER/example/braker/GeneMark-ET/gmhmm.mod output/gmhmm.mod
/home/genomika25/RM/GeneMark-ETP/bin/gmes/gmes_petap.pl : [Mon Nov  3 22:17:18 2025] /home/genomika25/RM/GeneMark-ETP/bin/gmes/probuild  --seq /home/genomika25/studenci/dmyboi/sequence_adnotation_home_work_cw3/BRAKER/example/braker/GeneMark-ET/data/dna.fna  --split dna.fa  --max_contig 5000000 --min_contig 500 --letters_per_line 100 --split_at_n 5000 --split_at_x 5000 --allow_x --x_to_n  --trace ../../info/prediction.trace 
/home/genomika25/RM/GeneMark-ETP/bin/gmes/gmes_petap.pl : [Mon Nov  3 22:17:18 2025] /home/genomika25/RM/GeneMark-ETP/bin/gmes/verify_evidence_gmhmm.pl --in data/plus.gff  --out data/plus_hmm.gff  --mod  output/gmhmm.mod 
/home/genomika25/RM/GeneMark-ETP/bin/gmes/gmes_petap.pl : [Mon Nov  3 22:17:18 2025] /home/genomika25/RM/GeneMark-ETP/bin/gmes/rescale_gff.pl  --in data/plus_hmm.gff  --trace info/prediction.trace  --out output/data/plus_prediction.gff
/home/genomika25/RM/GeneMark-ETP/bin/gmes/gmes_petap.pl : [Mon Nov  3 22:17:18 2025] 8 contigs in list
/home/genomika25/RM/GeneMark-ETP/bin/gmes/gmes_petap.pl : [Mon Nov  3 22:17:41 2025] 8 contigs in list
/home/genomika25/RM/GeneMark-ETP/bin/gmes/gmes_petap.pl : [Mon Nov  3 22:17:41 2025] cat /home/genomika25/studenci/dmyboi/sequence_adnotation_home_work_cw3/BRAKER/example/braker/GeneMark-ET/output/gmhmm/dna.fa_1.out >> genemark.gtf
/home/genomika25/RM/GeneMark-ETP/bin/gmes/gmes_petap.pl : [Mon Nov  3 22:17:41 2025] cat /home/genomika25/studenci/dmyboi/sequence_adnotation_home_work_cw3/BRAKER/example/braker/GeneMark-ET/output/gmhmm/dna.fa_2.out >> genemark.gtf
/home/genomika25/RM/GeneMark-ETP/bin/gmes/gmes_petap.pl : [Mon Nov  3 22:17:41 2025] cat /home/genomika25/studenci/dmyboi/sequence_adnotation_home_work_cw3/BRAKER/example/braker/GeneMark-ET/output/gmhmm/dna.fa_3.out >> genemark.gtf
/home/genomika25/RM/GeneMark-ETP/bin/gmes/gmes_petap.pl : [Mon Nov  3 22:17:41 2025] cat /home/genomika25/studenci/dmyboi/sequence_adnotation_home_work_cw3/BRAKER/example/braker/GeneMark-ET/output/gmhmm/dna.fa_4.out >> genemark.gtf
/home/genomika25/RM/GeneMark-ETP/bin/gmes/gmes_petap.pl : [Mon Nov  3 22:17:41 2025] cat /home/genomika25/studenci/dmyboi/sequence_adnotation_home_work_cw3/BRAKER/example/braker/GeneMark-ET/output/gmhmm/dna.fa_5.out >> genemark.gtf
/home/genomika25/RM/GeneMark-ETP/bin/gmes/gmes_petap.pl : [Mon Nov  3 22:17:41 2025] cat /home/genomika25/studenci/dmyboi/sequence_adnotation_home_work_cw3/BRAKER/example/braker/GeneMark-ET/output/gmhmm/dna.fa_6.out >> genemark.gtf
/home/genomika25/RM/GeneMark-ETP/bin/gmes/gmes_petap.pl : [Mon Nov  3 22:17:41 2025] cat /home/genomika25/studenci/dmyboi/sequence_adnotation_home_work_cw3/BRAKER/example/braker/GeneMark-ET/output/gmhmm/dna.fa_7.out >> genemark.gtf
/home/genomika25/RM/GeneMark-ETP/bin/gmes/gmes_petap.pl : [Mon Nov  3 22:17:41 2025] cat /home/genomika25/studenci/dmyboi/sequence_adnotation_home_work_cw3/BRAKER/example/braker/GeneMark-ET/output/gmhmm/dna.fa_8.out >> genemark.gtf
/home/genomika25/RM/GeneMark-ETP/bin/gmes/gmes_petap.pl : [Mon Nov  3 22:17:41 2025] /home/genomika25/RM/GeneMark-ETP/bin/gmes/reformat_gff.pl --out genemark.gtf.tmp --trace info/dna.trace --in genemark.gtf  --back
/home/genomika25/RM/GeneMark-ETP/bin/gmes/gmes_petap.pl : [Mon Nov  3 22:17:41 2025] mv genemark.gtf.tmp genemark.gtf
