/home/genomika25/miniconda3/envs/dmyboi/opt/quast-4.1/quast.py -R seq.fa -o quast_results_40x asm_40x.fa

Version: 4.1, build 26.05.2016 14:25

System information:
  OS: Linux-6.8.0-79-generic-x86_64-with-debian-trixie-sid (linux_64)
  Python version: 2.7.15
  CPUs number: 64

Started: 2025-10-28 22:45:09

Logging to /home/genomika25/studenci/dmyboi/genome_assembling_home_work2/quast_results_40x/quast.log

NOTICE: Maximum number of threads is set to 16 (use --threads option to set it manually)

Main parameters: 
  Threads: 16, minimum contig length: 500, ambiguity: one, threshold for extensive misassembly size: 1000

Reference:
  seq.fa ==> seq

Contigs:
  asm_40x.fa ==> asm_40x

2025-10-28 22:45:09
Running Basic statistics processor...
  Reference genome:
    seq.fa, Reference length = 200000, Reference GC % = 34.59
  Contig files: 
    asm_40x
  Calculating N50 and L50...
    asm_40x, N50 = 21627, L50 = 179, Total length = 11970083, GC % = 36.43, # N's per 100 kbp =  0.00
  Drawing Nx plot...
    saved to /home/genomika25/studenci/dmyboi/genome_assembling_home_work2/quast_results_40x/basic_stats/Nx_plot.pdf
  Drawing NGx plot...
    saved to /home/genomika25/studenci/dmyboi/genome_assembling_home_work2/quast_results_40x/basic_stats/NGx_plot.pdf
  Drawing cumulative plot...
    saved to /home/genomika25/studenci/dmyboi/genome_assembling_home_work2/quast_results_40x/basic_stats/cumulative_plot.pdf
  Drawing GC content plot...
    saved to /home/genomika25/studenci/dmyboi/genome_assembling_home_work2/quast_results_40x/basic_stats/GC_content_plot.pdf
Done.

2025-10-28 22:45:10
Running Contig analyzer...
WARNING: Previous try of E-MEM compilation was unsuccessful! For forced retrying, please remove /home/genomika25/miniconda3/envs/dmyboi/opt/quast-4.1/libs/E-MEM-linux/make.failed and restart QUAST.
  asm_40x
  Logging to files /home/genomika25/studenci/dmyboi/genome_assembling_home_work2/quast_results_40x/contigs_reports/contigs_report_asm_40x.stdout and contigs_report_asm_40x.stderr...
  Running Nucmer
  /home/genomika25/miniconda3/envs/dmyboi/opt/quast-4.1/libs/MUMmer3.23-linux/nucmer \
  -c 65 -l 65 --maxmatch -p quast_results_40x/contigs_reports/nucmer_output/asm_40x \
  quast_results_40x/quast_corrected_input/seq.fa quast_results_40x/quast_corrected_input/asm_40x.fa \
  >> quast_results_40x/contigs_reports/contigs_report_asm_40x.stdout 2>> quast_results_40x/contigs_reports/contigs_report_asm_40x.stderr
  /home/genomika25/miniconda3/envs/dmyboi/opt/quast-4.1/libs/MUMmer3.23-linux/delta-filter \
  -i 95 -l 0 quast_results_40x/contigs_reports/nucmer_output/asm_40x.delta > quast_results_40x/contigs_reports/nucmer_output/asm_40x.fdelta \
  2> quast_results_40x/contigs_reports/contigs_report_asm_40x.stderr
  /home/genomika25/miniconda3/envs/dmyboi/opt/quast-4.1/libs/MUMmer3.23-linux/show-coords \
  quast_results_40x/contigs_reports/nucmer_output/asm_40x.delta > quast_results_40x/contigs_reports/nucmer_output/asm_40x.coords_tmp \
  2> quast_results_40x/contigs_reports/contigs_report_asm_40x.stderr
  Nucmer: nothing aligned for 'asm_40x'.
  Drawing misassemblies by types plot...
    saved to /home/genomika25/studenci/dmyboi/genome_assembling_home_work2/quast_results_40x/contigs_reports/misassemblies_plot.pdf
Failed aligning the contigs for all the assemblies. Only basic stats are going to be evaluated.

NOTICE: Genes are not predicted by default. Use --gene-finding option to enable it.

2025-10-28 22:45:13
Creating large visual summaries...
This may take a while: press Ctrl-C to skip this step..
  1 of 2: Creating Icarus viewers...
  2 of 2: Creating PDF with all tables and plots...
Done

2025-10-28 22:45:14
RESULTS:
  Text versions of total report are saved to /home/genomika25/studenci/dmyboi/genome_assembling_home_work2/quast_results_40x/report.txt, report.tsv, and report.tex
  Text versions of transposed total report are saved to /home/genomika25/studenci/dmyboi/genome_assembling_home_work2/quast_results_40x/transposed_report.txt, transposed_report.tsv, and transposed_report.tex
  HTML version (interactive tables and plots) saved to /home/genomika25/studenci/dmyboi/genome_assembling_home_work2/quast_results_40x/report.html
  PDF version (tables and plots) is saved to /home/genomika25/studenci/dmyboi/genome_assembling_home_work2/quast_results_40x/report.pdf
  Icarus (contig browser) is saved to /home/genomika25/studenci/dmyboi/genome_assembling_home_work2/quast_results_40x/icarus.html
  Log saved to /home/genomika25/studenci/dmyboi/genome_assembling_home_work2/quast_results_40x/quast.log

Finished: 2025-10-28 22:45:14
Elapsed time: 0:00:04.791729
NOTICEs: 2; WARNINGs: 1; non-fatal ERRORs: 0

Thank you for using QUAST!
